#
# A fatal error has been detected by the Java Runtime Environment:
#
#  SIGSEGV (0xb) at pc=0x00007fff858ad0dd, pid=5239, tid=1811
#
# JRE version: Java(TM) SE Runtime Environment (8.0_73-b02) (build 1.8.0_73-b02)
# Java VM: Java HotSpot(TM) 64-Bit Server VM (25.73-b02 mixed mode bsd-amd64 compressed oops)
# Problematic frame:
# C  [libobjc.A.dylib+0x10dd]  objc_msgSend+0x1d
#
# Failed to write core dump. Core dumps have been disabled. To enable core dumping, try "ulimit -c unlimited" before starting Java again
#
# If you would like to submit a bug report, please visit:
#   http://bugreport.java.com/bugreport/crash.jsp
# The crash happened outside the Java Virtual Machine in native code.
# See problematic frame for where to report the bug.
#

---------------  T H R E A D  ---------------

Current thread (0x00007fa7f406a000):  JavaThread "AWT-AppKit" daemon [_thread_in_native, id=1811, stack(0x00007fff52d10000,0x00007fff53510000)]

siginfo: si_signo: 11 (SIGSEGV), si_code: 1 (SEGV_MAPERR), si_addr: 0x000007fa7f342980

Registers:
RAX=0x00007fa7f8790a30, RBX=0x0000000196cf3450, RCX=0x00000001294a7120, RDX=0x000000012a430380
RSP=0x00007fff5350b0f8, RBP=0x00007fff5350b1b0, RSI=0x00007fff8692740f, RDI=0x00007fa7f34e7a90
R8 =0x0000000000000000, R9 =0x0000000000000f50, R10=0x00007fff8692740f, R11=0x000007fa7f342968
R12=0x0000000000000000, R13=0x0000000198ca8180, R14=0x0000000196cf3440, R15=0x00007fa7f406a000
RIP=0x00007fff858ad0dd, EFLAGS=0x0000000000010202, ERR=0x0000000000000004
  TRAPNO=0x000000000000000e

Top of Stack: (sp=0x00007fff5350b0f8)
0x00007fff5350b0f8:   0000000196cf1157 00007fff5350b150
0x00007fff5350b108:   0000000000000003 00007fff5350b130
0x00007fff5350b118:   000000010c9e0646 0000000198ca8180
0x00007fff5350b128:   0000000198ca8180 00007fa7f8790a30
0x00007fff5350b138:   0000000196cf36a0 0000000196cf3710
0x00007fff5350b148:   00007fff72e88550 00007fff72d2cc80
0x00007fff5350b158:   0000000196cf3450 0000000196cf3690
0x00007fff5350b168:   00007fa7f8790a30 00007fa7f34e7a90
0x00007fff5350b178:   00007fa7f37364f0 00007fa7f8790a30
0x00007fff5350b188:   00007fa7f34e7a90 00007fff5350b238
0x00007fff5350b198:   00007fa7f406a1f8 0000000198ca8180
0x00007fff5350b1a8:   00007fff5350b260 00007fff5350b228
0x00007fff5350b1b8:   000000010e215954 0000000198ca8180
0x00007fff5350b1c8:   00007fff5350b260 00007fff5350b228
0x00007fff5350b1d8:   000000010e2156e7 000000010e2156a2
0x00007fff5350b1e8:   00007fff5350b1e8 0000000198ca8180
0x00007fff5350b1f8:   00007fff5350b260 0000000198caadb8
0x00007fff5350b208:   0000000000000000 0000000198ca8180
0x00007fff5350b218:   0000000000000000 00007fff5350b248
0x00007fff5350b228:   00007fff5350b2a8 000000010e207c4d
0x00007fff5350b238:   000000078099b5b8 000000010e20f578
0x00007fff5350b248:   00007fa7f8790a30 00007fff5350b2a8
0x00007fff5350b258:   00007fa7f34e7a90 000000010e210d82
0x00007fff5350b268:   00007fff5350b268 0000000198ca834a
0x00007fff5350b278:   00007fff5350b2d0 0000000198caadb8
0x00007fff5350b288:   0000000000000000 0000000198ca8358
0x00007fff5350b298:   00007fff5350b248 00007fff5350b2b8
0x00007fff5350b2a8:   00007fff5350b318 000000010e207c4d
0x00007fff5350b2b8:   00007fa7f8790a30 0000000780d089a0
0x00007fff5350b2c8:   00007fa7f34e7a90 0000000780d089a0
0x00007fff5350b2d8:   00007fff5350b2d8 00000001a0c72df6
0x00007fff5350b2e8:   00007fff5350b328 00000001a0c72eb0 

Instructions: (pc=0x00007fff858ad0dd)
0x00007fff858ad0bd:   00 00 00 48 85 ff 2e 74 7a 40 f6 c7 01 2e 75 7e
0x00007fff858ad0cd:   49 bb f8 ff ff ff ff 7f 00 00 4c 23 1f 49 89 f2
0x00007fff858ad0dd:   45 23 53 18 49 c1 e2 04 4d 03 53 10 49 3b 32 75
0x00007fff858ad0ed:   04 41 ff 62 08 49 83 3a 00 74 6a 4d 3b 53 10 74 

Register to memory mapping:

RAX=0x00007fa7f8790a30 is an unknown value
RBX=0x0000000196cf3450: Java_jogamp_nativewindow_macosx_OSXUtil_GetScreenRefreshRate0+0x1cf0 in /private/var/folders/gx/lpn_2smn21b5jx4mf4ptd0z40000gn/T/jogamp_0000/file_cache/jln5449049466659984635/jln6476371328193181816/libnativewindow_macosx.jnilib at 0x0000000196cec000
RCX=0x00000001294a7120 is an unknown value
RDX=0x000000012a430380 is an unknown value
RSP=0x00007fff5350b0f8 is pointing into the stack for thread: 0x00007fa7f406a000
RBP=0x00007fff5350b1b0 is pointing into the stack for thread: 0x00007fa7f406a000
RSI=0x00007fff8692740f is an unknown value
RDI=0x00007fa7f34e7a90 is an unknown value
R8 =0x0000000000000000 is an unknown value
R9 =0x0000000000000f50 is an unknown value
R10=0x00007fff8692740f is an unknown value
R11=0x000007fa7f342968 is an unknown value
R12=0x0000000000000000 is an unknown value
R13={method} {0x0000000198ca8180} 'UnsetJAWTRootSurfaceLayer0' '(JJ)V' in 'jogamp/nativewindow/jawt/macosx/MacOSXJAWTWindow'
R14=0x0000000196cf3440: Java_jogamp_nativewindow_macosx_OSXUtil_GetScreenRefreshRate0+0x1ce0 in /private/var/folders/gx/lpn_2smn21b5jx4mf4ptd0z40000gn/T/jogamp_0000/file_cache/jln5449049466659984635/jln6476371328193181816/libnativewindow_macosx.jnilib at 0x0000000196cec000
R15=0x00007fa7f406a000 is a thread


Stack: [0x00007fff52d10000,0x00007fff53510000],  sp=0x00007fff5350b0f8,  free space=8172k
Native frames: (J=compiled Java code, j=interpreted, Vv=VM code, C=native code)
C  [libobjc.A.dylib+0x10dd]  objc_msgSend+0x1d
j  jogamp.nativewindow.jawt.macosx.MacOSXJAWTWindow.UnsetJAWTRootSurfaceLayer0(JJ)V+0
j  jogamp.nativewindow.jawt.macosx.MacOSXJAWTWindow.access$200(JJ)V+2
j  jogamp.nativewindow.jawt.macosx.MacOSXJAWTWindow$1.run()V+38
J 3195 C1 com.jogamp.common.util.RunnableTask.run()V (345 bytes) @ 0x000000010e8811b4 [0x000000010e881020+0x194]
v  ~StubRoutines::call_stub
V  [libjvm.dylib+0x2eae7a]
V  [libjvm.dylib+0x321f83]
V  [libjvm.dylib+0x314757]
C  [libnativewindow_macosx.jnilib+0x5326]  Java_jogamp_nativewindow_jawt_macosx_MacOSXJAWTWindow_UnsetJAWTRootSurfaceLayer0+0x2b6
C  [Foundation+0x92dd0]  __NSThreadPerformPerform+0x125
C  [CoreFoundation+0x80a01]  __CFRUNLOOP_IS_CALLING_OUT_TO_A_SOURCE0_PERFORM_FUNCTION__+0x11
C  [CoreFoundation+0x72c5c]  __CFRunLoopDoSources0+0x1dc
C  [CoreFoundation+0x721bf]  __CFRunLoopRun+0x39f
C  [CoreFoundation+0x71bd8]  CFRunLoopRunSpecific+0x128
C  [HIToolbox+0x3256f]  RunCurrentEventLoopInMode+0xeb
C  [HIToolbox+0x321ee]  ReceiveNextEventCommon+0xb3
C  [HIToolbox+0x3212b]  _BlockUntilNextEventMatchingListInModeWithFilter+0x47
C  [AppKit+0x918ab]  _DPSNextEvent+0x3d2
C  [AppKit+0x90e58]  -[NSApplication nextEventMatchingMask:untilDate:inMode:dequeue:]+0x15a
C  [libosxapp.dylib+0x23aa]  -[NSApplicationAWT nextEventMatchingMask:untilDate:inMode:dequeue:]+0x7c
C  [AppKit+0x86af3]  -[NSApplication run]+0x252
C  [libosxapp.dylib+0x214d]  +[NSApplicationAWT runAWTLoopWithApp:]+0x9c
C  [libawt_lwawt.dylib+0x4455b]  -[AWTStarter starter:]+0x389
C  [Foundation+0x92dd0]  __NSThreadPerformPerform+0x125
C  [CoreFoundation+0x80a01]  __CFRUNLOOP_IS_CALLING_OUT_TO_A_SOURCE0_PERFORM_FUNCTION__+0x11
C  [CoreFoundation+0x72b8d]  __CFRunLoopDoSources0+0x10d
C  [CoreFoundation+0x721bf]  __CFRunLoopRun+0x39f
C  [CoreFoundation+0x71bd8]  CFRunLoopRunSpecific+0x128
C  [java+0x6463]  CreateExecutionEnvironment+0x367
C  [java+0x21ac]  JLI_Launch+0x7a0
C  [java+0x84c0]  main+0x65
C  [java+0x1a04]  start+0x34
C  0x0000000000000007

Java frames: (J=compiled Java code, j=interpreted, Vv=VM code)
j  jogamp.nativewindow.jawt.macosx.MacOSXJAWTWindow.UnsetJAWTRootSurfaceLayer0(JJ)V+0
j  jogamp.nativewindow.jawt.macosx.MacOSXJAWTWindow.access$200(JJ)V+2
j  jogamp.nativewindow.jawt.macosx.MacOSXJAWTWindow$1.run()V+38
J 3195 C1 com.jogamp.common.util.RunnableTask.run()V (345 bytes) @ 0x000000010e8811b4 [0x000000010e881020+0x194]
v  ~StubRoutines::call_stub

---------------  P R O C E S S  ---------------

Java Threads: ( => current thread )
  0x00007fa7f3aaa000 JavaThread "Thread-50" [_thread_blocked, id=62991, stack(0x00000001a1631000,0x00000001a1731000)]
  0x00007fa7f9916800 JavaThread "TimerQueue" daemon [_thread_blocked, id=60727, stack(0x00000001a152e000,0x00000001a162e000)]
  0x00007fa7f45d9000 JavaThread "AWT-EventQueue-1" [_thread_in_native, id=56887, stack(0x00000001972ed000,0x00000001973ed000)]
  0x00007fa7f4002800 JavaThread "DestroyJavaVM" [_thread_blocked, id=3331, stack(0x000000010d77d000,0x000000010d87d000)]
  0x00007fa7f398f000 JavaThread "AWT-EventQueue-0" [_thread_blocked, id=54019, stack(0x000000012a4bd000,0x000000012a5bd000)]
  0x00007fa7f50f7000 JavaThread "Java2D Disposer" daemon [_thread_blocked, id=50967, stack(0x0000000129238000,0x0000000129338000)]
  0x00007fa7f41c7000 JavaThread "Java2D Queue Flusher" daemon [_thread_blocked, id=49671, stack(0x0000000128243000,0x0000000128343000)]
  0x00007fa7f50b9800 JavaThread "AWT-Shutdown" [_thread_blocked, id=28179, stack(0x00000001258e1000,0x00000001259e1000)]
=>0x00007fa7f406a000 JavaThread "AWT-AppKit" daemon [_thread_in_native, id=1811, stack(0x00007fff52d10000,0x00007fff53510000)]
  0x00007fa7f382b000 JavaThread "Service Thread" daemon [_thread_blocked, id=18179, stack(0x0000000123931000,0x0000000123a31000)]
  0x00007fa7f5017800 JavaThread "C1 CompilerThread2" daemon [_thread_blocked, id=17667, stack(0x000000012382e000,0x000000012392e000)]
  0x00007fa7f5015000 JavaThread "C2 CompilerThread1" daemon [_thread_blocked, id=17155, stack(0x000000012372b000,0x000000012382b000)]
  0x00007fa7f4820800 JavaThread "C2 CompilerThread0" daemon [_thread_blocked, id=16643, stack(0x0000000123628000,0x0000000123728000)]
  0x00007fa7f481f800 JavaThread "Signal Dispatcher" daemon [_thread_blocked, id=13335, stack(0x0000000123525000,0x0000000123625000)]
  0x00007fa7f4000800 JavaThread "Finalizer" daemon [_thread_blocked, id=11523, stack(0x0000000121b09000,0x0000000121c09000)]
  0x00007fa7f5012000 JavaThread "Reference Handler" daemon [_thread_blocked, id=11011, stack(0x0000000121a06000,0x0000000121b06000)]

Other Threads:
  0x00007fa7f500f000 VMThread [stack: 0x0000000121903000,0x0000000121a03000] [id=10499]
  0x00007fa7f3847000 WatcherThread [stack: 0x0000000123a34000,0x0000000123b34000] [id=18691]

VM state:not at safepoint (normal execution)

VM Mutex/Monitor currently owned by a thread: None

Heap:
 PSYoungGen      total 52224K, used 37802K [0x00000007aab00000, 0x00000007af480000, 0x00000007c0000000)
  eden space 42496K, 69% used [0x00000007aab00000,0x00000007ac7de810,0x00000007ad480000)
  from space 9728K, 84% used [0x00000007ad480000,0x00000007adc8c1b0,0x00000007ade00000)
  to   space 10240K, 0% used [0x00000007aea80000,0x00000007aea80000,0x00000007af480000)
 ParOldGen       total 41984K, used 20016K [0x0000000780000000, 0x0000000782900000, 0x00000007aab00000)
  object space 41984K, 47% used [0x0000000780000000,0x000000078138c0d8,0x0000000782900000)
 Metaspace       used 24225K, capacity 24477K, committed 24576K, reserved 1071104K
  class space    used 2445K, capacity 2527K, committed 2560K, reserved 1048576K

Card table byte_map: [0x000000011d5c0000,0x000000011d7c1000] byte_map_base: 0x00000001199c0000

Marking Bits: (ParMarkBitMap*) 0x000000010d0d2ea0
 Begin Bits: [0x000000011dc20000, 0x000000011ec20000)
 End Bits:   [0x000000011ec20000, 0x000000011fc20000)

Polling page: 0x000000010d8c2000

CodeCache: size=245760Kb used=10392Kb max_used=10399Kb free=235367Kb
 bounds [0x000000010e200000, 0x000000010ec40000, 0x000000011d200000]
 total_blobs=4111 nmethods=3170 adapters=854
 compilation: enabled

Compilation events (10 events):
Event: 22.463 Thread 0x00007fa7f4820800 3617       4       sun.java2d.pipe.Region::isInsideQuickCheck (57 bytes)
Event: 22.464 Thread 0x00007fa7f4820800 nmethod 3617 0x000000010ebbb150 code [0x000000010ebbb2a0, 0x000000010ebbb378]
Event: 22.794 Thread 0x00007fa7f5017800 3618       3       sun.awt.SunHints$Value::hashCode (5 bytes)
Event: 22.794 Thread 0x00007fa7f5017800 nmethod 3618 0x000000010ec2c890 code [0x000000010ec2ca00, 0x000000010ec2cb88]
Event: 22.794 Thread 0x00007fa7f5017800 3619       1       sun.font.FontDesignMetrics$MetricsKey::hashCode (5 bytes)
Event: 22.795 Thread 0x00007fa7f5017800 nmethod 3619 0x000000010ec2c5d0 code [0x000000010ec2c720, 0x000000010ec2c830]
Event: 22.824 Thread 0x00007fa7f5017800 3620       3       java.awt.Insets::<init> (26 bytes)
Event: 22.824 Thread 0x00007fa7f5017800 nmethod 3620 0x000000010ec32850 code [0x000000010ec329c0, 0x000000010ec32b70]
Event: 22.831 Thread 0x00007fa7f5017800 3621       3       sun.lwawt.LWComponentPeer::localToWindow (14 bytes)
Event: 22.831 Thread 0x00007fa7f5017800 nmethod 3621 0x000000010ec32190 code [0x000000010ec32320, 0x000000010ec326a8]

GC Heap History (10 events):
Event: 4.881 GC heap before
{Heap before GC invocations=6 (full 1):
 PSYoungGen      total 18944K, used 2544K [0x00000007aab00000, 0x00000007add00000, 0x00000007c0000000)
  eden space 16384K, 0% used [0x00000007aab00000,0x00000007aab00000,0x00000007abb00000)
  from space 2560K, 99% used [0x00000007abb00000,0x00000007abd7c050,0x00000007abd80000)
  to   space 9216K, 0% used [0x00000007ad400000,0x00000007ad400000,0x00000007add00000)
 ParOldGen       total 44032K, used 15561K [0x0000000780000000, 0x0000000782b00000, 0x00000007aab00000)
  object space 44032K, 35% used [0x0000000780000000,0x0000000780f32580,0x0000000782b00000)
 Metaspace       used 20905K, capacity 21101K, committed 21248K, reserved 1069056K
  class space    used 2131K, capacity 2207K, committed 2304K, reserved 1048576K
Event: 4.921 GC heap after
Heap after GC invocations=6 (full 1):
 PSYoungGen      total 18944K, used 0K [0x00000007aab00000, 0x00000007add00000, 0x00000007c0000000)
  eden space 16384K, 0% used [0x00000007aab00000,0x00000007aab00000,0x00000007abb00000)
  from space 2560K, 0% used [0x00000007abb00000,0x00000007abb00000,0x00000007abd80000)
  to   space 9216K, 0% used [0x00000007ad400000,0x00000007ad400000,0x00000007add00000)
 ParOldGen       total 41984K, used 13537K [0x0000000780000000, 0x0000000782900000, 0x00000007aab00000)
  object space 41984K, 32% used [0x0000000780000000,0x0000000780d38628,0x0000000782900000)
 Metaspace       used 20905K, capacity 21101K, committed 21248K, reserved 1069056K
  class space    used 2131K, capacity 2207K, committed 2304K, reserved 1048576K
}
Event: 5.364 GC heap before
{Heap before GC invocations=7 (full 1):
 PSYoungGen      total 18944K, used 16360K [0x00000007aab00000, 0x00000007add00000, 0x00000007c0000000)
  eden space 16384K, 99% used [0x00000007aab00000,0x00000007abafa340,0x00000007abb00000)
  from space 2560K, 0% used [0x00000007abb00000,0x00000007abb00000,0x00000007abd80000)
  to   space 9216K, 0% used [0x00000007ad400000,0x00000007ad400000,0x00000007add00000)
 ParOldGen       total 41984K, used 13537K [0x0000000780000000, 0x0000000782900000, 0x00000007aab00000)
  object space 41984K, 32% used [0x0000000780000000,0x0000000780d38628,0x0000000782900000)
 Metaspace       used 21440K, capacity 21681K, committed 21760K, reserved 1069056K
  class space    used 2164K, capacity 2271K, committed 2304K, reserved 1048576K
Event: 5.368 GC heap after
Heap after GC invocations=7 (full 1):
 PSYoungGen      total 31232K, used 4000K [0x00000007aab00000, 0x00000007ad800000, 0x00000007c0000000)
  eden space 27136K, 0% used [0x00000007aab00000,0x00000007aab00000,0x00000007ac580000)
  from space 4096K, 97% used [0x00000007ad400000,0x00000007ad7e8130,0x00000007ad800000)
  to   space 9216K, 0% used [0x00000007ac600000,0x00000007ac600000,0x00000007acf00000)
 ParOldGen       total 41984K, used 13545K [0x0000000780000000, 0x0000000782900000, 0x00000007aab00000)
  object space 41984K, 32% used [0x0000000780000000,0x0000000780d3a628,0x0000000782900000)
 Metaspace       used 21440K, capacity 21681K, committed 21760K, reserved 1069056K
  class space    used 2164K, capacity 2271K, committed 2304K, reserved 1048576K
}
Event: 9.862 GC heap before
{Heap before GC invocations=8 (full 1):
 PSYoungGen      total 31232K, used 30138K [0x00000007aab00000, 0x00000007ad800000, 0x00000007c0000000)
  eden space 27136K, 96% used [0x00000007aab00000,0x00000007ac486838,0x00000007ac580000)
  from space 4096K, 97% used [0x00000007ad400000,0x00000007ad7e8130,0x00000007ad800000)
  to   space 9216K, 0% used [0x00000007ac600000,0x00000007ac600000,0x00000007acf00000)
 ParOldGen       total 41984K, used 13545K [0x0000000780000000, 0x0000000782900000, 0x00000007aab00000)
  object space 41984K, 32% used [0x0000000780000000,0x0000000780d3a628,0x0000000782900000)
 Metaspace       used 23305K, capacity 23563K, committed 23808K, reserved 1071104K
  class space    used 2397K, capacity 2484K, committed 2560K, reserved 1048576K
Event: 9.867 GC heap after
Heap after GC invocations=8 (full 1):
 PSYoungGen      total 36864K, used 5488K [0x00000007aab00000, 0x00000007ae680000, 0x00000007c0000000)
  eden space 27648K, 0% used [0x00000007aab00000,0x00000007aab00000,0x00000007ac600000)
  from space 9216K, 59% used [0x00000007ac600000,0x00000007acb5c130,0x00000007acf00000)
  to   space 8704K, 0% used [0x00000007ade00000,0x00000007ade00000,0x00000007ae680000)
 ParOldGen       total 41984K, used 13553K [0x0000000780000000, 0x0000000782900000, 0x00000007aab00000)
  object space 41984K, 32% used [0x0000000780000000,0x0000000780d3c628,0x0000000782900000)
 Metaspace       used 23305K, capacity 23563K, committed 23808K, reserved 1071104K
  class space    used 2397K, capacity 2484K, committed 2560K, reserved 1048576K
}
Event: 12.697 GC heap before
{Heap before GC invocations=9 (full 1):
 PSYoungGen      total 36864K, used 33136K [0x00000007aab00000, 0x00000007ae680000, 0x00000007c0000000)
  eden space 27648K, 100% used [0x00000007aab00000,0x00000007ac600000,0x00000007ac600000)
  from space 9216K, 59% used [0x00000007ac600000,0x00000007acb5c130,0x00000007acf00000)
  to   space 8704K, 0% used [0x00000007ade00000,0x00000007ade00000,0x00000007ae680000)
 ParOldGen       total 41984K, used 13553K [0x0000000780000000, 0x0000000782900000, 0x00000007aab00000)
  object space 41984K, 32% used [0x0000000780000000,0x0000000780d3c628,0x0000000782900000)
 Metaspace       used 23668K, capacity 23947K, committed 24320K, reserved 1071104K
  class space    used 2424K, capacity 2484K, committed 2560K, reserved 1048576K
Event: 12.703 GC heap after
Heap after GC invocations=9 (full 1):
 PSYoungGen      total 51200K, used 8608K [0x00000007aab00000, 0x00000007ae800000, 0x00000007c0000000)
  eden space 42496K, 0% used [0x00000007aab00000,0x00000007aab00000,0x00000007ad480000)
  from space 8704K, 98% used [0x00000007ade00000,0x00000007ae6681e0,0x00000007ae680000)
  to   space 9728K, 0% used [0x00000007ad480000,0x00000007ad480000,0x00000007ade00000)
 ParOldGen       total 41984K, used 17401K [0x0000000780000000, 0x0000000782900000, 0x00000007aab00000)
  object space 41984K, 41% used [0x0000000780000000,0x00000007810fe718,0x0000000782900000)
 Metaspace       used 23668K, capacity 23947K, committed 24320K, reserved 1071104K
  class space    used 2424K, capacity 2484K, committed 2560K, reserved 1048576K
}
Event: 16.190 GC heap before
{Heap before GC invocations=10 (full 1):
 PSYoungGen      total 51200K, used 51104K [0x00000007aab00000, 0x00000007ae800000, 0x00000007c0000000)
  eden space 42496K, 100% used [0x00000007aab00000,0x00000007ad480000,0x00000007ad480000)
  from space 8704K, 98% used [0x00000007ade00000,0x00000007ae6681e0,0x00000007ae680000)
  to   space 9728K, 0% used [0x00000007ad480000,0x00000007ad480000,0x00000007ade00000)
 ParOldGen       total 41984K, used 17401K [0x0000000780000000, 0x0000000782900000, 0x00000007aab00000)
  object space 41984K, 41% used [0x0000000780000000,0x00000007810fe718,0x0000000782900000)
 Metaspace       used 23899K, capacity 24139K, committed 24320K, reserved 1071104K
  class space    used 2424K, capacity 2484K, committed 2560K, reserved 1048576K
Event: 16.195 GC heap after
Heap after GC invocations=10 (full 1):
 PSYoungGen      total 52224K, used 8240K [0x00000007aab00000, 0x00000007af480000, 0x00000007c0000000)
  eden space 42496K, 0% used [0x00000007aab00000,0x00000007aab00000,0x00000007ad480000)
  from space 9728K, 84% used [0x00000007ad480000,0x00000007adc8c1b0,0x00000007ade00000)
  to   space 10240K, 0% used [0x00000007aea80000,0x00000007aea80000,0x00000007af480000)
 ParOldGen       total 41984K, used 20016K [0x0000000780000000, 0x0000000782900000, 0x00000007aab00000)
  object space 41984K, 47% used [0x0000000780000000,0x000000078138c0d8,0x0000000782900000)
 Metaspace       used 23899K, capacity 24139K, committed 24320K, reserved 1071104K
  class space    used 2424K, capacity 2484K, committed 2560K, reserved 1048576K
}

Deoptimization events (10 events):
Event: 15.327 Thread 0x00007fa7f45d9000 Uncommon trap: reason=unstable_if action=reinterpret pc=0x000000010e92c238 method=sun.font.FontDesignMetrics.getLatinCharWidth(C)F @ 11
Event: 15.328 Thread 0x00007fa7f45d9000 Uncommon trap: reason=unstable_if action=reinterpret pc=0x000000010e981dac method=processing.core.PGraphics.text([CIIFF)V @ 67
Event: 15.329 Thread 0x00007fa7f45d9000 Uncommon trap: reason=unstable_if action=reinterpret pc=0x000000010e94df18 method=processing.core.PFont.indexActual(C)I @ 4
Event: 15.330 Thread 0x00007fa7f45d9000 Uncommon trap: reason=unstable_if action=reinterpret pc=0x000000010e9298d8 method=processing.core.PFont.index(C)I @ 15
Event: 15.332 Thread 0x00007fa7f45d9000 Uncommon trap: reason=unstable_if action=reinterpret pc=0x000000010e4df43c method=processing.opengl.PGraphicsOpenGL.checkTexture(Lprocessing/opengl/Texture;)V @ 18
Event: 16.588 Thread 0x00007fa7f45d9000 Uncommon trap: reason=class_check action=maybe_recompile pc=0x000000010e7f4860 method=java.util.regex.Matcher.search(I)Z @ 86
Event: 16.589 Thread 0x00007fa7f45d9000 Uncommon trap: reason=class_check action=maybe_recompile pc=0x000000010e7f4860 method=java.util.regex.Matcher.search(I)Z @ 86
Event: 18.868 Thread 0x00007fa7f45d9000 Uncommon trap: reason=unstable_if action=reinterpret pc=0x000000010eb31c48 method=module6.CommonMarker.draw(Lprocessing/core/PGraphics;FF)V @ 4
Event: 22.794 Thread 0x00007fa7f398f000 Uncommon trap: reason=unstable_if action=reinterpret pc=0x000000010ebbb348 method=sun.java2d.pipe.Region.isInsideQuickCheck(Lsun/java2d/pipe/Region;)Z @ 48
Event: 22.822 Thread 0x00007fa7f41db800 Uncommon trap: reason=unstable_if action=reinterpret pc=0x000000010e6df368 method=java.util.HashMap.putVal(ILjava/lang/Object;Ljava/lang/Object;ZZ)Ljava/lang/Object; @ 81

Internal exceptions (10 events):
Event: 0.354 Thread 0x00007fa7f4002800 Implicit null exception at 0x000000010e3651dc to 0x000000010e3653c1
Event: 0.464 Thread 0x00007fa7f4002800 Exception <a 'java/io/FileNotFoundException'> (0x00000007aaee00e0) thrown at [/HUDSON3/workspace/8-2-build-macosx-x86_64/jdk8u73/6086/hotspot/src/share/vm/prims/jni.cpp, line 709]
Event: 2.330 Thread 0x00007fa7f4000800 Exception <a 'java/lang/NullPointerException'> (0x00000007aab81ec0) thrown at [/HUDSON3/workspace/8-2-build-macosx-x86_64/jdk8u73/6086/hotspot/src/share/vm/interpreter/linkResolver.cpp, line 1178]
Event: 2.439 Thread 0x00007fa7f45b1800 Exception <a 'java/lang/UnsatisfiedLinkError': com.jogamp.common.util.JarUtil.fixNativeLibAttribs(Ljava/lang/String;)Z> (0x00000007ab07ef28) thrown at [/HUDSON3/workspace/8-2-build-macosx-x86_64/jdk8u73/6086/hotspot/src/share/vm/prims/nativeLookup.cpp, li
Event: 3.521 Thread 0x00007fa7f45d9000 Exception <a 'java/io/FileNotFoundException'> (0x00000007ab3db930) thrown at [/HUDSON3/workspace/8-2-build-macosx-x86_64/jdk8u73/6086/hotspot/src/share/vm/prims/jni.cpp, line 709]
Event: 3.522 Thread 0x00007fa7f45d9000 Exception <a 'java/io/FileNotFoundException'> (0x00000007ab3e8180) thrown at [/HUDSON3/workspace/8-2-build-macosx-x86_64/jdk8u73/6086/hotspot/src/share/vm/prims/jni.cpp, line 709]
Event: 3.522 Thread 0x00007fa7f45d9000 Implicit null exception at 0x000000010e3bc735 to 0x000000010e3bcabd
Event: 9.752 Thread 0x00007fa7f45d9000 Implicit null exception at 0x000000010e3bcff5 to 0x000000010e3bd365
Event: 9.868 Thread 0x00007fa7f4000800 Exception <a 'java/lang/NullPointerException'> (0x00000007aac5ee48) thrown at [/HUDSON3/workspace/8-2-build-macosx-x86_64/jdk8u73/6086/hotspot/src/share/vm/interpreter/linkResolver.cpp, line 1178]
Event: 9.868 Thread 0x00007fa7f4000800 Exception <a 'java/lang/NullPointerException'> (0x00000007aac5f050) thrown at [/HUDSON3/workspace/8-2-build-macosx-x86_64/jdk8u73/6086/hotspot/src/share/vm/interpreter/linkResolver.cpp, line 1178]

Events (10 events):
Event: 22.824 loading class sun/applet/AppletPanel$5 done
Event: 22.825 loading class jogamp/opengl/macosx/cgl/MacOSXCGLContext$NSOpenGLImpl$DetachGLLayerCmd
Event: 22.825 loading class jogamp/opengl/macosx/cgl/MacOSXCGLContext$NSOpenGLImpl$DetachGLLayerCmd done
Event: 22.827 loading class jogamp/nativewindow/jawt/macosx/MacOSXJAWTWindow$4
Event: 22.827 loading class jogamp/nativewindow/jawt/macosx/MacOSXJAWTWindow$4 done
Event: 22.829 loading class com/jogamp/nativewindow/awt/JAWTWindow$JAWTComponentListener$2
Event: 22.829 loading class com/jogamp/nativewindow/awt/JAWTWindow$JAWTComponentListener$2 done
Event: 22.830 loading class jogamp/nativewindow/jawt/macosx/MacOSXJAWTWindow$1
Event: 22.830 loading class jogamp/nativewindow/jawt/macosx/MacOSXJAWTWindow$1 done
Event: 22.831 Thread 0x00007fa7f41db800 Thread exited: 0x00007fa7f41db800


Dynamic libraries:
0x0000000000fce000 	/System/Library/Frameworks/Cocoa.framework/Versions/A/Cocoa
0x0000000000fce000 	/System/Library/Frameworks/Security.framework/Versions/A/Security
0x0000000000fce000 	/System/Library/Frameworks/ApplicationServices.framework/Versions/A/ApplicationServices
0x0000000000fce000 	/usr/lib/libz.1.dylib
0x0000000000fce000 	/usr/lib/libSystem.B.dylib
0x0000000000fce000 	/usr/lib/libobjc.A.dylib
0x0000000000fce000 	/System/Library/Frameworks/CoreFoundation.framework/Versions/A/CoreFoundation
0x0000000000fce000 	/System/Library/Frameworks/Foundation.framework/Versions/C/Foundation
0x0000000000fce000 	/System/Library/Frameworks/AppKit.framework/Versions/C/AppKit
0x0000000000fce000 	/System/Library/Frameworks/CoreData.framework/Versions/A/CoreData
0x0000000000fce000 	/System/Library/PrivateFrameworks/RemoteViewServices.framework/Versions/A/RemoteViewServices
0x0000000000fce000 	/System/Library/PrivateFrameworks/UIFoundation.framework/Versions/A/UIFoundation
0x0000000000fce000 	/System/Library/Frameworks/IOSurface.framework/Versions/A/IOSurface
0x0000000000fce000 	/System/Library/Frameworks/AudioToolbox.framework/Versions/A/AudioToolbox
0x0000000000fce000 	/System/Library/Frameworks/AudioUnit.framework/Versions/A/AudioUnit
0x0000000000fce000 	/System/Library/PrivateFrameworks/DataDetectorsCore.framework/Versions/A/DataDetectorsCore
0x0000000000fce000 	/System/Library/PrivateFrameworks/DesktopServicesPriv.framework/Versions/A/DesktopServicesPriv
0x0000000000fce000 	/System/Library/Frameworks/Carbon.framework/Versions/A/Frameworks/HIToolbox.framework/Versions/A/HIToolbox
0x0000000000fce000 	/System/Library/Frameworks/QuartzCore.framework/Versions/A/QuartzCore
0x0000000000fce000 	/System/Library/Frameworks/Carbon.framework/Versions/A/Frameworks/SpeechRecognition.framework/Versions/A/SpeechRecognition
0x0000000000fce000 	/usr/lib/libauto.dylib
0x0000000000fce000 	/usr/lib/libicucore.A.dylib
0x0000000000fce000 	/usr/lib/libxml2.2.dylib
0x0000000000fce000 	/System/Library/PrivateFrameworks/CoreUI.framework/Versions/A/CoreUI
0x0000000000fce000 	/System/Library/Frameworks/CoreAudio.framework/Versions/A/CoreAudio
0x0000000000fce000 	/System/Library/Frameworks/DiskArbitration.framework/Versions/A/DiskArbitration
0x0000000000fce000 	/usr/lib/liblangid.dylib
0x0000000000fce000 	/System/Library/PrivateFrameworks/MultitouchSupport.framework/Versions/A/MultitouchSupport
0x0000000000fce000 	/System/Library/Frameworks/IOKit.framework/Versions/A/IOKit
0x0000000000fce000 	/usr/lib/libDiagnosticMessagesClient.dylib
0x0000000000fce000 	/System/Library/Frameworks/CoreServices.framework/Versions/A/CoreServices
0x0000000000fce000 	/System/Library/PrivateFrameworks/PerformanceAnalysis.framework/Versions/A/PerformanceAnalysis
0x0000000000fce000 	/System/Library/PrivateFrameworks/GenerationalStorage.framework/Versions/A/GenerationalStorage
0x0000000000fce000 	/System/Library/Frameworks/OpenGL.framework/Versions/A/OpenGL
0x0000000000fce000 	/System/Library/PrivateFrameworks/Sharing.framework/Versions/A/Sharing
0x0000000000fce000 	/System/Library/Frameworks/CoreGraphics.framework/Versions/A/CoreGraphics
0x0000000000fce000 	/System/Library/Frameworks/CoreText.framework/Versions/A/CoreText
0x0000000000fce000 	/System/Library/Frameworks/ImageIO.framework/Versions/A/ImageIO
0x0000000000fce000 	/usr/lib/libextension.dylib
0x0000000000fce000 	/System/Library/PrivateFrameworks/Backup.framework/Versions/A/Backup
0x0000000000fce000 	/usr/lib/libarchive.2.dylib
0x0000000000fce000 	/System/Library/Frameworks/CFNetwork.framework/Versions/A/CFNetwork
0x0000000000fce000 	/System/Library/Frameworks/SystemConfiguration.framework/Versions/A/SystemConfiguration
0x0000000000fce000 	/usr/lib/libCRFSuite.dylib
0x0000000000fce000 	/usr/lib/libc++.1.dylib
0x0000000000fce000 	/usr/lib/libc++abi.dylib
0x0000000000fce000 	/usr/lib/system/libcache.dylib
0x0000000000fce000 	/usr/lib/system/libcommonCrypto.dylib
0x0000000000fce000 	/usr/lib/system/libcompiler_rt.dylib
0x0000000000fce000 	/usr/lib/system/libcopyfile.dylib
0x0000000000fce000 	/usr/lib/system/libcorecrypto.dylib
0x0000000000fce000 	/usr/lib/system/libdispatch.dylib
0x0000000000fce000 	/usr/lib/system/libdyld.dylib
0x0000000000fce000 	/usr/lib/system/libkeymgr.dylib
0x0000000000fce000 	/usr/lib/system/liblaunch.dylib
0x0000000000fce000 	/usr/lib/system/libmacho.dylib
0x0000000000fce000 	/usr/lib/system/libquarantine.dylib
0x0000000000fce000 	/usr/lib/system/libremovefile.dylib
0x0000000000fce000 	/usr/lib/system/libsystem_asl.dylib
0x0000000000fce000 	/usr/lib/system/libsystem_blocks.dylib
0x0000000000fce000 	/usr/lib/system/libsystem_c.dylib
0x0000000000fce000 	/usr/lib/system/libsystem_configuration.dylib
0x0000000000fce000 	/usr/lib/system/libsystem_coreservices.dylib
0x0000000000fce000 	/usr/lib/system/libsystem_coretls.dylib
0x0000000000fce000 	/usr/lib/system/libsystem_dnssd.dylib
0x0000000000fce000 	/usr/lib/system/libsystem_info.dylib
0x0000000000fce000 	/usr/lib/system/libsystem_kernel.dylib
0x0000000000fce000 	/usr/lib/system/libsystem_m.dylib
0x0000000000fce000 	/usr/lib/system/libsystem_malloc.dylib
0x0000000000fce000 	/usr/lib/system/libsystem_network.dylib
0x0000000000fce000 	/usr/lib/system/libsystem_networkextension.dylib
0x0000000000fce000 	/usr/lib/system/libsystem_notify.dylib
0x0000000000fce000 	/usr/lib/system/libsystem_platform.dylib
0x0000000000fce000 	/usr/lib/system/libsystem_pthread.dylib
0x0000000000fce000 	/usr/lib/system/libsystem_sandbox.dylib
0x0000000000fce000 	/usr/lib/system/libsystem_secinit.dylib
0x0000000000fce000 	/usr/lib/system/libsystem_stats.dylib
0x0000000000fce000 	/usr/lib/system/libsystem_trace.dylib
0x0000000000fce000 	/usr/lib/system/libunc.dylib
0x0000000000fce000 	/usr/lib/system/libunwind.dylib
0x0000000000fce000 	/usr/lib/system/libxpc.dylib
0x0000000000fce000 	/usr/lib/libbz2.1.0.dylib
0x0000000000fce000 	/usr/lib/liblzma.5.dylib
0x0000000000fce000 	/usr/lib/libbsm.0.dylib
0x0000000000fce000 	/usr/lib/libsqlite3.dylib
0x0000000000fce000 	/usr/lib/system/libkxld.dylib
0x0000000000fce000 	/usr/lib/libxar.1.dylib
0x0000000000fce000 	/usr/lib/libpam.2.dylib
0x0000000000fce000 	/usr/lib/libOpenScriptingUtil.dylib
0x0000000000fce000 	/System/Library/Frameworks/CoreServices.framework/Versions/A/Frameworks/FSEvents.framework/Versions/A/FSEvents
0x0000000000fce000 	/System/Library/Frameworks/CoreServices.framework/Versions/A/Frameworks/CarbonCore.framework/Versions/A/CarbonCore
0x0000000000fce000 	/System/Library/Frameworks/CoreServices.framework/Versions/A/Frameworks/Metadata.framework/Versions/A/Metadata
0x0000000000fce000 	/System/Library/Frameworks/CoreServices.framework/Versions/A/Frameworks/OSServices.framework/Versions/A/OSServices
0x0000000000fce000 	/System/Library/Frameworks/CoreServices.framework/Versions/A/Frameworks/SearchKit.framework/Versions/A/SearchKit
0x0000000000fce000 	/System/Library/Frameworks/CoreServices.framework/Versions/A/Frameworks/AE.framework/Versions/A/AE
0x0000000000fce000 	/System/Library/Frameworks/CoreServices.framework/Versions/A/Frameworks/LaunchServices.framework/Versions/A/LaunchServices
0x0000000000fce000 	/System/Library/Frameworks/CoreServices.framework/Versions/A/Frameworks/DictionaryServices.framework/Versions/A/DictionaryServices
0x0000000000fce000 	/System/Library/Frameworks/NetFS.framework/Versions/A/NetFS
0x0000000000fce000 	/System/Library/PrivateFrameworks/NetAuth.framework/Versions/A/NetAuth
0x0000000000fce000 	/System/Library/PrivateFrameworks/login.framework/Versions/A/Frameworks/loginsupport.framework/Versions/A/loginsupport
0x0000000000fce000 	/System/Library/PrivateFrameworks/TCC.framework/Versions/A/TCC
0x0000000000fce000 	/usr/lib/libmecabra.dylib
0x0000000000fce000 	/System/Library/Frameworks/ApplicationServices.framework/Versions/A/Frameworks/ATS.framework/Versions/A/ATS
0x0000000000fce000 	/System/Library/Frameworks/ApplicationServices.framework/Versions/A/Frameworks/ColorSync.framework/Versions/A/ColorSync
0x0000000000fce000 	/System/Library/Frameworks/ApplicationServices.framework/Versions/A/Frameworks/HIServices.framework/Versions/A/HIServices
0x0000000000fce000 	/System/Library/Frameworks/ApplicationServices.framework/Versions/A/Frameworks/LangAnalysis.framework/Versions/A/LangAnalysis
0x0000000000fce000 	/System/Library/Frameworks/ApplicationServices.framework/Versions/A/Frameworks/PrintCore.framework/Versions/A/PrintCore
0x0000000000fce000 	/System/Library/Frameworks/ApplicationServices.framework/Versions/A/Frameworks/QD.framework/Versions/A/QD
0x0000000000fce000 	/System/Library/Frameworks/ApplicationServices.framework/Versions/A/Frameworks/SpeechSynthesis.framework/Versions/A/SpeechSynthesis
0x0000000000fce000 	/System/Library/Frameworks/Accelerate.framework/Versions/A/Accelerate
0x0000000000fce000 	/System/Library/Frameworks/Accelerate.framework/Versions/A/Frameworks/vImage.framework/Versions/A/vImage
0x0000000000fce000 	/System/Library/Frameworks/Accelerate.framework/Versions/A/Frameworks/vecLib.framework/Versions/A/vecLib
0x0000000000fce000 	/System/Library/Frameworks/Accelerate.framework/Versions/A/Frameworks/vecLib.framework/Versions/A/libvDSP.dylib
0x0000000000fce000 	/System/Library/Frameworks/Accelerate.framework/Versions/A/Frameworks/vecLib.framework/Versions/A/libvMisc.dylib
0x0000000000fce000 	/System/Library/Frameworks/Accelerate.framework/Versions/A/Frameworks/vecLib.framework/Versions/A/libLAPACK.dylib
0x0000000000fce000 	/System/Library/Frameworks/Accelerate.framework/Versions/A/Frameworks/vecLib.framework/Versions/A/libBLAS.dylib
0x0000000000fce000 	/System/Library/Frameworks/Accelerate.framework/Versions/A/Frameworks/vecLib.framework/Versions/A/libLinearAlgebra.dylib
0x0000000000fce000 	/System/Library/Frameworks/ApplicationServices.framework/Versions/A/Frameworks/ATS.framework/Versions/A/Resources/libFontParser.dylib
0x0000000000fce000 	/System/Library/Frameworks/ApplicationServices.framework/Versions/A/Frameworks/ATS.framework/Versions/A/Resources/libFontRegistry.dylib
0x0000000000fce000 	/System/Library/PrivateFrameworks/AppleVPA.framework/Versions/A/AppleVPA
0x0000000000fce000 	/System/Library/PrivateFrameworks/AppleJPEG.framework/Versions/A/AppleJPEG
0x0000000000fce000 	/System/Library/Frameworks/ImageIO.framework/Versions/A/Resources/libJPEG.dylib
0x0000000000fce000 	/System/Library/Frameworks/ImageIO.framework/Versions/A/Resources/libTIFF.dylib
0x0000000000fce000 	/System/Library/Frameworks/ImageIO.framework/Versions/A/Resources/libPng.dylib
0x0000000000fce000 	/System/Library/Frameworks/ImageIO.framework/Versions/A/Resources/libGIF.dylib
0x0000000000fce000 	/System/Library/Frameworks/ImageIO.framework/Versions/A/Resources/libJP2.dylib
0x0000000000fce000 	/System/Library/Frameworks/ImageIO.framework/Versions/A/Resources/libRadiance.dylib
0x0000000000fce000 	/System/Library/Frameworks/CoreVideo.framework/Versions/A/CoreVideo
0x0000000000fce000 	/System/Library/Frameworks/OpenGL.framework/Versions/A/Libraries/libGLU.dylib
0x0000000000fce000 	/System/Library/Frameworks/OpenGL.framework/Versions/A/Libraries/libGFXShared.dylib
0x0000000000fce000 	/System/Library/Frameworks/OpenGL.framework/Versions/A/Libraries/libGL.dylib
0x0000000000fce000 	/System/Library/Frameworks/OpenGL.framework/Versions/A/Libraries/libGLImage.dylib
0x0000000000fce000 	/System/Library/Frameworks/OpenGL.framework/Versions/A/Libraries/libCVMSPluginSupport.dylib
0x0000000000fce000 	/System/Library/Frameworks/OpenGL.framework/Versions/A/Libraries/libCoreVMClient.dylib
0x0000000000fce000 	/usr/lib/libcups.2.dylib
0x0000000000fce000 	/System/Library/Frameworks/Kerberos.framework/Versions/A/Kerberos
0x0000000000fce000 	/System/Library/Frameworks/GSS.framework/Versions/A/GSS
0x0000000000fce000 	/usr/lib/libresolv.9.dylib
0x0000000000fce000 	/usr/lib/libiconv.2.dylib
0x0000000000fce000 	/System/Library/PrivateFrameworks/Heimdal.framework/Versions/A/Heimdal
0x0000000000fce000 	/usr/lib/libheimdal-asn1.dylib
0x0000000000fce000 	/System/Library/Frameworks/OpenDirectory.framework/Versions/A/OpenDirectory
0x0000000000fce000 	/System/Library/PrivateFrameworks/CommonAuth.framework/Versions/A/CommonAuth
0x0000000000fce000 	/System/Library/Frameworks/OpenDirectory.framework/Versions/A/Frameworks/CFOpenDirectory.framework/Versions/A/CFOpenDirectory
0x0000000000fce000 	/System/Library/Frameworks/SecurityFoundation.framework/Versions/A/SecurityFoundation
0x0000000000fce000 	/System/Library/PrivateFrameworks/LanguageModeling.framework/Versions/A/LanguageModeling
0x0000000000fce000 	/usr/lib/libcmph.dylib
0x0000000000fce000 	/System/Library/Frameworks/ServiceManagement.framework/Versions/A/ServiceManagement
0x0000000000fce000 	/usr/lib/libxslt.1.dylib
0x0000000000fce000 	/System/Library/Frameworks/Carbon.framework/Versions/A/Frameworks/Ink.framework/Versions/A/Ink
0x0000000000fce000 	/System/Library/Frameworks/QuartzCore.framework/Versions/A/Frameworks/CoreImage.framework/Versions/A/CoreImage
0x0000000000fce000 	/System/Library/PrivateFrameworks/CrashReporterSupport.framework/Versions/A/CrashReporterSupport
0x0000000000fce000 	/System/Library/Frameworks/OpenCL.framework/Versions/A/OpenCL
0x0000000000fce000 	/System/Library/PrivateFrameworks/FaceCore.framework/Versions/A/FaceCore
0x0000000000fce000 	/System/Library/PrivateFrameworks/Ubiquity.framework/Versions/A/Ubiquity
0x0000000000fce000 	/System/Library/PrivateFrameworks/IconServices.framework/Versions/A/IconServices
0x0000000000fce000 	/System/Library/PrivateFrameworks/ChunkingLibrary.framework/Versions/A/ChunkingLibrary
0x0000000000fce000 	/System/Library/PrivateFrameworks/Apple80211.framework/Versions/A/Apple80211
0x0000000000fce000 	/System/Library/Frameworks/CoreWLAN.framework/Versions/A/CoreWLAN
0x0000000000fce000 	/System/Library/Frameworks/IOBluetooth.framework/Versions/A/IOBluetooth
0x0000000000fce000 	/System/Library/PrivateFrameworks/CoreWiFi.framework/Versions/A/CoreWiFi
0x0000000000fce000 	/System/Library/Frameworks/CoreBluetooth.framework/Versions/A/CoreBluetooth
0x0000000000fce000 	/System/Library/PrivateFrameworks/DebugSymbols.framework/Versions/A/DebugSymbols
0x0000000000fce000 	/System/Library/PrivateFrameworks/CoreSymbolication.framework/Versions/A/CoreSymbolication
0x0000000000fce000 	/System/Library/PrivateFrameworks/Symbolication.framework/Versions/A/Symbolication
0x0000000000fce000 	/System/Library/PrivateFrameworks/SpeechRecognitionCore.framework/Versions/A/SpeechRecognitionCore
0x000000010c7ef000 	/Library/Java/JavaVirtualMachines/jdk1.8.0_73.jdk/Contents/Home/jre/lib/server/libjvm.dylib
0x0000000000fce000 	/usr/lib/libstdc++.6.dylib
0x000000010d87f000 	/Library/Java/JavaVirtualMachines/jdk1.8.0_73.jdk/Contents/Home/jre/lib/libverify.dylib
0x000000010d88d000 	/Library/Java/JavaVirtualMachines/jdk1.8.0_73.jdk/Contents/Home/jre/lib/libjava.dylib
0x000000010d8e3000 	/Library/Java/JavaVirtualMachines/jdk1.8.0_73.jdk/Contents/Home/jre/lib/libzip.dylib
0x0000000121c0b000 	/System/Library/Frameworks/JavaVM.framework/Frameworks/JavaRuntimeSupport.framework/JavaRuntimeSupport
0x0000000121c23000 	/System/Library/Frameworks/JavaVM.framework/Versions/A/Frameworks/JavaNativeFoundation.framework/Versions/A/JavaNativeFoundation
0x000000010d9f0000 	/System/Library/Frameworks/JavaVM.framework/Versions/A/JavaVM
0x0000000000fce000 	/System/Library/Frameworks/Carbon.framework/Versions/A/Carbon
0x0000000121c38000 	/System/Library/PrivateFrameworks/JavaLaunching.framework/Versions/A/JavaLaunching
0x0000000000fce000 	/System/Library/Frameworks/Carbon.framework/Versions/A/Frameworks/CommonPanels.framework/Versions/A/CommonPanels
0x0000000000fce000 	/System/Library/Frameworks/Carbon.framework/Versions/A/Frameworks/Help.framework/Versions/A/Help
0x0000000000fce000 	/System/Library/Frameworks/Carbon.framework/Versions/A/Frameworks/ImageCapture.framework/Versions/A/ImageCapture
0x0000000000fce000 	/System/Library/Frameworks/Carbon.framework/Versions/A/Frameworks/OpenScripting.framework/Versions/A/OpenScripting
0x0000000000fce000 	/System/Library/Frameworks/Carbon.framework/Versions/A/Frameworks/Print.framework/Versions/A/Print
0x0000000000fce000 	/System/Library/Frameworks/Carbon.framework/Versions/A/Frameworks/SecurityHI.framework/Versions/A/SecurityHI
0x0000000123b36000 	/Library/Java/JavaVirtualMachines/jdk1.8.0_73.jdk/Contents/Home/jre/lib/libawt.dylib
0x0000000123bde000 	/Library/Java/JavaVirtualMachines/jdk1.8.0_73.jdk/Contents/Home/jre/lib/./libmlib_image.dylib
0x0000000123caa000 	/Library/Java/JavaVirtualMachines/jdk1.8.0_73.jdk/Contents/Home/jre/lib/libawt_lwawt.dylib
0x0000000123d5f000 	/Library/Java/JavaVirtualMachines/jdk1.8.0_73.jdk/Contents/Home/jre/lib/./libosxapp.dylib
0x0000000000fce000 	/System/Library/Frameworks/ExceptionHandling.framework/Versions/A/ExceptionHandling
0x0000000000fce000 	/System/Library/PrivateFrameworks/CoreServicesInternal.framework/Versions/A/CoreServicesInternal
0x0000000000fce000 	/System/Library/PrivateFrameworks/CloudDocs.framework/Versions/A/CloudDocs
0x0000000000fce000 	/System/Library/PrivateFrameworks/CoreDuet.framework/Versions/A/CoreDuet
0x0000000000fce000 	/System/Library/Frameworks/CloudKit.framework/Versions/A/CloudKit
0x0000000000fce000 	/System/Library/PrivateFrameworks/ProtocolBuffer.framework/Versions/A/ProtocolBuffer
0x0000000000fce000 	/System/Library/PrivateFrameworks/CoreDuetDaemonProtocol.framework/Versions/A/CoreDuetDaemonProtocol
0x0000000000fce000 	/System/Library/PrivateFrameworks/CoreDuetDebugLogging.framework/Versions/A/CoreDuetDebugLogging
0x0000000000fce000 	/System/Library/PrivateFrameworks/MMCS.framework/Versions/A/MMCS
0x0000000000fce000 	/System/Library/Frameworks/CoreLocation.framework/Versions/A/CoreLocation
0x0000000000fce000 	/System/Library/PrivateFrameworks/ProtectedCloudStorage.framework/Versions/A/ProtectedCloudStorage
0x0000000000fce000 	/System/Library/PrivateFrameworks/GeoServices.framework/Versions/A/GeoServices
0x0000000000fce000 	/System/Library/Frameworks/CoreGraphics.framework/Versions/A/Resources/libCGCMS.A.dylib
0x0000000000fce000 	/System/Library/Frameworks/CoreGraphics.framework/Versions/A/Resources/libRIP.A.dylib
0x0000000000fce000 	/System/Library/Frameworks/CoreGraphics.framework/Versions/A/Resources/libCGXType.A.dylib
0x0000000000fce000 	/System/Library/Frameworks/OpenCL.framework/Versions/A/Libraries/libcldcpuengine.dylib
0x0000000000fce000 	/System/Library/PrivateFrameworks/DiskImages.framework/Versions/A/DiskImages
0x0000000000fce000 	/System/Library/Frameworks/DiscRecording.framework/Versions/A/DiscRecording
0x0000000000fce000 	/usr/lib/libcsfde.dylib
0x0000000000fce000 	/usr/lib/libcurl.4.dylib
0x0000000000fce000 	/System/Library/PrivateFrameworks/MediaKit.framework/Versions/A/MediaKit
0x0000000000fce000 	/usr/lib/libCoreStorage.dylib
0x0000000000fce000 	/System/Library/PrivateFrameworks/EFILogin.framework/Versions/A/EFILogin
0x0000000000fce000 	/usr/lib/libutil.dylib
0x0000000000fce000 	/System/Library/PrivateFrameworks/FindMyDevice.framework/Versions/A/FindMyDevice
0x0000000000fce000 	/System/Library/Frameworks/LDAP.framework/Versions/A/LDAP
0x0000000000fce000 	/usr/lib/libsasl2.2.dylib
0x0000000000fce000 	/System/Library/PrivateFrameworks/CoreDaemon.framework/Versions/B/CoreDaemon
0x0000000000fce000 	/usr/lib/libcrypto.0.9.8.dylib
0x0000000000fce000 	/System/Library/PrivateFrameworks/AppleSRP.framework/Versions/A/AppleSRP
0x0000000000fce000 	/System/Library/PrivateFrameworks/TrustEvaluationAgent.framework/Versions/A/TrustEvaluationAgent
0x000000012705a000 	cl_kernels
0x000000012705c000 	/System/Library/Frameworks/OpenCL.framework/Versions/A/Libraries/ImageFormats/unorm8_bgra.dylib
0x000000012704b000 	cl_kernels
0x0000000000fce000 	/System/Library/PrivateFrameworks/FamilyControls.framework/Versions/A/FamilyControls
0x0000000000fce000 	/System/Library/PrivateFrameworks/CommerceKit.framework/Versions/A/Frameworks/CommerceCore.framework/Versions/A/CommerceCore
0x0000000000fce000 	/System/Library/PrivateFrameworks/SystemAdministration.framework/Versions/A/SystemAdministration
0x0000000000fce000 	/System/Library/PrivateFrameworks/AppContainer.framework/Versions/A/AppContainer
0x0000000000fce000 	/System/Library/PrivateFrameworks/SecCodeWrapper.framework/Versions/A/SecCodeWrapper
0x0000000000fce000 	/System/Library/Frameworks/DirectoryService.framework/Versions/A/DirectoryService
0x0000000000fce000 	/System/Library/PrivateFrameworks/LoginUIKit.framework/Versions/A/Frameworks/LoginUICore.framework/Versions/A/LoginUICore
0x0000000000fce000 	/usr/lib/libodfde.dylib
0x0000000000fce000 	/System/Library/Frameworks/OpenGL.framework/Versions/A/Resources/GLEngine.bundle/GLEngine
0x0000000000fce000 	/System/Library/Frameworks/OpenGL.framework/Versions/A/Libraries/libGLProgrammability.dylib
0x0000000128345000 	/System/Library/Extensions/AppleIntelHD4000GraphicsGLDriver.bundle/Contents/MacOS/AppleIntelHD4000GraphicsGLDriver
0x0000000000fce000 	/System/Library/PrivateFrameworks/IOAccelerator.framework/Versions/A/IOAccelerator
0x0000000000fce000 	/System/Library/PrivateFrameworks/GPUSupport.framework/Versions/A/Libraries/libGPUSupportMercury.dylib
0x0000000000fce000 	/System/Library/Frameworks/OpenGL.framework/Versions/A/Resources/GLRendererFloat.bundle/GLRendererFloat
0x000000012933a000 	/Library/Java/JavaVirtualMachines/jdk1.8.0_73.jdk/Contents/Home/jre/lib/libfontmanager.dylib
0x000000012a432000 	/Library/Java/JavaVirtualMachines/jdk1.8.0_73.jdk/Contents/Home/jre/lib/libosxui.dylib
0x000000012a686000 	/Library/Java/JavaVirtualMachines/jdk1.8.0_73.jdk/Contents/Home/jre/lib/libnet.dylib
0x000000012a69d000 	/Library/Java/JavaVirtualMachines/jdk1.8.0_73.jdk/Contents/Home/jre/lib/libnio.dylib
0x0000000000fce000 	/System/Library/Frameworks/ApplicationServices.framework/Versions/A/Frameworks/ATS.framework/Versions/A/Resources/libTrueTypeScaler.dylib
0x0000000196ce2000 	/private/var/folders/gx/lpn_2smn21b5jx4mf4ptd0z40000gn/T/jogamp_0000/file_cache/jln5449049466659984635/jln6476371328193181816/libgluegen-rt.jnilib
0x0000000196ce6000 	/private/var/folders/gx/lpn_2smn21b5jx4mf4ptd0z40000gn/T/jogamp_0000/file_cache/jln5449049466659984635/jln6476371328193181816/libnativewindow_awt.jnilib
0x0000000196ce9000 	/Library/Java/JavaVirtualMachines/jdk1.8.0_73.jdk/Contents/Home/jre/lib/libjawt.dylib
0x0000000196cec000 	/private/var/folders/gx/lpn_2smn21b5jx4mf4ptd0z40000gn/T/jogamp_0000/file_cache/jln5449049466659984635/jln6476371328193181816/libnativewindow_macosx.jnilib
0x0000000198b4a000 	/private/var/folders/gx/lpn_2smn21b5jx4mf4ptd0z40000gn/T/jogamp_0000/file_cache/jln5449049466659984635/jln6476371328193181816/libjogl_desktop.jnilib
0x0000000198367000 	/Library/Java/JavaVirtualMachines/jdk1.8.0_73.jdk/Contents/Home/jre/lib/libt2k.dylib
0x0000000000fce000 	/System/Library/Frameworks/Accelerate.framework/Versions/A/Frameworks/vImage.framework/Versions/A/Libraries/libCGInterfaces.dylib

VM Arguments:
jvm_args: -Djava.security.policy=java.policy.applet -Dfile.encoding=UTF-8 
java_command: sun.applet.AppletViewer module6.EarthquakeCityMap1458449480890.html
java_class_path (initial): /Volumes/Other/ComputerScience/Java/Coursera/Java Programming Object-Oriented Design of Data Structures Specialization/UCSDUnfoldingMaps/build:/Volumes/Other/ComputerScience/Java/Coursera/Java Programming Object-Oriented Design of Data Structures Specialization/UCSDUnfoldingMaps/lib/core.jar:/Volumes/Other/ComputerScience/Java/Coursera/Java Programming Object-Oriented Design of Data Structures Specialization/UCSDUnfoldingMaps/lib/gluegen-rt.jar:/Volumes/Other/ComputerScience/Java/Coursera/Java Programming Object-Oriented Design of Data Structures Specialization/UCSDUnfoldingMaps/lib/jogl-all.jar:/Volumes/Other/ComputerScience/Java/Coursera/Java Programming Object-Oriented Design of Data Structures Specialization/UCSDUnfoldingMaps/lib/log4j-1.2.15.jar:/Volumes/Other/ComputerScience/Java/Coursera/Java Programming Object-Oriented Design of Data Structures Specialization/UCSDUnfoldingMaps/lib/sqlite-jdbc-3.7.2.jar:/Volumes/Other/ComputerScience/Java/Coursera/Java Programming Object-Oriented Design of Data Structures Specialization/UCSDUnfoldingMaps/lib/json4processing.jar:/Volumes/Other/ComputerScience/Java/Coursera/Java Programming Object-Oriented Design of Data Structures Specialization/UCSDUnfoldingMaps/lib/libTUIO.jar:/Volumes/Other/ComputerScience/Java/Coursera/Java Programming Object-Oriented Design of Data Structures Specialization/UCSDUnfoldingMaps/lib/unfolding.0.9.7-uscd.jar:/Volumes/Other/ComputerScience/Java/Coursera/Java Programming Object-Oriented Design of Data Structures Specialization/UCSDUnfoldingMaps/lib/controlP5/library/controlP5.jar:/Users/zhihuixie/Downloads/geonames-source-1.1.13.jar:/Users/zhihuixie/Downloads/jdom/build/jdom-1.1.3.jar
Launcher Type: SUN_STANDARD

Environment Variables:
PATH=/usr/bin:/bin:/usr/sbin:/sbin
SHELL=/bin/bash

Signal Handlers:
SIGSEGV: [libjvm.dylib+0x5a71a5], sa_mask[0]=11111111011111110111111111111111, sa_flags=SA_ONSTACK|SA_RESTART|SA_SIGINFO
SIGBUS: [libjvm.dylib+0x5a71a5], sa_mask[0]=11111111011111110111111111111111, sa_flags=SA_RESTART|SA_SIGINFO
SIGFPE: [libjvm.dylib+0x480eb4], sa_mask[0]=11111111011111110111111111111111, sa_flags=SA_RESTART|SA_SIGINFO
SIGPIPE: [libjvm.dylib+0x480eb4], sa_mask[0]=11111111011111110111111111111111, sa_flags=SA_RESTART|SA_SIGINFO
SIGXFSZ: [libjvm.dylib+0x480eb4], sa_mask[0]=11111111011111110111111111111111, sa_flags=SA_RESTART|SA_SIGINFO
SIGILL: [libjvm.dylib+0x480eb4], sa_mask[0]=11111111011111110111111111111111, sa_flags=SA_RESTART|SA_SIGINFO
SIGUSR1: SIG_DFL, sa_mask[0]=00000000000000000000000000000000, sa_flags=none
SIGUSR2: [libjvm.dylib+0x4809d2], sa_mask[0]=00100000000000000000000000000000, sa_flags=SA_RESTART|SA_SIGINFO
SIGHUP: [libjvm.dylib+0x47efa9], sa_mask[0]=11111111011111110111111111111111, sa_flags=SA_RESTART|SA_SIGINFO
SIGINT: [libjvm.dylib+0x47efa9], sa_mask[0]=11111111011111110111111111111111, sa_flags=SA_RESTART|SA_SIGINFO
SIGTERM: [libjvm.dylib+0x47efa9], sa_mask[0]=11111111011111110111111111111111, sa_flags=SA_RESTART|SA_SIGINFO
SIGQUIT: [libjvm.dylib+0x47efa9], sa_mask[0]=11111111011111110111111111111111, sa_flags=SA_RESTART|SA_SIGINFO


---------------  S Y S T E M  ---------------

OS:Bsduname:Darwin 14.5.0 Darwin Kernel Version 14.5.0: Wed Jul 29 02:26:53 PDT 2015; root:xnu-2782.40.9~1/RELEASE_X86_64 x86_64
rlimit: STACK 8192k, CORE 0k, NPROC 709, NOFILE 10240, AS infinity
load average:2.29 2.24 2.06

CPU:total 4 (2 cores per cpu, 2 threads per core) family 6 model 58 stepping 9, cmov, cx8, fxsr, mmx, sse, sse2, sse3, ssse3, sse4.1, sse4.2, popcnt, avx, aes, clmul, erms, ht, tsc, tscinvbit, tscinv

Memory: 4k page, physical 4194304k(177800k free)

/proc/meminfo:


vm_info: Java HotSpot(TM) 64-Bit Server VM (25.73-b02) for bsd-amd64 JRE (1.8.0_73-b02), built on Jan 29 2016 15:02:00 by "java_re" with gcc 4.2.1 (Based on Apple Inc. build 5658) (LLVM build 2336.11.00)

time: Sat Mar 19 21:51:43 2016
elapsed time: 22 seconds (0d 0h 0m 22s)

