#
# A fatal error has been detected by the Java Runtime Environment:
#
#  SIGSEGV (0xb) at pc=0x00007fff8a1540dd, pid=575, tid=1811
#
# JRE version: Java(TM) SE Runtime Environment (8.0_73-b02) (build 1.8.0_73-b02)
# Java VM: Java HotSpot(TM) 64-Bit Server VM (25.73-b02 mixed mode bsd-amd64 compressed oops)
# Problematic frame:
# C  [libobjc.A.dylib+0x10dd]  objc_msgSend+0x1d
#
# Failed to write core dump. Core dumps have been disabled. To enable core dumping, try "ulimit -c unlimited" before starting Java again
#
# If you would like to submit a bug report, please visit:
#   http://bugreport.java.com/bugreport/crash.jsp
# The crash happened outside the Java Virtual Machine in native code.
# See problematic frame for where to report the bug.
#

---------------  T H R E A D  ---------------

Current thread (0x00007f994292e800):  JavaThread "AWT-AppKit" daemon [_thread_in_native, id=1811, stack(0x00007fff55a45000,0x00007fff56245000)]

siginfo: si_signo: 11 (SIGSEGV), si_code: 1 (SEGV_MAPERR), si_addr: 0x0000000000000018

Registers:
RAX=0x00007f9946fddd30, RBX=0x0000000194031450, RCX=0x000000012777de40, RDX=0x000000012777d720
RSP=0x00007fff562400a8, RBP=0x00007fff56240160, RSI=0x00007fff8b1ce40f, RDI=0x00007f9946fdc270
R8 =0x0000000000000000, R9 =0x0000000000000f50, R10=0x00007fff8b1ce40f, R11=0x0000000000000000
R12=0x0000000000000000, R13=0x000000019600bb28, R14=0x0000000194031440, R15=0x00007f994292e800
RIP=0x00007fff8a1540dd, EFLAGS=0x0000000000010246, ERR=0x0000000000000004
  TRAPNO=0x000000000000000e

Top of Stack: (sp=0x00007fff562400a8)
0x00007fff562400a8:   000000019402f157 00007fff56240100
0x00007fff562400b8:   0000000000000003 00007fff562400e0
0x00007fff562400c8:   000000010a5f1646 000000019600bb28
0x00007fff562400d8:   000000019600bb28 00007f9946fddd30
0x00007fff562400e8:   00000001940316a0 0000000194031710
0x00007fff562400f8:   00007fff7772f550 00007fff775d3c80
0x00007fff56240108:   0000000194031450 0000000194031690
0x00007fff56240118:   00007f9946fddd30 00007f9946fdc270
0x00007fff56240128:   00007f9941d7cfc0 00007f9946fddd30
0x00007fff56240138:   00007f9946fdc270 00007fff562401e8
0x00007fff56240148:   00007f994292e9f8 000000019600bb28
0x00007fff56240158:   00007fff56240210 00007fff562401d8
0x00007fff56240168:   000000010b3d7954 000000019600bb28
0x00007fff56240178:   00007fff56240210 00007fff562401d8
0x00007fff56240188:   000000010b3d76e7 000000010b3d76a2
0x00007fff56240198:   00007fff56240198 000000019600bb28
0x00007fff562401a8:   00007fff56240210 000000019600e760
0x00007fff562401b8:   0000000000000000 000000019600bb28
0x00007fff562401c8:   0000000000000000 00007fff562401f8
0x00007fff562401d8:   00007fff56240258 000000010b3c9c4d
0x00007fff562401e8:   0000000780d5ec38 000000010b3d1578
0x00007fff562401f8:   00007f9946fddd30 00007fff56240258
0x00007fff56240208:   00007f9946fdc270 000000010b3d2d82
0x00007fff56240218:   00007fff56240218 000000019600bcf2
0x00007fff56240228:   00007fff56240280 000000019600e760
0x00007fff56240238:   0000000000000000 000000019600bd00
0x00007fff56240248:   00007fff562401f8 00007fff56240268
0x00007fff56240258:   00007fff562402c8 000000010b3c9c4d
0x00007fff56240268:   00007f9946fddd30 0000000780c2e628
0x00007fff56240278:   00007f9946fdc270 0000000780c2e628
0x00007fff56240288:   00007fff56240288 000000019c5d6b36
0x00007fff56240298:   00007fff562402d8 000000019c5d6bf0 

Instructions: (pc=0x00007fff8a1540dd)
0x00007fff8a1540bd:   00 00 00 48 85 ff 2e 74 7a 40 f6 c7 01 2e 75 7e
0x00007fff8a1540cd:   49 bb f8 ff ff ff ff 7f 00 00 4c 23 1f 49 89 f2
0x00007fff8a1540dd:   45 23 53 18 49 c1 e2 04 4d 03 53 10 49 3b 32 75
0x00007fff8a1540ed:   04 41 ff 62 08 49 83 3a 00 74 6a 4d 3b 53 10 74 

Register to memory mapping:

RAX=0x00007f9946fddd30 is an unknown value
RBX=0x0000000194031450: Java_jogamp_nativewindow_macosx_OSXUtil_GetScreenRefreshRate0+0x1cf0 in /private/var/folders/gx/lpn_2smn21b5jx4mf4ptd0z40000gn/T/jogamp_0000/file_cache/jln2133842662140819212/jln2191901056998003640/libnativewindow_macosx.jnilib at 0x000000019402a000
RCX=0x000000012777de40 is an unknown value
RDX=0x000000012777d720 is an unknown value
RSP=0x00007fff562400a8 is pointing into the stack for thread: 0x00007f994292e800
RBP=0x00007fff56240160 is pointing into the stack for thread: 0x00007f994292e800
RSI=0x00007fff8b1ce40f is an unknown value
RDI=0x00007f9946fdc270 is an unknown value
R8 =0x0000000000000000 is an unknown value
R9 =0x0000000000000f50 is an unknown value
R10=0x00007fff8b1ce40f is an unknown value
R11=0x0000000000000000 is an unknown value
R12=0x0000000000000000 is an unknown value
R13={method} {0x000000019600bb28} 'UnsetJAWTRootSurfaceLayer0' '(JJ)V' in 'jogamp/nativewindow/jawt/macosx/MacOSXJAWTWindow'
R14=0x0000000194031440: Java_jogamp_nativewindow_macosx_OSXUtil_GetScreenRefreshRate0+0x1ce0 in /private/var/folders/gx/lpn_2smn21b5jx4mf4ptd0z40000gn/T/jogamp_0000/file_cache/jln2133842662140819212/jln2191901056998003640/libnativewindow_macosx.jnilib at 0x000000019402a000
R15=0x00007f994292e800 is a thread


Stack: [0x00007fff55a45000,0x00007fff56245000],  sp=0x00007fff562400a8,  free space=8172k
Native frames: (J=compiled Java code, j=interpreted, Vv=VM code, C=native code)
C  [libobjc.A.dylib+0x10dd]  objc_msgSend+0x1d
j  jogamp.nativewindow.jawt.macosx.MacOSXJAWTWindow.UnsetJAWTRootSurfaceLayer0(JJ)V+0
j  jogamp.nativewindow.jawt.macosx.MacOSXJAWTWindow.access$200(JJ)V+2
j  jogamp.nativewindow.jawt.macosx.MacOSXJAWTWindow$1.run()V+38
J 3318 C1 com.jogamp.common.util.RunnableTask.run()V (345 bytes) @ 0x000000010b933c74 [0x000000010b933ae0+0x194]
v  ~StubRoutines::call_stub
V  [libjvm.dylib+0x2eae7a]  JavaCalls::call_helper(JavaValue*, methodHandle*, JavaCallArguments*, Thread*)+0x6ae
V  [libjvm.dylib+0x321f83]  jni_invoke_nonstatic(JNIEnv_*, JavaValue*, _jobject*, JNICallType, _jmethodID*, JNI_ArgumentPusher*, Thread*)+0x2ec
V  [libjvm.dylib+0x314757]  jni_CallVoidMethod+0x16b
C  [libnativewindow_macosx.jnilib+0x5326]  Java_jogamp_nativewindow_jawt_macosx_MacOSXJAWTWindow_UnsetJAWTRootSurfaceLayer0+0x2b6
C  [Foundation+0x92dd0]  __NSThreadPerformPerform+0x125
C  [CoreFoundation+0x80a01]  __CFRUNLOOP_IS_CALLING_OUT_TO_A_SOURCE0_PERFORM_FUNCTION__+0x11
C  [CoreFoundation+0x72c5c]  __CFRunLoopDoSources0+0x1dc
C  [CoreFoundation+0x721bf]  __CFRunLoopRun+0x39f
C  [CoreFoundation+0x71bd8]  CFRunLoopRunSpecific+0x128
C  [HIToolbox+0x3256f]  RunCurrentEventLoopInMode+0xeb
C  [HIToolbox+0x321ee]  ReceiveNextEventCommon+0xb3
C  [HIToolbox+0x3212b]  _BlockUntilNextEventMatchingListInModeWithFilter+0x47
C  [AppKit+0x918ab]  _DPSNextEvent+0x3d2
C  [AppKit+0x90e58]  -[NSApplication nextEventMatchingMask:untilDate:inMode:dequeue:]+0x15a
C  [libosxapp.dylib+0x23aa]  -[NSApplicationAWT nextEventMatchingMask:untilDate:inMode:dequeue:]+0x7c
C  [AppKit+0x86af3]  -[NSApplication run]+0x252
C  [libosxapp.dylib+0x214d]  +[NSApplicationAWT runAWTLoopWithApp:]+0x9c
C  [libawt_lwawt.dylib+0x4455b]  -[AWTStarter starter:]+0x389
C  [Foundation+0x92dd0]  __NSThreadPerformPerform+0x125
C  [CoreFoundation+0x80a01]  __CFRUNLOOP_IS_CALLING_OUT_TO_A_SOURCE0_PERFORM_FUNCTION__+0x11
C  [CoreFoundation+0x72b8d]  __CFRunLoopDoSources0+0x10d
C  [CoreFoundation+0x721bf]  __CFRunLoopRun+0x39f
C  [CoreFoundation+0x71bd8]  CFRunLoopRunSpecific+0x128
C  [java+0x6463]  CreateExecutionEnvironment+0x367
C  [java+0x21ac]  JLI_Launch+0x7a0
C  [java+0x84c0]  main+0x65
C  [java+0x1a04]  start+0x34
C  0x0000000000000007

Java frames: (J=compiled Java code, j=interpreted, Vv=VM code)
j  jogamp.nativewindow.jawt.macosx.MacOSXJAWTWindow.UnsetJAWTRootSurfaceLayer0(JJ)V+0
j  jogamp.nativewindow.jawt.macosx.MacOSXJAWTWindow.access$200(JJ)V+2
j  jogamp.nativewindow.jawt.macosx.MacOSXJAWTWindow$1.run()V+38
J 3318 C1 com.jogamp.common.util.RunnableTask.run()V (345 bytes) @ 0x000000010b933c74 [0x000000010b933ae0+0x194]
v  ~StubRoutines::call_stub

---------------  P R O C E S S  ---------------

Java Threads: ( => current thread )
  0x00007f9949081800 JavaThread "Thread-50" [_thread_blocked, id=59923, stack(0x0000000199a91000,0x0000000199b91000)]
  0x00007f99437b0000 JavaThread "TimerQueue" daemon [_thread_blocked, id=26811, stack(0x000000019e48f000,0x000000019e58f000)]
  0x00007f9942dc8000 JavaThread "Animation Thread" [_thread_blocked, id=57103, stack(0x00000001941ab000,0x00000001942ab000)]
  0x00007f99436ce000 JavaThread "AWT-EventQueue-1" [_thread_in_native, id=57619, stack(0x0000000194657000,0x0000000194757000)]
  0x00007f994280a000 JavaThread "DestroyJavaVM" [_thread_blocked, id=4867, stack(0x0000000109ad2000,0x0000000109bd2000)]
  0x00007f99432d4800 JavaThread "AWT-EventQueue-0" [_thread_blocked, id=55815, stack(0x000000012780a000,0x000000012790a000)]
  0x00007f99429db000 JavaThread "Java2D Disposer" daemon [_thread_blocked, id=51479, stack(0x0000000126586000,0x0000000126686000)]
  0x00007f994327d000 JavaThread "Java2D Queue Flusher" daemon [_thread_blocked, id=49927, stack(0x0000000125591000,0x0000000125691000)]
  0x00007f9942934000 JavaThread "AWT-Shutdown" [_thread_blocked, id=28435, stack(0x0000000122c41000,0x0000000122d41000)]
=>0x00007f994292e800 JavaThread "AWT-AppKit" daemon [_thread_in_native, id=1811, stack(0x00007fff55a45000,0x00007fff56245000)]
  0x00007f9943037000 JavaThread "Service Thread" daemon [_thread_blocked, id=18179, stack(0x0000000120bfb000,0x0000000120cfb000)]
  0x00007f994302c000 JavaThread "C1 CompilerThread2" daemon [_thread_blocked, id=17667, stack(0x0000000120af8000,0x0000000120bf8000)]
  0x00007f994302b800 JavaThread "C2 CompilerThread1" daemon [_thread_blocked, id=17155, stack(0x00000001209f5000,0x0000000120af5000)]
  0x00007f994301e000 JavaThread "C2 CompilerThread0" daemon [_thread_blocked, id=16643, stack(0x00000001208f2000,0x00000001209f2000)]
  0x00007f9942867000 JavaThread "Signal Dispatcher" daemon [_thread_blocked, id=16399, stack(0x00000001207ef000,0x00000001208ef000)]
  0x00007f9942863000 JavaThread "Finalizer" daemon [_thread_blocked, id=11523, stack(0x000000011edce000,0x000000011eece000)]
  0x00007f994300e800 JavaThread "Reference Handler" daemon [_thread_blocked, id=11011, stack(0x000000011eccb000,0x000000011edcb000)]

Other Threads:
  0x00007f9942862000 VMThread [stack: 0x000000011ebc8000,0x000000011ecc8000] [id=10499]
  0x00007f9943019000 WatcherThread [stack: 0x0000000120cfe000,0x0000000120dfe000] [id=18691]

VM state:not at safepoint (normal execution)

VM Mutex/Monitor currently owned by a thread: None

Heap:
 PSYoungGen      total 67072K, used 43779K [0x00000007aab00000, 0x00000007b0200000, 0x00000007c0000000)
  eden space 54272K, 57% used [0x00000007aab00000,0x00000007ac948e88,0x00000007ae000000)
  from space 12800K, 99% used [0x00000007af000000,0x00000007afc78150,0x00000007afc80000)
  to   space 16384K, 0% used [0x00000007ae000000,0x00000007ae000000,0x00000007af000000)
 ParOldGen       total 41984K, used 24773K [0x0000000780000000, 0x0000000782900000, 0x00000007aab00000)
  object space 41984K, 59% used [0x0000000780000000,0x0000000781831470,0x0000000782900000)
 Metaspace       used 24817K, capacity 25101K, committed 25344K, reserved 1073152K
  class space    used 2462K, capacity 2559K, committed 2560K, reserved 1048576K

Card table byte_map: [0x000000011a782000,0x000000011a983000] byte_map_base: 0x0000000116b82000

Marking Bits: (ParMarkBitMap*) 0x000000010ace3ea0
 Begin Bits: [0x000000011aee5000, 0x000000011bee5000)
 End Bits:   [0x000000011bee5000, 0x000000011cee5000)

Polling page: 0x0000000109be2000

CodeCache: size=245760Kb used=12115Kb max_used=12126Kb free=233644Kb
 bounds [0x000000010b3c2000, 0x000000010bfb2000, 0x000000011a3c2000]
 total_blobs=4633 nmethods=3691 adapters=854
 compilation: enabled

Compilation events (10 events):
Event: 3195.783 Thread 0x00007f994302c000 4216       3       jogamp.opengl.macosx.cgl.MacOSXCGLContext::access$7300 (5 bytes)
Event: 3195.783 Thread 0x00007f994302c000 nmethod 4216 0x000000010bfa1d50 code [0x000000010bfa1ea0, 0x000000010bfa1ff0]
Event: 3196.040 Thread 0x00007f994302c000 4217       3       controlP5.ControlWindow::updateEvents (116 bytes)
Event: 3196.041 Thread 0x00007f994302c000 nmethod 4217 0x000000010bfa2090 code [0x000000010bfa23a0, 0x000000010bfa3d28]
Event: 3196.208 Thread 0x00007f994302b800 4218       4       processing.core.PGraphicsJava2D::textSize (93 bytes)
Event: 3196.209 Thread 0x00007f994302b800 nmethod 4218 0x000000010bfa72d0 code [0x000000010bfa7420, 0x000000010bfa7528]
Event: 3196.257 Thread 0x00007f994302c000 4219       3       java.awt.geom.Rectangle2D::setFrame (11 bytes)
Event: 3196.258 Thread 0x00007f994302c000 nmethod 4219 0x000000010bfa6e90 code [0x000000010bfa7000, 0x000000010bfa7208]
Event: 3196.291 Thread 0x00007f994301e000 4220       4       processing.opengl.PGL::updateFloatBuffer (41 bytes)
Event: 3196.294 Thread 0x00007f994301e000 nmethod 4220 0x000000010b602510 code [0x000000010b602680, 0x000000010b602978]

GC Heap History (10 events):
Event: 9.398 GC heap before
{Heap before GC invocations=7 (full 1):
 PSYoungGen      total 18944K, used 16384K [0x00000007aab00000, 0x00000007add00000, 0x00000007c0000000)
  eden space 16384K, 100% used [0x00000007aab00000,0x00000007abb00000,0x00000007abb00000)
  from space 2560K, 0% used [0x00000007abb00000,0x00000007abb00000,0x00000007abd80000)
  to   space 9216K, 0% used [0x00000007ad400000,0x00000007ad400000,0x00000007add00000)
 ParOldGen       total 41984K, used 14067K [0x0000000780000000, 0x0000000782900000, 0x00000007aab00000)
  object space 41984K, 33% used [0x0000000780000000,0x0000000780dbcfc8,0x0000000782900000)
 Metaspace       used 21570K, capacity 21769K, committed 21936K, reserved 1069056K
  class space    used 2151K, capacity 2211K, committed 2304K, reserved 1048576K
Event: 9.402 GC heap after
Heap after GC invocations=7 (full 1):
 PSYoungGen      total 31744K, used 3365K [0x00000007aab00000, 0x00000007ad800000, 0x00000007c0000000)
  eden space 27648K, 0% used [0x00000007aab00000,0x00000007aab00000,0x00000007ac600000)
  from space 4096K, 82% used [0x00000007ad400000,0x00000007ad749780,0x00000007ad800000)
  to   space 9216K, 0% used [0x00000007ac600000,0x00000007ac600000,0x00000007acf00000)
 ParOldGen       total 41984K, used 14075K [0x0000000780000000, 0x0000000782900000, 0x00000007aab00000)
  object space 41984K, 33% used [0x0000000780000000,0x0000000780dbefc8,0x0000000782900000)
 Metaspace       used 21570K, capacity 21769K, committed 21936K, reserved 1069056K
  class space    used 2151K, capacity 2211K, committed 2304K, reserved 1048576K
}
Event: 12.292 GC heap before
{Heap before GC invocations=8 (full 1):
 PSYoungGen      total 31744K, used 31013K [0x00000007aab00000, 0x00000007ad800000, 0x00000007c0000000)
  eden space 27648K, 100% used [0x00000007aab00000,0x00000007ac600000,0x00000007ac600000)
  from space 4096K, 82% used [0x00000007ad400000,0x00000007ad749780,0x00000007ad800000)
  to   space 9216K, 0% used [0x00000007ac600000,0x00000007ac600000,0x00000007acf00000)
 ParOldGen       total 41984K, used 14075K [0x0000000780000000, 0x0000000782900000, 0x00000007aab00000)
  object space 41984K, 33% used [0x0000000780000000,0x0000000780dbefc8,0x0000000782900000)
 Metaspace       used 22037K, capacity 22293K, committed 22448K, reserved 1069056K
  class space    used 2189K, capacity 2277K, committed 2304K, reserved 1048576K
Event: 12.296 GC heap after
Heap after GC invocations=8 (full 1):
 PSYoungGen      total 36864K, used 5184K [0x00000007aab00000, 0x00000007ae780000, 0x00000007c0000000)
  eden space 27648K, 0% used [0x00000007aab00000,0x00000007aab00000,0x00000007ac600000)
  from space 9216K, 56% used [0x00000007ac600000,0x00000007acb10140,0x00000007acf00000)
  to   space 8704K, 0% used [0x00000007adf00000,0x00000007adf00000,0x00000007ae780000)
 ParOldGen       total 41984K, used 14083K [0x0000000780000000, 0x0000000782900000, 0x00000007aab00000)
  object space 41984K, 33% used [0x0000000780000000,0x0000000780dc0fc8,0x0000000782900000)
 Metaspace       used 22037K, capacity 22293K, committed 22448K, reserved 1069056K
  class space    used 2189K, capacity 2277K, committed 2304K, reserved 1048576K
}
Event: 18.476 GC heap before
{Heap before GC invocations=9 (full 1):
 PSYoungGen      total 36864K, used 32832K [0x00000007aab00000, 0x00000007ae780000, 0x00000007c0000000)
  eden space 27648K, 100% used [0x00000007aab00000,0x00000007ac600000,0x00000007ac600000)
  from space 9216K, 56% used [0x00000007ac600000,0x00000007acb10140,0x00000007acf00000)
  to   space 8704K, 0% used [0x00000007adf00000,0x00000007adf00000,0x00000007ae780000)
 ParOldGen       total 41984K, used 14083K [0x0000000780000000, 0x0000000782900000, 0x00000007aab00000)
  object space 41984K, 33% used [0x0000000780000000,0x0000000780dc0fc8,0x0000000782900000)
 Metaspace       used 23933K, capacity 24171K, committed 24320K, reserved 1071104K
  class space    used 2433K, capacity 2516K, committed 2560K, reserved 1048576K
Event: 18.487 GC heap after
Heap after GC invocations=9 (full 1):
 PSYoungGen      total 51200K, used 7504K [0x00000007aab00000, 0x00000007ae700000, 0x00000007c0000000)
  eden space 43008K, 0% used [0x00000007aab00000,0x00000007aab00000,0x00000007ad500000)
  from space 8192K, 91% used [0x00000007adf00000,0x00000007ae654260,0x00000007ae700000)
  to   space 9216K, 0% used [0x00000007ad500000,0x00000007ad500000,0x00000007ade00000)
 ParOldGen       total 41984K, used 14091K [0x0000000780000000, 0x0000000782900000, 0x00000007aab00000)
  object space 41984K, 33% used [0x0000000780000000,0x0000000780dc2fc8,0x0000000782900000)
 Metaspace       used 23933K, capacity 24171K, committed 24320K, reserved 1071104K
  class space    used 2433K, capacity 2516K, committed 2560K, reserved 1048576K
}
Event: 19.724 GC heap before
{Heap before GC invocations=10 (full 1):
 PSYoungGen      total 51200K, used 50464K [0x00000007aab00000, 0x00000007ae700000, 0x00000007c0000000)
  eden space 43008K, 99% used [0x00000007aab00000,0x00000007ad4f4058,0x00000007ad500000)
  from space 8192K, 91% used [0x00000007adf00000,0x00000007ae654260,0x00000007ae700000)
  to   space 9216K, 0% used [0x00000007ad500000,0x00000007ad500000,0x00000007ade00000)
 ParOldGen       total 41984K, used 14091K [0x0000000780000000, 0x0000000782900000, 0x00000007aab00000)
  object space 41984K, 33% used [0x0000000780000000,0x0000000780dc2fc8,0x0000000782900000)
 Metaspace       used 24033K, capacity 24299K, committed 24576K, reserved 1071104K
  class space    used 2433K, capacity 2516K, committed 2560K, reserved 1048576K
Event: 19.735 GC heap after
Heap after GC invocations=10 (full 1):
 PSYoungGen      total 52224K, used 9200K [0x00000007aab00000, 0x00000007afc80000, 0x00000007c0000000)
  eden space 43008K, 0% used [0x00000007aab00000,0x00000007aab00000,0x00000007ad500000)
  from space 9216K, 99% used [0x00000007ad500000,0x00000007addfc1f0,0x00000007ade00000)
  to   space 12800K, 0% used [0x00000007af000000,0x00000007af000000,0x00000007afc80000)
 ParOldGen       total 41984K, used 19548K [0x0000000780000000, 0x0000000782900000, 0x00000007aab00000)
  object space 41984K, 46% used [0x0000000780000000,0x0000000781317088,0x0000000782900000)
 Metaspace       used 24033K, capacity 24299K, committed 24576K, reserved 1071104K
  class space    used 2433K, capacity 2516K, committed 2560K, reserved 1048576K
}
Event: 92.556 GC heap before
{Heap before GC invocations=11 (full 1):
 PSYoungGen      total 52224K, used 52208K [0x00000007aab00000, 0x00000007afc80000, 0x00000007c0000000)
  eden space 43008K, 100% used [0x00000007aab00000,0x00000007ad500000,0x00000007ad500000)
  from space 9216K, 99% used [0x00000007ad500000,0x00000007addfc1f0,0x00000007ade00000)
  to   space 12800K, 0% used [0x00000007af000000,0x00000007af000000,0x00000007afc80000)
 ParOldGen       total 41984K, used 19548K [0x0000000780000000, 0x0000000782900000, 0x00000007aab00000)
  object space 41984K, 46% used [0x0000000780000000,0x0000000781317088,0x0000000782900000)
 Metaspace       used 24679K, capacity 24973K, committed 25088K, reserved 1071104K
  class space    used 2458K, capacity 2559K, committed 2560K, reserved 1048576K
Event: 92.575 GC heap after
Heap after GC invocations=11 (full 1):
 PSYoungGen      total 67072K, used 12768K [0x00000007aab00000, 0x00000007b0200000, 0x00000007c0000000)
  eden space 54272K, 0% used [0x00000007aab00000,0x00000007aab00000,0x00000007ae000000)
  from space 12800K, 99% used [0x00000007af000000,0x00000007afc78150,0x00000007afc80000)
  to   space 16384K, 0% used [0x00000007ae000000,0x00000007ae000000,0x00000007af000000)
 ParOldGen       total 41984K, used 24773K [0x0000000780000000, 0x0000000782900000, 0x00000007aab00000)
  object space 41984K, 59% used [0x0000000780000000,0x0000000781831470,0x0000000782900000)
 Metaspace       used 24679K, capacity 24973K, committed 25088K, reserved 1071104K
  class space    used 2458K, capacity 2559K, committed 2560K, reserved 1048576K
}

Deoptimization events (10 events):
Event: 3194.100 Thread 0x00007f99436ce000 Uncommon trap: reason=unstable_if action=reinterpret pc=0x000000010bbdf08c method=module6.CommonMarker.draw(Lprocessing/core/PGraphics;FF)V @ 4
Event: 3196.601 Thread 0x00007f99436ce000 Uncommon trap: reason=unstable_if action=reinterpret pc=0x000000010be9f8d4 method=java.awt.Component.isShowing()Z @ 20
Event: 3196.601 Thread 0x00007f99436ce000 Uncommon trap: reason=unstable_if action=reinterpret pc=0x000000010bf06e60 method=com.sun.java.swing.SwingUtilities3.getDelegateRepaintManager(Ljava/awt/Component;)Ljavax/swing/RepaintManager; @ 19
Event: 3196.601 Thread 0x00007f99436ce000 Uncommon trap: reason=unstable_if action=reinterpret pc=0x000000010b4c42e8 method=com.jogamp.common.util.VersionNumber.compareTo(Lcom/jogamp/common/util/VersionNumber;)I @ 21
Event: 3196.622 Thread 0x00007f99432d4800 Uncommon trap: reason=bimorphic action=maybe_recompile pc=0x000000010bf0d260 method=java.awt.Component.getGraphics()Ljava/awt/Graphics; @ 114
Event: 3196.622 Thread 0x00007f99432d4800 Uncommon trap: reason=unstable_if action=reinterpret pc=0x000000010bdf37c8 method=sun.java2d.pipe.Region.isInsideQuickCheck(Lsun/java2d/pipe/Region;)Z @ 48
Event: 3196.622 Thread 0x00007f99432d4800 Uncommon trap: reason=unstable_if action=reinterpret pc=0x000000010bf04254 method=sun.java2d.pipe.Region.isInsideQuickCheck(Lsun/java2d/pipe/Region;)Z @ 48
Event: 3196.632 Thread 0x00007f99420c9800 Uncommon trap: reason=unstable_if action=reinterpret pc=0x000000010b8af2a4 method=java.util.HashMap.putVal(ILjava/lang/Object;Ljava/lang/Object;ZZ)Ljava/lang/Object; @ 81
Event: 3196.634 Thread 0x00007f99432d4800 Uncommon trap: reason=bimorphic action=maybe_recompile pc=0x000000010bf0d260 method=java.awt.Component.getGraphics()Ljava/awt/Graphics; @ 114
Event: 3196.660 Thread 0x00007f99432d4800 Uncommon trap: reason=bimorphic action=maybe_recompile pc=0x000000010bf0d260 method=java.awt.Component.getGraphics()Ljava/awt/Graphics; @ 114

Internal exceptions (10 events):
Event: 1.004 Thread 0x00007f994280a000 Implicit null exception at 0x000000010b52a11c to 0x000000010b52a301
Event: 1.297 Thread 0x00007f994280a000 Exception <a 'java/io/FileNotFoundException'> (0x00000007aaee0618) thrown at [/HUDSON3/workspace/8-2-build-macosx-x86_64/jdk8u73/6086/hotspot/src/share/vm/prims/jni.cpp, line 709]
Event: 5.410 Thread 0x00007f9942863000 Exception <a 'java/lang/NullPointerException'> (0x00000007aab81d70) thrown at [/HUDSON3/workspace/8-2-build-macosx-x86_64/jdk8u73/6086/hotspot/src/share/vm/interpreter/linkResolver.cpp, line 1178]
Event: 5.830 Thread 0x00007f9942dc8000 Exception <a 'java/lang/UnsatisfiedLinkError': com.jogamp.common.util.JarUtil.fixNativeLibAttribs(Ljava/lang/String;)Z> (0x00000007ab069f60) thrown at [/HUDSON3/workspace/8-2-build-macosx-x86_64/jdk8u73/6086/hotspot/src/share/vm/prims/nativeLookup.cpp, li
Event: 6.886 Thread 0x00007f99436ce000 Exception <a 'java/io/FileNotFoundException'> (0x00000007ab3d0390) thrown at [/HUDSON3/workspace/8-2-build-macosx-x86_64/jdk8u73/6086/hotspot/src/share/vm/prims/jni.cpp, line 709]
Event: 6.886 Thread 0x00007f99436ce000 Exception <a 'java/io/FileNotFoundException'> (0x00000007ab3dcbc0) thrown at [/HUDSON3/workspace/8-2-build-macosx-x86_64/jdk8u73/6086/hotspot/src/share/vm/prims/jni.cpp, line 709]
Event: 6.887 Thread 0x00007f99436ce000 Implicit null exception at 0x000000010b5811f5 to 0x000000010b581559
Event: 16.451 Thread 0x00007f99436ce000 Implicit null exception at 0x000000010b581a75 to 0x000000010b581de5
Event: 17.161 Thread 0x00007f99436ce000 Implicit null exception at 0x000000010b8b46e3 to 0x000000010b8b52e5
Event: 3194.099 Thread 0x00007f99436ce000 Implicit null exception at 0x000000010bb2ad14 to 0x000000010bb2ad5e

Events (10 events):
Event: 3196.658 loading class jogamp/nativewindow/jawt/macosx/MacOSXJAWTWindow$1
Event: 3196.658 loading class jogamp/nativewindow/jawt/macosx/MacOSXJAWTWindow$1 done
Event: 3196.659 Executing VM operation: RevokeBias
Event: 3196.659 Executing VM operation: RevokeBias done
Event: 3196.659 Executing VM operation: RevokeBias
Event: 3196.659 Executing VM operation: RevokeBias done
Event: 3196.660 Thread 0x00007f99420c9800 Thread exited: 0x00007f99420c9800
Event: 3196.660 Thread 0x00007f99432d4800 Uncommon trap: trap_request=0xffffffc6 fr.pc=0x000000010bf0d260
Event: 3196.660 Thread 0x00007f99432d4800 DEOPT PACKING pc=0x000000010bf0d260 sp=0x0000000127907bf0
Event: 3196.660 Thread 0x00007f99432d4800 DEOPT UNPACKING pc=0x000000010b3c7229 sp=0x0000000127907c20 mode 2


Dynamic libraries:
0x0000000005875000 	/System/Library/Frameworks/Cocoa.framework/Versions/A/Cocoa
0x0000000005875000 	/System/Library/Frameworks/Security.framework/Versions/A/Security
0x0000000005875000 	/System/Library/Frameworks/ApplicationServices.framework/Versions/A/ApplicationServices
0x0000000005875000 	/usr/lib/libz.1.dylib
0x0000000005875000 	/usr/lib/libSystem.B.dylib
0x0000000005875000 	/usr/lib/libobjc.A.dylib
0x0000000005875000 	/System/Library/Frameworks/CoreFoundation.framework/Versions/A/CoreFoundation
0x0000000005875000 	/System/Library/Frameworks/Foundation.framework/Versions/C/Foundation
0x0000000005875000 	/System/Library/Frameworks/AppKit.framework/Versions/C/AppKit
0x0000000005875000 	/System/Library/Frameworks/CoreData.framework/Versions/A/CoreData
0x0000000005875000 	/System/Library/PrivateFrameworks/RemoteViewServices.framework/Versions/A/RemoteViewServices
0x0000000005875000 	/System/Library/PrivateFrameworks/UIFoundation.framework/Versions/A/UIFoundation
0x0000000005875000 	/System/Library/Frameworks/IOSurface.framework/Versions/A/IOSurface
0x0000000005875000 	/System/Library/Frameworks/AudioToolbox.framework/Versions/A/AudioToolbox
0x0000000005875000 	/System/Library/Frameworks/AudioUnit.framework/Versions/A/AudioUnit
0x0000000005875000 	/System/Library/PrivateFrameworks/DataDetectorsCore.framework/Versions/A/DataDetectorsCore
0x0000000005875000 	/System/Library/PrivateFrameworks/DesktopServicesPriv.framework/Versions/A/DesktopServicesPriv
0x0000000005875000 	/System/Library/Frameworks/Carbon.framework/Versions/A/Frameworks/HIToolbox.framework/Versions/A/HIToolbox
0x0000000005875000 	/System/Library/Frameworks/QuartzCore.framework/Versions/A/QuartzCore
0x0000000005875000 	/System/Library/Frameworks/Carbon.framework/Versions/A/Frameworks/SpeechRecognition.framework/Versions/A/SpeechRecognition
0x0000000005875000 	/usr/lib/libauto.dylib
0x0000000005875000 	/usr/lib/libicucore.A.dylib
0x0000000005875000 	/usr/lib/libxml2.2.dylib
0x0000000005875000 	/System/Library/PrivateFrameworks/CoreUI.framework/Versions/A/CoreUI
0x0000000005875000 	/System/Library/Frameworks/CoreAudio.framework/Versions/A/CoreAudio
0x0000000005875000 	/System/Library/Frameworks/DiskArbitration.framework/Versions/A/DiskArbitration
0x0000000005875000 	/usr/lib/liblangid.dylib
0x0000000005875000 	/System/Library/PrivateFrameworks/MultitouchSupport.framework/Versions/A/MultitouchSupport
0x0000000005875000 	/System/Library/Frameworks/IOKit.framework/Versions/A/IOKit
0x0000000005875000 	/usr/lib/libDiagnosticMessagesClient.dylib
0x0000000005875000 	/System/Library/Frameworks/CoreServices.framework/Versions/A/CoreServices
0x0000000005875000 	/System/Library/PrivateFrameworks/PerformanceAnalysis.framework/Versions/A/PerformanceAnalysis
0x0000000005875000 	/System/Library/PrivateFrameworks/GenerationalStorage.framework/Versions/A/GenerationalStorage
0x0000000005875000 	/System/Library/Frameworks/OpenGL.framework/Versions/A/OpenGL
0x0000000005875000 	/System/Library/PrivateFrameworks/Sharing.framework/Versions/A/Sharing
0x0000000005875000 	/System/Library/Frameworks/CoreGraphics.framework/Versions/A/CoreGraphics
0x0000000005875000 	/System/Library/Frameworks/CoreText.framework/Versions/A/CoreText
0x0000000005875000 	/System/Library/Frameworks/ImageIO.framework/Versions/A/ImageIO
0x0000000005875000 	/usr/lib/libextension.dylib
0x0000000005875000 	/System/Library/PrivateFrameworks/Backup.framework/Versions/A/Backup
0x0000000005875000 	/usr/lib/libarchive.2.dylib
0x0000000005875000 	/System/Library/Frameworks/CFNetwork.framework/Versions/A/CFNetwork
0x0000000005875000 	/System/Library/Frameworks/SystemConfiguration.framework/Versions/A/SystemConfiguration
0x0000000005875000 	/usr/lib/libCRFSuite.dylib
0x0000000005875000 	/usr/lib/libc++.1.dylib
0x0000000005875000 	/usr/lib/libc++abi.dylib
0x0000000005875000 	/usr/lib/system/libcache.dylib
0x0000000005875000 	/usr/lib/system/libcommonCrypto.dylib
0x0000000005875000 	/usr/lib/system/libcompiler_rt.dylib
0x0000000005875000 	/usr/lib/system/libcopyfile.dylib
0x0000000005875000 	/usr/lib/system/libcorecrypto.dylib
0x0000000005875000 	/usr/lib/system/libdispatch.dylib
0x0000000005875000 	/usr/lib/system/libdyld.dylib
0x0000000005875000 	/usr/lib/system/libkeymgr.dylib
0x0000000005875000 	/usr/lib/system/liblaunch.dylib
0x0000000005875000 	/usr/lib/system/libmacho.dylib
0x0000000005875000 	/usr/lib/system/libquarantine.dylib
0x0000000005875000 	/usr/lib/system/libremovefile.dylib
0x0000000005875000 	/usr/lib/system/libsystem_asl.dylib
0x0000000005875000 	/usr/lib/system/libsystem_blocks.dylib
0x0000000005875000 	/usr/lib/system/libsystem_c.dylib
0x0000000005875000 	/usr/lib/system/libsystem_configuration.dylib
0x0000000005875000 	/usr/lib/system/libsystem_coreservices.dylib
0x0000000005875000 	/usr/lib/system/libsystem_coretls.dylib
0x0000000005875000 	/usr/lib/system/libsystem_dnssd.dylib
0x0000000005875000 	/usr/lib/system/libsystem_info.dylib
0x0000000005875000 	/usr/lib/system/libsystem_kernel.dylib
0x0000000005875000 	/usr/lib/system/libsystem_m.dylib
0x0000000005875000 	/usr/lib/system/libsystem_malloc.dylib
0x0000000005875000 	/usr/lib/system/libsystem_network.dylib
0x0000000005875000 	/usr/lib/system/libsystem_networkextension.dylib
0x0000000005875000 	/usr/lib/system/libsystem_notify.dylib
0x0000000005875000 	/usr/lib/system/libsystem_platform.dylib
0x0000000005875000 	/usr/lib/system/libsystem_pthread.dylib
0x0000000005875000 	/usr/lib/system/libsystem_sandbox.dylib
0x0000000005875000 	/usr/lib/system/libsystem_secinit.dylib
0x0000000005875000 	/usr/lib/system/libsystem_stats.dylib
0x0000000005875000 	/usr/lib/system/libsystem_trace.dylib
0x0000000005875000 	/usr/lib/system/libunc.dylib
0x0000000005875000 	/usr/lib/system/libunwind.dylib
0x0000000005875000 	/usr/lib/system/libxpc.dylib
0x0000000005875000 	/usr/lib/libbz2.1.0.dylib
0x0000000005875000 	/usr/lib/liblzma.5.dylib
0x0000000005875000 	/usr/lib/libbsm.0.dylib
0x0000000005875000 	/usr/lib/libsqlite3.dylib
0x0000000005875000 	/usr/lib/system/libkxld.dylib
0x0000000005875000 	/usr/lib/libxar.1.dylib
0x0000000005875000 	/usr/lib/libpam.2.dylib
0x0000000005875000 	/usr/lib/libOpenScriptingUtil.dylib
0x0000000005875000 	/System/Library/Frameworks/CoreServices.framework/Versions/A/Frameworks/FSEvents.framework/Versions/A/FSEvents
0x0000000005875000 	/System/Library/Frameworks/CoreServices.framework/Versions/A/Frameworks/CarbonCore.framework/Versions/A/CarbonCore
0x0000000005875000 	/System/Library/Frameworks/CoreServices.framework/Versions/A/Frameworks/Metadata.framework/Versions/A/Metadata
0x0000000005875000 	/System/Library/Frameworks/CoreServices.framework/Versions/A/Frameworks/OSServices.framework/Versions/A/OSServices
0x0000000005875000 	/System/Library/Frameworks/CoreServices.framework/Versions/A/Frameworks/SearchKit.framework/Versions/A/SearchKit
0x0000000005875000 	/System/Library/Frameworks/CoreServices.framework/Versions/A/Frameworks/AE.framework/Versions/A/AE
0x0000000005875000 	/System/Library/Frameworks/CoreServices.framework/Versions/A/Frameworks/LaunchServices.framework/Versions/A/LaunchServices
0x0000000005875000 	/System/Library/Frameworks/CoreServices.framework/Versions/A/Frameworks/DictionaryServices.framework/Versions/A/DictionaryServices
0x0000000005875000 	/System/Library/Frameworks/NetFS.framework/Versions/A/NetFS
0x0000000005875000 	/System/Library/PrivateFrameworks/NetAuth.framework/Versions/A/NetAuth
0x0000000005875000 	/System/Library/PrivateFrameworks/login.framework/Versions/A/Frameworks/loginsupport.framework/Versions/A/loginsupport
0x0000000005875000 	/System/Library/PrivateFrameworks/TCC.framework/Versions/A/TCC
0x0000000005875000 	/usr/lib/libmecabra.dylib
0x0000000005875000 	/System/Library/Frameworks/ApplicationServices.framework/Versions/A/Frameworks/ATS.framework/Versions/A/ATS
0x0000000005875000 	/System/Library/Frameworks/ApplicationServices.framework/Versions/A/Frameworks/ColorSync.framework/Versions/A/ColorSync
0x0000000005875000 	/System/Library/Frameworks/ApplicationServices.framework/Versions/A/Frameworks/HIServices.framework/Versions/A/HIServices
0x0000000005875000 	/System/Library/Frameworks/ApplicationServices.framework/Versions/A/Frameworks/LangAnalysis.framework/Versions/A/LangAnalysis
0x0000000005875000 	/System/Library/Frameworks/ApplicationServices.framework/Versions/A/Frameworks/PrintCore.framework/Versions/A/PrintCore
0x0000000005875000 	/System/Library/Frameworks/ApplicationServices.framework/Versions/A/Frameworks/QD.framework/Versions/A/QD
0x0000000005875000 	/System/Library/Frameworks/ApplicationServices.framework/Versions/A/Frameworks/SpeechSynthesis.framework/Versions/A/SpeechSynthesis
0x0000000005875000 	/System/Library/Frameworks/Accelerate.framework/Versions/A/Accelerate
0x0000000005875000 	/System/Library/Frameworks/Accelerate.framework/Versions/A/Frameworks/vImage.framework/Versions/A/vImage
0x0000000005875000 	/System/Library/Frameworks/Accelerate.framework/Versions/A/Frameworks/vecLib.framework/Versions/A/vecLib
0x0000000005875000 	/System/Library/Frameworks/Accelerate.framework/Versions/A/Frameworks/vecLib.framework/Versions/A/libvDSP.dylib
0x0000000005875000 	/System/Library/Frameworks/Accelerate.framework/Versions/A/Frameworks/vecLib.framework/Versions/A/libvMisc.dylib
0x0000000005875000 	/System/Library/Frameworks/Accelerate.framework/Versions/A/Frameworks/vecLib.framework/Versions/A/libLAPACK.dylib
0x0000000005875000 	/System/Library/Frameworks/Accelerate.framework/Versions/A/Frameworks/vecLib.framework/Versions/A/libBLAS.dylib
0x0000000005875000 	/System/Library/Frameworks/Accelerate.framework/Versions/A/Frameworks/vecLib.framework/Versions/A/libLinearAlgebra.dylib
0x0000000005875000 	/System/Library/Frameworks/ApplicationServices.framework/Versions/A/Frameworks/ATS.framework/Versions/A/Resources/libFontParser.dylib
0x0000000005875000 	/System/Library/Frameworks/ApplicationServices.framework/Versions/A/Frameworks/ATS.framework/Versions/A/Resources/libFontRegistry.dylib
0x0000000005875000 	/System/Library/PrivateFrameworks/AppleVPA.framework/Versions/A/AppleVPA
0x0000000005875000 	/System/Library/PrivateFrameworks/AppleJPEG.framework/Versions/A/AppleJPEG
0x0000000005875000 	/System/Library/Frameworks/ImageIO.framework/Versions/A/Resources/libJPEG.dylib
0x0000000005875000 	/System/Library/Frameworks/ImageIO.framework/Versions/A/Resources/libTIFF.dylib
0x0000000005875000 	/System/Library/Frameworks/ImageIO.framework/Versions/A/Resources/libPng.dylib
0x0000000005875000 	/System/Library/Frameworks/ImageIO.framework/Versions/A/Resources/libGIF.dylib
0x0000000005875000 	/System/Library/Frameworks/ImageIO.framework/Versions/A/Resources/libJP2.dylib
0x0000000005875000 	/System/Library/Frameworks/ImageIO.framework/Versions/A/Resources/libRadiance.dylib
0x0000000005875000 	/System/Library/Frameworks/CoreVideo.framework/Versions/A/CoreVideo
0x0000000005875000 	/System/Library/Frameworks/OpenGL.framework/Versions/A/Libraries/libGLU.dylib
0x0000000005875000 	/System/Library/Frameworks/OpenGL.framework/Versions/A/Libraries/libGFXShared.dylib
0x0000000005875000 	/System/Library/Frameworks/OpenGL.framework/Versions/A/Libraries/libGL.dylib
0x0000000005875000 	/System/Library/Frameworks/OpenGL.framework/Versions/A/Libraries/libGLImage.dylib
0x0000000005875000 	/System/Library/Frameworks/OpenGL.framework/Versions/A/Libraries/libCVMSPluginSupport.dylib
0x0000000005875000 	/System/Library/Frameworks/OpenGL.framework/Versions/A/Libraries/libCoreVMClient.dylib
0x0000000005875000 	/usr/lib/libcups.2.dylib
0x0000000005875000 	/System/Library/Frameworks/Kerberos.framework/Versions/A/Kerberos
0x0000000005875000 	/System/Library/Frameworks/GSS.framework/Versions/A/GSS
0x0000000005875000 	/usr/lib/libresolv.9.dylib
0x0000000005875000 	/usr/lib/libiconv.2.dylib
0x0000000005875000 	/System/Library/PrivateFrameworks/Heimdal.framework/Versions/A/Heimdal
0x0000000005875000 	/usr/lib/libheimdal-asn1.dylib
0x0000000005875000 	/System/Library/Frameworks/OpenDirectory.framework/Versions/A/OpenDirectory
0x0000000005875000 	/System/Library/PrivateFrameworks/CommonAuth.framework/Versions/A/CommonAuth
0x0000000005875000 	/System/Library/Frameworks/OpenDirectory.framework/Versions/A/Frameworks/CFOpenDirectory.framework/Versions/A/CFOpenDirectory
0x0000000005875000 	/System/Library/Frameworks/SecurityFoundation.framework/Versions/A/SecurityFoundation
0x0000000005875000 	/System/Library/PrivateFrameworks/LanguageModeling.framework/Versions/A/LanguageModeling
0x0000000005875000 	/usr/lib/libcmph.dylib
0x0000000005875000 	/System/Library/Frameworks/ServiceManagement.framework/Versions/A/ServiceManagement
0x0000000005875000 	/usr/lib/libxslt.1.dylib
0x0000000005875000 	/System/Library/Frameworks/Carbon.framework/Versions/A/Frameworks/Ink.framework/Versions/A/Ink
0x0000000005875000 	/System/Library/Frameworks/QuartzCore.framework/Versions/A/Frameworks/CoreImage.framework/Versions/A/CoreImage
0x0000000005875000 	/System/Library/PrivateFrameworks/CrashReporterSupport.framework/Versions/A/CrashReporterSupport
0x0000000005875000 	/System/Library/Frameworks/OpenCL.framework/Versions/A/OpenCL
0x0000000005875000 	/System/Library/PrivateFrameworks/FaceCore.framework/Versions/A/FaceCore
0x0000000005875000 	/System/Library/PrivateFrameworks/Ubiquity.framework/Versions/A/Ubiquity
0x0000000005875000 	/System/Library/PrivateFrameworks/IconServices.framework/Versions/A/IconServices
0x0000000005875000 	/System/Library/PrivateFrameworks/ChunkingLibrary.framework/Versions/A/ChunkingLibrary
0x0000000005875000 	/System/Library/PrivateFrameworks/Apple80211.framework/Versions/A/Apple80211
0x0000000005875000 	/System/Library/Frameworks/CoreWLAN.framework/Versions/A/CoreWLAN
0x0000000005875000 	/System/Library/Frameworks/IOBluetooth.framework/Versions/A/IOBluetooth
0x0000000005875000 	/System/Library/PrivateFrameworks/CoreWiFi.framework/Versions/A/CoreWiFi
0x0000000005875000 	/System/Library/Frameworks/CoreBluetooth.framework/Versions/A/CoreBluetooth
0x0000000005875000 	/System/Library/PrivateFrameworks/DebugSymbols.framework/Versions/A/DebugSymbols
0x0000000005875000 	/System/Library/PrivateFrameworks/CoreSymbolication.framework/Versions/A/CoreSymbolication
0x0000000005875000 	/System/Library/PrivateFrameworks/Symbolication.framework/Versions/A/Symbolication
0x0000000005875000 	/System/Library/PrivateFrameworks/SpeechRecognitionCore.framework/Versions/A/SpeechRecognitionCore
0x000000010a400000 	/Library/Java/JavaVirtualMachines/jdk1.8.0_73.jdk/Contents/Home/jre/lib/server/libjvm.dylib
0x0000000005875000 	/usr/lib/libstdc++.6.dylib
0x0000000109bd4000 	/Library/Java/JavaVirtualMachines/jdk1.8.0_73.jdk/Contents/Home/jre/lib/libverify.dylib
0x000000010b38d000 	/Library/Java/JavaVirtualMachines/jdk1.8.0_73.jdk/Contents/Home/jre/lib/libjava.dylib
0x0000000109bec000 	/Library/Java/JavaVirtualMachines/jdk1.8.0_73.jdk/Contents/Home/jre/lib/libzip.dylib
0x000000011eed0000 	/System/Library/Frameworks/JavaVM.framework/Frameworks/JavaRuntimeSupport.framework/JavaRuntimeSupport
0x000000011eee8000 	/System/Library/Frameworks/JavaVM.framework/Versions/A/Frameworks/JavaNativeFoundation.framework/Versions/A/JavaNativeFoundation
0x000000011eefd000 	/System/Library/Frameworks/JavaVM.framework/Versions/A/JavaVM
0x0000000005875000 	/System/Library/Frameworks/Carbon.framework/Versions/A/Carbon
0x000000011ef0a000 	/System/Library/PrivateFrameworks/JavaLaunching.framework/Versions/A/JavaLaunching
0x0000000005875000 	/System/Library/Frameworks/Carbon.framework/Versions/A/Frameworks/CommonPanels.framework/Versions/A/CommonPanels
0x0000000005875000 	/System/Library/Frameworks/Carbon.framework/Versions/A/Frameworks/Help.framework/Versions/A/Help
0x0000000005875000 	/System/Library/Frameworks/Carbon.framework/Versions/A/Frameworks/ImageCapture.framework/Versions/A/ImageCapture
0x0000000005875000 	/System/Library/Frameworks/Carbon.framework/Versions/A/Frameworks/OpenScripting.framework/Versions/A/OpenScripting
0x0000000005875000 	/System/Library/Frameworks/Carbon.framework/Versions/A/Frameworks/Print.framework/Versions/A/Print
0x0000000005875000 	/System/Library/Frameworks/Carbon.framework/Versions/A/Frameworks/SecurityHI.framework/Versions/A/SecurityHI
0x0000000120e00000 	/Library/Java/JavaVirtualMachines/jdk1.8.0_73.jdk/Contents/Home/jre/lib/libawt.dylib
0x0000000120ea8000 	/Library/Java/JavaVirtualMachines/jdk1.8.0_73.jdk/Contents/Home/jre/lib/./libmlib_image.dylib
0x0000000120f74000 	/Library/Java/JavaVirtualMachines/jdk1.8.0_73.jdk/Contents/Home/jre/lib/libawt_lwawt.dylib
0x0000000121029000 	/Library/Java/JavaVirtualMachines/jdk1.8.0_73.jdk/Contents/Home/jre/lib/./libosxapp.dylib
0x0000000005875000 	/System/Library/Frameworks/ExceptionHandling.framework/Versions/A/ExceptionHandling
0x0000000005875000 	/System/Library/PrivateFrameworks/CoreServicesInternal.framework/Versions/A/CoreServicesInternal
0x0000000005875000 	/System/Library/PrivateFrameworks/CloudDocs.framework/Versions/A/CloudDocs
0x0000000005875000 	/System/Library/PrivateFrameworks/CoreDuet.framework/Versions/A/CoreDuet
0x0000000005875000 	/System/Library/Frameworks/CloudKit.framework/Versions/A/CloudKit
0x0000000005875000 	/System/Library/PrivateFrameworks/ProtocolBuffer.framework/Versions/A/ProtocolBuffer
0x0000000005875000 	/System/Library/PrivateFrameworks/CoreDuetDaemonProtocol.framework/Versions/A/CoreDuetDaemonProtocol
0x0000000005875000 	/System/Library/PrivateFrameworks/CoreDuetDebugLogging.framework/Versions/A/CoreDuetDebugLogging
0x0000000005875000 	/System/Library/PrivateFrameworks/MMCS.framework/Versions/A/MMCS
0x0000000005875000 	/System/Library/Frameworks/CoreLocation.framework/Versions/A/CoreLocation
0x0000000005875000 	/System/Library/PrivateFrameworks/ProtectedCloudStorage.framework/Versions/A/ProtectedCloudStorage
0x0000000005875000 	/System/Library/PrivateFrameworks/GeoServices.framework/Versions/A/GeoServices
0x0000000005875000 	/System/Library/Frameworks/CoreGraphics.framework/Versions/A/Resources/libCGCMS.A.dylib
0x0000000005875000 	/System/Library/Frameworks/CoreGraphics.framework/Versions/A/Resources/libRIP.A.dylib
0x0000000005875000 	/System/Library/Frameworks/CoreGraphics.framework/Versions/A/Resources/libCGXType.A.dylib
0x0000000005875000 	/System/Library/Frameworks/OpenCL.framework/Versions/A/Libraries/libcldcpuengine.dylib
0x0000000005875000 	/System/Library/PrivateFrameworks/DiskImages.framework/Versions/A/DiskImages
0x0000000005875000 	/System/Library/Frameworks/DiscRecording.framework/Versions/A/DiscRecording
0x0000000005875000 	/usr/lib/libcsfde.dylib
0x0000000005875000 	/usr/lib/libcurl.4.dylib
0x0000000005875000 	/System/Library/PrivateFrameworks/MediaKit.framework/Versions/A/MediaKit
0x0000000005875000 	/usr/lib/libCoreStorage.dylib
0x0000000005875000 	/System/Library/PrivateFrameworks/EFILogin.framework/Versions/A/EFILogin
0x0000000005875000 	/usr/lib/libutil.dylib
0x0000000005875000 	/System/Library/PrivateFrameworks/FindMyDevice.framework/Versions/A/FindMyDevice
0x0000000005875000 	/System/Library/Frameworks/LDAP.framework/Versions/A/LDAP
0x0000000005875000 	/usr/lib/libsasl2.2.dylib
0x0000000005875000 	/System/Library/PrivateFrameworks/CoreDaemon.framework/Versions/B/CoreDaemon
0x0000000005875000 	/usr/lib/libcrypto.0.9.8.dylib
0x0000000005875000 	/System/Library/PrivateFrameworks/AppleSRP.framework/Versions/A/AppleSRP
0x0000000005875000 	/System/Library/PrivateFrameworks/TrustEvaluationAgent.framework/Versions/A/TrustEvaluationAgent
0x00000001243a8000 	cl_kernels
0x00000001243aa000 	/System/Library/Frameworks/OpenCL.framework/Versions/A/Libraries/ImageFormats/unorm8_bgra.dylib
0x0000000124399000 	cl_kernels
0x0000000005875000 	/System/Library/PrivateFrameworks/FamilyControls.framework/Versions/A/FamilyControls
0x0000000005875000 	/System/Library/PrivateFrameworks/CommerceKit.framework/Versions/A/Frameworks/CommerceCore.framework/Versions/A/CommerceCore
0x0000000005875000 	/System/Library/PrivateFrameworks/SystemAdministration.framework/Versions/A/SystemAdministration
0x0000000005875000 	/System/Library/PrivateFrameworks/AppContainer.framework/Versions/A/AppContainer
0x0000000005875000 	/System/Library/PrivateFrameworks/SecCodeWrapper.framework/Versions/A/SecCodeWrapper
0x0000000005875000 	/System/Library/Frameworks/DirectoryService.framework/Versions/A/DirectoryService
0x0000000005875000 	/System/Library/PrivateFrameworks/LoginUIKit.framework/Versions/A/Frameworks/LoginUICore.framework/Versions/A/LoginUICore
0x0000000005875000 	/usr/lib/libodfde.dylib
0x0000000005875000 	/System/Library/Frameworks/OpenGL.framework/Versions/A/Resources/GLEngine.bundle/GLEngine
0x0000000005875000 	/System/Library/Frameworks/OpenGL.framework/Versions/A/Libraries/libGLProgrammability.dylib
0x0000000125693000 	/System/Library/Extensions/AppleIntelHD4000GraphicsGLDriver.bundle/Contents/MacOS/AppleIntelHD4000GraphicsGLDriver
0x0000000005875000 	/System/Library/PrivateFrameworks/IOAccelerator.framework/Versions/A/IOAccelerator
0x0000000005875000 	/System/Library/PrivateFrameworks/GPUSupport.framework/Versions/A/Libraries/libGPUSupportMercury.dylib
0x0000000005875000 	/System/Library/Frameworks/OpenGL.framework/Versions/A/Resources/GLRendererFloat.bundle/GLRendererFloat
0x0000000126688000 	/Library/Java/JavaVirtualMachines/jdk1.8.0_73.jdk/Contents/Home/jre/lib/libfontmanager.dylib
0x000000012790c000 	/Library/Java/JavaVirtualMachines/jdk1.8.0_73.jdk/Contents/Home/jre/lib/libosxui.dylib
0x00000001279c7000 	/Library/Java/JavaVirtualMachines/jdk1.8.0_73.jdk/Contents/Home/jre/lib/libnet.dylib
0x00000001279de000 	/Library/Java/JavaVirtualMachines/jdk1.8.0_73.jdk/Contents/Home/jre/lib/libnio.dylib
0x0000000005875000 	/System/Library/Frameworks/ApplicationServices.framework/Versions/A/Frameworks/ATS.framework/Versions/A/Resources/libTrueTypeScaler.dylib
0x0000000194020000 	/private/var/folders/gx/lpn_2smn21b5jx4mf4ptd0z40000gn/T/jogamp_0000/file_cache/jln2133842662140819212/jln2191901056998003640/libgluegen-rt.jnilib
0x0000000194024000 	/private/var/folders/gx/lpn_2smn21b5jx4mf4ptd0z40000gn/T/jogamp_0000/file_cache/jln2133842662140819212/jln2191901056998003640/libnativewindow_awt.jnilib
0x0000000194027000 	/Library/Java/JavaVirtualMachines/jdk1.8.0_73.jdk/Contents/Home/jre/lib/libjawt.dylib
0x000000019402a000 	/private/var/folders/gx/lpn_2smn21b5jx4mf4ptd0z40000gn/T/jogamp_0000/file_cache/jln2133842662140819212/jln2191901056998003640/libnativewindow_macosx.jnilib
0x0000000195eaf000 	/private/var/folders/gx/lpn_2smn21b5jx4mf4ptd0z40000gn/T/jogamp_0000/file_cache/jln2133842662140819212/jln2191901056998003640/libjogl_desktop.jnilib
0x00000001982ee000 	/Library/Java/JavaVirtualMachines/jdk1.8.0_73.jdk/Contents/Home/jre/lib/libt2k.dylib
0x0000000005875000 	/System/Library/Frameworks/Accelerate.framework/Versions/A/Frameworks/vImage.framework/Versions/A/Libraries/libCGInterfaces.dylib

VM Arguments:
jvm_args: -Djava.security.policy=java.policy.applet -Dfile.encoding=UTF-8 
java_command: sun.applet.AppletViewer module6.EarthquakeCityMap1458195791460.html
java_class_path (initial): /Volumes/Other/ComputerScience/Java/Coursera/Java Programming Object-Oriented Design of Data Structures Specialization/UCSDUnfoldingMaps/build:/Volumes/Other/ComputerScience/Java/Coursera/Java Programming Object-Oriented Design of Data Structures Specialization/UCSDUnfoldingMaps/lib/core.jar:/Volumes/Other/ComputerScience/Java/Coursera/Java Programming Object-Oriented Design of Data Structures Specialization/UCSDUnfoldingMaps/lib/gluegen-rt.jar:/Volumes/Other/ComputerScience/Java/Coursera/Java Programming Object-Oriented Design of Data Structures Specialization/UCSDUnfoldingMaps/lib/jogl-all.jar:/Volumes/Other/ComputerScience/Java/Coursera/Java Programming Object-Oriented Design of Data Structures Specialization/UCSDUnfoldingMaps/lib/log4j-1.2.15.jar:/Volumes/Other/ComputerScience/Java/Coursera/Java Programming Object-Oriented Design of Data Structures Specialization/UCSDUnfoldingMaps/lib/sqlite-jdbc-3.7.2.jar:/Volumes/Other/ComputerScience/Java/Coursera/Java Programming Object-Oriented Design of Data Structures Specialization/UCSDUnfoldingMaps/lib/json4processing.jar:/Volumes/Other/ComputerScience/Java/Coursera/Java Programming Object-Oriented Design of Data Structures Specialization/UCSDUnfoldingMaps/lib/libTUIO.jar:/Volumes/Other/ComputerScience/Java/Coursera/Java Programming Object-Oriented Design of Data Structures Specialization/UCSDUnfoldingMaps/lib/unfolding.0.9.7-uscd.jar:/Volumes/Other/ComputerScience/Java/Coursera/Java Programming Object-Oriented Design of Data Structures Specialization/UCSDUnfoldingMaps/lib/controlP5/library/controlP5.jar:/Users/zhihuixie/Downloads/geonames-source-1.1.13.jar:/Users/zhihuixie/Downloads/jdom/build/jdom-1.1.3.jar
Launcher Type: SUN_STANDARD

Environment Variables:
PATH=/usr/bin:/bin:/usr/sbin:/sbin
SHELL=/bin/bash

Signal Handlers:
SIGSEGV: [libjvm.dylib+0x5a71a5], sa_mask[0]=11111111011111110111111111111111, sa_flags=SA_ONSTACK|SA_RESTART|SA_SIGINFO
SIGBUS: [libjvm.dylib+0x5a71a5], sa_mask[0]=11111111011111110111111111111111, sa_flags=SA_RESTART|SA_SIGINFO
SIGFPE: [libjvm.dylib+0x480eb4], sa_mask[0]=11111111011111110111111111111111, sa_flags=SA_RESTART|SA_SIGINFO
SIGPIPE: [libjvm.dylib+0x480eb4], sa_mask[0]=11111111011111110111111111111111, sa_flags=SA_RESTART|SA_SIGINFO
SIGXFSZ: [libjvm.dylib+0x480eb4], sa_mask[0]=11111111011111110111111111111111, sa_flags=SA_RESTART|SA_SIGINFO
SIGILL: [libjvm.dylib+0x480eb4], sa_mask[0]=11111111011111110111111111111111, sa_flags=SA_RESTART|SA_SIGINFO
SIGUSR1: SIG_DFL, sa_mask[0]=00000000000000000000000000000000, sa_flags=none
SIGUSR2: [libjvm.dylib+0x4809d2], sa_mask[0]=00100000000000000000000000000000, sa_flags=SA_RESTART|SA_SIGINFO
SIGHUP: [libjvm.dylib+0x47efa9], sa_mask[0]=11111111011111110111111111111111, sa_flags=SA_RESTART|SA_SIGINFO
SIGINT: [libjvm.dylib+0x47efa9], sa_mask[0]=11111111011111110111111111111111, sa_flags=SA_RESTART|SA_SIGINFO
SIGTERM: [libjvm.dylib+0x47efa9], sa_mask[0]=11111111011111110111111111111111, sa_flags=SA_RESTART|SA_SIGINFO
SIGQUIT: [libjvm.dylib+0x47efa9], sa_mask[0]=11111111011111110111111111111111, sa_flags=SA_RESTART|SA_SIGINFO


---------------  S Y S T E M  ---------------

OS:Bsduname:Darwin 14.5.0 Darwin Kernel Version 14.5.0: Wed Jul 29 02:26:53 PDT 2015; root:xnu-2782.40.9~1/RELEASE_X86_64 x86_64
rlimit: STACK 8192k, CORE 0k, NPROC 709, NOFILE 10240, AS infinity
load average:2.93 2.14 1.80

CPU:total 4 (2 cores per cpu, 2 threads per core) family 6 model 58 stepping 9, cmov, cx8, fxsr, mmx, sse, sse2, sse3, ssse3, sse4.1, sse4.2, popcnt, avx, aes, clmul, erms, ht, tsc, tscinvbit, tscinv

Memory: 4k page, physical 4194304k(177564k free)

/proc/meminfo:


vm_info: Java HotSpot(TM) 64-Bit Server VM (25.73-b02) for bsd-amd64 JRE (1.8.0_73-b02), built on Jan 29 2016 15:02:00 by "java_re" with gcc 4.2.1 (Based on Apple Inc. build 5658) (LLVM build 2336.11.00)

time: Thu Mar 17 00:16:28 2016
elapsed time: 3196 seconds (0d 0h 53m 16s)

