#
# A fatal error has been detected by the Java Runtime Environment:
#
#  SIGSEGV (0xb) at pc=0x00007fff858ad0dd, pid=5248, tid=1811
#
# JRE version: Java(TM) SE Runtime Environment (8.0_73-b02) (build 1.8.0_73-b02)
# Java VM: Java HotSpot(TM) 64-Bit Server VM (25.73-b02 mixed mode bsd-amd64 compressed oops)
# Problematic frame:
# C  [libobjc.A.dylib+0x10dd]  objc_msgSend+0x1d
#
# Failed to write core dump. Core dumps have been disabled. To enable core dumping, try "ulimit -c unlimited" before starting Java again
#
# If you would like to submit a bug report, please visit:
#   http://bugreport.java.com/bugreport/crash.jsp
# The crash happened outside the Java Virtual Machine in native code.
# See problematic frame for where to report the bug.
#

---------------  T H R E A D  ---------------

Current thread (0x00007fbe6585f800):  JavaThread "AWT-AppKit" daemon [_thread_in_native, id=1811, stack(0x00007fff561e1000,0x00007fff569e1000)]

siginfo: si_signo: 11 (SIGSEGV), si_code: 1 (SEGV_MAPERR), si_addr: 0x0000000000000018

Registers:
RAX=0x00007fbe68904270, RBX=0x000000019381e450, RCX=0x0000000126f5ec60, RDX=0x0000000126f5eae0
RSP=0x00007fff569dc0f8, RBP=0x00007fff569dc1b0, RSI=0x00007fff8692740f, RDI=0x00007fbe685fa910
R8 =0x0000000000000000, R9 =0x0000000000000f50, R10=0x00007fff8692740f, R11=0x0000000000000000
R12=0x0000000000000000, R13=0x00000001957d6180, R14=0x000000019381e440, R15=0x00007fbe6585f800
RIP=0x00007fff858ad0dd, EFLAGS=0x0000000000010246, ERR=0x0000000000000004
  TRAPNO=0x000000000000000e

Top of Stack: (sp=0x00007fff569dc0f8)
0x00007fff569dc0f8:   000000019381c157 00007fff569dc150
0x00007fff569dc108:   0000000000000003 00007fff569dc130
0x00007fff569dc118:   000000010950f646 00000001957d6180
0x00007fff569dc128:   00000001957d6180 00007fbe68904270
0x00007fff569dc138:   000000019381e6a0 000000019381e710
0x00007fff569dc148:   00007fff72e88550 00007fff72d2cc80
0x00007fff569dc158:   000000019381e450 000000019381e690
0x00007fff569dc168:   00007fbe68904270 00007fbe685fa910
0x00007fff569dc178:   00007fbe687ca6d0 00007fbe68904270
0x00007fff569dc188:   00007fbe685fa910 00007fff569dc238
0x00007fff569dc198:   00007fbe6585f9f8 00000001957d6180
0x00007fff569dc1a8:   00007fff569dc260 00007fff569dc228
0x00007fff569dc1b8:   000000010ac4a954 00000001957d6180
0x00007fff569dc1c8:   00007fff569dc260 00007fff569dc228
0x00007fff569dc1d8:   000000010ac4a6e7 000000010ac4a6a2
0x00007fff569dc1e8:   00007fff569dc1e8 00000001957d6180
0x00007fff569dc1f8:   00007fff569dc260 00000001957d8db8
0x00007fff569dc208:   0000000000000000 00000001957d6180
0x00007fff569dc218:   0000000000000000 00007fff569dc248
0x00007fff569dc228:   00007fff569dc2a8 000000010ac3cc4d
0x00007fff569dc238:   0000000780cd7a00 000000010ac44578
0x00007fff569dc248:   00007fbe68904270 00007fff569dc2a8
0x00007fff569dc258:   00007fbe685fa910 000000010ac45d82
0x00007fff569dc268:   00007fff569dc268 00000001957d634a
0x00007fff569dc278:   00007fff569dc2d0 00000001957d8db8
0x00007fff569dc288:   0000000000000000 00000001957d6358
0x00007fff569dc298:   00007fff569dc248 00007fff569dc2b8
0x00007fff569dc2a8:   00007fff569dc318 000000010ac3cc4d
0x00007fff569dc2b8:   00007fbe68904270 0000000780d3a460
0x00007fff569dc2c8:   00007fbe685fa910 0000000780d3a460
0x00007fff569dc2d8:   00007fff569dc2d8 0000000198b4cf76
0x00007fff569dc2e8:   00007fff569dc328 000000019eed4188 

Instructions: (pc=0x00007fff858ad0dd)
0x00007fff858ad0bd:   00 00 00 48 85 ff 2e 74 7a 40 f6 c7 01 2e 75 7e
0x00007fff858ad0cd:   49 bb f8 ff ff ff ff 7f 00 00 4c 23 1f 49 89 f2
0x00007fff858ad0dd:   45 23 53 18 49 c1 e2 04 4d 03 53 10 49 3b 32 75
0x00007fff858ad0ed:   04 41 ff 62 08 49 83 3a 00 74 6a 4d 3b 53 10 74 

Register to memory mapping:

RAX=0x00007fbe68904270 is an unknown value
RBX=0x000000019381e450: Java_jogamp_nativewindow_macosx_OSXUtil_GetScreenRefreshRate0+0x1cf0 in /private/var/folders/gx/lpn_2smn21b5jx4mf4ptd0z40000gn/T/jogamp_0000/file_cache/jln366149592325309580/jln4791955155978174649/libnativewindow_macosx.jnilib at 0x0000000193817000
RCX=0x0000000126f5ec60 is an unknown value
RDX=0x0000000126f5eae0 is an unknown value
RSP=0x00007fff569dc0f8 is pointing into the stack for thread: 0x00007fbe6585f800
RBP=0x00007fff569dc1b0 is pointing into the stack for thread: 0x00007fbe6585f800
RSI=0x00007fff8692740f is an unknown value
RDI=0x00007fbe685fa910 is an unknown value
R8 =0x0000000000000000 is an unknown value
R9 =0x0000000000000f50 is an unknown value
R10=0x00007fff8692740f is an unknown value
R11=0x0000000000000000 is an unknown value
R12=0x0000000000000000 is an unknown value
R13={method} {0x00000001957d6180} 'UnsetJAWTRootSurfaceLayer0' '(JJ)V' in 'jogamp/nativewindow/jawt/macosx/MacOSXJAWTWindow'
R14=0x000000019381e440: Java_jogamp_nativewindow_macosx_OSXUtil_GetScreenRefreshRate0+0x1ce0 in /private/var/folders/gx/lpn_2smn21b5jx4mf4ptd0z40000gn/T/jogamp_0000/file_cache/jln366149592325309580/jln4791955155978174649/libnativewindow_macosx.jnilib at 0x0000000193817000
R15=0x00007fbe6585f800 is a thread


Stack: [0x00007fff561e1000,0x00007fff569e1000],  sp=0x00007fff569dc0f8,  free space=8172k
Native frames: (J=compiled Java code, j=interpreted, Vv=VM code, C=native code)
C  [libobjc.A.dylib+0x10dd]  objc_msgSend+0x1d
j  jogamp.nativewindow.jawt.macosx.MacOSXJAWTWindow.UnsetJAWTRootSurfaceLayer0(JJ)V+0
j  jogamp.nativewindow.jawt.macosx.MacOSXJAWTWindow.access$200(JJ)V+2
j  jogamp.nativewindow.jawt.macosx.MacOSXJAWTWindow$1.run()V+38
J 3414 C1 com.jogamp.common.util.RunnableTask.run()V (345 bytes) @ 0x000000010b41e1f4 [0x000000010b41e060+0x194]
v  ~StubRoutines::call_stub
V  [libjvm.dylib+0x2eae7a]  JavaCalls::call_helper(JavaValue*, methodHandle*, JavaCallArguments*, Thread*)+0x6ae
V  [libjvm.dylib+0x321f83]  jni_invoke_nonstatic(JNIEnv_*, JavaValue*, _jobject*, JNICallType, _jmethodID*, JNI_ArgumentPusher*, Thread*)+0x2ec
V  [libjvm.dylib+0x314757]  jni_CallVoidMethod+0x16b
C  [libnativewindow_macosx.jnilib+0x5326]  Java_jogamp_nativewindow_jawt_macosx_MacOSXJAWTWindow_UnsetJAWTRootSurfaceLayer0+0x2b6
C  [Foundation+0x92dd0]  __NSThreadPerformPerform+0x125
C  [CoreFoundation+0x80a01]  __CFRUNLOOP_IS_CALLING_OUT_TO_A_SOURCE0_PERFORM_FUNCTION__+0x11
C  [CoreFoundation+0x72c5c]  __CFRunLoopDoSources0+0x1dc
C  [CoreFoundation+0x721bf]  __CFRunLoopRun+0x39f
C  [CoreFoundation+0x71bd8]  CFRunLoopRunSpecific+0x128
C  [HIToolbox+0x3256f]  RunCurrentEventLoopInMode+0xeb
C  [HIToolbox+0x321ee]  ReceiveNextEventCommon+0xb3
C  [HIToolbox+0x3212b]  _BlockUntilNextEventMatchingListInModeWithFilter+0x47
C  [AppKit+0x918ab]  _DPSNextEvent+0x3d2
C  [AppKit+0x90e58]  -[NSApplication nextEventMatchingMask:untilDate:inMode:dequeue:]+0x15a
C  [libosxapp.dylib+0x23aa]  -[NSApplicationAWT nextEventMatchingMask:untilDate:inMode:dequeue:]+0x7c
C  [AppKit+0x86af3]  -[NSApplication run]+0x252
C  [libosxapp.dylib+0x214d]  +[NSApplicationAWT runAWTLoopWithApp:]+0x9c
C  [libawt_lwawt.dylib+0x4455b]  -[AWTStarter starter:]+0x389
C  [Foundation+0x92dd0]  __NSThreadPerformPerform+0x125
C  [CoreFoundation+0x80a01]  __CFRUNLOOP_IS_CALLING_OUT_TO_A_SOURCE0_PERFORM_FUNCTION__+0x11
C  [CoreFoundation+0x72b8d]  __CFRunLoopDoSources0+0x10d
C  [CoreFoundation+0x721bf]  __CFRunLoopRun+0x39f
C  [CoreFoundation+0x71bd8]  CFRunLoopRunSpecific+0x128
C  [java+0x6463]  CreateExecutionEnvironment+0x367
C  [java+0x21ac]  JLI_Launch+0x7a0
C  [java+0x84c0]  main+0x65
C  [java+0x1a04]  start+0x34
C  0x0000000000000007

Java frames: (J=compiled Java code, j=interpreted, Vv=VM code)
j  jogamp.nativewindow.jawt.macosx.MacOSXJAWTWindow.UnsetJAWTRootSurfaceLayer0(JJ)V+0
j  jogamp.nativewindow.jawt.macosx.MacOSXJAWTWindow.access$200(JJ)V+2
j  jogamp.nativewindow.jawt.macosx.MacOSXJAWTWindow$1.run()V+38
J 3414 C1 com.jogamp.common.util.RunnableTask.run()V (345 bytes) @ 0x000000010b41e1f4 [0x000000010b41e060+0x194]
v  ~StubRoutines::call_stub

---------------  P R O C E S S  ---------------

Java Threads: ( => current thread )
  0x00007fbe65467800 JavaThread "Thread-56" [_thread_blocked, id=59151, stack(0x000000019c8f1000,0x000000019c9f1000)]
  0x00007fbe693bc800 JavaThread "TimerQueue" daemon [_thread_blocked, id=24887, stack(0x000000019ddac000,0x000000019deac000)]
  0x00007fbe64aa2000 JavaThread "Animation Thread" [_thread_blocked, id=56335, stack(0x000000019396f000,0x0000000193a6f000)]
  0x00007fbe64554000 JavaThread "AWT-EventQueue-1" [_thread_in_native, id=56859, stack(0x0000000193e1b000,0x0000000193f1b000)]
  0x00007fbe6400e000 JavaThread "DestroyJavaVM" [_thread_blocked, id=4867, stack(0x000000010a2c3000,0x000000010a3c3000)]
  0x00007fbe65899000 JavaThread "AWT-EventQueue-0" [_thread_blocked, id=53763, stack(0x0000000126feb000,0x00000001270eb000)]
  0x00007fbe640f3800 JavaThread "Java2D Disposer" daemon [_thread_blocked, id=50711, stack(0x0000000125d67000,0x0000000125e67000)]
  0x00007fbe65867800 JavaThread "Java2D Queue Flusher" daemon [_thread_blocked, id=49159, stack(0x0000000124d72000,0x0000000124e72000)]
  0x00007fbe64081800 JavaThread "AWT-Shutdown" [_thread_blocked, id=27923, stack(0x0000000122422000,0x0000000122522000)]
=>0x00007fbe6585f800 JavaThread "AWT-AppKit" daemon [_thread_in_native, id=1811, stack(0x00007fff561e1000,0x00007fff569e1000)]
  0x00007fbe64076000 JavaThread "Service Thread" daemon [_thread_blocked, id=18179, stack(0x0000000120460000,0x0000000120560000)]
  0x00007fbe6406d000 JavaThread "C1 CompilerThread2" daemon [_thread_blocked, id=17667, stack(0x000000012035d000,0x000000012045d000)]
  0x00007fbe6406a800 JavaThread "C2 CompilerThread1" daemon [_thread_blocked, id=17155, stack(0x000000012025a000,0x000000012035a000)]
  0x00007fbe6481d800 JavaThread "C2 CompilerThread0" daemon [_thread_blocked, id=16643, stack(0x0000000120157000,0x0000000120257000)]
  0x00007fbe65010800 JavaThread "Signal Dispatcher" daemon [_thread_blocked, id=16403, stack(0x0000000120054000,0x0000000120154000)]
  0x00007fbe65008000 JavaThread "Finalizer" daemon [_thread_blocked, id=11523, stack(0x000000011e62d000,0x000000011e72d000)]
  0x00007fbe6400b000 JavaThread "Reference Handler" daemon [_thread_blocked, id=11011, stack(0x000000011e52a000,0x000000011e62a000)]

Other Threads:
  0x00007fbe64813800 VMThread [stack: 0x000000011e427000,0x000000011e527000] [id=10499]
  0x00007fbe64879000 WatcherThread [stack: 0x0000000120563000,0x0000000120663000] [id=18691]

VM state:not at safepoint (normal execution)

VM Mutex/Monitor currently owned by a thread: None

Heap:
 PSYoungGen      total 53760K, used 46090K [0x00000007aab00000, 0x00000007af180000, 0x00000007c0000000)
  eden space 43520K, 82% used [0x00000007aab00000,0x00000007ace127a0,0x00000007ad580000)
  from space 10240K, 99% used [0x00000007ad680000,0x00000007ae070060,0x00000007ae080000)
  to   space 14336K, 0% used [0x00000007ae380000,0x00000007ae380000,0x00000007af180000)
 ParOldGen       total 43008K, used 33744K [0x0000000780000000, 0x0000000782a00000, 0x00000007aab00000)
  object space 43008K, 78% used [0x0000000780000000,0x00000007820f4270,0x0000000782a00000)
 Metaspace       used 24845K, capacity 25165K, committed 25344K, reserved 1073152K
  class space    used 2463K, capacity 2559K, committed 2560K, reserved 1048576K

Card table byte_map: [0x0000000119ff5000,0x000000011a1f6000] byte_map_base: 0x00000001163f5000

Marking Bits: (ParMarkBitMap*) 0x0000000109c01ea0
 Begin Bits: [0x000000011a758000, 0x000000011b758000)
 End Bits:   [0x000000011b758000, 0x000000011c758000)

Polling page: 0x000000010a3d3000

CodeCache: size=245760Kb used=12592Kb max_used=12762Kb free=233167Kb
 bounds [0x000000010ac35000, 0x000000010b8d5000, 0x0000000119c35000]
 total_blobs=4665 nmethods=3723 adapters=854
 compilation: enabled

Compilation events (10 events):
Event: 117.026 Thread 0x00007fbe6481d800 4357       4       jogamp.opengl.GLFBODrawableImpl::getDefaultReadFramebuffer (24 bytes)
Event: 117.027 Thread 0x00007fbe6481d800 nmethod 4357 0x000000010b0e9150 code [0x000000010b0e92c0, 0x000000010b0e9428]
Event: 120.165 Thread 0x00007fbe6406a800 4358       4       processing.core.PGraphicsJava2D::getRaster (96 bytes)
Event: 120.167 Thread 0x00007fbe6406a800 nmethod 4358 0x000000010ad70590 code [0x000000010ad706e0, 0x000000010ad707f8]
Event: 121.017 Thread 0x00007fbe6481d800 4359       4       sun.lwawt.LWComponentPeer::localToWindow (62 bytes)
Event: 121.024 Thread 0x00007fbe6481d800 nmethod 4359 0x000000010b35db10 code [0x000000010b35dca0, 0x000000010b35e538]
Event: 122.628 Thread 0x00007fbe6406a800 4360       4       controlP5.ControlP5::getWindow (9 bytes)
Event: 122.628 Thread 0x00007fbe6406a800 nmethod 4360 0x000000010ae38750 code [0x000000010ae388a0, 0x000000010ae38938]
Event: 122.978 Thread 0x00007fbe6406d000 4361       3       controlP5.Tab::inside (84 bytes)
Event: 122.979 Thread 0x00007fbe6406d000 nmethod 4361 0x000000010b414450 code [0x000000010b414640, 0x000000010b415030]

GC Heap History (10 events):
Event: 101.129 GC heap before
{Heap before GC invocations=20 (full 1):
 PSYoungGen      total 63488K, used 60864K [0x00000007aab00000, 0x00000007af980000, 0x00000007c0000000)
  eden space 50688K, 100% used [0x00000007aab00000,0x00000007adc80000,0x00000007adc80000)
  from space 12800K, 79% used [0x00000007aed00000,0x00000007af6f0060,0x00000007af980000)
  to   space 14848K, 0% used [0x00000007adc80000,0x00000007adc80000,0x00000007aeb00000)
 ParOldGen       total 43008K, used 33744K [0x0000000780000000, 0x0000000782a00000, 0x00000007aab00000)
  object space 43008K, 78% used [0x0000000780000000,0x00000007820f4270,0x0000000782a00000)
 Metaspace       used 24826K, capacity 25165K, committed 25344K, reserved 1073152K
  class space    used 2459K, capacity 2559K, committed 2560K, reserved 1048576K
Event: 101.133 GC heap after
Heap after GC invocations=20 (full 1):
 PSYoungGen      total 59392K, used 10176K [0x00000007aab00000, 0x00000007af800000, 0x00000007c0000000)
  eden space 49152K, 0% used [0x00000007aab00000,0x00000007aab00000,0x00000007adb00000)
  from space 10240K, 99% used [0x00000007adc80000,0x00000007ae670060,0x00000007ae680000)
  to   space 14848K, 0% used [0x00000007ae980000,0x00000007ae980000,0x00000007af800000)
 ParOldGen       total 43008K, used 33744K [0x0000000780000000, 0x0000000782a00000, 0x00000007aab00000)
  object space 43008K, 78% used [0x0000000780000000,0x00000007820f4270,0x0000000782a00000)
 Metaspace       used 24826K, capacity 25165K, committed 25344K, reserved 1073152K
  class space    used 2459K, capacity 2559K, committed 2560K, reserved 1048576K
}
Event: 106.081 GC heap before
{Heap before GC invocations=21 (full 1):
 PSYoungGen      total 59392K, used 59328K [0x00000007aab00000, 0x00000007af800000, 0x00000007c0000000)
  eden space 49152K, 100% used [0x00000007aab00000,0x00000007adb00000,0x00000007adb00000)
  from space 10240K, 99% used [0x00000007adc80000,0x00000007ae670060,0x00000007ae680000)
  to   space 14848K, 0% used [0x00000007ae980000,0x00000007ae980000,0x00000007af800000)
 ParOldGen       total 43008K, used 33744K [0x0000000780000000, 0x0000000782a00000, 0x00000007aab00000)
  object space 43008K, 78% used [0x0000000780000000,0x00000007820f4270,0x0000000782a00000)
 Metaspace       used 24826K, capacity 25165K, committed 25344K, reserved 1073152K
  class space    used 2459K, capacity 2559K, committed 2560K, reserved 1048576K
Event: 106.084 GC heap after
Heap after GC invocations=21 (full 1):
 PSYoungGen      total 60928K, used 10208K [0x00000007aab00000, 0x00000007af680000, 0x00000007c0000000)
  eden space 47616K, 0% used [0x00000007aab00000,0x00000007aab00000,0x00000007ad980000)
  from space 13312K, 76% used [0x00000007ae980000,0x00000007af378060,0x00000007af680000)
  to   space 14848K, 0% used [0x00000007ad980000,0x00000007ad980000,0x00000007ae800000)
 ParOldGen       total 43008K, used 33744K [0x0000000780000000, 0x0000000782a00000, 0x00000007aab00000)
  object space 43008K, 78% used [0x0000000780000000,0x00000007820f4270,0x0000000782a00000)
 Metaspace       used 24826K, capacity 25165K, committed 25344K, reserved 1073152K
  class space    used 2459K, capacity 2559K, committed 2560K, reserved 1048576K
}
Event: 110.856 GC heap before
{Heap before GC invocations=22 (full 1):
 PSYoungGen      total 60928K, used 57824K [0x00000007aab00000, 0x00000007af680000, 0x00000007c0000000)
  eden space 47616K, 100% used [0x00000007aab00000,0x00000007ad980000,0x00000007ad980000)
  from space 13312K, 76% used [0x00000007ae980000,0x00000007af378060,0x00000007af680000)
  to   space 14848K, 0% used [0x00000007ad980000,0x00000007ad980000,0x00000007ae800000)
 ParOldGen       total 43008K, used 33744K [0x0000000780000000, 0x0000000782a00000, 0x00000007aab00000)
  object space 43008K, 78% used [0x0000000780000000,0x00000007820f4270,0x0000000782a00000)
 Metaspace       used 24826K, capacity 25165K, committed 25344K, reserved 1073152K
  class space    used 2459K, capacity 2559K, committed 2560K, reserved 1048576K
Event: 110.860 GC heap after
Heap after GC invocations=22 (full 1):
 PSYoungGen      total 56320K, used 10176K [0x00000007aab00000, 0x00000007af500000, 0x00000007c0000000)
  eden space 46080K, 0% used [0x00000007aab00000,0x00000007aab00000,0x00000007ad800000)
  from space 10240K, 99% used [0x00000007ad980000,0x00000007ae370060,0x00000007ae380000)
  to   space 14848K, 0% used [0x00000007ae680000,0x00000007ae680000,0x00000007af500000)
 ParOldGen       total 43008K, used 33744K [0x0000000780000000, 0x0000000782a00000, 0x00000007aab00000)
  object space 43008K, 78% used [0x0000000780000000,0x00000007820f4270,0x0000000782a00000)
 Metaspace       used 24826K, capacity 25165K, committed 25344K, reserved 1073152K
  class space    used 2459K, capacity 2559K, committed 2560K, reserved 1048576K
}
Event: 115.461 GC heap before
{Heap before GC invocations=23 (full 1):
 PSYoungGen      total 56320K, used 56256K [0x00000007aab00000, 0x00000007af500000, 0x00000007c0000000)
  eden space 46080K, 100% used [0x00000007aab00000,0x00000007ad800000,0x00000007ad800000)
  from space 10240K, 99% used [0x00000007ad980000,0x00000007ae370060,0x00000007ae380000)
  to   space 14848K, 0% used [0x00000007ae680000,0x00000007ae680000,0x00000007af500000)
 ParOldGen       total 43008K, used 33744K [0x0000000780000000, 0x0000000782a00000, 0x00000007aab00000)
  object space 43008K, 78% used [0x0000000780000000,0x00000007820f4270,0x0000000782a00000)
 Metaspace       used 24827K, capacity 25165K, committed 25344K, reserved 1073152K
  class space    used 2459K, capacity 2559K, committed 2560K, reserved 1048576K
Event: 115.465 GC heap after
Heap after GC invocations=23 (full 1):
 PSYoungGen      total 56832K, used 10144K [0x00000007aab00000, 0x00000007af280000, 0x00000007c0000000)
  eden space 44544K, 0% used [0x00000007aab00000,0x00000007aab00000,0x00000007ad680000)
  from space 12288K, 82% used [0x00000007ae680000,0x00000007af068060,0x00000007af280000)
  to   space 14336K, 0% used [0x00000007ad680000,0x00000007ad680000,0x00000007ae480000)
 ParOldGen       total 43008K, used 33744K [0x0000000780000000, 0x0000000782a00000, 0x00000007aab00000)
  object space 43008K, 78% used [0x0000000780000000,0x00000007820f4270,0x0000000782a00000)
 Metaspace       used 24827K, capacity 25165K, committed 25344K, reserved 1073152K
  class space    used 2459K, capacity 2559K, committed 2560K, reserved 1048576K
}
Event: 119.925 GC heap before
{Heap before GC invocations=24 (full 1):
 PSYoungGen      total 56832K, used 54688K [0x00000007aab00000, 0x00000007af280000, 0x00000007c0000000)
  eden space 44544K, 100% used [0x00000007aab00000,0x00000007ad680000,0x00000007ad680000)
  from space 12288K, 82% used [0x00000007ae680000,0x00000007af068060,0x00000007af280000)
  to   space 14336K, 0% used [0x00000007ad680000,0x00000007ad680000,0x00000007ae480000)
 ParOldGen       total 43008K, used 33744K [0x0000000780000000, 0x0000000782a00000, 0x00000007aab00000)
  object space 43008K, 78% used [0x0000000780000000,0x00000007820f4270,0x0000000782a00000)
 Metaspace       used 24827K, capacity 25165K, committed 25344K, reserved 1073152K
  class space    used 2459K, capacity 2559K, committed 2560K, reserved 1048576K
Event: 119.928 GC heap after
Heap after GC invocations=24 (full 1):
 PSYoungGen      total 53760K, used 10176K [0x00000007aab00000, 0x00000007af180000, 0x00000007c0000000)
  eden space 43520K, 0% used [0x00000007aab00000,0x00000007aab00000,0x00000007ad580000)
  from space 10240K, 99% used [0x00000007ad680000,0x00000007ae070060,0x00000007ae080000)
  to   space 14336K, 0% used [0x00000007ae380000,0x00000007ae380000,0x00000007af180000)
 ParOldGen       total 43008K, used 33744K [0x0000000780000000, 0x0000000782a00000, 0x00000007aab00000)
  object space 43008K, 78% used [0x0000000780000000,0x00000007820f4270,0x0000000782a00000)
 Metaspace       used 24827K, capacity 25165K, committed 25344K, reserved 1073152K
  class space    used 2459K, capacity 2559K, committed 2560K, reserved 1048576K
}

Deoptimization events (10 events):
Event: 123.325 Thread 0x00007fbe65899000 Uncommon trap: reason=unstable_if action=reinterpret pc=0x000000010b86efb8 method=sun.java2d.pipe.Region.isInsideQuickCheck(Lsun/java2d/pipe/Region;)Z @ 48
Event: 123.325 Thread 0x00007fbe65899000 Uncommon trap: reason=unstable_if action=reinterpret pc=0x000000010aefda54 method=sun.java2d.pipe.Region.isInsideQuickCheck(Lsun/java2d/pipe/Region;)Z @ 48
Event: 123.338 Thread 0x00007fbe640f1000 Uncommon trap: reason=unstable_if action=reinterpret pc=0x000000010b1fc568 method=java.util.HashMap.putVal(ILjava/lang/Object;Ljava/lang/Object;ZZ)Ljava/lang/Object; @ 81
Event: 123.339 Thread 0x00007fbe640f1000 Uncommon trap: reason=unstable_if action=reinterpret pc=0x000000010b7c07b4 method=java.util.Vector.removeElement(Ljava/lang/Object;)Z @ 17
Event: 123.340 Thread 0x00007fbe65899000 Uncommon trap: reason=bimorphic action=maybe_recompile pc=0x000000010b854374 method=java.awt.Component.getGraphics()Ljava/awt/Graphics; @ 114
Event: 123.340 Thread 0x00007fbe65899000 Uncommon trap: reason=unstable_if action=reinterpret pc=0x000000010b5fd790 method=sun.java2d.pipe.Region.isInsideQuickCheck(Lsun/java2d/pipe/Region;)Z @ 48
Event: 123.340 Thread 0x00007fbe65899000 Uncommon trap: reason=unstable_if action=reinterpret pc=0x000000010b1b1bc8 method=sun.java2d.pipe.Region.isInsideQuickCheck(Lsun/java2d/pipe/Region;)Z @ 48
Event: 123.340 Thread 0x00007fbe64554000 Uncommon trap: reason=class_check action=maybe_recompile pc=0x000000010b8aee18 method=java.awt.event.InvocationEvent.dispatch()V @ 11
Event: 123.367 Thread 0x00007fbe65899000 Uncommon trap: reason=bimorphic action=maybe_recompile pc=0x000000010b854374 method=java.awt.Component.getGraphics()Ljava/awt/Graphics; @ 114
Event: 123.367 Thread 0x00007fbe64554000 Uncommon trap: reason=class_check action=maybe_recompile pc=0x000000010b8aee18 method=java.awt.event.InvocationEvent.dispatch()V @ 11

Internal exceptions (10 events):
Event: 0.346 Thread 0x00007fbe6400e000 Exception <a 'java/io/FileNotFoundException'> (0x00000007aad8b3a0) thrown at [/HUDSON3/workspace/8-2-build-macosx-x86_64/jdk8u73/6086/hotspot/src/share/vm/prims/jni.cpp, line 709]
Event: 0.357 Thread 0x00007fbe6400e000 Implicit null exception at 0x000000010ada0c1c to 0x000000010ada0e01
Event: 0.494 Thread 0x00007fbe6400e000 Exception <a 'java/io/FileNotFoundException'> (0x00000007aaee0430) thrown at [/HUDSON3/workspace/8-2-build-macosx-x86_64/jdk8u73/6086/hotspot/src/share/vm/prims/jni.cpp, line 709]
Event: 2.528 Thread 0x00007fbe65008000 Exception <a 'java/lang/NullPointerException'> (0x00000007aab821e8) thrown at [/HUDSON3/workspace/8-2-build-macosx-x86_64/jdk8u73/6086/hotspot/src/share/vm/interpreter/linkResolver.cpp, line 1178]
Event: 2.636 Thread 0x00007fbe64aa2000 Exception <a 'java/lang/UnsatisfiedLinkError': com.jogamp.common.util.JarUtil.fixNativeLibAttribs(Ljava/lang/String;)Z> (0x00000007ab097c68) thrown at [/HUDSON3/workspace/8-2-build-macosx-x86_64/jdk8u73/6086/hotspot/src/share/vm/prims/nativeLookup.cpp, li
Event: 3.665 Thread 0x00007fbe64554000 Exception <a 'java/io/FileNotFoundException'> (0x00000007ab3df930) thrown at [/HUDSON3/workspace/8-2-build-macosx-x86_64/jdk8u73/6086/hotspot/src/share/vm/prims/jni.cpp, line 709]
Event: 3.665 Thread 0x00007fbe64554000 Exception <a 'java/io/FileNotFoundException'> (0x00000007ab3ec170) thrown at [/HUDSON3/workspace/8-2-build-macosx-x86_64/jdk8u73/6086/hotspot/src/share/vm/prims/jni.cpp, line 709]
Event: 3.666 Thread 0x00007fbe64554000 Implicit null exception at 0x000000010adee0f5 to 0x000000010adee459
Event: 13.184 Thread 0x00007fbe64554000 Implicit null exception at 0x000000010adf2535 to 0x000000010adf28a5
Event: 13.302 Thread 0x00007fbe64554000 Implicit null exception at 0x000000010b36745f to 0x000000010b368069

Events (10 events):
Event: 123.364 loading class com/jogamp/nativewindow/awt/JAWTWindow$JAWTComponentListener$2 done
Event: 123.365 loading class jogamp/nativewindow/jawt/macosx/MacOSXJAWTWindow$1
Event: 123.365 loading class jogamp/nativewindow/jawt/macosx/MacOSXJAWTWindow$1 done
Event: 123.367 Thread 0x00007fbe640f1000 Thread exited: 0x00007fbe640f1000
Event: 123.367 Thread 0x00007fbe65899000 Uncommon trap: trap_request=0xffffffc6 fr.pc=0x000000010b854374
Event: 123.367 Thread 0x00007fbe65899000 DEOPT PACKING pc=0x000000010b854374 sp=0x00000001270e8c20
Event: 123.367 Thread 0x00007fbe65899000 DEOPT UNPACKING pc=0x000000010ac3a229 sp=0x00000001270e8cc0 mode 2
Event: 123.367 Thread 0x00007fbe64554000 Uncommon trap: trap_request=0xffffffde fr.pc=0x000000010b8aee18
Event: 123.367 Thread 0x00007fbe64554000 DEOPT PACKING pc=0x000000010b8aee18 sp=0x0000000193f18fb0
Event: 123.367 Thread 0x00007fbe64554000 DEOPT UNPACKING pc=0x000000010ac3a229 sp=0x0000000193f18e48 mode 2


Dynamic libraries:
0x0000000000fce000 	/System/Library/Frameworks/Cocoa.framework/Versions/A/Cocoa
0x0000000000fce000 	/System/Library/Frameworks/Security.framework/Versions/A/Security
0x0000000000fce000 	/System/Library/Frameworks/ApplicationServices.framework/Versions/A/ApplicationServices
0x0000000000fce000 	/usr/lib/libz.1.dylib
0x0000000000fce000 	/usr/lib/libSystem.B.dylib
0x0000000000fce000 	/usr/lib/libobjc.A.dylib
0x0000000000fce000 	/System/Library/Frameworks/CoreFoundation.framework/Versions/A/CoreFoundation
0x0000000000fce000 	/System/Library/Frameworks/Foundation.framework/Versions/C/Foundation
0x0000000000fce000 	/System/Library/Frameworks/AppKit.framework/Versions/C/AppKit
0x0000000000fce000 	/System/Library/Frameworks/CoreData.framework/Versions/A/CoreData
0x0000000000fce000 	/System/Library/PrivateFrameworks/RemoteViewServices.framework/Versions/A/RemoteViewServices
0x0000000000fce000 	/System/Library/PrivateFrameworks/UIFoundation.framework/Versions/A/UIFoundation
0x0000000000fce000 	/System/Library/Frameworks/IOSurface.framework/Versions/A/IOSurface
0x0000000000fce000 	/System/Library/Frameworks/AudioToolbox.framework/Versions/A/AudioToolbox
0x0000000000fce000 	/System/Library/Frameworks/AudioUnit.framework/Versions/A/AudioUnit
0x0000000000fce000 	/System/Library/PrivateFrameworks/DataDetectorsCore.framework/Versions/A/DataDetectorsCore
0x0000000000fce000 	/System/Library/PrivateFrameworks/DesktopServicesPriv.framework/Versions/A/DesktopServicesPriv
0x0000000000fce000 	/System/Library/Frameworks/Carbon.framework/Versions/A/Frameworks/HIToolbox.framework/Versions/A/HIToolbox
0x0000000000fce000 	/System/Library/Frameworks/QuartzCore.framework/Versions/A/QuartzCore
0x0000000000fce000 	/System/Library/Frameworks/Carbon.framework/Versions/A/Frameworks/SpeechRecognition.framework/Versions/A/SpeechRecognition
0x0000000000fce000 	/usr/lib/libauto.dylib
0x0000000000fce000 	/usr/lib/libicucore.A.dylib
0x0000000000fce000 	/usr/lib/libxml2.2.dylib
0x0000000000fce000 	/System/Library/PrivateFrameworks/CoreUI.framework/Versions/A/CoreUI
0x0000000000fce000 	/System/Library/Frameworks/CoreAudio.framework/Versions/A/CoreAudio
0x0000000000fce000 	/System/Library/Frameworks/DiskArbitration.framework/Versions/A/DiskArbitration
0x0000000000fce000 	/usr/lib/liblangid.dylib
0x0000000000fce000 	/System/Library/PrivateFrameworks/MultitouchSupport.framework/Versions/A/MultitouchSupport
0x0000000000fce000 	/System/Library/Frameworks/IOKit.framework/Versions/A/IOKit
0x0000000000fce000 	/usr/lib/libDiagnosticMessagesClient.dylib
0x0000000000fce000 	/System/Library/Frameworks/CoreServices.framework/Versions/A/CoreServices
0x0000000000fce000 	/System/Library/PrivateFrameworks/PerformanceAnalysis.framework/Versions/A/PerformanceAnalysis
0x0000000000fce000 	/System/Library/PrivateFrameworks/GenerationalStorage.framework/Versions/A/GenerationalStorage
0x0000000000fce000 	/System/Library/Frameworks/OpenGL.framework/Versions/A/OpenGL
0x0000000000fce000 	/System/Library/PrivateFrameworks/Sharing.framework/Versions/A/Sharing
0x0000000000fce000 	/System/Library/Frameworks/CoreGraphics.framework/Versions/A/CoreGraphics
0x0000000000fce000 	/System/Library/Frameworks/CoreText.framework/Versions/A/CoreText
0x0000000000fce000 	/System/Library/Frameworks/ImageIO.framework/Versions/A/ImageIO
0x0000000000fce000 	/usr/lib/libextension.dylib
0x0000000000fce000 	/System/Library/PrivateFrameworks/Backup.framework/Versions/A/Backup
0x0000000000fce000 	/usr/lib/libarchive.2.dylib
0x0000000000fce000 	/System/Library/Frameworks/CFNetwork.framework/Versions/A/CFNetwork
0x0000000000fce000 	/System/Library/Frameworks/SystemConfiguration.framework/Versions/A/SystemConfiguration
0x0000000000fce000 	/usr/lib/libCRFSuite.dylib
0x0000000000fce000 	/usr/lib/libc++.1.dylib
0x0000000000fce000 	/usr/lib/libc++abi.dylib
0x0000000000fce000 	/usr/lib/system/libcache.dylib
0x0000000000fce000 	/usr/lib/system/libcommonCrypto.dylib
0x0000000000fce000 	/usr/lib/system/libcompiler_rt.dylib
0x0000000000fce000 	/usr/lib/system/libcopyfile.dylib
0x0000000000fce000 	/usr/lib/system/libcorecrypto.dylib
0x0000000000fce000 	/usr/lib/system/libdispatch.dylib
0x0000000000fce000 	/usr/lib/system/libdyld.dylib
0x0000000000fce000 	/usr/lib/system/libkeymgr.dylib
0x0000000000fce000 	/usr/lib/system/liblaunch.dylib
0x0000000000fce000 	/usr/lib/system/libmacho.dylib
0x0000000000fce000 	/usr/lib/system/libquarantine.dylib
0x0000000000fce000 	/usr/lib/system/libremovefile.dylib
0x0000000000fce000 	/usr/lib/system/libsystem_asl.dylib
0x0000000000fce000 	/usr/lib/system/libsystem_blocks.dylib
0x0000000000fce000 	/usr/lib/system/libsystem_c.dylib
0x0000000000fce000 	/usr/lib/system/libsystem_configuration.dylib
0x0000000000fce000 	/usr/lib/system/libsystem_coreservices.dylib
0x0000000000fce000 	/usr/lib/system/libsystem_coretls.dylib
0x0000000000fce000 	/usr/lib/system/libsystem_dnssd.dylib
0x0000000000fce000 	/usr/lib/system/libsystem_info.dylib
0x0000000000fce000 	/usr/lib/system/libsystem_kernel.dylib
0x0000000000fce000 	/usr/lib/system/libsystem_m.dylib
0x0000000000fce000 	/usr/lib/system/libsystem_malloc.dylib
0x0000000000fce000 	/usr/lib/system/libsystem_network.dylib
0x0000000000fce000 	/usr/lib/system/libsystem_networkextension.dylib
0x0000000000fce000 	/usr/lib/system/libsystem_notify.dylib
0x0000000000fce000 	/usr/lib/system/libsystem_platform.dylib
0x0000000000fce000 	/usr/lib/system/libsystem_pthread.dylib
0x0000000000fce000 	/usr/lib/system/libsystem_sandbox.dylib
0x0000000000fce000 	/usr/lib/system/libsystem_secinit.dylib
0x0000000000fce000 	/usr/lib/system/libsystem_stats.dylib
0x0000000000fce000 	/usr/lib/system/libsystem_trace.dylib
0x0000000000fce000 	/usr/lib/system/libunc.dylib
0x0000000000fce000 	/usr/lib/system/libunwind.dylib
0x0000000000fce000 	/usr/lib/system/libxpc.dylib
0x0000000000fce000 	/usr/lib/libbz2.1.0.dylib
0x0000000000fce000 	/usr/lib/liblzma.5.dylib
0x0000000000fce000 	/usr/lib/libbsm.0.dylib
0x0000000000fce000 	/usr/lib/libsqlite3.dylib
0x0000000000fce000 	/usr/lib/system/libkxld.dylib
0x0000000000fce000 	/usr/lib/libxar.1.dylib
0x0000000000fce000 	/usr/lib/libpam.2.dylib
0x0000000000fce000 	/usr/lib/libOpenScriptingUtil.dylib
0x0000000000fce000 	/System/Library/Frameworks/CoreServices.framework/Versions/A/Frameworks/FSEvents.framework/Versions/A/FSEvents
0x0000000000fce000 	/System/Library/Frameworks/CoreServices.framework/Versions/A/Frameworks/CarbonCore.framework/Versions/A/CarbonCore
0x0000000000fce000 	/System/Library/Frameworks/CoreServices.framework/Versions/A/Frameworks/Metadata.framework/Versions/A/Metadata
0x0000000000fce000 	/System/Library/Frameworks/CoreServices.framework/Versions/A/Frameworks/OSServices.framework/Versions/A/OSServices
0x0000000000fce000 	/System/Library/Frameworks/CoreServices.framework/Versions/A/Frameworks/SearchKit.framework/Versions/A/SearchKit
0x0000000000fce000 	/System/Library/Frameworks/CoreServices.framework/Versions/A/Frameworks/AE.framework/Versions/A/AE
0x0000000000fce000 	/System/Library/Frameworks/CoreServices.framework/Versions/A/Frameworks/LaunchServices.framework/Versions/A/LaunchServices
0x0000000000fce000 	/System/Library/Frameworks/CoreServices.framework/Versions/A/Frameworks/DictionaryServices.framework/Versions/A/DictionaryServices
0x0000000000fce000 	/System/Library/Frameworks/NetFS.framework/Versions/A/NetFS
0x0000000000fce000 	/System/Library/PrivateFrameworks/NetAuth.framework/Versions/A/NetAuth
0x0000000000fce000 	/System/Library/PrivateFrameworks/login.framework/Versions/A/Frameworks/loginsupport.framework/Versions/A/loginsupport
0x0000000000fce000 	/System/Library/PrivateFrameworks/TCC.framework/Versions/A/TCC
0x0000000000fce000 	/usr/lib/libmecabra.dylib
0x0000000000fce000 	/System/Library/Frameworks/ApplicationServices.framework/Versions/A/Frameworks/ATS.framework/Versions/A/ATS
0x0000000000fce000 	/System/Library/Frameworks/ApplicationServices.framework/Versions/A/Frameworks/ColorSync.framework/Versions/A/ColorSync
0x0000000000fce000 	/System/Library/Frameworks/ApplicationServices.framework/Versions/A/Frameworks/HIServices.framework/Versions/A/HIServices
0x0000000000fce000 	/System/Library/Frameworks/ApplicationServices.framework/Versions/A/Frameworks/LangAnalysis.framework/Versions/A/LangAnalysis
0x0000000000fce000 	/System/Library/Frameworks/ApplicationServices.framework/Versions/A/Frameworks/PrintCore.framework/Versions/A/PrintCore
0x0000000000fce000 	/System/Library/Frameworks/ApplicationServices.framework/Versions/A/Frameworks/QD.framework/Versions/A/QD
0x0000000000fce000 	/System/Library/Frameworks/ApplicationServices.framework/Versions/A/Frameworks/SpeechSynthesis.framework/Versions/A/SpeechSynthesis
0x0000000000fce000 	/System/Library/Frameworks/Accelerate.framework/Versions/A/Accelerate
0x0000000000fce000 	/System/Library/Frameworks/Accelerate.framework/Versions/A/Frameworks/vImage.framework/Versions/A/vImage
0x0000000000fce000 	/System/Library/Frameworks/Accelerate.framework/Versions/A/Frameworks/vecLib.framework/Versions/A/vecLib
0x0000000000fce000 	/System/Library/Frameworks/Accelerate.framework/Versions/A/Frameworks/vecLib.framework/Versions/A/libvDSP.dylib
0x0000000000fce000 	/System/Library/Frameworks/Accelerate.framework/Versions/A/Frameworks/vecLib.framework/Versions/A/libvMisc.dylib
0x0000000000fce000 	/System/Library/Frameworks/Accelerate.framework/Versions/A/Frameworks/vecLib.framework/Versions/A/libLAPACK.dylib
0x0000000000fce000 	/System/Library/Frameworks/Accelerate.framework/Versions/A/Frameworks/vecLib.framework/Versions/A/libBLAS.dylib
0x0000000000fce000 	/System/Library/Frameworks/Accelerate.framework/Versions/A/Frameworks/vecLib.framework/Versions/A/libLinearAlgebra.dylib
0x0000000000fce000 	/System/Library/Frameworks/ApplicationServices.framework/Versions/A/Frameworks/ATS.framework/Versions/A/Resources/libFontParser.dylib
0x0000000000fce000 	/System/Library/Frameworks/ApplicationServices.framework/Versions/A/Frameworks/ATS.framework/Versions/A/Resources/libFontRegistry.dylib
0x0000000000fce000 	/System/Library/PrivateFrameworks/AppleVPA.framework/Versions/A/AppleVPA
0x0000000000fce000 	/System/Library/PrivateFrameworks/AppleJPEG.framework/Versions/A/AppleJPEG
0x0000000000fce000 	/System/Library/Frameworks/ImageIO.framework/Versions/A/Resources/libJPEG.dylib
0x0000000000fce000 	/System/Library/Frameworks/ImageIO.framework/Versions/A/Resources/libTIFF.dylib
0x0000000000fce000 	/System/Library/Frameworks/ImageIO.framework/Versions/A/Resources/libPng.dylib
0x0000000000fce000 	/System/Library/Frameworks/ImageIO.framework/Versions/A/Resources/libGIF.dylib
0x0000000000fce000 	/System/Library/Frameworks/ImageIO.framework/Versions/A/Resources/libJP2.dylib
0x0000000000fce000 	/System/Library/Frameworks/ImageIO.framework/Versions/A/Resources/libRadiance.dylib
0x0000000000fce000 	/System/Library/Frameworks/CoreVideo.framework/Versions/A/CoreVideo
0x0000000000fce000 	/System/Library/Frameworks/OpenGL.framework/Versions/A/Libraries/libGLU.dylib
0x0000000000fce000 	/System/Library/Frameworks/OpenGL.framework/Versions/A/Libraries/libGFXShared.dylib
0x0000000000fce000 	/System/Library/Frameworks/OpenGL.framework/Versions/A/Libraries/libGL.dylib
0x0000000000fce000 	/System/Library/Frameworks/OpenGL.framework/Versions/A/Libraries/libGLImage.dylib
0x0000000000fce000 	/System/Library/Frameworks/OpenGL.framework/Versions/A/Libraries/libCVMSPluginSupport.dylib
0x0000000000fce000 	/System/Library/Frameworks/OpenGL.framework/Versions/A/Libraries/libCoreVMClient.dylib
0x0000000000fce000 	/usr/lib/libcups.2.dylib
0x0000000000fce000 	/System/Library/Frameworks/Kerberos.framework/Versions/A/Kerberos
0x0000000000fce000 	/System/Library/Frameworks/GSS.framework/Versions/A/GSS
0x0000000000fce000 	/usr/lib/libresolv.9.dylib
0x0000000000fce000 	/usr/lib/libiconv.2.dylib
0x0000000000fce000 	/System/Library/PrivateFrameworks/Heimdal.framework/Versions/A/Heimdal
0x0000000000fce000 	/usr/lib/libheimdal-asn1.dylib
0x0000000000fce000 	/System/Library/Frameworks/OpenDirectory.framework/Versions/A/OpenDirectory
0x0000000000fce000 	/System/Library/PrivateFrameworks/CommonAuth.framework/Versions/A/CommonAuth
0x0000000000fce000 	/System/Library/Frameworks/OpenDirectory.framework/Versions/A/Frameworks/CFOpenDirectory.framework/Versions/A/CFOpenDirectory
0x0000000000fce000 	/System/Library/Frameworks/SecurityFoundation.framework/Versions/A/SecurityFoundation
0x0000000000fce000 	/System/Library/PrivateFrameworks/LanguageModeling.framework/Versions/A/LanguageModeling
0x0000000000fce000 	/usr/lib/libcmph.dylib
0x0000000000fce000 	/System/Library/Frameworks/ServiceManagement.framework/Versions/A/ServiceManagement
0x0000000000fce000 	/usr/lib/libxslt.1.dylib
0x0000000000fce000 	/System/Library/Frameworks/Carbon.framework/Versions/A/Frameworks/Ink.framework/Versions/A/Ink
0x0000000000fce000 	/System/Library/Frameworks/QuartzCore.framework/Versions/A/Frameworks/CoreImage.framework/Versions/A/CoreImage
0x0000000000fce000 	/System/Library/PrivateFrameworks/CrashReporterSupport.framework/Versions/A/CrashReporterSupport
0x0000000000fce000 	/System/Library/Frameworks/OpenCL.framework/Versions/A/OpenCL
0x0000000000fce000 	/System/Library/PrivateFrameworks/FaceCore.framework/Versions/A/FaceCore
0x0000000000fce000 	/System/Library/PrivateFrameworks/Ubiquity.framework/Versions/A/Ubiquity
0x0000000000fce000 	/System/Library/PrivateFrameworks/IconServices.framework/Versions/A/IconServices
0x0000000000fce000 	/System/Library/PrivateFrameworks/ChunkingLibrary.framework/Versions/A/ChunkingLibrary
0x0000000000fce000 	/System/Library/PrivateFrameworks/Apple80211.framework/Versions/A/Apple80211
0x0000000000fce000 	/System/Library/Frameworks/CoreWLAN.framework/Versions/A/CoreWLAN
0x0000000000fce000 	/System/Library/Frameworks/IOBluetooth.framework/Versions/A/IOBluetooth
0x0000000000fce000 	/System/Library/PrivateFrameworks/CoreWiFi.framework/Versions/A/CoreWiFi
0x0000000000fce000 	/System/Library/Frameworks/CoreBluetooth.framework/Versions/A/CoreBluetooth
0x0000000000fce000 	/System/Library/PrivateFrameworks/DebugSymbols.framework/Versions/A/DebugSymbols
0x0000000000fce000 	/System/Library/PrivateFrameworks/CoreSymbolication.framework/Versions/A/CoreSymbolication
0x0000000000fce000 	/System/Library/PrivateFrameworks/Symbolication.framework/Versions/A/Symbolication
0x0000000000fce000 	/System/Library/PrivateFrameworks/SpeechRecognitionCore.framework/Versions/A/SpeechRecognitionCore
0x000000010931e000 	/Library/Java/JavaVirtualMachines/jdk1.8.0_73.jdk/Contents/Home/jre/lib/server/libjvm.dylib
0x0000000000fce000 	/usr/lib/libstdc++.6.dylib
0x000000010a3c5000 	/Library/Java/JavaVirtualMachines/jdk1.8.0_73.jdk/Contents/Home/jre/lib/libverify.dylib
0x000000010ac00000 	/Library/Java/JavaVirtualMachines/jdk1.8.0_73.jdk/Contents/Home/jre/lib/libjava.dylib
0x000000010a3dd000 	/Library/Java/JavaVirtualMachines/jdk1.8.0_73.jdk/Contents/Home/jre/lib/libzip.dylib
0x000000011e72f000 	/System/Library/Frameworks/JavaVM.framework/Frameworks/JavaRuntimeSupport.framework/JavaRuntimeSupport
0x000000011e747000 	/System/Library/Frameworks/JavaVM.framework/Versions/A/Frameworks/JavaNativeFoundation.framework/Versions/A/JavaNativeFoundation
0x000000011e75c000 	/System/Library/Frameworks/JavaVM.framework/Versions/A/JavaVM
0x0000000000fce000 	/System/Library/Frameworks/Carbon.framework/Versions/A/Carbon
0x000000011e769000 	/System/Library/PrivateFrameworks/JavaLaunching.framework/Versions/A/JavaLaunching
0x0000000000fce000 	/System/Library/Frameworks/Carbon.framework/Versions/A/Frameworks/CommonPanels.framework/Versions/A/CommonPanels
0x0000000000fce000 	/System/Library/Frameworks/Carbon.framework/Versions/A/Frameworks/Help.framework/Versions/A/Help
0x0000000000fce000 	/System/Library/Frameworks/Carbon.framework/Versions/A/Frameworks/ImageCapture.framework/Versions/A/ImageCapture
0x0000000000fce000 	/System/Library/Frameworks/Carbon.framework/Versions/A/Frameworks/OpenScripting.framework/Versions/A/OpenScripting
0x0000000000fce000 	/System/Library/Frameworks/Carbon.framework/Versions/A/Frameworks/Print.framework/Versions/A/Print
0x0000000000fce000 	/System/Library/Frameworks/Carbon.framework/Versions/A/Frameworks/SecurityHI.framework/Versions/A/SecurityHI
0x0000000120665000 	/Library/Java/JavaVirtualMachines/jdk1.8.0_73.jdk/Contents/Home/jre/lib/libawt.dylib
0x000000012070d000 	/Library/Java/JavaVirtualMachines/jdk1.8.0_73.jdk/Contents/Home/jre/lib/./libmlib_image.dylib
0x00000001207d9000 	/Library/Java/JavaVirtualMachines/jdk1.8.0_73.jdk/Contents/Home/jre/lib/libawt_lwawt.dylib
0x000000012088e000 	/Library/Java/JavaVirtualMachines/jdk1.8.0_73.jdk/Contents/Home/jre/lib/./libosxapp.dylib
0x0000000000fce000 	/System/Library/Frameworks/ExceptionHandling.framework/Versions/A/ExceptionHandling
0x0000000000fce000 	/System/Library/PrivateFrameworks/CoreServicesInternal.framework/Versions/A/CoreServicesInternal
0x0000000000fce000 	/System/Library/PrivateFrameworks/CloudDocs.framework/Versions/A/CloudDocs
0x0000000000fce000 	/System/Library/PrivateFrameworks/CoreDuet.framework/Versions/A/CoreDuet
0x0000000000fce000 	/System/Library/Frameworks/CloudKit.framework/Versions/A/CloudKit
0x0000000000fce000 	/System/Library/PrivateFrameworks/ProtocolBuffer.framework/Versions/A/ProtocolBuffer
0x0000000000fce000 	/System/Library/PrivateFrameworks/CoreDuetDaemonProtocol.framework/Versions/A/CoreDuetDaemonProtocol
0x0000000000fce000 	/System/Library/PrivateFrameworks/CoreDuetDebugLogging.framework/Versions/A/CoreDuetDebugLogging
0x0000000000fce000 	/System/Library/PrivateFrameworks/MMCS.framework/Versions/A/MMCS
0x0000000000fce000 	/System/Library/Frameworks/CoreLocation.framework/Versions/A/CoreLocation
0x0000000000fce000 	/System/Library/PrivateFrameworks/ProtectedCloudStorage.framework/Versions/A/ProtectedCloudStorage
0x0000000000fce000 	/System/Library/PrivateFrameworks/GeoServices.framework/Versions/A/GeoServices
0x0000000000fce000 	/System/Library/Frameworks/CoreGraphics.framework/Versions/A/Resources/libCGCMS.A.dylib
0x0000000000fce000 	/System/Library/Frameworks/CoreGraphics.framework/Versions/A/Resources/libRIP.A.dylib
0x0000000000fce000 	/System/Library/Frameworks/CoreGraphics.framework/Versions/A/Resources/libCGXType.A.dylib
0x0000000000fce000 	/System/Library/Frameworks/OpenCL.framework/Versions/A/Libraries/libcldcpuengine.dylib
0x0000000000fce000 	/System/Library/PrivateFrameworks/DiskImages.framework/Versions/A/DiskImages
0x0000000000fce000 	/System/Library/Frameworks/DiscRecording.framework/Versions/A/DiscRecording
0x0000000000fce000 	/usr/lib/libcsfde.dylib
0x0000000000fce000 	/usr/lib/libcurl.4.dylib
0x0000000000fce000 	/System/Library/PrivateFrameworks/MediaKit.framework/Versions/A/MediaKit
0x0000000000fce000 	/usr/lib/libCoreStorage.dylib
0x0000000000fce000 	/System/Library/PrivateFrameworks/EFILogin.framework/Versions/A/EFILogin
0x0000000000fce000 	/usr/lib/libutil.dylib
0x0000000000fce000 	/System/Library/PrivateFrameworks/FindMyDevice.framework/Versions/A/FindMyDevice
0x0000000000fce000 	/System/Library/Frameworks/LDAP.framework/Versions/A/LDAP
0x0000000000fce000 	/usr/lib/libsasl2.2.dylib
0x0000000000fce000 	/System/Library/PrivateFrameworks/CoreDaemon.framework/Versions/B/CoreDaemon
0x0000000000fce000 	/usr/lib/libcrypto.0.9.8.dylib
0x0000000000fce000 	/System/Library/PrivateFrameworks/AppleSRP.framework/Versions/A/AppleSRP
0x0000000000fce000 	/System/Library/PrivateFrameworks/TrustEvaluationAgent.framework/Versions/A/TrustEvaluationAgent
0x0000000123b89000 	cl_kernels
0x0000000123b8b000 	/System/Library/Frameworks/OpenCL.framework/Versions/A/Libraries/ImageFormats/unorm8_bgra.dylib
0x0000000123b7a000 	cl_kernels
0x0000000000fce000 	/System/Library/PrivateFrameworks/FamilyControls.framework/Versions/A/FamilyControls
0x0000000000fce000 	/System/Library/PrivateFrameworks/CommerceKit.framework/Versions/A/Frameworks/CommerceCore.framework/Versions/A/CommerceCore
0x0000000000fce000 	/System/Library/PrivateFrameworks/SystemAdministration.framework/Versions/A/SystemAdministration
0x0000000000fce000 	/System/Library/PrivateFrameworks/AppContainer.framework/Versions/A/AppContainer
0x0000000000fce000 	/System/Library/PrivateFrameworks/SecCodeWrapper.framework/Versions/A/SecCodeWrapper
0x0000000000fce000 	/System/Library/Frameworks/DirectoryService.framework/Versions/A/DirectoryService
0x0000000000fce000 	/System/Library/PrivateFrameworks/LoginUIKit.framework/Versions/A/Frameworks/LoginUICore.framework/Versions/A/LoginUICore
0x0000000000fce000 	/usr/lib/libodfde.dylib
0x0000000000fce000 	/System/Library/Frameworks/OpenGL.framework/Versions/A/Resources/GLEngine.bundle/GLEngine
0x0000000000fce000 	/System/Library/Frameworks/OpenGL.framework/Versions/A/Libraries/libGLProgrammability.dylib
0x0000000124e74000 	/System/Library/Extensions/AppleIntelHD4000GraphicsGLDriver.bundle/Contents/MacOS/AppleIntelHD4000GraphicsGLDriver
0x0000000000fce000 	/System/Library/PrivateFrameworks/IOAccelerator.framework/Versions/A/IOAccelerator
0x0000000000fce000 	/System/Library/PrivateFrameworks/GPUSupport.framework/Versions/A/Libraries/libGPUSupportMercury.dylib
0x0000000000fce000 	/System/Library/Frameworks/OpenGL.framework/Versions/A/Resources/GLRendererFloat.bundle/GLRendererFloat
0x0000000125e69000 	/Library/Java/JavaVirtualMachines/jdk1.8.0_73.jdk/Contents/Home/jre/lib/libfontmanager.dylib
0x00000001270ed000 	/Library/Java/JavaVirtualMachines/jdk1.8.0_73.jdk/Contents/Home/jre/lib/libosxui.dylib
0x00000001271b5000 	/Library/Java/JavaVirtualMachines/jdk1.8.0_73.jdk/Contents/Home/jre/lib/libnet.dylib
0x00000001271cc000 	/Library/Java/JavaVirtualMachines/jdk1.8.0_73.jdk/Contents/Home/jre/lib/libnio.dylib
0x0000000000fce000 	/System/Library/Frameworks/ApplicationServices.framework/Versions/A/Frameworks/ATS.framework/Versions/A/Resources/libTrueTypeScaler.dylib
0x0000000193810000 	/private/var/folders/gx/lpn_2smn21b5jx4mf4ptd0z40000gn/T/jogamp_0000/file_cache/jln366149592325309580/jln4791955155978174649/libgluegen-rt.jnilib
0x0000000129109000 	/private/var/folders/gx/lpn_2smn21b5jx4mf4ptd0z40000gn/T/jogamp_0000/file_cache/jln366149592325309580/jln4791955155978174649/libnativewindow_awt.jnilib
0x0000000193814000 	/Library/Java/JavaVirtualMachines/jdk1.8.0_73.jdk/Contents/Home/jre/lib/libjawt.dylib
0x0000000193817000 	/private/var/folders/gx/lpn_2smn21b5jx4mf4ptd0z40000gn/T/jogamp_0000/file_cache/jln366149592325309580/jln4791955155978174649/libnativewindow_macosx.jnilib
0x0000000195678000 	/private/var/folders/gx/lpn_2smn21b5jx4mf4ptd0z40000gn/T/jogamp_0000/file_cache/jln366149592325309580/jln4791955155978174649/libjogl_desktop.jnilib
0x0000000197bfe000 	/Library/Java/JavaVirtualMachines/jdk1.8.0_73.jdk/Contents/Home/jre/lib/libt2k.dylib
0x0000000000fce000 	/System/Library/Frameworks/Accelerate.framework/Versions/A/Frameworks/vImage.framework/Versions/A/Libraries/libCGInterfaces.dylib

VM Arguments:
jvm_args: -Djava.security.policy=java.policy.applet -Dfile.encoding=UTF-8 
java_command: sun.applet.AppletViewer module6.EarthquakeCityMap1458449526317.html
java_class_path (initial): /Volumes/Other/ComputerScience/Java/Coursera/Java Programming Object-Oriented Design of Data Structures Specialization/UCSDUnfoldingMaps/build:/Volumes/Other/ComputerScience/Java/Coursera/Java Programming Object-Oriented Design of Data Structures Specialization/UCSDUnfoldingMaps/lib/core.jar:/Volumes/Other/ComputerScience/Java/Coursera/Java Programming Object-Oriented Design of Data Structures Specialization/UCSDUnfoldingMaps/lib/gluegen-rt.jar:/Volumes/Other/ComputerScience/Java/Coursera/Java Programming Object-Oriented Design of Data Structures Specialization/UCSDUnfoldingMaps/lib/jogl-all.jar:/Volumes/Other/ComputerScience/Java/Coursera/Java Programming Object-Oriented Design of Data Structures Specialization/UCSDUnfoldingMaps/lib/log4j-1.2.15.jar:/Volumes/Other/ComputerScience/Java/Coursera/Java Programming Object-Oriented Design of Data Structures Specialization/UCSDUnfoldingMaps/lib/sqlite-jdbc-3.7.2.jar:/Volumes/Other/ComputerScience/Java/Coursera/Java Programming Object-Oriented Design of Data Structures Specialization/UCSDUnfoldingMaps/lib/json4processing.jar:/Volumes/Other/ComputerScience/Java/Coursera/Java Programming Object-Oriented Design of Data Structures Specialization/UCSDUnfoldingMaps/lib/libTUIO.jar:/Volumes/Other/ComputerScience/Java/Coursera/Java Programming Object-Oriented Design of Data Structures Specialization/UCSDUnfoldingMaps/lib/unfolding.0.9.7-uscd.jar:/Volumes/Other/ComputerScience/Java/Coursera/Java Programming Object-Oriented Design of Data Structures Specialization/UCSDUnfoldingMaps/lib/controlP5/library/controlP5.jar:/Users/zhihuixie/Downloads/geonames-source-1.1.13.jar:/Users/zhihuixie/Downloads/jdom/build/jdom-1.1.3.jar
Launcher Type: SUN_STANDARD

Environment Variables:
PATH=/usr/bin:/bin:/usr/sbin:/sbin
SHELL=/bin/bash

Signal Handlers:
SIGSEGV: [libjvm.dylib+0x5a71a5], sa_mask[0]=11111111011111110111111111111111, sa_flags=SA_ONSTACK|SA_RESTART|SA_SIGINFO
SIGBUS: [libjvm.dylib+0x5a71a5], sa_mask[0]=11111111011111110111111111111111, sa_flags=SA_RESTART|SA_SIGINFO
SIGFPE: [libjvm.dylib+0x480eb4], sa_mask[0]=11111111011111110111111111111111, sa_flags=SA_RESTART|SA_SIGINFO
SIGPIPE: [libjvm.dylib+0x480eb4], sa_mask[0]=11111111011111110111111111111111, sa_flags=SA_RESTART|SA_SIGINFO
SIGXFSZ: [libjvm.dylib+0x480eb4], sa_mask[0]=11111111011111110111111111111111, sa_flags=SA_RESTART|SA_SIGINFO
SIGILL: [libjvm.dylib+0x480eb4], sa_mask[0]=11111111011111110111111111111111, sa_flags=SA_RESTART|SA_SIGINFO
SIGUSR1: SIG_DFL, sa_mask[0]=00000000000000000000000000000000, sa_flags=none
SIGUSR2: [libjvm.dylib+0x4809d2], sa_mask[0]=00100000000000000000000000000000, sa_flags=SA_RESTART|SA_SIGINFO
SIGHUP: [libjvm.dylib+0x47efa9], sa_mask[0]=11111111011111110111111111111111, sa_flags=SA_RESTART|SA_SIGINFO
SIGINT: [libjvm.dylib+0x47efa9], sa_mask[0]=11111111011111110111111111111111, sa_flags=SA_RESTART|SA_SIGINFO
SIGTERM: [libjvm.dylib+0x47efa9], sa_mask[0]=11111111011111110111111111111111, sa_flags=SA_RESTART|SA_SIGINFO
SIGQUIT: [libjvm.dylib+0x47efa9], sa_mask[0]=11111111011111110111111111111111, sa_flags=SA_RESTART|SA_SIGINFO


---------------  S Y S T E M  ---------------

OS:Bsduname:Darwin 14.5.0 Darwin Kernel Version 14.5.0: Wed Jul 29 02:26:53 PDT 2015; root:xnu-2782.40.9~1/RELEASE_X86_64 x86_64
rlimit: STACK 8192k, CORE 0k, NPROC 709, NOFILE 10240, AS infinity
load average:1.98 2.19 2.07

CPU:total 4 (2 cores per cpu, 2 threads per core) family 6 model 58 stepping 9, cmov, cx8, fxsr, mmx, sse, sse2, sse3, ssse3, sse4.1, sse4.2, popcnt, avx, aes, clmul, erms, ht, tsc, tscinvbit, tscinv

Memory: 4k page, physical 4194304k(158808k free)

/proc/meminfo:


vm_info: Java HotSpot(TM) 64-Bit Server VM (25.73-b02) for bsd-amd64 JRE (1.8.0_73-b02), built on Jan 29 2016 15:02:00 by "java_re" with gcc 4.2.1 (Based on Apple Inc. build 5658) (LLVM build 2336.11.00)

time: Sat Mar 19 21:54:09 2016
elapsed time: 123 seconds (0d 0h 2m 3s)

