#
# A fatal error has been detected by the Java Runtime Environment:
#
#  SIGSEGV (0xb) at pc=0x00007fff858b544c, pid=5277, tid=1811
#
# JRE version: Java(TM) SE Runtime Environment (8.0_73-b02) (build 1.8.0_73-b02)
# Java VM: Java HotSpot(TM) 64-Bit Server VM (25.73-b02 mixed mode bsd-amd64 compressed oops)
# Problematic frame:
# C  [libobjc.A.dylib+0x944c]  objc_release+0xc
#
# Failed to write core dump. Core dumps have been disabled. To enable core dumping, try "ulimit -c unlimited" before starting Java again
#
# If you would like to submit a bug report, please visit:
#   http://bugreport.java.com/bugreport/crash.jsp
# The crash happened outside the Java Virtual Machine in native code.
# See problematic frame for where to report the bug.
#

---------------  T H R E A D  ---------------

Current thread (0x00007fe1a2823000):  JavaThread "AWT-AppKit" daemon [_thread_in_native, id=1811, stack(0x00007fff5f0a5000,0x00007fff5f8a5000)]

siginfo: si_signo: 11 (SIGSEGV), si_code: 0 (unknown), si_addr: 0x0000000000000000

Registers:
RAX=0x0000000000000008, RBX=0x0000000000000000, RCX=0x0000000000000004, RDX=0x00007fe1a711d378
RSP=0x00007fff5f8a00c8, RBP=0x00007fff5f8a00f0, RSI=0x000000011798ff10, RDI=0x800007fe1a711646
R8 =0x0000000000000001, R9 =0x00007fe1a7100000, R10=0x00007fe1a2e94180, R11=0x000000018a97b840
R12=0x0000000000000000, R13=0x000000018cbdf148, R14=0x00007fe1a7118450, R15=0x00007fe1a2823000
RIP=0x00007fff858b544c, EFLAGS=0x0000000000010246, ERR=0x0000000000000000
  TRAPNO=0x000000000000000d

Top of Stack: (sp=0x00007fff5f8a00c8)
0x00007fff5f8a00c8:   000000011791947b 0000000000000000
0x00007fff5f8a00d8:   000000018a97b450 000000018a97b440
0x00007fff5f8a00e8:   00007fe1a2823000 00007fff5f8a01b0
0x00007fff5f8a00f8:   000000018a979215 000000018a97b700
0x00007fff5f8a0108:   000000018a97b6e0 000000018a97b4b0
0x00007fff5f8a0118:   0000000000000000 000000018cbdf148
0x00007fff5f8a0128:   000000018cbdf148 00007fe1a711d370
0x00007fff5f8a0138:   000000018a97b6a0 000000018a97b710
0x00007fff5f8a0148:   00007fff72e88550 00007fff72d2cc80
0x00007fff5f8a0158:   000000018a97b450 000000018a97b690
0x00007fff5f8a0168:   00007fe1a711d370 00007fe1a7118450
0x00007fff5f8a0178:   00007fe1a655e9a0 00007fe1a711d370
0x00007fff5f8a0188:   00007fe1a7118450 00007fff5f8a0238
0x00007fff5f8a0198:   00007fe1a28231f8 000000018cbdf148
0x00007fff5f8a01a8:   00007fff5f8a0260 00007fff5f8a0228
0x00007fff5f8a01b8:   0000000101da2954 000000018cbdf148
0x00007fff5f8a01c8:   00007fff5f8a0260 00007fff5f8a0228
0x00007fff5f8a01d8:   0000000101da26e7 0000000101da26a2
0x00007fff5f8a01e8:   00007fff5f8a01e8 000000018cbdf148
0x00007fff5f8a01f8:   00007fff5f8a0260 000000018cbe1d80
0x00007fff5f8a0208:   0000000000000000 000000018cbdf148
0x00007fff5f8a0218:   0000000000000000 00007fff5f8a0248
0x00007fff5f8a0228:   00007fff5f8a02a8 0000000101d94c4d
0x00007fff5f8a0238:   0000000780d3dc88 0000000101d9c578
0x00007fff5f8a0248:   00007fe1a711d370 00007fff5f8a02a8
0x00007fff5f8a0258:   00007fe1a7118450 0000000101d9dd82
0x00007fff5f8a0268:   00007fff5f8a0268 000000018cbdf312
0x00007fff5f8a0278:   00007fff5f8a02d0 000000018cbe1d80
0x00007fff5f8a0288:   0000000000000000 000000018cbdf320
0x00007fff5f8a0298:   00007fff5f8a0248 00007fff5f8a02b8
0x00007fff5f8a02a8:   00007fff5f8a0318 0000000101d94c4d
0x00007fff5f8a02b8:   00007fe1a711d370 0000000780d45b08 

Instructions: (pc=0x00007fff858b544c)
0x00007fff858b542c:   5d c3 31 c0 48 85 ff 74 04 48 8b 47 08 c3 90 90
0x00007fff858b543c:   90 90 90 90 48 85 ff 74 06 40 f6 c7 01 74 01 c3
0x00007fff858b544c:   48 8b 07 f6 40 20 02 74 0a be 01 00 00 00 e9 51
0x00007fff858b545c:   83 01 00 48 8d 05 7a 26 25 ec 48 8b 30 e9 52 7c 

Register to memory mapping:

RAX=0x0000000000000008 is an unknown value
RBX=0x0000000000000000 is an unknown value
RCX=0x0000000000000004 is an unknown value
RDX=0x00007fe1a711d378 is an unknown value
RSP=0x00007fff5f8a00c8 is pointing into the stack for thread: 0x00007fe1a2823000
RBP=0x00007fff5f8a00f0 is pointing into the stack for thread: 0x00007fe1a2823000
RSI=0x000000011798ff10: OBJC_IVAR_$_PrinterView.fCurPeekGraphics+0x1aa8 in /Library/Java/JavaVirtualMachines/jdk1.8.0_73.jdk/Contents/Home/jre/lib/libawt_lwawt.dylib at 0x0000000117915000
RDI=0x800007fe1a711646 is an unknown value
R8 =0x0000000000000001 is an unknown value
R9 =0x00007fe1a7100000 is an unknown value
R10=0x00007fe1a2e94180 is an unknown value
R11=0x000000018a97b840: OBJC_CLASS_$_MyCALayer+0 in /private/var/folders/gx/lpn_2smn21b5jx4mf4ptd0z40000gn/T/jogamp_0000/file_cache/jln2771151971573058797/jln933652357014674768/libnativewindow_macosx.jnilib at 0x000000018a974000
R12=0x0000000000000000 is an unknown value
R13={method} {0x000000018cbdf148} 'UnsetJAWTRootSurfaceLayer0' '(JJ)V' in 'jogamp/nativewindow/jawt/macosx/MacOSXJAWTWindow'
R14=0x00007fe1a7118450 is an unknown value
R15=0x00007fe1a2823000 is a thread


Stack: [0x00007fff5f0a5000,0x00007fff5f8a5000],  sp=0x00007fff5f8a00c8,  free space=8172k
Native frames: (J=compiled Java code, j=interpreted, Vv=VM code, C=native code)
C  [libobjc.A.dylib+0x944c]  objc_release+0xc
C  [libnativewindow_macosx.jnilib+0x5215]  Java_jogamp_nativewindow_jawt_macosx_MacOSXJAWTWindow_UnsetJAWTRootSurfaceLayer0+0x1a5
j  jogamp.nativewindow.jawt.macosx.MacOSXJAWTWindow.UnsetJAWTRootSurfaceLayer0(JJ)V+0
j  jogamp.nativewindow.jawt.macosx.MacOSXJAWTWindow.access$200(JJ)V+2
j  jogamp.nativewindow.jawt.macosx.MacOSXJAWTWindow$1.run()V+38
J 3508 C1 com.jogamp.common.util.RunnableTask.run()V (345 bytes) @ 0x000000010241a274 [0x000000010241a0e0+0x194]
v  ~StubRoutines::call_stub
V  [libjvm.dylib+0x2eae7a]
V  [libjvm.dylib+0x321f83]
V  [libjvm.dylib+0x314757]
C  [libnativewindow_macosx.jnilib+0x5326]  Java_jogamp_nativewindow_jawt_macosx_MacOSXJAWTWindow_UnsetJAWTRootSurfaceLayer0+0x2b6
C  [Foundation+0x92dd0]  __NSThreadPerformPerform+0x125
C  [CoreFoundation+0x80a01]  __CFRUNLOOP_IS_CALLING_OUT_TO_A_SOURCE0_PERFORM_FUNCTION__+0x11
C  [CoreFoundation+0x72c5c]  __CFRunLoopDoSources0+0x1dc
C  [CoreFoundation+0x721bf]  __CFRunLoopRun+0x39f
C  [CoreFoundation+0x71bd8]  CFRunLoopRunSpecific+0x128
C  [HIToolbox+0x3256f]  RunCurrentEventLoopInMode+0xeb
C  [HIToolbox+0x321ee]  ReceiveNextEventCommon+0xb3
C  [HIToolbox+0x3212b]  _BlockUntilNextEventMatchingListInModeWithFilter+0x47
C  [AppKit+0x918ab]  _DPSNextEvent+0x3d2
C  [AppKit+0x90e58]  -[NSApplication nextEventMatchingMask:untilDate:inMode:dequeue:]+0x15a
C  [libosxapp.dylib+0x23aa]  -[NSApplicationAWT nextEventMatchingMask:untilDate:inMode:dequeue:]+0x7c
C  [AppKit+0x86af3]  -[NSApplication run]+0x252
C  [libosxapp.dylib+0x214d]  +[NSApplicationAWT runAWTLoopWithApp:]+0x9c
C  [libawt_lwawt.dylib+0x4455b]  -[AWTStarter starter:]+0x389
C  [Foundation+0x92dd0]  __NSThreadPerformPerform+0x125
C  [CoreFoundation+0x80a01]  __CFRUNLOOP_IS_CALLING_OUT_TO_A_SOURCE0_PERFORM_FUNCTION__+0x11
C  [CoreFoundation+0x72b8d]  __CFRunLoopDoSources0+0x10d
C  [CoreFoundation+0x721bf]  __CFRunLoopRun+0x39f
C  [CoreFoundation+0x71bd8]  CFRunLoopRunSpecific+0x128
C  [java+0x6463]  CreateExecutionEnvironment+0x367
C  [java+0x21ac]  JLI_Launch+0x7a0
C  [java+0x84c0]  main+0x65
C  [java+0x1a04]  start+0x34
C  0x0000000000000007

Java frames: (J=compiled Java code, j=interpreted, Vv=VM code)
j  jogamp.nativewindow.jawt.macosx.MacOSXJAWTWindow.UnsetJAWTRootSurfaceLayer0(JJ)V+0
j  jogamp.nativewindow.jawt.macosx.MacOSXJAWTWindow.access$200(JJ)V+2
j  jogamp.nativewindow.jawt.macosx.MacOSXJAWTWindow$1.run()V+38
J 3508 C1 com.jogamp.common.util.RunnableTask.run()V (345 bytes) @ 0x000000010241a274 [0x000000010241a0e0+0x194]
v  ~StubRoutines::call_stub

---------------  P R O C E S S  ---------------

Java Threads: ( => current thread )
  0x00007fe1a79cd000 JavaThread "Thread-20" [_thread_blocked, id=36367, stack(0x0000000194b1e000,0x0000000194c1e000)]
  0x00007fe1a3f20000 JavaThread "TimerQueue" daemon [_thread_blocked, id=63303, stack(0x0000000195482000,0x0000000195582000)]
  0x00007fe1a21b9800 JavaThread "AWT-EventQueue-1" [_thread_in_native, id=57107, stack(0x000000018afb8000,0x000000018b0b8000)]
  0x00007fe1a3808000 JavaThread "DestroyJavaVM" [_thread_blocked, id=4867, stack(0x0000000100472000,0x0000000100572000)]
  0x00007fe1a2aaf000 JavaThread "AWT-EventQueue-0" [_thread_blocked, id=54531, stack(0x000000011e127000,0x000000011e227000)]
  0x00007fe1a2a52000 JavaThread "Java2D Disposer" daemon [_thread_blocked, id=50967, stack(0x000000011cea3000,0x000000011cfa3000)]
  0x00007fe1a29dd800 JavaThread "Java2D Queue Flusher" daemon [_thread_blocked, id=49415, stack(0x000000011beae000,0x000000011bfae000)]
  0x00007fe1a394d000 JavaThread "AWT-Shutdown" [_thread_blocked, id=27923, stack(0x000000011954c000,0x000000011964c000)]
=>0x00007fe1a2823000 JavaThread "AWT-AppKit" daemon [_thread_in_native, id=1811, stack(0x00007fff5f0a5000,0x00007fff5f8a5000)]
  0x00007fe1a387f800 JavaThread "Service Thread" daemon [_thread_blocked, id=18179, stack(0x000000011759c000,0x000000011769c000)]
  0x00007fe1a2807800 JavaThread "C1 CompilerThread2" daemon [_thread_blocked, id=17667, stack(0x0000000117499000,0x0000000117599000)]
  0x00007fe1a280a000 JavaThread "C2 CompilerThread1" daemon [_thread_blocked, id=17155, stack(0x0000000117396000,0x0000000117496000)]
  0x00007fe1a2810000 JavaThread "C2 CompilerThread0" daemon [_thread_blocked, id=16643, stack(0x0000000117293000,0x0000000117393000)]
  0x00007fe1a387c800 JavaThread "Signal Dispatcher" daemon [_thread_blocked, id=13335, stack(0x0000000117190000,0x0000000117290000)]
  0x00007fe1a2808800 JavaThread "Finalizer" daemon [_thread_blocked, id=11523, stack(0x0000000115765000,0x0000000115865000)]
  0x00007fe1a3005800 JavaThread "Reference Handler" daemon [_thread_blocked, id=11011, stack(0x0000000115662000,0x0000000115762000)]

Other Threads:
  0x00007fe1a3860800 VMThread [stack: 0x000000011555f000,0x000000011565f000] [id=10499]
  0x00007fe1a3880000 WatcherThread [stack: 0x000000011769f000,0x000000011779f000] [id=18691]

VM state:not at safepoint (normal execution)

VM Mutex/Monitor currently owned by a thread: None

Heap:
 PSYoungGen      total 37376K, used 29878K [0x00000007aab00000, 0x00000007ae280000, 0x00000007c0000000)
  eden space 28160K, 88% used [0x00000007aab00000,0x00000007ac3698d0,0x00000007ac680000)
  from space 9216K, 52% used [0x00000007ac680000,0x00000007acb44130,0x00000007acf80000)
  to   space 8704K, 0% used [0x00000007ada00000,0x00000007ada00000,0x00000007ae280000)
 ParOldGen       total 44032K, used 14409K [0x0000000780000000, 0x0000000782b00000, 0x00000007aab00000)
  object space 44032K, 32% used [0x0000000780000000,0x0000000780e12460,0x0000000782b00000)
 Metaspace       used 24180K, capacity 24475K, committed 24576K, reserved 1071104K
  class space    used 2436K, capacity 2526K, committed 2560K, reserved 1048576K

Card table byte_map: [0x000000011114d000,0x000000011134e000] byte_map_base: 0x000000010d54d000

Marking Bits: (ParMarkBitMap*) 0x00000001016e3ea0
 Begin Bits: [0x00000001118b0000, 0x00000001128b0000)
 End Bits:   [0x00000001128b0000, 0x00000001138b0000)

Polling page: 0x00000001005b7000

CodeCache: size=245760Kb used=10219Kb max_used=10362Kb free=235540Kb
 bounds [0x0000000101d8d000, 0x00000001027bd000, 0x0000000110d8d000]
 total_blobs=4025 nmethods=3085 adapters=852
 compilation: enabled

Compilation events (10 events):
Event: 2422.341 Thread 0x00007fe1a280a000 3515       4       sun.awt.image.IntegerInterleavedRaster::setDataElements (137 bytes)
Event: 2422.345 Thread 0x00007fe1a280a000 nmethod 3515 0x00000001022f1dd0 code [0x00000001022f1f40, 0x00000001022f22b8]
Event: 2422.372 Thread 0x00007fe1a2807800 3516   !   3       sun.reflect.GeneratedMethodAccessor2::invoke (68 bytes)
Event: 2422.373 Thread 0x00007fe1a2807800 nmethod 3516 0x000000010234e310 code [0x000000010234e500, 0x000000010234ed68]
Event: 2422.444 Thread 0x00007fe1a2807800 3517       3       java.awt.Toolkit::notifyAWTEventListeners (36 bytes)
Event: 2422.445 Thread 0x00007fe1a2807800 nmethod 3517 0x00000001021364d0 code [0x0000000102136680, 0x0000000102136c68]
Event: 2422.471 Thread 0x00007fe1a2807800 3518   !   3       java.awt.AWTEvent::dispatched (47 bytes)
Event: 2422.473 Thread 0x00007fe1a2807800 nmethod 3518 0x0000000102487d90 code [0x0000000102487f80, 0x00000001024889b8]
Event: 2422.509 Thread 0x00007fe1a2807800 3519       1       java.beans.PropertyChangeEvent::getOldValue (5 bytes)
Event: 2422.509 Thread 0x00007fe1a2807800 nmethod 3519 0x00000001021f1450 code [0x00000001021f15a0, 0x00000001021f16b0]

GC Heap History (10 events):
Event: 5.304 GC heap before
{Heap before GC invocations=4 (full 0):
 PSYoungGen      total 18944K, used 18928K [0x00000007aab00000, 0x00000007ac000000, 0x00000007c0000000)
  eden space 16384K, 100% used [0x00000007aab00000,0x00000007abb00000,0x00000007abb00000)
  from space 2560K, 99% used [0x00000007abb00000,0x00000007abd7c050,0x00000007abd80000)
  to   space 2560K, 0% used [0x00000007abd80000,0x00000007abd80000,0x00000007ac000000)
 ParOldGen       total 44032K, used 6462K [0x0000000780000000, 0x0000000782b00000, 0x00000007aab00000)
  object space 44032K, 14% used [0x0000000780000000,0x000000078064fbd0,0x0000000782b00000)
 Metaspace       used 20360K, capacity 20585K, committed 20864K, reserved 1069056K
  class space    used 2071K, capacity 2143K, committed 2176K, reserved 1048576K
Event: 5.318 GC heap after
Heap after GC invocations=4 (full 0):
 PSYoungGen      total 18944K, used 2545K [0x00000007aab00000, 0x00000007ac000000, 0x00000007c0000000)
  eden space 16384K, 0% used [0x00000007aab00000,0x00000007aab00000,0x00000007abb00000)
  from space 2560K, 99% used [0x00000007abd80000,0x00000007abffc4a8,0x00000007ac000000)
  to   space 2560K, 0% used [0x00000007abb00000,0x00000007abb00000,0x00000007abd80000)
 ParOldGen       total 44032K, used 11102K [0x0000000780000000, 0x0000000782b00000, 0x00000007aab00000)
  object space 44032K, 25% used [0x0000000780000000,0x0000000780ad78e8,0x0000000782b00000)
 Metaspace       used 20360K, capacity 20585K, committed 20864K, reserved 1069056K
  class space    used 2071K, capacity 2143K, committed 2176K, reserved 1048576K
}
Event: 5.596 GC heap before
{Heap before GC invocations=5 (full 0):
 PSYoungGen      total 18944K, used 12143K [0x00000007aab00000, 0x00000007ac000000, 0x00000007c0000000)
  eden space 16384K, 58% used [0x00000007aab00000,0x00000007ab45f950,0x00000007abb00000)
  from space 2560K, 99% used [0x00000007abd80000,0x00000007abffc4a8,0x00000007ac000000)
  to   space 2560K, 0% used [0x00000007abb00000,0x00000007abb00000,0x00000007abd80000)
 ParOldGen       total 44032K, used 11102K [0x0000000780000000, 0x0000000782b00000, 0x00000007aab00000)
  object space 44032K, 25% used [0x0000000780000000,0x0000000780ad78e8,0x0000000782b00000)
 Metaspace       used 20924K, capacity 21129K, committed 21296K, reserved 1069056K
  class space    used 2118K, capacity 2175K, committed 2176K, reserved 1048576K
Event: 5.605 GC heap after
Heap after GC invocations=5 (full 0):
 PSYoungGen      total 18944K, used 2544K [0x00000007aab00000, 0x00000007add00000, 0x00000007c0000000)
  eden space 16384K, 0% used [0x00000007aab00000,0x00000007aab00000,0x00000007abb00000)
  from space 2560K, 99% used [0x00000007abb00000,0x00000007abd7c040,0x00000007abd80000)
  to   space 9216K, 0% used [0x00000007ad400000,0x00000007ad400000,0x00000007add00000)
 ParOldGen       total 44032K, used 15700K [0x0000000780000000, 0x0000000782b00000, 0x00000007aab00000)
  object space 44032K, 35% used [0x0000000780000000,0x0000000780f552b8,0x0000000782b00000)
 Metaspace       used 20924K, capacity 21129K, committed 21296K, reserved 1069056K
  class space    used 2118K, capacity 2175K, committed 2176K, reserved 1048576K
}
Event: 5.605 GC heap before
{Heap before GC invocations=6 (full 1):
 PSYoungGen      total 18944K, used 2544K [0x00000007aab00000, 0x00000007add00000, 0x00000007c0000000)
  eden space 16384K, 0% used [0x00000007aab00000,0x00000007aab00000,0x00000007abb00000)
  from space 2560K, 99% used [0x00000007abb00000,0x00000007abd7c040,0x00000007abd80000)
  to   space 9216K, 0% used [0x00000007ad400000,0x00000007ad400000,0x00000007add00000)
 ParOldGen       total 44032K, used 15700K [0x0000000780000000, 0x0000000782b00000, 0x00000007aab00000)
  object space 44032K, 35% used [0x0000000780000000,0x0000000780f552b8,0x0000000782b00000)
 Metaspace       used 20924K, capacity 21129K, committed 21296K, reserved 1069056K
  class space    used 2118K, capacity 2175K, committed 2176K, reserved 1048576K
Event: 5.653 GC heap after
Heap after GC invocations=6 (full 1):
 PSYoungGen      total 18944K, used 0K [0x00000007aab00000, 0x00000007add00000, 0x00000007c0000000)
  eden space 16384K, 0% used [0x00000007aab00000,0x00000007aab00000,0x00000007abb00000)
  from space 2560K, 0% used [0x00000007abb00000,0x00000007abb00000,0x00000007abd80000)
  to   space 9216K, 0% used [0x00000007ad400000,0x00000007ad400000,0x00000007add00000)
 ParOldGen       total 44032K, used 14393K [0x0000000780000000, 0x0000000782b00000, 0x00000007aab00000)
  object space 44032K, 32% used [0x0000000780000000,0x0000000780e0e460,0x0000000782b00000)
 Metaspace       used 20924K, capacity 21129K, committed 21296K, reserved 1069056K
  class space    used 2118K, capacity 2175K, committed 2176K, reserved 1048576K
}
Event: 6.237 GC heap before
{Heap before GC invocations=7 (full 1):
 PSYoungGen      total 18944K, used 16141K [0x00000007aab00000, 0x00000007add00000, 0x00000007c0000000)
  eden space 16384K, 98% used [0x00000007aab00000,0x00000007abac3440,0x00000007abb00000)
  from space 2560K, 0% used [0x00000007abb00000,0x00000007abb00000,0x00000007abd80000)
  to   space 9216K, 0% used [0x00000007ad400000,0x00000007ad400000,0x00000007add00000)
 ParOldGen       total 44032K, used 14393K [0x0000000780000000, 0x0000000782b00000, 0x00000007aab00000)
  object space 44032K, 32% used [0x0000000780000000,0x0000000780e0e460,0x0000000782b00000)
 Metaspace       used 21455K, capacity 21631K, committed 21936K, reserved 1069056K
  class space    used 2150K, capacity 2210K, committed 2304K, reserved 1048576K
Event: 6.241 GC heap after
Heap after GC invocations=7 (full 1):
 PSYoungGen      total 30720K, used 4344K [0x00000007aab00000, 0x00000007ad880000, 0x00000007c0000000)
  eden space 26112K, 0% used [0x00000007aab00000,0x00000007aab00000,0x00000007ac480000)
  from space 4608K, 94% used [0x00000007ad400000,0x00000007ad83e2d0,0x00000007ad880000)
  to   space 9216K, 0% used [0x00000007ac680000,0x00000007ac680000,0x00000007acf80000)
 ParOldGen       total 44032K, used 14401K [0x0000000780000000, 0x0000000782b00000, 0x00000007aab00000)
  object space 44032K, 32% used [0x0000000780000000,0x0000000780e10460,0x0000000782b00000)
 Metaspace       used 21455K, capacity 21631K, committed 21936K, reserved 1069056K
  class space    used 2150K, capacity 2210K, committed 2304K, reserved 1048576K
}
Event: 11.421 GC heap before
{Heap before GC invocations=8 (full 1):
 PSYoungGen      total 30720K, used 30456K [0x00000007aab00000, 0x00000007ad880000, 0x00000007c0000000)
  eden space 26112K, 100% used [0x00000007aab00000,0x00000007ac480000,0x00000007ac480000)
  from space 4608K, 94% used [0x00000007ad400000,0x00000007ad83e2d0,0x00000007ad880000)
  to   space 9216K, 0% used [0x00000007ac680000,0x00000007ac680000,0x00000007acf80000)
 ParOldGen       total 44032K, used 14401K [0x0000000780000000, 0x0000000782b00000, 0x00000007aab00000)
  object space 44032K, 32% used [0x0000000780000000,0x0000000780e10460,0x0000000782b00000)
 Metaspace       used 21923K, capacity 22147K, committed 22448K, reserved 1069056K
  class space    used 2168K, capacity 2248K, committed 2304K, reserved 1048576K
Event: 11.425 GC heap after
Heap after GC invocations=8 (full 1):
 PSYoungGen      total 37376K, used 4880K [0x00000007aab00000, 0x00000007ae280000, 0x00000007c0000000)
  eden space 28160K, 0% used [0x00000007aab00000,0x00000007aab00000,0x00000007ac680000)
  from space 9216K, 52% used [0x00000007ac680000,0x00000007acb44130,0x00000007acf80000)
  to   space 8704K, 0% used [0x00000007ada00000,0x00000007ada00000,0x00000007ae280000)
 ParOldGen       total 44032K, used 14409K [0x0000000780000000, 0x0000000782b00000, 0x00000007aab00000)
  object space 44032K, 32% used [0x0000000780000000,0x0000000780e12460,0x0000000782b00000)
 Metaspace       used 21923K, capacity 22147K, committed 22448K, reserved 1069056K
  class space    used 2168K, capacity 2248K, committed 2304K, reserved 1048576K
}

Deoptimization events (10 events):
Event: 13.440 Thread 0x00007fe1a21b9800 Uncommon trap: reason=unstable_if action=reinterpret pc=0x00000001024aa1f4 method=java.awt.font.FontRenderContext.equals(Ljava/awt/font/FontRenderContext;)Z @ 2
Event: 13.440 Thread 0x00007fe1a21b9800 Uncommon trap: reason=unstable_if action=reinterpret pc=0x000000010230ff78 method=java.awt.font.FontRenderContext.equals(Ljava/awt/font/FontRenderContext;)Z @ 2
Event: 13.441 Thread 0x00007fe1a21b9800 Uncommon trap: reason=class_check action=maybe_recompile pc=0x0000000101efaf1c method=java.lang.String.equals(Ljava/lang/Object;)Z @ 8
Event: 13.442 Thread 0x00007fe1a21b9800 Uncommon trap: reason=class_check action=maybe_recompile pc=0x000000010237d3a0 method=java.util.regex.Matcher.search(I)Z @ 86
Event: 13.444 Thread 0x00007fe1a21b9800 Uncommon trap: reason=unstable_if action=reinterpret pc=0x0000000101f3b638 method=java.lang.AbstractStringBuilder.append(Ljava/lang/String;)Ljava/lang/AbstractStringBuilder; @ 1
Event: 13.445 Thread 0x00007fe1a21b9800 Uncommon trap: reason=class_check action=maybe_recompile pc=0x0000000101efaf1c method=java.lang.String.equals(Ljava/lang/Object;)Z @ 8
Event: 13.450 Thread 0x00007fe1a21b9800 Uncommon trap: reason=class_check action=maybe_recompile pc=0x0000000101efaf1c method=java.lang.String.equals(Ljava/lang/Object;)Z @ 8
Event: 13.450 Thread 0x00007fe1a21b9800 Uncommon trap: reason=class_check action=maybe_recompile pc=0x0000000101efaf1c method=java.lang.String.equals(Ljava/lang/Object;)Z @ 8
Event: 2420.908 Thread 0x00007fe1a21b9800 Uncommon trap: reason=unstable_if action=reinterpret pc=0x00000001027aebd8 method=java.awt.Component.isShowing()Z @ 27
Event: 2422.488 Thread 0x00007fe1a399f800 Uncommon trap: reason=unstable_if action=reinterpret pc=0x00000001022680e8 method=java.util.HashMap.putVal(ILjava/lang/Object;Ljava/lang/Object;ZZ)Ljava/lang/Object; @ 81

Internal exceptions (10 events):
Event: 0.605 Thread 0x00007fe1a3808000 Exception <a 'java/io/FileNotFoundException'> (0x00000007aad8b048) thrown at [/HUDSON3/workspace/8-2-build-macosx-x86_64/jdk8u73/6086/hotspot/src/share/vm/prims/jni.cpp, line 709]
Event: 0.613 Thread 0x00007fe1a3808000 Implicit null exception at 0x0000000101eecd9c to 0x0000000101eecf81
Event: 0.841 Thread 0x00007fe1a3808000 Exception <a 'java/io/FileNotFoundException'> (0x00000007aaee00e0) thrown at [/HUDSON3/workspace/8-2-build-macosx-x86_64/jdk8u73/6086/hotspot/src/share/vm/prims/jni.cpp, line 709]
Event: 2.969 Thread 0x00007fe1a2808800 Exception <a 'java/lang/NullPointerException'> (0x00000007aab81880) thrown at [/HUDSON3/workspace/8-2-build-macosx-x86_64/jdk8u73/6086/hotspot/src/share/vm/interpreter/linkResolver.cpp, line 1178]
Event: 3.074 Thread 0x00007fe1a3e0a800 Exception <a 'java/lang/UnsatisfiedLinkError': com.jogamp.common.util.JarUtil.fixNativeLibAttribs(Ljava/lang/String;)Z> (0x00000007ab08d418) thrown at [/HUDSON3/workspace/8-2-build-macosx-x86_64/jdk8u73/6086/hotspot/src/share/vm/prims/nativeLookup.cpp, li
Event: 4.021 Thread 0x00007fe1a21b9800 Exception <a 'java/io/FileNotFoundException'> (0x00000007ab3e5b60) thrown at [/HUDSON3/workspace/8-2-build-macosx-x86_64/jdk8u73/6086/hotspot/src/share/vm/prims/jni.cpp, line 709]
Event: 4.021 Thread 0x00007fe1a21b9800 Exception <a 'java/io/FileNotFoundException'> (0x00000007ab3f23a0) thrown at [/HUDSON3/workspace/8-2-build-macosx-x86_64/jdk8u73/6086/hotspot/src/share/vm/prims/jni.cpp, line 709]
Event: 4.022 Thread 0x00007fe1a21b9800 Implicit null exception at 0x0000000101f3a135 to 0x0000000101f3a499
Event: 5.790 Thread 0x00007fe1a21b9800 Implicit null exception at 0x0000000102300e65 to 0x0000000102300fb9
Event: 13.444 Thread 0x00007fe1a21b9800 Implicit null exception at 0x0000000101f3b2b5 to 0x0000000101f3b625

Events (10 events):
Event: 2422.489 loading class sun/applet/AppletPanel$5 done
Event: 2422.491 loading class jogamp/opengl/macosx/cgl/MacOSXCGLContext$NSOpenGLImpl$DetachGLLayerCmd
Event: 2422.491 loading class jogamp/opengl/macosx/cgl/MacOSXCGLContext$NSOpenGLImpl$DetachGLLayerCmd done
Event: 2422.494 loading class jogamp/nativewindow/jawt/macosx/MacOSXJAWTWindow$4
Event: 2422.494 loading class jogamp/nativewindow/jawt/macosx/MacOSXJAWTWindow$4 done
Event: 2422.506 loading class com/jogamp/nativewindow/awt/JAWTWindow$JAWTComponentListener$2
Event: 2422.506 loading class com/jogamp/nativewindow/awt/JAWTWindow$JAWTComponentListener$2 done
Event: 2422.507 loading class jogamp/nativewindow/jawt/macosx/MacOSXJAWTWindow$1
Event: 2422.507 loading class jogamp/nativewindow/jawt/macosx/MacOSXJAWTWindow$1 done
Event: 2422.509 Thread 0x00007fe1a399f800 Thread exited: 0x00007fe1a399f800


Dynamic libraries:
0x0000000000fce000 	/System/Library/Frameworks/Cocoa.framework/Versions/A/Cocoa
0x0000000000fce000 	/System/Library/Frameworks/Security.framework/Versions/A/Security
0x0000000000fce000 	/System/Library/Frameworks/ApplicationServices.framework/Versions/A/ApplicationServices
0x0000000000fce000 	/usr/lib/libz.1.dylib
0x0000000000fce000 	/usr/lib/libSystem.B.dylib
0x0000000000fce000 	/usr/lib/libobjc.A.dylib
0x0000000000fce000 	/System/Library/Frameworks/CoreFoundation.framework/Versions/A/CoreFoundation
0x0000000000fce000 	/System/Library/Frameworks/Foundation.framework/Versions/C/Foundation
0x0000000000fce000 	/System/Library/Frameworks/AppKit.framework/Versions/C/AppKit
0x0000000000fce000 	/System/Library/Frameworks/CoreData.framework/Versions/A/CoreData
0x0000000000fce000 	/System/Library/PrivateFrameworks/RemoteViewServices.framework/Versions/A/RemoteViewServices
0x0000000000fce000 	/System/Library/PrivateFrameworks/UIFoundation.framework/Versions/A/UIFoundation
0x0000000000fce000 	/System/Library/Frameworks/IOSurface.framework/Versions/A/IOSurface
0x0000000000fce000 	/System/Library/Frameworks/AudioToolbox.framework/Versions/A/AudioToolbox
0x0000000000fce000 	/System/Library/Frameworks/AudioUnit.framework/Versions/A/AudioUnit
0x0000000000fce000 	/System/Library/PrivateFrameworks/DataDetectorsCore.framework/Versions/A/DataDetectorsCore
0x0000000000fce000 	/System/Library/PrivateFrameworks/DesktopServicesPriv.framework/Versions/A/DesktopServicesPriv
0x0000000000fce000 	/System/Library/Frameworks/Carbon.framework/Versions/A/Frameworks/HIToolbox.framework/Versions/A/HIToolbox
0x0000000000fce000 	/System/Library/Frameworks/QuartzCore.framework/Versions/A/QuartzCore
0x0000000000fce000 	/System/Library/Frameworks/Carbon.framework/Versions/A/Frameworks/SpeechRecognition.framework/Versions/A/SpeechRecognition
0x0000000000fce000 	/usr/lib/libauto.dylib
0x0000000000fce000 	/usr/lib/libicucore.A.dylib
0x0000000000fce000 	/usr/lib/libxml2.2.dylib
0x0000000000fce000 	/System/Library/PrivateFrameworks/CoreUI.framework/Versions/A/CoreUI
0x0000000000fce000 	/System/Library/Frameworks/CoreAudio.framework/Versions/A/CoreAudio
0x0000000000fce000 	/System/Library/Frameworks/DiskArbitration.framework/Versions/A/DiskArbitration
0x0000000000fce000 	/usr/lib/liblangid.dylib
0x0000000000fce000 	/System/Library/PrivateFrameworks/MultitouchSupport.framework/Versions/A/MultitouchSupport
0x0000000000fce000 	/System/Library/Frameworks/IOKit.framework/Versions/A/IOKit
0x0000000000fce000 	/usr/lib/libDiagnosticMessagesClient.dylib
0x0000000000fce000 	/System/Library/Frameworks/CoreServices.framework/Versions/A/CoreServices
0x0000000000fce000 	/System/Library/PrivateFrameworks/PerformanceAnalysis.framework/Versions/A/PerformanceAnalysis
0x0000000000fce000 	/System/Library/PrivateFrameworks/GenerationalStorage.framework/Versions/A/GenerationalStorage
0x0000000000fce000 	/System/Library/Frameworks/OpenGL.framework/Versions/A/OpenGL
0x0000000000fce000 	/System/Library/PrivateFrameworks/Sharing.framework/Versions/A/Sharing
0x0000000000fce000 	/System/Library/Frameworks/CoreGraphics.framework/Versions/A/CoreGraphics
0x0000000000fce000 	/System/Library/Frameworks/CoreText.framework/Versions/A/CoreText
0x0000000000fce000 	/System/Library/Frameworks/ImageIO.framework/Versions/A/ImageIO
0x0000000000fce000 	/usr/lib/libextension.dylib
0x0000000000fce000 	/System/Library/PrivateFrameworks/Backup.framework/Versions/A/Backup
0x0000000000fce000 	/usr/lib/libarchive.2.dylib
0x0000000000fce000 	/System/Library/Frameworks/CFNetwork.framework/Versions/A/CFNetwork
0x0000000000fce000 	/System/Library/Frameworks/SystemConfiguration.framework/Versions/A/SystemConfiguration
0x0000000000fce000 	/usr/lib/libCRFSuite.dylib
0x0000000000fce000 	/usr/lib/libc++.1.dylib
0x0000000000fce000 	/usr/lib/libc++abi.dylib
0x0000000000fce000 	/usr/lib/system/libcache.dylib
0x0000000000fce000 	/usr/lib/system/libcommonCrypto.dylib
0x0000000000fce000 	/usr/lib/system/libcompiler_rt.dylib
0x0000000000fce000 	/usr/lib/system/libcopyfile.dylib
0x0000000000fce000 	/usr/lib/system/libcorecrypto.dylib
0x0000000000fce000 	/usr/lib/system/libdispatch.dylib
0x0000000000fce000 	/usr/lib/system/libdyld.dylib
0x0000000000fce000 	/usr/lib/system/libkeymgr.dylib
0x0000000000fce000 	/usr/lib/system/liblaunch.dylib
0x0000000000fce000 	/usr/lib/system/libmacho.dylib
0x0000000000fce000 	/usr/lib/system/libquarantine.dylib
0x0000000000fce000 	/usr/lib/system/libremovefile.dylib
0x0000000000fce000 	/usr/lib/system/libsystem_asl.dylib
0x0000000000fce000 	/usr/lib/system/libsystem_blocks.dylib
0x0000000000fce000 	/usr/lib/system/libsystem_c.dylib
0x0000000000fce000 	/usr/lib/system/libsystem_configuration.dylib
0x0000000000fce000 	/usr/lib/system/libsystem_coreservices.dylib
0x0000000000fce000 	/usr/lib/system/libsystem_coretls.dylib
0x0000000000fce000 	/usr/lib/system/libsystem_dnssd.dylib
0x0000000000fce000 	/usr/lib/system/libsystem_info.dylib
0x0000000000fce000 	/usr/lib/system/libsystem_kernel.dylib
0x0000000000fce000 	/usr/lib/system/libsystem_m.dylib
0x0000000000fce000 	/usr/lib/system/libsystem_malloc.dylib
0x0000000000fce000 	/usr/lib/system/libsystem_network.dylib
0x0000000000fce000 	/usr/lib/system/libsystem_networkextension.dylib
0x0000000000fce000 	/usr/lib/system/libsystem_notify.dylib
0x0000000000fce000 	/usr/lib/system/libsystem_platform.dylib
0x0000000000fce000 	/usr/lib/system/libsystem_pthread.dylib
0x0000000000fce000 	/usr/lib/system/libsystem_sandbox.dylib
0x0000000000fce000 	/usr/lib/system/libsystem_secinit.dylib
0x0000000000fce000 	/usr/lib/system/libsystem_stats.dylib
0x0000000000fce000 	/usr/lib/system/libsystem_trace.dylib
0x0000000000fce000 	/usr/lib/system/libunc.dylib
0x0000000000fce000 	/usr/lib/system/libunwind.dylib
0x0000000000fce000 	/usr/lib/system/libxpc.dylib
0x0000000000fce000 	/usr/lib/libbz2.1.0.dylib
0x0000000000fce000 	/usr/lib/liblzma.5.dylib
0x0000000000fce000 	/usr/lib/libbsm.0.dylib
0x0000000000fce000 	/usr/lib/libsqlite3.dylib
0x0000000000fce000 	/usr/lib/system/libkxld.dylib
0x0000000000fce000 	/usr/lib/libxar.1.dylib
0x0000000000fce000 	/usr/lib/libpam.2.dylib
0x0000000000fce000 	/usr/lib/libOpenScriptingUtil.dylib
0x0000000000fce000 	/System/Library/Frameworks/CoreServices.framework/Versions/A/Frameworks/FSEvents.framework/Versions/A/FSEvents
0x0000000000fce000 	/System/Library/Frameworks/CoreServices.framework/Versions/A/Frameworks/CarbonCore.framework/Versions/A/CarbonCore
0x0000000000fce000 	/System/Library/Frameworks/CoreServices.framework/Versions/A/Frameworks/Metadata.framework/Versions/A/Metadata
0x0000000000fce000 	/System/Library/Frameworks/CoreServices.framework/Versions/A/Frameworks/OSServices.framework/Versions/A/OSServices
0x0000000000fce000 	/System/Library/Frameworks/CoreServices.framework/Versions/A/Frameworks/SearchKit.framework/Versions/A/SearchKit
0x0000000000fce000 	/System/Library/Frameworks/CoreServices.framework/Versions/A/Frameworks/AE.framework/Versions/A/AE
0x0000000000fce000 	/System/Library/Frameworks/CoreServices.framework/Versions/A/Frameworks/LaunchServices.framework/Versions/A/LaunchServices
0x0000000000fce000 	/System/Library/Frameworks/CoreServices.framework/Versions/A/Frameworks/DictionaryServices.framework/Versions/A/DictionaryServices
0x0000000000fce000 	/System/Library/Frameworks/NetFS.framework/Versions/A/NetFS
0x0000000000fce000 	/System/Library/PrivateFrameworks/NetAuth.framework/Versions/A/NetAuth
0x0000000000fce000 	/System/Library/PrivateFrameworks/login.framework/Versions/A/Frameworks/loginsupport.framework/Versions/A/loginsupport
0x0000000000fce000 	/System/Library/PrivateFrameworks/TCC.framework/Versions/A/TCC
0x0000000000fce000 	/usr/lib/libmecabra.dylib
0x0000000000fce000 	/System/Library/Frameworks/ApplicationServices.framework/Versions/A/Frameworks/ATS.framework/Versions/A/ATS
0x0000000000fce000 	/System/Library/Frameworks/ApplicationServices.framework/Versions/A/Frameworks/ColorSync.framework/Versions/A/ColorSync
0x0000000000fce000 	/System/Library/Frameworks/ApplicationServices.framework/Versions/A/Frameworks/HIServices.framework/Versions/A/HIServices
0x0000000000fce000 	/System/Library/Frameworks/ApplicationServices.framework/Versions/A/Frameworks/LangAnalysis.framework/Versions/A/LangAnalysis
0x0000000000fce000 	/System/Library/Frameworks/ApplicationServices.framework/Versions/A/Frameworks/PrintCore.framework/Versions/A/PrintCore
0x0000000000fce000 	/System/Library/Frameworks/ApplicationServices.framework/Versions/A/Frameworks/QD.framework/Versions/A/QD
0x0000000000fce000 	/System/Library/Frameworks/ApplicationServices.framework/Versions/A/Frameworks/SpeechSynthesis.framework/Versions/A/SpeechSynthesis
0x0000000000fce000 	/System/Library/Frameworks/Accelerate.framework/Versions/A/Accelerate
0x0000000000fce000 	/System/Library/Frameworks/Accelerate.framework/Versions/A/Frameworks/vImage.framework/Versions/A/vImage
0x0000000000fce000 	/System/Library/Frameworks/Accelerate.framework/Versions/A/Frameworks/vecLib.framework/Versions/A/vecLib
0x0000000000fce000 	/System/Library/Frameworks/Accelerate.framework/Versions/A/Frameworks/vecLib.framework/Versions/A/libvDSP.dylib
0x0000000000fce000 	/System/Library/Frameworks/Accelerate.framework/Versions/A/Frameworks/vecLib.framework/Versions/A/libvMisc.dylib
0x0000000000fce000 	/System/Library/Frameworks/Accelerate.framework/Versions/A/Frameworks/vecLib.framework/Versions/A/libLAPACK.dylib
0x0000000000fce000 	/System/Library/Frameworks/Accelerate.framework/Versions/A/Frameworks/vecLib.framework/Versions/A/libBLAS.dylib
0x0000000000fce000 	/System/Library/Frameworks/Accelerate.framework/Versions/A/Frameworks/vecLib.framework/Versions/A/libLinearAlgebra.dylib
0x0000000000fce000 	/System/Library/Frameworks/ApplicationServices.framework/Versions/A/Frameworks/ATS.framework/Versions/A/Resources/libFontParser.dylib
0x0000000000fce000 	/System/Library/Frameworks/ApplicationServices.framework/Versions/A/Frameworks/ATS.framework/Versions/A/Resources/libFontRegistry.dylib
0x0000000000fce000 	/System/Library/PrivateFrameworks/AppleVPA.framework/Versions/A/AppleVPA
0x0000000000fce000 	/System/Library/PrivateFrameworks/AppleJPEG.framework/Versions/A/AppleJPEG
0x0000000000fce000 	/System/Library/Frameworks/ImageIO.framework/Versions/A/Resources/libJPEG.dylib
0x0000000000fce000 	/System/Library/Frameworks/ImageIO.framework/Versions/A/Resources/libTIFF.dylib
0x0000000000fce000 	/System/Library/Frameworks/ImageIO.framework/Versions/A/Resources/libPng.dylib
0x0000000000fce000 	/System/Library/Frameworks/ImageIO.framework/Versions/A/Resources/libGIF.dylib
0x0000000000fce000 	/System/Library/Frameworks/ImageIO.framework/Versions/A/Resources/libJP2.dylib
0x0000000000fce000 	/System/Library/Frameworks/ImageIO.framework/Versions/A/Resources/libRadiance.dylib
0x0000000000fce000 	/System/Library/Frameworks/CoreVideo.framework/Versions/A/CoreVideo
0x0000000000fce000 	/System/Library/Frameworks/OpenGL.framework/Versions/A/Libraries/libGLU.dylib
0x0000000000fce000 	/System/Library/Frameworks/OpenGL.framework/Versions/A/Libraries/libGFXShared.dylib
0x0000000000fce000 	/System/Library/Frameworks/OpenGL.framework/Versions/A/Libraries/libGL.dylib
0x0000000000fce000 	/System/Library/Frameworks/OpenGL.framework/Versions/A/Libraries/libGLImage.dylib
0x0000000000fce000 	/System/Library/Frameworks/OpenGL.framework/Versions/A/Libraries/libCVMSPluginSupport.dylib
0x0000000000fce000 	/System/Library/Frameworks/OpenGL.framework/Versions/A/Libraries/libCoreVMClient.dylib
0x0000000000fce000 	/usr/lib/libcups.2.dylib
0x0000000000fce000 	/System/Library/Frameworks/Kerberos.framework/Versions/A/Kerberos
0x0000000000fce000 	/System/Library/Frameworks/GSS.framework/Versions/A/GSS
0x0000000000fce000 	/usr/lib/libresolv.9.dylib
0x0000000000fce000 	/usr/lib/libiconv.2.dylib
0x0000000000fce000 	/System/Library/PrivateFrameworks/Heimdal.framework/Versions/A/Heimdal
0x0000000000fce000 	/usr/lib/libheimdal-asn1.dylib
0x0000000000fce000 	/System/Library/Frameworks/OpenDirectory.framework/Versions/A/OpenDirectory
0x0000000000fce000 	/System/Library/PrivateFrameworks/CommonAuth.framework/Versions/A/CommonAuth
0x0000000000fce000 	/System/Library/Frameworks/OpenDirectory.framework/Versions/A/Frameworks/CFOpenDirectory.framework/Versions/A/CFOpenDirectory
0x0000000000fce000 	/System/Library/Frameworks/SecurityFoundation.framework/Versions/A/SecurityFoundation
0x0000000000fce000 	/System/Library/PrivateFrameworks/LanguageModeling.framework/Versions/A/LanguageModeling
0x0000000000fce000 	/usr/lib/libcmph.dylib
0x0000000000fce000 	/System/Library/Frameworks/ServiceManagement.framework/Versions/A/ServiceManagement
0x0000000000fce000 	/usr/lib/libxslt.1.dylib
0x0000000000fce000 	/System/Library/Frameworks/Carbon.framework/Versions/A/Frameworks/Ink.framework/Versions/A/Ink
0x0000000000fce000 	/System/Library/Frameworks/QuartzCore.framework/Versions/A/Frameworks/CoreImage.framework/Versions/A/CoreImage
0x0000000000fce000 	/System/Library/PrivateFrameworks/CrashReporterSupport.framework/Versions/A/CrashReporterSupport
0x0000000000fce000 	/System/Library/Frameworks/OpenCL.framework/Versions/A/OpenCL
0x0000000000fce000 	/System/Library/PrivateFrameworks/FaceCore.framework/Versions/A/FaceCore
0x0000000000fce000 	/System/Library/PrivateFrameworks/Ubiquity.framework/Versions/A/Ubiquity
0x0000000000fce000 	/System/Library/PrivateFrameworks/IconServices.framework/Versions/A/IconServices
0x0000000000fce000 	/System/Library/PrivateFrameworks/ChunkingLibrary.framework/Versions/A/ChunkingLibrary
0x0000000000fce000 	/System/Library/PrivateFrameworks/Apple80211.framework/Versions/A/Apple80211
0x0000000000fce000 	/System/Library/Frameworks/CoreWLAN.framework/Versions/A/CoreWLAN
0x0000000000fce000 	/System/Library/Frameworks/IOBluetooth.framework/Versions/A/IOBluetooth
0x0000000000fce000 	/System/Library/PrivateFrameworks/CoreWiFi.framework/Versions/A/CoreWiFi
0x0000000000fce000 	/System/Library/Frameworks/CoreBluetooth.framework/Versions/A/CoreBluetooth
0x0000000000fce000 	/System/Library/PrivateFrameworks/DebugSymbols.framework/Versions/A/DebugSymbols
0x0000000000fce000 	/System/Library/PrivateFrameworks/CoreSymbolication.framework/Versions/A/CoreSymbolication
0x0000000000fce000 	/System/Library/PrivateFrameworks/Symbolication.framework/Versions/A/Symbolication
0x0000000000fce000 	/System/Library/PrivateFrameworks/SpeechRecognitionCore.framework/Versions/A/SpeechRecognitionCore
0x0000000100e00000 	/Library/Java/JavaVirtualMachines/jdk1.8.0_73.jdk/Contents/Home/jre/lib/server/libjvm.dylib
0x0000000000fce000 	/usr/lib/libstdc++.6.dylib
0x0000000100574000 	/Library/Java/JavaVirtualMachines/jdk1.8.0_73.jdk/Contents/Home/jre/lib/libverify.dylib
0x0000000100582000 	/Library/Java/JavaVirtualMachines/jdk1.8.0_73.jdk/Contents/Home/jre/lib/libjava.dylib
0x00000001005c1000 	/Library/Java/JavaVirtualMachines/jdk1.8.0_73.jdk/Contents/Home/jre/lib/libzip.dylib
0x0000000115867000 	/System/Library/Frameworks/JavaVM.framework/Frameworks/JavaRuntimeSupport.framework/JavaRuntimeSupport
0x000000011587f000 	/System/Library/Frameworks/JavaVM.framework/Versions/A/Frameworks/JavaNativeFoundation.framework/Versions/A/JavaNativeFoundation
0x0000000115894000 	/System/Library/Frameworks/JavaVM.framework/Versions/A/JavaVM
0x0000000000fce000 	/System/Library/Frameworks/Carbon.framework/Versions/A/Carbon
0x00000001158a1000 	/System/Library/PrivateFrameworks/JavaLaunching.framework/Versions/A/JavaLaunching
0x0000000000fce000 	/System/Library/Frameworks/Carbon.framework/Versions/A/Frameworks/CommonPanels.framework/Versions/A/CommonPanels
0x0000000000fce000 	/System/Library/Frameworks/Carbon.framework/Versions/A/Frameworks/Help.framework/Versions/A/Help
0x0000000000fce000 	/System/Library/Frameworks/Carbon.framework/Versions/A/Frameworks/ImageCapture.framework/Versions/A/ImageCapture
0x0000000000fce000 	/System/Library/Frameworks/Carbon.framework/Versions/A/Frameworks/OpenScripting.framework/Versions/A/OpenScripting
0x0000000000fce000 	/System/Library/Frameworks/Carbon.framework/Versions/A/Frameworks/Print.framework/Versions/A/Print
0x0000000000fce000 	/System/Library/Frameworks/Carbon.framework/Versions/A/Frameworks/SecurityHI.framework/Versions/A/SecurityHI
0x00000001177a1000 	/Library/Java/JavaVirtualMachines/jdk1.8.0_73.jdk/Contents/Home/jre/lib/libawt.dylib
0x0000000117849000 	/Library/Java/JavaVirtualMachines/jdk1.8.0_73.jdk/Contents/Home/jre/lib/./libmlib_image.dylib
0x0000000117915000 	/Library/Java/JavaVirtualMachines/jdk1.8.0_73.jdk/Contents/Home/jre/lib/libawt_lwawt.dylib
0x00000001179ca000 	/Library/Java/JavaVirtualMachines/jdk1.8.0_73.jdk/Contents/Home/jre/lib/./libosxapp.dylib
0x0000000000fce000 	/System/Library/Frameworks/ExceptionHandling.framework/Versions/A/ExceptionHandling
0x0000000000fce000 	/System/Library/PrivateFrameworks/CoreServicesInternal.framework/Versions/A/CoreServicesInternal
0x0000000000fce000 	/System/Library/PrivateFrameworks/CloudDocs.framework/Versions/A/CloudDocs
0x0000000000fce000 	/System/Library/PrivateFrameworks/CoreDuet.framework/Versions/A/CoreDuet
0x0000000000fce000 	/System/Library/Frameworks/CloudKit.framework/Versions/A/CloudKit
0x0000000000fce000 	/System/Library/PrivateFrameworks/ProtocolBuffer.framework/Versions/A/ProtocolBuffer
0x0000000000fce000 	/System/Library/PrivateFrameworks/CoreDuetDaemonProtocol.framework/Versions/A/CoreDuetDaemonProtocol
0x0000000000fce000 	/System/Library/PrivateFrameworks/CoreDuetDebugLogging.framework/Versions/A/CoreDuetDebugLogging
0x0000000000fce000 	/System/Library/PrivateFrameworks/MMCS.framework/Versions/A/MMCS
0x0000000000fce000 	/System/Library/Frameworks/CoreLocation.framework/Versions/A/CoreLocation
0x0000000000fce000 	/System/Library/PrivateFrameworks/ProtectedCloudStorage.framework/Versions/A/ProtectedCloudStorage
0x0000000000fce000 	/System/Library/PrivateFrameworks/GeoServices.framework/Versions/A/GeoServices
0x0000000000fce000 	/System/Library/Frameworks/CoreGraphics.framework/Versions/A/Resources/libCGCMS.A.dylib
0x0000000000fce000 	/System/Library/Frameworks/CoreGraphics.framework/Versions/A/Resources/libRIP.A.dylib
0x0000000000fce000 	/System/Library/Frameworks/CoreGraphics.framework/Versions/A/Resources/libCGXType.A.dylib
0x0000000000fce000 	/System/Library/Frameworks/OpenCL.framework/Versions/A/Libraries/libcldcpuengine.dylib
0x0000000000fce000 	/System/Library/PrivateFrameworks/DiskImages.framework/Versions/A/DiskImages
0x0000000000fce000 	/System/Library/Frameworks/DiscRecording.framework/Versions/A/DiscRecording
0x0000000000fce000 	/usr/lib/libcsfde.dylib
0x0000000000fce000 	/usr/lib/libcurl.4.dylib
0x0000000000fce000 	/System/Library/PrivateFrameworks/MediaKit.framework/Versions/A/MediaKit
0x0000000000fce000 	/usr/lib/libCoreStorage.dylib
0x0000000000fce000 	/System/Library/PrivateFrameworks/EFILogin.framework/Versions/A/EFILogin
0x0000000000fce000 	/usr/lib/libutil.dylib
0x0000000000fce000 	/System/Library/PrivateFrameworks/FindMyDevice.framework/Versions/A/FindMyDevice
0x0000000000fce000 	/System/Library/Frameworks/LDAP.framework/Versions/A/LDAP
0x0000000000fce000 	/usr/lib/libsasl2.2.dylib
0x0000000000fce000 	/System/Library/PrivateFrameworks/CoreDaemon.framework/Versions/B/CoreDaemon
0x0000000000fce000 	/usr/lib/libcrypto.0.9.8.dylib
0x0000000000fce000 	/System/Library/PrivateFrameworks/AppleSRP.framework/Versions/A/AppleSRP
0x0000000000fce000 	/System/Library/PrivateFrameworks/TrustEvaluationAgent.framework/Versions/A/TrustEvaluationAgent
0x000000011acc5000 	cl_kernels
0x000000011acc7000 	/System/Library/Frameworks/OpenCL.framework/Versions/A/Libraries/ImageFormats/unorm8_bgra.dylib
0x000000011acb6000 	cl_kernels
0x0000000000fce000 	/System/Library/PrivateFrameworks/FamilyControls.framework/Versions/A/FamilyControls
0x0000000000fce000 	/System/Library/PrivateFrameworks/CommerceKit.framework/Versions/A/Frameworks/CommerceCore.framework/Versions/A/CommerceCore
0x0000000000fce000 	/System/Library/PrivateFrameworks/SystemAdministration.framework/Versions/A/SystemAdministration
0x0000000000fce000 	/System/Library/PrivateFrameworks/AppContainer.framework/Versions/A/AppContainer
0x0000000000fce000 	/System/Library/PrivateFrameworks/SecCodeWrapper.framework/Versions/A/SecCodeWrapper
0x0000000000fce000 	/System/Library/Frameworks/DirectoryService.framework/Versions/A/DirectoryService
0x0000000000fce000 	/System/Library/PrivateFrameworks/LoginUIKit.framework/Versions/A/Frameworks/LoginUICore.framework/Versions/A/LoginUICore
0x0000000000fce000 	/usr/lib/libodfde.dylib
0x0000000000fce000 	/System/Library/Frameworks/OpenGL.framework/Versions/A/Resources/GLEngine.bundle/GLEngine
0x0000000000fce000 	/System/Library/Frameworks/OpenGL.framework/Versions/A/Libraries/libGLProgrammability.dylib
0x000000011bfb0000 	/System/Library/Extensions/AppleIntelHD4000GraphicsGLDriver.bundle/Contents/MacOS/AppleIntelHD4000GraphicsGLDriver
0x0000000000fce000 	/System/Library/PrivateFrameworks/IOAccelerator.framework/Versions/A/IOAccelerator
0x0000000000fce000 	/System/Library/PrivateFrameworks/GPUSupport.framework/Versions/A/Libraries/libGPUSupportMercury.dylib
0x0000000000fce000 	/System/Library/Frameworks/OpenGL.framework/Versions/A/Resources/GLRendererFloat.bundle/GLRendererFloat
0x000000011cfa5000 	/Library/Java/JavaVirtualMachines/jdk1.8.0_73.jdk/Contents/Home/jre/lib/libfontmanager.dylib
0x000000011e24a000 	/Library/Java/JavaVirtualMachines/jdk1.8.0_73.jdk/Contents/Home/jre/lib/libosxui.dylib
0x000000011e312000 	/Library/Java/JavaVirtualMachines/jdk1.8.0_73.jdk/Contents/Home/jre/lib/libnet.dylib
0x000000011e329000 	/Library/Java/JavaVirtualMachines/jdk1.8.0_73.jdk/Contents/Home/jre/lib/libnio.dylib
0x0000000000fce000 	/System/Library/Frameworks/ApplicationServices.framework/Versions/A/Frameworks/ATS.framework/Versions/A/Resources/libTrueTypeScaler.dylib
0x000000018a96d000 	/private/var/folders/gx/lpn_2smn21b5jx4mf4ptd0z40000gn/T/jogamp_0000/file_cache/jln2771151971573058797/jln933652357014674768/libgluegen-rt.jnilib
0x0000000120266000 	/private/var/folders/gx/lpn_2smn21b5jx4mf4ptd0z40000gn/T/jogamp_0000/file_cache/jln2771151971573058797/jln933652357014674768/libnativewindow_awt.jnilib
0x000000018a971000 	/Library/Java/JavaVirtualMachines/jdk1.8.0_73.jdk/Contents/Home/jre/lib/libjawt.dylib
0x000000018a974000 	/private/var/folders/gx/lpn_2smn21b5jx4mf4ptd0z40000gn/T/jogamp_0000/file_cache/jln2771151971573058797/jln933652357014674768/libnativewindow_macosx.jnilib
0x000000018ca91000 	/private/var/folders/gx/lpn_2smn21b5jx4mf4ptd0z40000gn/T/jogamp_0000/file_cache/jln2771151971573058797/jln933652357014674768/libjogl_desktop.jnilib
0x000000018f04c000 	/Library/Java/JavaVirtualMachines/jdk1.8.0_73.jdk/Contents/Home/jre/lib/libt2k.dylib
0x0000000000fce000 	/System/Library/Frameworks/Accelerate.framework/Versions/A/Frameworks/vImage.framework/Versions/A/Libraries/libCGInterfaces.dylib

VM Arguments:
jvm_args: -Djava.security.policy=java.policy.applet -Dfile.encoding=UTF-8 
java_command: sun.applet.AppletViewer module6.EarthquakeCityMap1458449655071.html
java_class_path (initial): /Volumes/Other/ComputerScience/Java/Coursera/Java Programming Object-Oriented Design of Data Structures Specialization/UCSDUnfoldingMaps/build:/Volumes/Other/ComputerScience/Java/Coursera/Java Programming Object-Oriented Design of Data Structures Specialization/UCSDUnfoldingMaps/lib/core.jar:/Volumes/Other/ComputerScience/Java/Coursera/Java Programming Object-Oriented Design of Data Structures Specialization/UCSDUnfoldingMaps/lib/gluegen-rt.jar:/Volumes/Other/ComputerScience/Java/Coursera/Java Programming Object-Oriented Design of Data Structures Specialization/UCSDUnfoldingMaps/lib/jogl-all.jar:/Volumes/Other/ComputerScience/Java/Coursera/Java Programming Object-Oriented Design of Data Structures Specialization/UCSDUnfoldingMaps/lib/log4j-1.2.15.jar:/Volumes/Other/ComputerScience/Java/Coursera/Java Programming Object-Oriented Design of Data Structures Specialization/UCSDUnfoldingMaps/lib/sqlite-jdbc-3.7.2.jar:/Volumes/Other/ComputerScience/Java/Coursera/Java Programming Object-Oriented Design of Data Structures Specialization/UCSDUnfoldingMaps/lib/json4processing.jar:/Volumes/Other/ComputerScience/Java/Coursera/Java Programming Object-Oriented Design of Data Structures Specialization/UCSDUnfoldingMaps/lib/libTUIO.jar:/Volumes/Other/ComputerScience/Java/Coursera/Java Programming Object-Oriented Design of Data Structures Specialization/UCSDUnfoldingMaps/lib/unfolding.0.9.7-uscd.jar:/Volumes/Other/ComputerScience/Java/Coursera/Java Programming Object-Oriented Design of Data Structures Specialization/UCSDUnfoldingMaps/lib/controlP5/library/controlP5.jar:/Users/zhihuixie/Downloads/geonames-source-1.1.13.jar:/Users/zhihuixie/Downloads/jdom/build/jdom-1.1.3.jar
Launcher Type: SUN_STANDARD

Environment Variables:
PATH=/usr/bin:/bin:/usr/sbin:/sbin
SHELL=/bin/bash

Signal Handlers:
SIGSEGV: [libjvm.dylib+0x5a71a5], sa_mask[0]=11111111011111110111111111111111, sa_flags=SA_ONSTACK|SA_RESTART|SA_SIGINFO
SIGBUS: [libjvm.dylib+0x5a71a5], sa_mask[0]=11111111011111110111111111111111, sa_flags=SA_RESTART|SA_SIGINFO
SIGFPE: [libjvm.dylib+0x480eb4], sa_mask[0]=11111111011111110111111111111111, sa_flags=SA_RESTART|SA_SIGINFO
SIGPIPE: [libjvm.dylib+0x480eb4], sa_mask[0]=11111111011111110111111111111111, sa_flags=SA_RESTART|SA_SIGINFO
SIGXFSZ: [libjvm.dylib+0x480eb4], sa_mask[0]=11111111011111110111111111111111, sa_flags=SA_RESTART|SA_SIGINFO
SIGILL: [libjvm.dylib+0x480eb4], sa_mask[0]=11111111011111110111111111111111, sa_flags=SA_RESTART|SA_SIGINFO
SIGUSR1: SIG_DFL, sa_mask[0]=00000000000000000000000000000000, sa_flags=none
SIGUSR2: [libjvm.dylib+0x4809d2], sa_mask[0]=00100000000000000000000000000000, sa_flags=SA_RESTART|SA_SIGINFO
SIGHUP: [libjvm.dylib+0x47efa9], sa_mask[0]=11111111011111110111111111111111, sa_flags=SA_RESTART|SA_SIGINFO
SIGINT: [libjvm.dylib+0x47efa9], sa_mask[0]=11111111011111110111111111111111, sa_flags=SA_RESTART|SA_SIGINFO
SIGTERM: [libjvm.dylib+0x47efa9], sa_mask[0]=11111111011111110111111111111111, sa_flags=SA_RESTART|SA_SIGINFO
SIGQUIT: [libjvm.dylib+0x47efa9], sa_mask[0]=11111111011111110111111111111111, sa_flags=SA_RESTART|SA_SIGINFO


---------------  S Y S T E M  ---------------

OS:Bsduname:Darwin 14.5.0 Darwin Kernel Version 14.5.0: Wed Jul 29 02:26:53 PDT 2015; root:xnu-2782.40.9~1/RELEASE_X86_64 x86_64
rlimit: STACK 8192k, CORE 0k, NPROC 709, NOFILE 10240, AS infinity
load average:1.94 2.07 1.98

CPU:total 4 (2 cores per cpu, 2 threads per core) family 6 model 58 stepping 9, cmov, cx8, fxsr, mmx, sse, sse2, sse3, ssse3, sse4.1, sse4.2, popcnt, avx, aes, clmul, erms, ht, tsc, tscinvbit, tscinv

Memory: 4k page, physical 4194304k(114688k free)

/proc/meminfo:


vm_info: Java HotSpot(TM) 64-Bit Server VM (25.73-b02) for bsd-amd64 JRE (1.8.0_73-b02), built on Jan 29 2016 15:02:00 by "java_re" with gcc 4.2.1 (Based on Apple Inc. build 5658) (LLVM build 2336.11.00)

time: Sat Mar 19 22:34:38 2016
elapsed time: 2423 seconds (0d 0h 40m 23s)

