#
# A fatal error has been detected by the Java Runtime Environment:
#
#  SIGSEGV (0xb) at pc=0x00007fff8c9dc0dd, pid=1173, tid=1811
#
# JRE version: Java(TM) SE Runtime Environment (8.0_73-b02) (build 1.8.0_73-b02)
# Java VM: Java HotSpot(TM) 64-Bit Server VM (25.73-b02 mixed mode bsd-amd64 compressed oops)
# Problematic frame:
# C  [libobjc.A.dylib+0x10dd]  objc_msgSend+0x1d
#
# Failed to write core dump. Core dumps have been disabled. To enable core dumping, try "ulimit -c unlimited" before starting Java again
#
# If you would like to submit a bug report, please visit:
#   http://bugreport.java.com/bugreport/crash.jsp
# The crash happened outside the Java Virtual Machine in native code.
# See problematic frame for where to report the bug.
#

---------------  T H R E A D  ---------------

Current thread (0x00007fc2f3815800):  JavaThread "AWT-AppKit" daemon [_thread_in_native, id=1811, stack(0x00007fff55428000,0x00007fff55c28000)]

siginfo: si_signo: 11 (SIGSEGV), si_code: 1 (SEGV_MAPERR), si_addr: 0x000007fc2f65e7d8

Registers:
RAX=0x00007fc2f6696e50, RBX=0x0000000194723450, RCX=0x0000000127d17720, RDX=0x0000000127d17220
RSP=0x00007fff55c230f8, RBP=0x00007fff55c231b0, RSI=0x00007fff8da5640f, RDI=0x00007fc2f65cf7b0
R8 =0x0000000000000000, R9 =0x0000000000000f50, R10=0x00007fff8da5640f, R11=0x000007fc2f65e7c0
R12=0x0000000000000000, R13=0x0000000196854fd8, R14=0x0000000194723440, R15=0x00007fc2f3815800
RIP=0x00007fff8c9dc0dd, EFLAGS=0x0000000000010206, ERR=0x0000000000000004
  TRAPNO=0x000000000000000e

Top of Stack: (sp=0x00007fff55c230f8)
0x00007fff55c230f8:   0000000194721157 00007fff55c23150
0x00007fff55c23108:   0000000000000003 00007fff55c23130
0x00007fff55c23118:   000000010a2c8646 0000000196854fd8
0x00007fff55c23128:   0000000196854fd8 00007fc2f6696e50
0x00007fff55c23138:   00000001947236a0 0000000194723710
0x00007fff55c23148:   00007fff79fb7550 00007fff79e5bc80
0x00007fff55c23158:   0000000194723450 0000000194723690
0x00007fff55c23168:   00007fc2f6696e50 00007fc2f65cf7b0
0x00007fff55c23178:   00007fc2f1e33320 00007fc2f6696e50
0x00007fff55c23188:   00007fc2f65cf7b0 00007fff55c23238
0x00007fff55c23198:   00007fc2f38159f8 0000000196854fd8
0x00007fff55c231a8:   00007fff55c23260 00007fff55c23228
0x00007fff55c231b8:   000000010b1d2954 0000000196854fd8
0x00007fff55c231c8:   00007fff55c23260 00007fff55c23228
0x00007fff55c231d8:   000000010b1d26e7 000000010b1d26a2
0x00007fff55c231e8:   00007fff55c231e8 0000000196854fd8
0x00007fff55c231f8:   00007fff55c23260 0000000196857c10
0x00007fff55c23208:   0000000000000000 0000000196854fd8
0x00007fff55c23218:   0000000000000000 00007fff55c23248
0x00007fff55c23228:   00007fff55c232a8 000000010b1c4c4d
0x00007fff55c23238:   0000000780c665f0 000000010b1cc578
0x00007fff55c23248:   00007fc2f6696e50 00007fff55c232a8
0x00007fff55c23258:   00007fc2f65cf7b0 000000010b1cdd82
0x00007fff55c23268:   00007fff55c23268 00000001968551a2
0x00007fff55c23278:   00007fff55c232d0 0000000196857c10
0x00007fff55c23288:   0000000000000000 00000001968551b0
0x00007fff55c23298:   00007fff55c23248 00007fff55c232b8
0x00007fff55c232a8:   00007fff55c23318 000000010b1c4c4d
0x00007fff55c232b8:   00007fc2f6696e50 0000000780bc76e0
0x00007fff55c232c8:   00007fc2f65cf7b0 0000000780bc76e0
0x00007fff55c232d8:   00007fff55c232d8 000000019982d9de
0x00007fff55c232e8:   00007fff55c23328 000000019982da98 

Instructions: (pc=0x00007fff8c9dc0dd)
0x00007fff8c9dc0bd:   00 00 00 48 85 ff 2e 74 7a 40 f6 c7 01 2e 75 7e
0x00007fff8c9dc0cd:   49 bb f8 ff ff ff ff 7f 00 00 4c 23 1f 49 89 f2
0x00007fff8c9dc0dd:   45 23 53 18 49 c1 e2 04 4d 03 53 10 49 3b 32 75
0x00007fff8c9dc0ed:   04 41 ff 62 08 49 83 3a 00 74 6a 4d 3b 53 10 74 

Register to memory mapping:

RAX=0x00007fc2f6696e50 is an unknown value
RBX=0x0000000194723450: Java_jogamp_nativewindow_macosx_OSXUtil_GetScreenRefreshRate0+0x1cf0 in /private/var/folders/gx/lpn_2smn21b5jx4mf4ptd0z40000gn/T/jogamp_0000/file_cache/jln7616436005691303234/jln5055574397387498187/libnativewindow_macosx.jnilib at 0x000000019471c000
RCX=0x0000000127d17720 is an unknown value
RDX=0x0000000127d17220 is an unknown value
RSP=0x00007fff55c230f8 is pointing into the stack for thread: 0x00007fc2f3815800
RBP=0x00007fff55c231b0 is pointing into the stack for thread: 0x00007fc2f3815800
RSI=0x00007fff8da5640f is an unknown value
RDI=0x00007fc2f65cf7b0 is an unknown value
R8 =0x0000000000000000 is an unknown value
R9 =0x0000000000000f50 is an unknown value
R10=0x00007fff8da5640f is an unknown value
R11=0x000007fc2f65e7c0 is an unknown value
R12=0x0000000000000000 is an unknown value
R13={method} {0x0000000196854fd8} 'UnsetJAWTRootSurfaceLayer0' '(JJ)V' in 'jogamp/nativewindow/jawt/macosx/MacOSXJAWTWindow'
R14=0x0000000194723440: Java_jogamp_nativewindow_macosx_OSXUtil_GetScreenRefreshRate0+0x1ce0 in /private/var/folders/gx/lpn_2smn21b5jx4mf4ptd0z40000gn/T/jogamp_0000/file_cache/jln7616436005691303234/jln5055574397387498187/libnativewindow_macosx.jnilib at 0x000000019471c000
R15=0x00007fc2f3815800 is a thread


Stack: [0x00007fff55428000,0x00007fff55c28000],  sp=0x00007fff55c230f8,  free space=8172k
Native frames: (J=compiled Java code, j=interpreted, Vv=VM code, C=native code)
C  [libobjc.A.dylib+0x10dd]  objc_msgSend+0x1d
j  jogamp.nativewindow.jawt.macosx.MacOSXJAWTWindow.UnsetJAWTRootSurfaceLayer0(JJ)V+0
j  jogamp.nativewindow.jawt.macosx.MacOSXJAWTWindow.access$200(JJ)V+2
j  jogamp.nativewindow.jawt.macosx.MacOSXJAWTWindow$1.run()V+38
J 3260 C1 com.jogamp.common.util.RunnableTask.run()V (345 bytes) @ 0x000000010bb3e734 [0x000000010bb3e5a0+0x194]
v  ~StubRoutines::call_stub
V  [libjvm.dylib+0x2eae7a]
V  [libjvm.dylib+0x321f83]
V  [libjvm.dylib+0x314757]
C  [libnativewindow_macosx.jnilib+0x5326]  Java_jogamp_nativewindow_jawt_macosx_MacOSXJAWTWindow_UnsetJAWTRootSurfaceLayer0+0x2b6
C  [Foundation+0x92dd0]  __NSThreadPerformPerform+0x125
C  [CoreFoundation+0x80a01]  __CFRUNLOOP_IS_CALLING_OUT_TO_A_SOURCE0_PERFORM_FUNCTION__+0x11
C  [CoreFoundation+0x72c5c]  __CFRunLoopDoSources0+0x1dc
C  [CoreFoundation+0x721bf]  __CFRunLoopRun+0x39f
C  [CoreFoundation+0x71bd8]  CFRunLoopRunSpecific+0x128
C  [HIToolbox+0x3256f]  RunCurrentEventLoopInMode+0xeb
C  [HIToolbox+0x321ee]  ReceiveNextEventCommon+0xb3
C  [HIToolbox+0x3212b]  _BlockUntilNextEventMatchingListInModeWithFilter+0x47
C  [AppKit+0x918ab]  _DPSNextEvent+0x3d2
C  [AppKit+0x90e58]  -[NSApplication nextEventMatchingMask:untilDate:inMode:dequeue:]+0x15a
C  [libosxapp.dylib+0x23aa]  -[NSApplicationAWT nextEventMatchingMask:untilDate:inMode:dequeue:]+0x7c
C  [AppKit+0x86af3]  -[NSApplication run]+0x252
C  [libosxapp.dylib+0x214d]  +[NSApplicationAWT runAWTLoopWithApp:]+0x9c
C  [libawt_lwawt.dylib+0x4455b]  -[AWTStarter starter:]+0x389
C  [Foundation+0x92dd0]  __NSThreadPerformPerform+0x125
C  [CoreFoundation+0x80a01]  __CFRUNLOOP_IS_CALLING_OUT_TO_A_SOURCE0_PERFORM_FUNCTION__+0x11
C  [CoreFoundation+0x72b8d]  __CFRunLoopDoSources0+0x10d
C  [CoreFoundation+0x721bf]  __CFRunLoopRun+0x39f
C  [CoreFoundation+0x71bd8]  CFRunLoopRunSpecific+0x128
C  [java+0x6463]  CreateExecutionEnvironment+0x367
C  [java+0x21ac]  JLI_Launch+0x7a0
C  [java+0x84c0]  main+0x65
C  [java+0x1a04]  start+0x34
C  0x0000000000000007

Java frames: (J=compiled Java code, j=interpreted, Vv=VM code)
j  jogamp.nativewindow.jawt.macosx.MacOSXJAWTWindow.UnsetJAWTRootSurfaceLayer0(JJ)V+0
j  jogamp.nativewindow.jawt.macosx.MacOSXJAWTWindow.access$200(JJ)V+2
j  jogamp.nativewindow.jawt.macosx.MacOSXJAWTWindow$1.run()V+38
J 3260 C1 com.jogamp.common.util.RunnableTask.run()V (345 bytes) @ 0x000000010bb3e734 [0x000000010bb3e5a0+0x194]
v  ~StubRoutines::call_stub

---------------  P R O C E S S  ---------------

Java Threads: ( => current thread )
  0x00007fc2f7561000 JavaThread "Thread-20" [_thread_blocked, id=21275, stack(0x000000019f9d4000,0x000000019fad4000)]
  0x00007fc2f2f98000 JavaThread "TimerQueue" daemon [_thread_blocked, id=61263, stack(0x000000019f2ef000,0x000000019f3ef000)]
  0x00007fc2f2c14800 JavaThread "AWT-EventQueue-1" [_thread_in_native, id=57107, stack(0x0000000194bf2000,0x0000000194cf2000)]
  0x00007fc2f3dc6800 JavaThread "DestroyJavaVM" [_thread_blocked, id=3331, stack(0x000000010b065000,0x000000010b165000)]
  0x00007fc2f30ff000 JavaThread "AWT-EventQueue-0" [_thread_blocked, id=54019, stack(0x0000000127da4000,0x0000000127ea4000)]
  0x00007fc2f28fc800 JavaThread "Java2D Disposer" daemon [_thread_blocked, id=50967, stack(0x0000000126b20000,0x0000000126c20000)]
  0x00007fc2f289f000 JavaThread "Java2D Queue Flusher" daemon [_thread_blocked, id=49415, stack(0x0000000125b2b000,0x0000000125c2b000)]
  0x00007fc2f3818000 JavaThread "AWT-Shutdown" [_thread_blocked, id=27667, stack(0x00000001231db000,0x00000001232db000)]
=>0x00007fc2f3815800 JavaThread "AWT-AppKit" daemon [_thread_in_native, id=1811, stack(0x00007fff55428000,0x00007fff55c28000)]
  0x00007fc2f2860000 JavaThread "Service Thread" daemon [_thread_blocked, id=17923, stack(0x000000012118f000,0x000000012128f000)]
  0x00007fc2f3025800 JavaThread "C1 CompilerThread2" daemon [_thread_blocked, id=17411, stack(0x000000012108c000,0x000000012118c000)]
  0x00007fc2f3025000 JavaThread "C2 CompilerThread1" daemon [_thread_blocked, id=16899, stack(0x0000000120f89000,0x0000000121089000)]
  0x00007fc2f3019800 JavaThread "C2 CompilerThread0" daemon [_thread_blocked, id=16155, stack(0x0000000120e86000,0x0000000120f86000)]
  0x00007fc2f301d000 JavaThread "Signal Dispatcher" daemon [_thread_blocked, id=12303, stack(0x0000000120d83000,0x0000000120e83000)]
  0x00007fc2f300a800 JavaThread "Finalizer" daemon [_thread_blocked, id=11011, stack(0x000000011f3f0000,0x000000011f4f0000)]
  0x00007fc2f3009800 JavaThread "Reference Handler" daemon [_thread_blocked, id=10499, stack(0x000000011f2ed000,0x000000011f3ed000)]

Other Threads:
  0x00007fc2f3005800 VMThread [stack: 0x000000011f1ea000,0x000000011f2ea000] [id=9987]
  0x00007fc2f380e000 WatcherThread [stack: 0x0000000121292000,0x0000000121392000] [id=18435]

VM state:not at safepoint (normal execution)

VM Mutex/Monitor currently owned by a thread: None

Heap:
 PSYoungGen      total 57344K, used 35503K [0x00000007aab00000, 0x00000007aef80000, 0x00000007c0000000)
  eden space 48640K, 62% used [0x00000007aab00000,0x00000007ac8a7d78,0x00000007ada80000)
  from space 8704K, 59% used [0x00000007ae700000,0x00000007aec040b0,0x00000007aef80000)
  to   space 10752K, 0% used [0x00000007ada80000,0x00000007ada80000,0x00000007ae500000)
 ParOldGen       total 42496K, used 18384K [0x0000000780000000, 0x0000000782980000, 0x00000007aab00000)
  object space 42496K, 43% used [0x0000000780000000,0x00000007811f41f8,0x0000000782980000)
 Metaspace       used 24462K, capacity 24765K, committed 24832K, reserved 1071104K
  class space    used 2454K, capacity 2559K, committed 2560K, reserved 1048576K

Card table byte_map: [0x000000011ae00000,0x000000011b001000] byte_map_base: 0x0000000117200000

Marking Bits: (ParMarkBitMap*) 0x000000010a9baea0
 Begin Bits: [0x000000011b563000, 0x000000011c563000)
 End Bits:   [0x000000011c563000, 0x000000011d563000)

Polling page: 0x000000010b1aa000

CodeCache: size=245760Kb used=11368Kb max_used=11679Kb free=234391Kb
 bounds [0x000000010b1bd000, 0x000000010bd5d000, 0x000000011a1bd000]
 total_blobs=4307 nmethods=3367 adapters=852
 compilation: enabled

Compilation events (10 events):
Event: 88.967 Thread 0x00007fc2f3025800 3891   !   3       sun.lwawt.LWComponentPeer::sendEventToDelegate (87 bytes)
Event: 88.968 Thread 0x00007fc2f3025800 nmethod 3891 0x000000010b775b10 code [0x000000010b775d40, 0x000000010b776ec8]
Event: 89.237 Thread 0x00007fc2f3025000 3892   !   4       java.awt.EventQueue::postEventPrivate (104 bytes)
Event: 89.299 Thread 0x00007fc2f3025000 nmethod 3892 0x000000010b61bc50 code [0x000000010b61bf80, 0x000000010b61de40]
Event: 89.915 Thread 0x00007fc2f3025800 3894       3       java.util.HashMap::put (13 bytes)
Event: 89.916 Thread 0x00007fc2f3025800 nmethod 3894 0x000000010b365250 code [0x000000010b3653e0, 0x000000010b365798]
Event: 89.916 Thread 0x00007fc2f3025800 3893       3       java.lang.Boolean::valueOf (14 bytes)
Event: 89.916 Thread 0x00007fc2f3025800 nmethod 3893 0x000000010b81c150 code [0x000000010b81c2c0, 0x000000010b81c450]
Event: 89.923 Thread 0x00007fc2f3025800 3895       3       sun.java2d.opengl.OGLRenderQueue::flushBuffer (41 bytes)
Event: 89.924 Thread 0x00007fc2f3025800 nmethod 3895 0x000000010b7d6310 code [0x000000010b7d64a0, 0x000000010b7d69f8]

GC Heap History (10 events):
Event: 62.103 GC heap before
{Heap before GC invocations=15 (full 1):
 PSYoungGen      total 67584K, used 64208K [0x00000007aab00000, 0x00000007aff00000, 0x00000007c0000000)
  eden space 56320K, 100% used [0x00000007aab00000,0x00000007ae200000,0x00000007ae200000)
  from space 11264K, 70% used [0x00000007ae200000,0x00000007ae9b4150,0x00000007aed00000)
  to   space 11264K, 0% used [0x00000007af400000,0x00000007af400000,0x00000007aff00000)
 ParOldGen       total 42496K, used 15696K [0x0000000780000000, 0x0000000782980000, 0x00000007aab00000)
  object space 42496K, 36% used [0x0000000780000000,0x0000000780f54398,0x0000000782980000)
 Metaspace       used 24437K, capacity 24765K, committed 24832K, reserved 1071104K
  class space    used 2450K, capacity 2559K, committed 2560K, reserved 1048576K
Event: 62.108 GC heap after
Heap after GC invocations=15 (full 1):
 PSYoungGen      total 62976K, used 7952K [0x00000007aab00000, 0x00000007afc00000, 0x00000007c0000000)
  eden space 54784K, 0% used [0x00000007aab00000,0x00000007aab00000,0x00000007ae080000)
  from space 8192K, 97% used [0x00000007af400000,0x00000007afbc4150,0x00000007afc00000)
  to   space 11264K, 0% used [0x00000007ae600000,0x00000007ae600000,0x00000007af100000)
 ParOldGen       total 42496K, used 15696K [0x0000000780000000, 0x0000000782980000, 0x00000007aab00000)
  object space 42496K, 36% used [0x0000000780000000,0x0000000780f54398,0x0000000782980000)
 Metaspace       used 24437K, capacity 24765K, committed 24832K, reserved 1071104K
  class space    used 2450K, capacity 2559K, committed 2560K, reserved 1048576K
}
Event: 68.472 GC heap before
{Heap before GC invocations=16 (full 1):
 PSYoungGen      total 62976K, used 62736K [0x00000007aab00000, 0x00000007afc00000, 0x00000007c0000000)
  eden space 54784K, 100% used [0x00000007aab00000,0x00000007ae080000,0x00000007ae080000)
  from space 8192K, 97% used [0x00000007af400000,0x00000007afbc4150,0x00000007afc00000)
  to   space 11264K, 0% used [0x00000007ae600000,0x00000007ae600000,0x00000007af100000)
 ParOldGen       total 42496K, used 15696K [0x0000000780000000, 0x0000000782980000, 0x00000007aab00000)
  object space 42496K, 36% used [0x0000000780000000,0x0000000780f54398,0x0000000782980000)
 Metaspace       used 24437K, capacity 24765K, committed 24832K, reserved 1071104K
  class space    used 2450K, capacity 2559K, committed 2560K, reserved 1048576K
Event: 68.476 GC heap after
Heap after GC invocations=16 (full 1):
 PSYoungGen      total 61440K, used 7888K [0x00000007aab00000, 0x00000007af500000, 0x00000007c0000000)
  eden space 53248K, 0% used [0x00000007aab00000,0x00000007aab00000,0x00000007adf00000)
  from space 8192K, 96% used [0x00000007ae600000,0x00000007aedb4150,0x00000007aee00000)
  to   space 7168K, 0% used [0x00000007aee00000,0x00000007aee00000,0x00000007af500000)
 ParOldGen       total 42496K, used 15696K [0x0000000780000000, 0x0000000782980000, 0x00000007aab00000)
  object space 42496K, 36% used [0x0000000780000000,0x0000000780f54398,0x0000000782980000)
 Metaspace       used 24437K, capacity 24765K, committed 24832K, reserved 1071104K
  class space    used 2450K, capacity 2559K, committed 2560K, reserved 1048576K
}
Event: 74.703 GC heap before
{Heap before GC invocations=17 (full 1):
 PSYoungGen      total 61440K, used 61136K [0x00000007aab00000, 0x00000007af500000, 0x00000007c0000000)
  eden space 53248K, 100% used [0x00000007aab00000,0x00000007adf00000,0x00000007adf00000)
  from space 8192K, 96% used [0x00000007ae600000,0x00000007aedb4150,0x00000007aee00000)
  to   space 7168K, 0% used [0x00000007aee00000,0x00000007aee00000,0x00000007af500000)
 ParOldGen       total 42496K, used 15696K [0x0000000780000000, 0x0000000782980000, 0x00000007aab00000)
  object space 42496K, 36% used [0x0000000780000000,0x0000000780f54398,0x0000000782980000)
 Metaspace       used 24437K, capacity 24765K, committed 24832K, reserved 1071104K
  class space    used 2450K, capacity 2559K, committed 2560K, reserved 1048576K
Event: 74.706 GC heap after
Heap after GC invocations=17 (full 1):
 PSYoungGen      total 58880K, used 7152K [0x00000007aab00000, 0x00000007af500000, 0x00000007c0000000)
  eden space 51712K, 0% used [0x00000007aab00000,0x00000007aab00000,0x00000007add80000)
  from space 7168K, 99% used [0x00000007aee00000,0x00000007af4fc130,0x00000007af500000)
  to   space 11264K, 0% used [0x00000007adf00000,0x00000007adf00000,0x00000007aea00000)
 ParOldGen       total 42496K, used 16362K [0x0000000780000000, 0x0000000782980000, 0x00000007aab00000)
  object space 42496K, 38% used [0x0000000780000000,0x0000000780ffa888,0x0000000782980000)
 Metaspace       used 24437K, capacity 24765K, committed 24832K, reserved 1071104K
  class space    used 2450K, capacity 2559K, committed 2560K, reserved 1048576K
}
Event: 80.759 GC heap before
{Heap before GC invocations=18 (full 1):
 PSYoungGen      total 58880K, used 58864K [0x00000007aab00000, 0x00000007af500000, 0x00000007c0000000)
  eden space 51712K, 100% used [0x00000007aab00000,0x00000007add80000,0x00000007add80000)
  from space 7168K, 99% used [0x00000007aee00000,0x00000007af4fc130,0x00000007af500000)
  to   space 11264K, 0% used [0x00000007adf00000,0x00000007adf00000,0x00000007aea00000)
 ParOldGen       total 42496K, used 16362K [0x0000000780000000, 0x0000000782980000, 0x00000007aab00000)
  object space 42496K, 38% used [0x0000000780000000,0x0000000780ffa888,0x0000000782980000)
 Metaspace       used 24437K, capacity 24765K, committed 24832K, reserved 1071104K
  class space    used 2450K, capacity 2559K, committed 2560K, reserved 1048576K
Event: 80.762 GC heap after
Heap after GC invocations=18 (full 1):
 PSYoungGen      total 55808K, used 5152K [0x00000007aab00000, 0x00000007af200000, 0x00000007c0000000)
  eden space 50176K, 0% used [0x00000007aab00000,0x00000007aab00000,0x00000007adc00000)
  from space 5632K, 91% used [0x00000007adf00000,0x00000007ae4080a0,0x00000007ae480000)
  to   space 11264K, 0% used [0x00000007ae700000,0x00000007ae700000,0x00000007af200000)
 ParOldGen       total 42496K, used 18384K [0x0000000780000000, 0x0000000782980000, 0x00000007aab00000)
  object space 42496K, 43% used [0x0000000780000000,0x00000007811f41f8,0x0000000782980000)
 Metaspace       used 24437K, capacity 24765K, committed 24832K, reserved 1071104K
  class space    used 2450K, capacity 2559K, committed 2560K, reserved 1048576K
}
Event: 86.625 GC heap before
{Heap before GC invocations=19 (full 1):
 PSYoungGen      total 55808K, used 55328K [0x00000007aab00000, 0x00000007af200000, 0x00000007c0000000)
  eden space 50176K, 100% used [0x00000007aab00000,0x00000007adc00000,0x00000007adc00000)
  from space 5632K, 91% used [0x00000007adf00000,0x00000007ae4080a0,0x00000007ae480000)
  to   space 11264K, 0% used [0x00000007ae700000,0x00000007ae700000,0x00000007af200000)
 ParOldGen       total 42496K, used 18384K [0x0000000780000000, 0x0000000782980000, 0x00000007aab00000)
  object space 42496K, 43% used [0x0000000780000000,0x00000007811f41f8,0x0000000782980000)
 Metaspace       used 24437K, capacity 24765K, committed 24832K, reserved 1071104K
  class space    used 2450K, capacity 2559K, committed 2560K, reserved 1048576K
Event: 86.628 GC heap after
Heap after GC invocations=19 (full 1):
 PSYoungGen      total 57344K, used 5136K [0x00000007aab00000, 0x00000007aef80000, 0x00000007c0000000)
  eden space 48640K, 0% used [0x00000007aab00000,0x00000007aab00000,0x00000007ada80000)
  from space 8704K, 59% used [0x00000007ae700000,0x00000007aec040b0,0x00000007aef80000)
  to   space 10752K, 0% used [0x00000007ada80000,0x00000007ada80000,0x00000007ae500000)
 ParOldGen       total 42496K, used 18384K [0x0000000780000000, 0x0000000782980000, 0x00000007aab00000)
  object space 42496K, 43% used [0x0000000780000000,0x00000007811f41f8,0x0000000782980000)
 Metaspace       used 24437K, capacity 24765K, committed 24832K, reserved 1071104K
  class space    used 2450K, capacity 2559K, committed 2560K, reserved 1048576K
}

Deoptimization events (10 events):
Event: 30.022 Thread 0x00007fc2f2c14800 Uncommon trap: reason=unstable_if action=reinterpret pc=0x000000010b68146c method=processing.core.PGraphics.text([CIIFF)V @ 67
Event: 30.024 Thread 0x00007fc2f2c14800 Uncommon trap: reason=unstable_if action=reinterpret pc=0x000000010b5228d8 method=processing.core.PFont.indexActual(C)I @ 4
Event: 30.024 Thread 0x00007fc2f2c14800 Uncommon trap: reason=unstable_if action=reinterpret pc=0x000000010b5008d8 method=processing.core.PFont.index(C)I @ 15
Event: 30.031 Thread 0x00007fc2f2c14800 Uncommon trap: reason=unstable_if action=reinterpret pc=0x000000010bae9c74 method=processing.opengl.PGraphicsOpenGL.checkTexture(Lprocessing/opengl/Texture;)V @ 18
Event: 89.882 Thread 0x00007fc2f30ff000 Uncommon trap: reason=unstable_if action=reinterpret pc=0x000000010b92b5ec method=sun.lwawt.LWContainerPeer.cutChildren(Lsun/java2d/pipe/Region;Lsun/lwawt/LWComponentPeer;)Lsun/java2d/pipe/Region; @ 67
Event: 89.884 Thread 0x00007fc2f30ff000 Uncommon trap: reason=unstable_if action=reinterpret pc=0x000000010bd26c0c method=sun.java2d.pipe.Region.isInsideQuickCheck(Lsun/java2d/pipe/Region;)Z @ 48
Event: 89.885 Thread 0x00007fc2f30ff000 Uncommon trap: reason=unstable_if action=reinterpret pc=0x000000010b84e750 method=sun.java2d.pipe.Region.isInsideQuickCheck(Lsun/java2d/pipe/Region;)Z @ 48
Event: 89.915 Thread 0x00007fc2f28fd000 Uncommon trap: reason=unstable_if action=reinterpret pc=0x000000010b69e228 method=java.util.HashMap.putVal(ILjava/lang/Object;Ljava/lang/Object;ZZ)Ljava/lang/Object; @ 81
Event: 89.916 Thread 0x00007fc2f28fd000 Uncommon trap: reason=unstable_if action=reinterpret pc=0x000000010b849a4c method=java.util.Vector.removeElement(Ljava/lang/Object;)Z @ 17
Event: 89.917 Thread 0x00007fc2f30ff000 Uncommon trap: reason=unstable_if action=reinterpret pc=0x000000010b7d1208 method=sun.java2d.pipe.Region.isInsideQuickCheck(Lsun/java2d/pipe/Region;)Z @ 48

Internal exceptions (10 events):
Event: 0.377 Thread 0x00007fc2f200e000 Exception <a 'java/io/FileNotFoundException'> (0x00000007aad8b388) thrown at [/HUDSON3/workspace/8-2-build-macosx-x86_64/jdk8u73/6086/hotspot/src/share/vm/prims/jni.cpp, line 709]
Event: 0.388 Thread 0x00007fc2f200e000 Implicit null exception at 0x000000010b324ca6 to 0x000000010b324e99
Event: 0.488 Thread 0x00007fc2f200e000 Exception <a 'java/io/FileNotFoundException'> (0x00000007aaee04b0) thrown at [/HUDSON3/workspace/8-2-build-macosx-x86_64/jdk8u73/6086/hotspot/src/share/vm/prims/jni.cpp, line 709]
Event: 2.338 Thread 0x00007fc2f300a800 Exception <a 'java/lang/NullPointerException'> (0x00000007aab82398) thrown at [/HUDSON3/workspace/8-2-build-macosx-x86_64/jdk8u73/6086/hotspot/src/share/vm/interpreter/linkResolver.cpp, line 1178]
Event: 2.447 Thread 0x00007fc2f3dc4000 Exception <a 'java/lang/UnsatisfiedLinkError': com.jogamp.common.util.JarUtil.fixNativeLibAttribs(Ljava/lang/String;)Z> (0x00000007ab093970) thrown at [/HUDSON3/workspace/8-2-build-macosx-x86_64/jdk8u73/6086/hotspot/src/share/vm/prims/nativeLookup.cpp, li
Event: 3.371 Thread 0x00007fc2f2c14800 Exception <a 'java/io/FileNotFoundException'> (0x00000007ab3e4df8) thrown at [/HUDSON3/workspace/8-2-build-macosx-x86_64/jdk8u73/6086/hotspot/src/share/vm/prims/jni.cpp, line 709]
Event: 3.372 Thread 0x00007fc2f2c14800 Exception <a 'java/io/FileNotFoundException'> (0x00000007ab3f1620) thrown at [/HUDSON3/workspace/8-2-build-macosx-x86_64/jdk8u73/6086/hotspot/src/share/vm/prims/jni.cpp, line 709]
Event: 3.372 Thread 0x00007fc2f2c14800 Implicit null exception at 0x000000010b374fb5 to 0x000000010b37533d
Event: 4.934 Thread 0x00007fc2f2c14800 Implicit null exception at 0x000000010b729825 to 0x000000010b729979
Event: 11.505 Thread 0x00007fc2f2c14800 Implicit null exception at 0x000000010b379435 to 0x000000010b3797a5

Events (10 events):
Event: 89.917 Thread 0x00007fc2f30ff000 DEOPT UNPACKING pc=0x000000010b1c2229 sp=0x0000000127ea1740 mode 2
Event: 89.917 loading class jogamp/opengl/macosx/cgl/MacOSXCGLContext$NSOpenGLImpl$DetachGLLayerCmd
Event: 89.917 loading class jogamp/opengl/macosx/cgl/MacOSXCGLContext$NSOpenGLImpl$DetachGLLayerCmd done
Event: 89.919 loading class jogamp/nativewindow/jawt/macosx/MacOSXJAWTWindow$4
Event: 89.919 loading class jogamp/nativewindow/jawt/macosx/MacOSXJAWTWindow$4 done
Event: 89.920 loading class com/jogamp/nativewindow/awt/JAWTWindow$JAWTComponentListener$2
Event: 89.920 loading class com/jogamp/nativewindow/awt/JAWTWindow$JAWTComponentListener$2 done
Event: 89.922 loading class jogamp/nativewindow/jawt/macosx/MacOSXJAWTWindow$1
Event: 89.922 loading class jogamp/nativewindow/jawt/macosx/MacOSXJAWTWindow$1 done
Event: 89.923 Thread 0x00007fc2f28fd000 Thread exited: 0x00007fc2f28fd000


Dynamic libraries:
0x00000000080fd000 	/System/Library/Frameworks/Cocoa.framework/Versions/A/Cocoa
0x00000000080fd000 	/System/Library/Frameworks/Security.framework/Versions/A/Security
0x00000000080fd000 	/System/Library/Frameworks/ApplicationServices.framework/Versions/A/ApplicationServices
0x00000000080fd000 	/usr/lib/libz.1.dylib
0x00000000080fd000 	/usr/lib/libSystem.B.dylib
0x00000000080fd000 	/usr/lib/libobjc.A.dylib
0x00000000080fd000 	/System/Library/Frameworks/CoreFoundation.framework/Versions/A/CoreFoundation
0x00000000080fd000 	/System/Library/Frameworks/Foundation.framework/Versions/C/Foundation
0x00000000080fd000 	/System/Library/Frameworks/AppKit.framework/Versions/C/AppKit
0x00000000080fd000 	/System/Library/Frameworks/CoreData.framework/Versions/A/CoreData
0x00000000080fd000 	/System/Library/PrivateFrameworks/RemoteViewServices.framework/Versions/A/RemoteViewServices
0x00000000080fd000 	/System/Library/PrivateFrameworks/UIFoundation.framework/Versions/A/UIFoundation
0x00000000080fd000 	/System/Library/Frameworks/IOSurface.framework/Versions/A/IOSurface
0x00000000080fd000 	/System/Library/Frameworks/AudioToolbox.framework/Versions/A/AudioToolbox
0x00000000080fd000 	/System/Library/Frameworks/AudioUnit.framework/Versions/A/AudioUnit
0x00000000080fd000 	/System/Library/PrivateFrameworks/DataDetectorsCore.framework/Versions/A/DataDetectorsCore
0x00000000080fd000 	/System/Library/PrivateFrameworks/DesktopServicesPriv.framework/Versions/A/DesktopServicesPriv
0x00000000080fd000 	/System/Library/Frameworks/Carbon.framework/Versions/A/Frameworks/HIToolbox.framework/Versions/A/HIToolbox
0x00000000080fd000 	/System/Library/Frameworks/QuartzCore.framework/Versions/A/QuartzCore
0x00000000080fd000 	/System/Library/Frameworks/Carbon.framework/Versions/A/Frameworks/SpeechRecognition.framework/Versions/A/SpeechRecognition
0x00000000080fd000 	/usr/lib/libauto.dylib
0x00000000080fd000 	/usr/lib/libicucore.A.dylib
0x00000000080fd000 	/usr/lib/libxml2.2.dylib
0x00000000080fd000 	/System/Library/PrivateFrameworks/CoreUI.framework/Versions/A/CoreUI
0x00000000080fd000 	/System/Library/Frameworks/CoreAudio.framework/Versions/A/CoreAudio
0x00000000080fd000 	/System/Library/Frameworks/DiskArbitration.framework/Versions/A/DiskArbitration
0x00000000080fd000 	/usr/lib/liblangid.dylib
0x00000000080fd000 	/System/Library/PrivateFrameworks/MultitouchSupport.framework/Versions/A/MultitouchSupport
0x00000000080fd000 	/System/Library/Frameworks/IOKit.framework/Versions/A/IOKit
0x00000000080fd000 	/usr/lib/libDiagnosticMessagesClient.dylib
0x00000000080fd000 	/System/Library/Frameworks/CoreServices.framework/Versions/A/CoreServices
0x00000000080fd000 	/System/Library/PrivateFrameworks/PerformanceAnalysis.framework/Versions/A/PerformanceAnalysis
0x00000000080fd000 	/System/Library/PrivateFrameworks/GenerationalStorage.framework/Versions/A/GenerationalStorage
0x00000000080fd000 	/System/Library/Frameworks/OpenGL.framework/Versions/A/OpenGL
0x00000000080fd000 	/System/Library/PrivateFrameworks/Sharing.framework/Versions/A/Sharing
0x00000000080fd000 	/System/Library/Frameworks/CoreGraphics.framework/Versions/A/CoreGraphics
0x00000000080fd000 	/System/Library/Frameworks/CoreText.framework/Versions/A/CoreText
0x00000000080fd000 	/System/Library/Frameworks/ImageIO.framework/Versions/A/ImageIO
0x00000000080fd000 	/usr/lib/libextension.dylib
0x00000000080fd000 	/System/Library/PrivateFrameworks/Backup.framework/Versions/A/Backup
0x00000000080fd000 	/usr/lib/libarchive.2.dylib
0x00000000080fd000 	/System/Library/Frameworks/CFNetwork.framework/Versions/A/CFNetwork
0x00000000080fd000 	/System/Library/Frameworks/SystemConfiguration.framework/Versions/A/SystemConfiguration
0x00000000080fd000 	/usr/lib/libCRFSuite.dylib
0x00000000080fd000 	/usr/lib/libc++.1.dylib
0x00000000080fd000 	/usr/lib/libc++abi.dylib
0x00000000080fd000 	/usr/lib/system/libcache.dylib
0x00000000080fd000 	/usr/lib/system/libcommonCrypto.dylib
0x00000000080fd000 	/usr/lib/system/libcompiler_rt.dylib
0x00000000080fd000 	/usr/lib/system/libcopyfile.dylib
0x00000000080fd000 	/usr/lib/system/libcorecrypto.dylib
0x00000000080fd000 	/usr/lib/system/libdispatch.dylib
0x00000000080fd000 	/usr/lib/system/libdyld.dylib
0x00000000080fd000 	/usr/lib/system/libkeymgr.dylib
0x00000000080fd000 	/usr/lib/system/liblaunch.dylib
0x00000000080fd000 	/usr/lib/system/libmacho.dylib
0x00000000080fd000 	/usr/lib/system/libquarantine.dylib
0x00000000080fd000 	/usr/lib/system/libremovefile.dylib
0x00000000080fd000 	/usr/lib/system/libsystem_asl.dylib
0x00000000080fd000 	/usr/lib/system/libsystem_blocks.dylib
0x00000000080fd000 	/usr/lib/system/libsystem_c.dylib
0x00000000080fd000 	/usr/lib/system/libsystem_configuration.dylib
0x00000000080fd000 	/usr/lib/system/libsystem_coreservices.dylib
0x00000000080fd000 	/usr/lib/system/libsystem_coretls.dylib
0x00000000080fd000 	/usr/lib/system/libsystem_dnssd.dylib
0x00000000080fd000 	/usr/lib/system/libsystem_info.dylib
0x00000000080fd000 	/usr/lib/system/libsystem_kernel.dylib
0x00000000080fd000 	/usr/lib/system/libsystem_m.dylib
0x00000000080fd000 	/usr/lib/system/libsystem_malloc.dylib
0x00000000080fd000 	/usr/lib/system/libsystem_network.dylib
0x00000000080fd000 	/usr/lib/system/libsystem_networkextension.dylib
0x00000000080fd000 	/usr/lib/system/libsystem_notify.dylib
0x00000000080fd000 	/usr/lib/system/libsystem_platform.dylib
0x00000000080fd000 	/usr/lib/system/libsystem_pthread.dylib
0x00000000080fd000 	/usr/lib/system/libsystem_sandbox.dylib
0x00000000080fd000 	/usr/lib/system/libsystem_secinit.dylib
0x00000000080fd000 	/usr/lib/system/libsystem_stats.dylib
0x00000000080fd000 	/usr/lib/system/libsystem_trace.dylib
0x00000000080fd000 	/usr/lib/system/libunc.dylib
0x00000000080fd000 	/usr/lib/system/libunwind.dylib
0x00000000080fd000 	/usr/lib/system/libxpc.dylib
0x00000000080fd000 	/usr/lib/libbz2.1.0.dylib
0x00000000080fd000 	/usr/lib/liblzma.5.dylib
0x00000000080fd000 	/usr/lib/libbsm.0.dylib
0x00000000080fd000 	/usr/lib/libsqlite3.dylib
0x00000000080fd000 	/usr/lib/system/libkxld.dylib
0x00000000080fd000 	/usr/lib/libxar.1.dylib
0x00000000080fd000 	/usr/lib/libpam.2.dylib
0x00000000080fd000 	/usr/lib/libOpenScriptingUtil.dylib
0x00000000080fd000 	/System/Library/Frameworks/CoreServices.framework/Versions/A/Frameworks/FSEvents.framework/Versions/A/FSEvents
0x00000000080fd000 	/System/Library/Frameworks/CoreServices.framework/Versions/A/Frameworks/CarbonCore.framework/Versions/A/CarbonCore
0x00000000080fd000 	/System/Library/Frameworks/CoreServices.framework/Versions/A/Frameworks/Metadata.framework/Versions/A/Metadata
0x00000000080fd000 	/System/Library/Frameworks/CoreServices.framework/Versions/A/Frameworks/OSServices.framework/Versions/A/OSServices
0x00000000080fd000 	/System/Library/Frameworks/CoreServices.framework/Versions/A/Frameworks/SearchKit.framework/Versions/A/SearchKit
0x00000000080fd000 	/System/Library/Frameworks/CoreServices.framework/Versions/A/Frameworks/AE.framework/Versions/A/AE
0x00000000080fd000 	/System/Library/Frameworks/CoreServices.framework/Versions/A/Frameworks/LaunchServices.framework/Versions/A/LaunchServices
0x00000000080fd000 	/System/Library/Frameworks/CoreServices.framework/Versions/A/Frameworks/DictionaryServices.framework/Versions/A/DictionaryServices
0x00000000080fd000 	/System/Library/Frameworks/NetFS.framework/Versions/A/NetFS
0x00000000080fd000 	/System/Library/PrivateFrameworks/NetAuth.framework/Versions/A/NetAuth
0x00000000080fd000 	/System/Library/PrivateFrameworks/login.framework/Versions/A/Frameworks/loginsupport.framework/Versions/A/loginsupport
0x00000000080fd000 	/System/Library/PrivateFrameworks/TCC.framework/Versions/A/TCC
0x00000000080fd000 	/usr/lib/libmecabra.dylib
0x00000000080fd000 	/System/Library/Frameworks/ApplicationServices.framework/Versions/A/Frameworks/ATS.framework/Versions/A/ATS
0x00000000080fd000 	/System/Library/Frameworks/ApplicationServices.framework/Versions/A/Frameworks/ColorSync.framework/Versions/A/ColorSync
0x00000000080fd000 	/System/Library/Frameworks/ApplicationServices.framework/Versions/A/Frameworks/HIServices.framework/Versions/A/HIServices
0x00000000080fd000 	/System/Library/Frameworks/ApplicationServices.framework/Versions/A/Frameworks/LangAnalysis.framework/Versions/A/LangAnalysis
0x00000000080fd000 	/System/Library/Frameworks/ApplicationServices.framework/Versions/A/Frameworks/PrintCore.framework/Versions/A/PrintCore
0x00000000080fd000 	/System/Library/Frameworks/ApplicationServices.framework/Versions/A/Frameworks/QD.framework/Versions/A/QD
0x00000000080fd000 	/System/Library/Frameworks/ApplicationServices.framework/Versions/A/Frameworks/SpeechSynthesis.framework/Versions/A/SpeechSynthesis
0x00000000080fd000 	/System/Library/Frameworks/Accelerate.framework/Versions/A/Accelerate
0x00000000080fd000 	/System/Library/Frameworks/Accelerate.framework/Versions/A/Frameworks/vImage.framework/Versions/A/vImage
0x00000000080fd000 	/System/Library/Frameworks/Accelerate.framework/Versions/A/Frameworks/vecLib.framework/Versions/A/vecLib
0x00000000080fd000 	/System/Library/Frameworks/Accelerate.framework/Versions/A/Frameworks/vecLib.framework/Versions/A/libvDSP.dylib
0x00000000080fd000 	/System/Library/Frameworks/Accelerate.framework/Versions/A/Frameworks/vecLib.framework/Versions/A/libvMisc.dylib
0x00000000080fd000 	/System/Library/Frameworks/Accelerate.framework/Versions/A/Frameworks/vecLib.framework/Versions/A/libLAPACK.dylib
0x00000000080fd000 	/System/Library/Frameworks/Accelerate.framework/Versions/A/Frameworks/vecLib.framework/Versions/A/libBLAS.dylib
0x00000000080fd000 	/System/Library/Frameworks/Accelerate.framework/Versions/A/Frameworks/vecLib.framework/Versions/A/libLinearAlgebra.dylib
0x00000000080fd000 	/System/Library/Frameworks/ApplicationServices.framework/Versions/A/Frameworks/ATS.framework/Versions/A/Resources/libFontParser.dylib
0x00000000080fd000 	/System/Library/Frameworks/ApplicationServices.framework/Versions/A/Frameworks/ATS.framework/Versions/A/Resources/libFontRegistry.dylib
0x00000000080fd000 	/System/Library/PrivateFrameworks/AppleVPA.framework/Versions/A/AppleVPA
0x00000000080fd000 	/System/Library/PrivateFrameworks/AppleJPEG.framework/Versions/A/AppleJPEG
0x00000000080fd000 	/System/Library/Frameworks/ImageIO.framework/Versions/A/Resources/libJPEG.dylib
0x00000000080fd000 	/System/Library/Frameworks/ImageIO.framework/Versions/A/Resources/libTIFF.dylib
0x00000000080fd000 	/System/Library/Frameworks/ImageIO.framework/Versions/A/Resources/libPng.dylib
0x00000000080fd000 	/System/Library/Frameworks/ImageIO.framework/Versions/A/Resources/libGIF.dylib
0x00000000080fd000 	/System/Library/Frameworks/ImageIO.framework/Versions/A/Resources/libJP2.dylib
0x00000000080fd000 	/System/Library/Frameworks/ImageIO.framework/Versions/A/Resources/libRadiance.dylib
0x00000000080fd000 	/System/Library/Frameworks/CoreVideo.framework/Versions/A/CoreVideo
0x00000000080fd000 	/System/Library/Frameworks/OpenGL.framework/Versions/A/Libraries/libGLU.dylib
0x00000000080fd000 	/System/Library/Frameworks/OpenGL.framework/Versions/A/Libraries/libGFXShared.dylib
0x00000000080fd000 	/System/Library/Frameworks/OpenGL.framework/Versions/A/Libraries/libGL.dylib
0x00000000080fd000 	/System/Library/Frameworks/OpenGL.framework/Versions/A/Libraries/libGLImage.dylib
0x00000000080fd000 	/System/Library/Frameworks/OpenGL.framework/Versions/A/Libraries/libCVMSPluginSupport.dylib
0x00000000080fd000 	/System/Library/Frameworks/OpenGL.framework/Versions/A/Libraries/libCoreVMClient.dylib
0x00000000080fd000 	/usr/lib/libcups.2.dylib
0x00000000080fd000 	/System/Library/Frameworks/Kerberos.framework/Versions/A/Kerberos
0x00000000080fd000 	/System/Library/Frameworks/GSS.framework/Versions/A/GSS
0x00000000080fd000 	/usr/lib/libresolv.9.dylib
0x00000000080fd000 	/usr/lib/libiconv.2.dylib
0x00000000080fd000 	/System/Library/PrivateFrameworks/Heimdal.framework/Versions/A/Heimdal
0x00000000080fd000 	/usr/lib/libheimdal-asn1.dylib
0x00000000080fd000 	/System/Library/Frameworks/OpenDirectory.framework/Versions/A/OpenDirectory
0x00000000080fd000 	/System/Library/PrivateFrameworks/CommonAuth.framework/Versions/A/CommonAuth
0x00000000080fd000 	/System/Library/Frameworks/OpenDirectory.framework/Versions/A/Frameworks/CFOpenDirectory.framework/Versions/A/CFOpenDirectory
0x00000000080fd000 	/System/Library/Frameworks/SecurityFoundation.framework/Versions/A/SecurityFoundation
0x00000000080fd000 	/System/Library/PrivateFrameworks/LanguageModeling.framework/Versions/A/LanguageModeling
0x00000000080fd000 	/usr/lib/libcmph.dylib
0x00000000080fd000 	/System/Library/Frameworks/ServiceManagement.framework/Versions/A/ServiceManagement
0x00000000080fd000 	/usr/lib/libxslt.1.dylib
0x00000000080fd000 	/System/Library/Frameworks/Carbon.framework/Versions/A/Frameworks/Ink.framework/Versions/A/Ink
0x00000000080fd000 	/System/Library/Frameworks/QuartzCore.framework/Versions/A/Frameworks/CoreImage.framework/Versions/A/CoreImage
0x00000000080fd000 	/System/Library/PrivateFrameworks/CrashReporterSupport.framework/Versions/A/CrashReporterSupport
0x00000000080fd000 	/System/Library/Frameworks/OpenCL.framework/Versions/A/OpenCL
0x00000000080fd000 	/System/Library/PrivateFrameworks/FaceCore.framework/Versions/A/FaceCore
0x00000000080fd000 	/System/Library/PrivateFrameworks/Ubiquity.framework/Versions/A/Ubiquity
0x00000000080fd000 	/System/Library/PrivateFrameworks/IconServices.framework/Versions/A/IconServices
0x00000000080fd000 	/System/Library/PrivateFrameworks/ChunkingLibrary.framework/Versions/A/ChunkingLibrary
0x00000000080fd000 	/System/Library/PrivateFrameworks/Apple80211.framework/Versions/A/Apple80211
0x00000000080fd000 	/System/Library/Frameworks/CoreWLAN.framework/Versions/A/CoreWLAN
0x00000000080fd000 	/System/Library/Frameworks/IOBluetooth.framework/Versions/A/IOBluetooth
0x00000000080fd000 	/System/Library/PrivateFrameworks/CoreWiFi.framework/Versions/A/CoreWiFi
0x00000000080fd000 	/System/Library/Frameworks/CoreBluetooth.framework/Versions/A/CoreBluetooth
0x00000000080fd000 	/System/Library/PrivateFrameworks/DebugSymbols.framework/Versions/A/DebugSymbols
0x00000000080fd000 	/System/Library/PrivateFrameworks/CoreSymbolication.framework/Versions/A/CoreSymbolication
0x00000000080fd000 	/System/Library/PrivateFrameworks/Symbolication.framework/Versions/A/Symbolication
0x00000000080fd000 	/System/Library/PrivateFrameworks/SpeechRecognitionCore.framework/Versions/A/SpeechRecognitionCore
0x000000010a0d7000 	/Library/Java/JavaVirtualMachines/jdk1.8.0_73.jdk/Contents/Home/jre/lib/server/libjvm.dylib
0x00000000080fd000 	/usr/lib/libstdc++.6.dylib
0x000000010b167000 	/Library/Java/JavaVirtualMachines/jdk1.8.0_73.jdk/Contents/Home/jre/lib/libverify.dylib
0x000000010b175000 	/Library/Java/JavaVirtualMachines/jdk1.8.0_73.jdk/Contents/Home/jre/lib/libjava.dylib
0x000000010b1b4000 	/Library/Java/JavaVirtualMachines/jdk1.8.0_73.jdk/Contents/Home/jre/lib/libzip.dylib
0x000000011f4f2000 	/System/Library/Frameworks/JavaVM.framework/Frameworks/JavaRuntimeSupport.framework/JavaRuntimeSupport
0x000000011f50a000 	/System/Library/Frameworks/JavaVM.framework/Versions/A/Frameworks/JavaNativeFoundation.framework/Versions/A/JavaNativeFoundation
0x000000011a5f1000 	/System/Library/Frameworks/JavaVM.framework/Versions/A/JavaVM
0x00000000080fd000 	/System/Library/Frameworks/Carbon.framework/Versions/A/Carbon
0x000000011f51f000 	/System/Library/PrivateFrameworks/JavaLaunching.framework/Versions/A/JavaLaunching
0x00000000080fd000 	/System/Library/Frameworks/Carbon.framework/Versions/A/Frameworks/CommonPanels.framework/Versions/A/CommonPanels
0x00000000080fd000 	/System/Library/Frameworks/Carbon.framework/Versions/A/Frameworks/Help.framework/Versions/A/Help
0x00000000080fd000 	/System/Library/Frameworks/Carbon.framework/Versions/A/Frameworks/ImageCapture.framework/Versions/A/ImageCapture
0x00000000080fd000 	/System/Library/Frameworks/Carbon.framework/Versions/A/Frameworks/OpenScripting.framework/Versions/A/OpenScripting
0x00000000080fd000 	/System/Library/Frameworks/Carbon.framework/Versions/A/Frameworks/Print.framework/Versions/A/Print
0x00000000080fd000 	/System/Library/Frameworks/Carbon.framework/Versions/A/Frameworks/SecurityHI.framework/Versions/A/SecurityHI
0x0000000121394000 	/Library/Java/JavaVirtualMachines/jdk1.8.0_73.jdk/Contents/Home/jre/lib/libawt.dylib
0x000000012143c000 	/Library/Java/JavaVirtualMachines/jdk1.8.0_73.jdk/Contents/Home/jre/lib/./libmlib_image.dylib
0x0000000121508000 	/Library/Java/JavaVirtualMachines/jdk1.8.0_73.jdk/Contents/Home/jre/lib/libawt_lwawt.dylib
0x00000001215bd000 	/Library/Java/JavaVirtualMachines/jdk1.8.0_73.jdk/Contents/Home/jre/lib/./libosxapp.dylib
0x00000000080fd000 	/System/Library/Frameworks/ExceptionHandling.framework/Versions/A/ExceptionHandling
0x00000000080fd000 	/System/Library/PrivateFrameworks/CoreServicesInternal.framework/Versions/A/CoreServicesInternal
0x00000000080fd000 	/System/Library/PrivateFrameworks/CloudDocs.framework/Versions/A/CloudDocs
0x00000000080fd000 	/System/Library/PrivateFrameworks/CoreDuet.framework/Versions/A/CoreDuet
0x00000000080fd000 	/System/Library/Frameworks/CloudKit.framework/Versions/A/CloudKit
0x00000000080fd000 	/System/Library/PrivateFrameworks/ProtocolBuffer.framework/Versions/A/ProtocolBuffer
0x00000000080fd000 	/System/Library/PrivateFrameworks/CoreDuetDaemonProtocol.framework/Versions/A/CoreDuetDaemonProtocol
0x00000000080fd000 	/System/Library/PrivateFrameworks/CoreDuetDebugLogging.framework/Versions/A/CoreDuetDebugLogging
0x00000000080fd000 	/System/Library/PrivateFrameworks/MMCS.framework/Versions/A/MMCS
0x00000000080fd000 	/System/Library/Frameworks/CoreLocation.framework/Versions/A/CoreLocation
0x00000000080fd000 	/System/Library/PrivateFrameworks/ProtectedCloudStorage.framework/Versions/A/ProtectedCloudStorage
0x00000000080fd000 	/System/Library/PrivateFrameworks/GeoServices.framework/Versions/A/GeoServices
0x00000000080fd000 	/System/Library/Frameworks/CoreGraphics.framework/Versions/A/Resources/libCGCMS.A.dylib
0x00000000080fd000 	/System/Library/Frameworks/CoreGraphics.framework/Versions/A/Resources/libRIP.A.dylib
0x00000000080fd000 	/System/Library/Frameworks/CoreGraphics.framework/Versions/A/Resources/libCGXType.A.dylib
0x00000000080fd000 	/System/Library/Frameworks/OpenCL.framework/Versions/A/Libraries/libcldcpuengine.dylib
0x00000000080fd000 	/System/Library/PrivateFrameworks/DiskImages.framework/Versions/A/DiskImages
0x00000000080fd000 	/System/Library/Frameworks/DiscRecording.framework/Versions/A/DiscRecording
0x00000000080fd000 	/usr/lib/libcsfde.dylib
0x00000000080fd000 	/usr/lib/libcurl.4.dylib
0x00000000080fd000 	/System/Library/PrivateFrameworks/MediaKit.framework/Versions/A/MediaKit
0x00000000080fd000 	/usr/lib/libCoreStorage.dylib
0x00000000080fd000 	/System/Library/PrivateFrameworks/EFILogin.framework/Versions/A/EFILogin
0x00000000080fd000 	/usr/lib/libutil.dylib
0x00000000080fd000 	/System/Library/PrivateFrameworks/FindMyDevice.framework/Versions/A/FindMyDevice
0x00000000080fd000 	/System/Library/Frameworks/LDAP.framework/Versions/A/LDAP
0x00000000080fd000 	/usr/lib/libsasl2.2.dylib
0x00000000080fd000 	/System/Library/PrivateFrameworks/CoreDaemon.framework/Versions/B/CoreDaemon
0x00000000080fd000 	/usr/lib/libcrypto.0.9.8.dylib
0x00000000080fd000 	/System/Library/PrivateFrameworks/AppleSRP.framework/Versions/A/AppleSRP
0x00000000080fd000 	/System/Library/PrivateFrameworks/TrustEvaluationAgent.framework/Versions/A/TrustEvaluationAgent
0x0000000124942000 	cl_kernels
0x0000000124944000 	/System/Library/Frameworks/OpenCL.framework/Versions/A/Libraries/ImageFormats/unorm8_bgra.dylib
0x0000000124933000 	cl_kernels
0x00000000080fd000 	/System/Library/PrivateFrameworks/FamilyControls.framework/Versions/A/FamilyControls
0x00000000080fd000 	/System/Library/PrivateFrameworks/CommerceKit.framework/Versions/A/Frameworks/CommerceCore.framework/Versions/A/CommerceCore
0x00000000080fd000 	/System/Library/PrivateFrameworks/SystemAdministration.framework/Versions/A/SystemAdministration
0x00000000080fd000 	/System/Library/PrivateFrameworks/AppContainer.framework/Versions/A/AppContainer
0x00000000080fd000 	/System/Library/PrivateFrameworks/SecCodeWrapper.framework/Versions/A/SecCodeWrapper
0x00000000080fd000 	/System/Library/Frameworks/DirectoryService.framework/Versions/A/DirectoryService
0x00000000080fd000 	/System/Library/PrivateFrameworks/LoginUIKit.framework/Versions/A/Frameworks/LoginUICore.framework/Versions/A/LoginUICore
0x00000000080fd000 	/usr/lib/libodfde.dylib
0x00000000080fd000 	/System/Library/Frameworks/OpenGL.framework/Versions/A/Resources/GLEngine.bundle/GLEngine
0x00000000080fd000 	/System/Library/Frameworks/OpenGL.framework/Versions/A/Libraries/libGLProgrammability.dylib
0x0000000125c2d000 	/System/Library/Extensions/AppleIntelHD4000GraphicsGLDriver.bundle/Contents/MacOS/AppleIntelHD4000GraphicsGLDriver
0x00000000080fd000 	/System/Library/PrivateFrameworks/IOAccelerator.framework/Versions/A/IOAccelerator
0x00000000080fd000 	/System/Library/PrivateFrameworks/GPUSupport.framework/Versions/A/Libraries/libGPUSupportMercury.dylib
0x00000000080fd000 	/System/Library/Frameworks/OpenGL.framework/Versions/A/Resources/GLRendererFloat.bundle/GLRendererFloat
0x0000000126c22000 	/Library/Java/JavaVirtualMachines/jdk1.8.0_73.jdk/Contents/Home/jre/lib/libfontmanager.dylib
0x0000000127ea6000 	/Library/Java/JavaVirtualMachines/jdk1.8.0_73.jdk/Contents/Home/jre/lib/libosxui.dylib
0x0000000127f61000 	/Library/Java/JavaVirtualMachines/jdk1.8.0_73.jdk/Contents/Home/jre/lib/libnet.dylib
0x0000000127f78000 	/Library/Java/JavaVirtualMachines/jdk1.8.0_73.jdk/Contents/Home/jre/lib/libnio.dylib
0x00000000080fd000 	/System/Library/Frameworks/ApplicationServices.framework/Versions/A/Frameworks/ATS.framework/Versions/A/Resources/libTrueTypeScaler.dylib
0x000000019461b000 	/private/var/folders/gx/lpn_2smn21b5jx4mf4ptd0z40000gn/T/jogamp_0000/file_cache/jln7616436005691303234/jln5055574397387498187/libgluegen-rt.jnilib
0x000000019461f000 	/private/var/folders/gx/lpn_2smn21b5jx4mf4ptd0z40000gn/T/jogamp_0000/file_cache/jln7616436005691303234/jln5055574397387498187/libnativewindow_awt.jnilib
0x0000000194719000 	/Library/Java/JavaVirtualMachines/jdk1.8.0_73.jdk/Contents/Home/jre/lib/libjawt.dylib
0x000000019471c000 	/private/var/folders/gx/lpn_2smn21b5jx4mf4ptd0z40000gn/T/jogamp_0000/file_cache/jln7616436005691303234/jln5055574397387498187/libnativewindow_macosx.jnilib
0x00000001966f8000 	/private/var/folders/gx/lpn_2smn21b5jx4mf4ptd0z40000gn/T/jogamp_0000/file_cache/jln7616436005691303234/jln5055574397387498187/libjogl_desktop.jnilib
0x0000000198daf000 	/Library/Java/JavaVirtualMachines/jdk1.8.0_73.jdk/Contents/Home/jre/lib/libt2k.dylib
0x00000000080fd000 	/System/Library/Frameworks/Accelerate.framework/Versions/A/Frameworks/vImage.framework/Versions/A/Libraries/libCGInterfaces.dylib

VM Arguments:
jvm_args: -Djava.security.policy=java.policy.applet -Dfile.encoding=UTF-8 
java_command: sun.applet.AppletViewer module6.EarthquakeCityMap1458271692659.html
java_class_path (initial): /Volumes/Other/ComputerScience/Java/Coursera/Java Programming Object-Oriented Design of Data Structures Specialization/UCSDUnfoldingMaps/build:/Volumes/Other/ComputerScience/Java/Coursera/Java Programming Object-Oriented Design of Data Structures Specialization/UCSDUnfoldingMaps/lib/core.jar:/Volumes/Other/ComputerScience/Java/Coursera/Java Programming Object-Oriented Design of Data Structures Specialization/UCSDUnfoldingMaps/lib/gluegen-rt.jar:/Volumes/Other/ComputerScience/Java/Coursera/Java Programming Object-Oriented Design of Data Structures Specialization/UCSDUnfoldingMaps/lib/jogl-all.jar:/Volumes/Other/ComputerScience/Java/Coursera/Java Programming Object-Oriented Design of Data Structures Specialization/UCSDUnfoldingMaps/lib/log4j-1.2.15.jar:/Volumes/Other/ComputerScience/Java/Coursera/Java Programming Object-Oriented Design of Data Structures Specialization/UCSDUnfoldingMaps/lib/sqlite-jdbc-3.7.2.jar:/Volumes/Other/ComputerScience/Java/Coursera/Java Programming Object-Oriented Design of Data Structures Specialization/UCSDUnfoldingMaps/lib/json4processing.jar:/Volumes/Other/ComputerScience/Java/Coursera/Java Programming Object-Oriented Design of Data Structures Specialization/UCSDUnfoldingMaps/lib/libTUIO.jar:/Volumes/Other/ComputerScience/Java/Coursera/Java Programming Object-Oriented Design of Data Structures Specialization/UCSDUnfoldingMaps/lib/unfolding.0.9.7-uscd.jar:/Volumes/Other/ComputerScience/Java/Coursera/Java Programming Object-Oriented Design of Data Structures Specialization/UCSDUnfoldingMaps/lib/controlP5/library/controlP5.jar:/Users/zhihuixie/Downloads/geonames-source-1.1.13.jar:/Users/zhihuixie/Downloads/jdom/build/jdom-1.1.3.jar
Launcher Type: SUN_STANDARD

Environment Variables:
PATH=/usr/bin:/bin:/usr/sbin:/sbin
SHELL=/bin/bash

Signal Handlers:
SIGSEGV: [libjvm.dylib+0x5a71a5], sa_mask[0]=11111111011111110111111111111111, sa_flags=SA_ONSTACK|SA_RESTART|SA_SIGINFO
SIGBUS: [libjvm.dylib+0x5a71a5], sa_mask[0]=11111111011111110111111111111111, sa_flags=SA_RESTART|SA_SIGINFO
SIGFPE: [libjvm.dylib+0x480eb4], sa_mask[0]=11111111011111110111111111111111, sa_flags=SA_RESTART|SA_SIGINFO
SIGPIPE: [libjvm.dylib+0x480eb4], sa_mask[0]=11111111011111110111111111111111, sa_flags=SA_RESTART|SA_SIGINFO
SIGXFSZ: [libjvm.dylib+0x480eb4], sa_mask[0]=11111111011111110111111111111111, sa_flags=SA_RESTART|SA_SIGINFO
SIGILL: [libjvm.dylib+0x480eb4], sa_mask[0]=11111111011111110111111111111111, sa_flags=SA_RESTART|SA_SIGINFO
SIGUSR1: SIG_DFL, sa_mask[0]=00000000000000000000000000000000, sa_flags=none
SIGUSR2: [libjvm.dylib+0x4809d2], sa_mask[0]=00100000000000000000000000000000, sa_flags=SA_RESTART|SA_SIGINFO
SIGHUP: [libjvm.dylib+0x47efa9], sa_mask[0]=11111111011111110111111111111111, sa_flags=SA_RESTART|SA_SIGINFO
SIGINT: [libjvm.dylib+0x47efa9], sa_mask[0]=11111111011111110111111111111111, sa_flags=SA_RESTART|SA_SIGINFO
SIGTERM: [libjvm.dylib+0x47efa9], sa_mask[0]=11111111011111110111111111111111, sa_flags=SA_RESTART|SA_SIGINFO
SIGQUIT: [libjvm.dylib+0x47efa9], sa_mask[0]=11111111011111110111111111111111, sa_flags=SA_RESTART|SA_SIGINFO


---------------  S Y S T E M  ---------------

OS:Bsduname:Darwin 14.5.0 Darwin Kernel Version 14.5.0: Wed Jul 29 02:26:53 PDT 2015; root:xnu-2782.40.9~1/RELEASE_X86_64 x86_64
rlimit: STACK 8192k, CORE 0k, NPROC 709, NOFILE 10240, AS infinity
load average:1.87 1.71 1.58

CPU:total 4 (2 cores per cpu, 2 threads per core) family 6 model 58 stepping 9, cmov, cx8, fxsr, mmx, sse, sse2, sse3, ssse3, sse4.1, sse4.2, popcnt, avx, aes, clmul, erms, ht, tsc, tscinvbit, tscinv

Memory: 4k page, physical 4194304k(285520k free)

/proc/meminfo:


vm_info: Java HotSpot(TM) 64-Bit Server VM (25.73-b02) for bsd-amd64 JRE (1.8.0_73-b02), built on Jan 29 2016 15:02:00 by "java_re" with gcc 4.2.1 (Based on Apple Inc. build 5658) (LLVM build 2336.11.00)

time: Thu Mar 17 20:29:42 2016
elapsed time: 89 seconds (0d 0h 1m 29s)

