#
# A fatal error has been detected by the Java Runtime Environment:
#
#  SIGSEGV (0xb) at pc=0x00007fff858ad0dd, pid=5211, tid=1811
#
# JRE version: Java(TM) SE Runtime Environment (8.0_73-b02) (build 1.8.0_73-b02)
# Java VM: Java HotSpot(TM) 64-Bit Server VM (25.73-b02 mixed mode bsd-amd64 compressed oops)
# Problematic frame:
# C  [libobjc.A.dylib+0x10dd]  objc_msgSend+0x1d
#
# Failed to write core dump. Core dumps have been disabled. To enable core dumping, try "ulimit -c unlimited" before starting Java again
#
# If you would like to submit a bug report, please visit:
#   http://bugreport.java.com/bugreport/crash.jsp
# The crash happened outside the Java Virtual Machine in native code.
# See problematic frame for where to report the bug.
#

---------------  T H R E A D  ---------------

Current thread (0x00007f92920e8800):  JavaThread "AWT-AppKit" daemon [_thread_in_native, id=1811, stack(0x00007fff5b4e7000,0x00007fff5bce7000)]

siginfo: si_signo: 11 (SIGSEGV), si_code: 1 (SEGV_MAPERR), si_addr: 0x0000000000000018

Registers:
RAX=0x00007f9295f77e80, RBX=0x000000018e4c8450, RCX=0x0000000121c589e0, RDX=0x0000000121c58960
RSP=0x00007fff5bce20f8, RBP=0x00007fff5bce21b0, RSI=0x00007fff8692740f, RDI=0x00007f9295f73050
R8 =0x0000000000000000, R9 =0x0000000000000f50, R10=0x00007fff8692740f, R11=0x0000000000000000
R12=0x0000000000000000, R13=0x00000001907c8358, R14=0x000000018e4c8440, R15=0x00007f92920e8800
RIP=0x00007fff858ad0dd, EFLAGS=0x0000000000010246, ERR=0x0000000000000004
  TRAPNO=0x000000000000000e

Top of Stack: (sp=0x00007fff5bce20f8)
0x00007fff5bce20f8:   000000018e4c6157 00007fff5bce2150
0x00007fff5bce2108:   0000000000000003 00007fff5bce2130
0x00007fff5bce2118:   0000000104209646 00000001907c8358
0x00007fff5bce2128:   00000001907c8358 00007f9295f77e80
0x00007fff5bce2138:   000000018e4c86a0 000000018e4c8710
0x00007fff5bce2148:   00007fff72e88550 00007fff72d2cc80
0x00007fff5bce2158:   000000018e4c8450 000000018e4c8690
0x00007fff5bce2168:   00007f9295f77e80 00007f9295f73050
0x00007fff5bce2178:   00007f9290f2bcb0 00007f9295f77e80
0x00007fff5bce2188:   00007f9295f73050 00007fff5bce2238
0x00007fff5bce2198:   00007f92920e89f8 00000001907c8358
0x00007fff5bce21a8:   00007fff5bce2260 00007fff5bce2228
0x00007fff5bce21b8:   0000000105113954 00000001907c8358
0x00007fff5bce21c8:   00007fff5bce2260 00007fff5bce2228
0x00007fff5bce21d8:   00000001051136e7 00000001051136a2
0x00007fff5bce21e8:   00007fff5bce21e8 00000001907c8358
0x00007fff5bce21f8:   00007fff5bce2260 00000001907caf90
0x00007fff5bce2208:   0000000000000000 00000001907c8358
0x00007fff5bce2218:   0000000000000000 00007fff5bce2248
0x00007fff5bce2228:   00007fff5bce22a8 0000000105105c4d
0x00007fff5bce2238:   0000000780cc94a8 000000010510d578
0x00007fff5bce2248:   00007f9295f77e80 00007fff5bce22a8
0x00007fff5bce2258:   00007f9295f73050 000000010510ed82
0x00007fff5bce2268:   00007fff5bce2268 00000001907c8522
0x00007fff5bce2278:   00007fff5bce22d0 00000001907caf90
0x00007fff5bce2288:   0000000000000000 00000001907c8530
0x00007fff5bce2298:   00007fff5bce2248 00007fff5bce22b8
0x00007fff5bce22a8:   00007fff5bce2318 0000000105105c4d
0x00007fff5bce22b8:   00007f9295f77e80 0000000780c5fb60
0x00007fff5bce22c8:   00007f9295f73050 0000000780c5fb60
0x00007fff5bce22d8:   00007fff5bce22d8 000000019a899766
0x00007fff5bce22e8:   00007fff5bce2328 000000019a899820 

Instructions: (pc=0x00007fff858ad0dd)
0x00007fff858ad0bd:   00 00 00 48 85 ff 2e 74 7a 40 f6 c7 01 2e 75 7e
0x00007fff858ad0cd:   49 bb f8 ff ff ff ff 7f 00 00 4c 23 1f 49 89 f2
0x00007fff858ad0dd:   45 23 53 18 49 c1 e2 04 4d 03 53 10 49 3b 32 75
0x00007fff858ad0ed:   04 41 ff 62 08 49 83 3a 00 74 6a 4d 3b 53 10 74 

Register to memory mapping:

RAX=0x00007f9295f77e80 is an unknown value
RBX=0x000000018e4c8450: Java_jogamp_nativewindow_macosx_OSXUtil_GetScreenRefreshRate0+0x1cf0 in /private/var/folders/gx/lpn_2smn21b5jx4mf4ptd0z40000gn/T/jogamp_0000/file_cache/jln6196094505000675272/jln2443488694969426672/libnativewindow_macosx.jnilib at 0x000000018e4c1000
RCX=0x0000000121c589e0 is an unknown value
RDX=0x0000000121c58960 is an unknown value
RSP=0x00007fff5bce20f8 is pointing into the stack for thread: 0x00007f92920e8800
RBP=0x00007fff5bce21b0 is pointing into the stack for thread: 0x00007f92920e8800
RSI=0x00007fff8692740f is an unknown value
RDI=0x00007f9295f73050 is an unknown value
R8 =0x0000000000000000 is an unknown value
R9 =0x0000000000000f50 is an unknown value
R10=0x00007fff8692740f is an unknown value
R11=0x0000000000000000 is an unknown value
R12=0x0000000000000000 is an unknown value
R13={method} {0x00000001907c8358} 'UnsetJAWTRootSurfaceLayer0' '(JJ)V' in 'jogamp/nativewindow/jawt/macosx/MacOSXJAWTWindow'
R14=0x000000018e4c8440: Java_jogamp_nativewindow_macosx_OSXUtil_GetScreenRefreshRate0+0x1ce0 in /private/var/folders/gx/lpn_2smn21b5jx4mf4ptd0z40000gn/T/jogamp_0000/file_cache/jln6196094505000675272/jln2443488694969426672/libnativewindow_macosx.jnilib at 0x000000018e4c1000
R15=0x00007f92920e8800 is a thread


Stack: [0x00007fff5b4e7000,0x00007fff5bce7000],  sp=0x00007fff5bce20f8,  free space=8172k
Native frames: (J=compiled Java code, j=interpreted, Vv=VM code, C=native code)
C  [libobjc.A.dylib+0x10dd]  objc_msgSend+0x1d
j  jogamp.nativewindow.jawt.macosx.MacOSXJAWTWindow.UnsetJAWTRootSurfaceLayer0(JJ)V+0
j  jogamp.nativewindow.jawt.macosx.MacOSXJAWTWindow.access$200(JJ)V+2
j  jogamp.nativewindow.jawt.macosx.MacOSXJAWTWindow$1.run()V+38
J 3514 C1 com.jogamp.common.util.RunnableTask.run()V (345 bytes) @ 0x0000000105a70a74 [0x0000000105a708e0+0x194]
v  ~StubRoutines::call_stub
V  [libjvm.dylib+0x2eae7a]
V  [libjvm.dylib+0x321f83]
V  [libjvm.dylib+0x314757]
C  [libnativewindow_macosx.jnilib+0x5326]  Java_jogamp_nativewindow_jawt_macosx_MacOSXJAWTWindow_UnsetJAWTRootSurfaceLayer0+0x2b6
C  [Foundation+0x92dd0]  __NSThreadPerformPerform+0x125
C  [CoreFoundation+0x80a01]  __CFRUNLOOP_IS_CALLING_OUT_TO_A_SOURCE0_PERFORM_FUNCTION__+0x11
C  [CoreFoundation+0x72c5c]  __CFRunLoopDoSources0+0x1dc
C  [CoreFoundation+0x721bf]  __CFRunLoopRun+0x39f
C  [CoreFoundation+0x71bd8]  CFRunLoopRunSpecific+0x128
C  [HIToolbox+0x3256f]  RunCurrentEventLoopInMode+0xeb
C  [HIToolbox+0x321ee]  ReceiveNextEventCommon+0xb3
C  [HIToolbox+0x3212b]  _BlockUntilNextEventMatchingListInModeWithFilter+0x47
C  [AppKit+0x918ab]  _DPSNextEvent+0x3d2
C  [AppKit+0x90e58]  -[NSApplication nextEventMatchingMask:untilDate:inMode:dequeue:]+0x15a
C  [libosxapp.dylib+0x23aa]  -[NSApplicationAWT nextEventMatchingMask:untilDate:inMode:dequeue:]+0x7c
C  [AppKit+0x86af3]  -[NSApplication run]+0x252
C  [libosxapp.dylib+0x214d]  +[NSApplicationAWT runAWTLoopWithApp:]+0x9c
C  [libawt_lwawt.dylib+0x4455b]  -[AWTStarter starter:]+0x389
C  [Foundation+0x92dd0]  __NSThreadPerformPerform+0x125
C  [CoreFoundation+0x80a01]  __CFRUNLOOP_IS_CALLING_OUT_TO_A_SOURCE0_PERFORM_FUNCTION__+0x11
C  [CoreFoundation+0x72b8d]  __CFRunLoopDoSources0+0x10d
C  [CoreFoundation+0x721bf]  __CFRunLoopRun+0x39f
C  [CoreFoundation+0x71bd8]  CFRunLoopRunSpecific+0x128
C  [java+0x6463]  CreateExecutionEnvironment+0x367
C  [java+0x21ac]  JLI_Launch+0x7a0
C  [java+0x84c0]  main+0x65
C  [java+0x1a04]  start+0x34
C  0x0000000000000007

Java frames: (J=compiled Java code, j=interpreted, Vv=VM code)
j  jogamp.nativewindow.jawt.macosx.MacOSXJAWTWindow.UnsetJAWTRootSurfaceLayer0(JJ)V+0
j  jogamp.nativewindow.jawt.macosx.MacOSXJAWTWindow.access$200(JJ)V+2
j  jogamp.nativewindow.jawt.macosx.MacOSXJAWTWindow$1.run()V+38
J 3514 C1 com.jogamp.common.util.RunnableTask.run()V (345 bytes) @ 0x0000000105a70a74 [0x0000000105a708e0+0x194]
v  ~StubRoutines::call_stub

---------------  P R O C E S S  ---------------

Java Threads: ( => current thread )
  0x00007f92921b7000 JavaThread "Thread-66" [_thread_blocked, id=37363, stack(0x000000019acc5000,0x000000019adc5000)]
  0x00007f9297cd2000 JavaThread "TimerQueue" daemon [_thread_blocked, id=64551, stack(0x0000000197c00000,0x0000000197d00000)]
  0x00007f9292d98000 JavaThread "Animation Thread" [_thread_blocked, id=56847, stack(0x000000018e695000,0x000000018e795000)]
  0x00007f9292532000 JavaThread "AWT-EventQueue-1" [_thread_in_native, id=57363, stack(0x000000018eb41000,0x000000018ec41000)]
  0x00007f9291002000 JavaThread "DestroyJavaVM" [_thread_blocked, id=3331, stack(0x0000000104fa6000,0x00000001050a6000)]
  0x00007f929195b000 JavaThread "AWT-EventQueue-0" [_thread_blocked, id=55047, stack(0x0000000121ce5000,0x0000000121de5000)]
  0x00007f9292986800 JavaThread "Java2D Disposer" daemon [_thread_blocked, id=51223, stack(0x0000000120a61000,0x0000000120b61000)]
  0x00007f9292149000 JavaThread "Java2D Queue Flusher" daemon [_thread_blocked, id=49671, stack(0x000000011fa61000,0x000000011fb61000)]
  0x00007f9291917800 JavaThread "AWT-Shutdown" [_thread_blocked, id=28179, stack(0x000000011d0da000,0x000000011d1da000)]
=>0x00007f92920e8800 JavaThread "AWT-AppKit" daemon [_thread_in_native, id=1811, stack(0x00007fff5b4e7000,0x00007fff5bce7000)]
  0x00007f9292879800 JavaThread "Service Thread" daemon [_thread_blocked, id=18435, stack(0x000000011b159000,0x000000011b259000)]
  0x00007f9292041000 JavaThread "C1 CompilerThread2" daemon [_thread_blocked, id=17923, stack(0x000000011b056000,0x000000011b156000)]
  0x00007f9292040000 JavaThread "C2 CompilerThread1" daemon [_thread_blocked, id=17411, stack(0x000000011af53000,0x000000011b053000)]
  0x00007f9292005000 JavaThread "C2 CompilerThread0" daemon [_thread_blocked, id=16899, stack(0x000000011ae50000,0x000000011af50000)]
  0x00007f9292816000 JavaThread "Signal Dispatcher" daemon [_thread_blocked, id=13843, stack(0x000000011ad4d000,0x000000011ae4d000)]
  0x00007f9291032000 JavaThread "Finalizer" daemon [_thread_blocked, id=11523, stack(0x0000000119335000,0x0000000119435000)]
  0x00007f9292801000 JavaThread "Reference Handler" daemon [_thread_blocked, id=11011, stack(0x0000000119232000,0x0000000119332000)]

Other Threads:
  0x00007f9292035000 VMThread [stack: 0x000000011912f000,0x000000011922f000] [id=10499]
  0x00007f929287a000 WatcherThread [stack: 0x000000011b25c000,0x000000011b35c000] [id=18947]

VM state:not at safepoint (normal execution)

VM Mutex/Monitor currently owned by a thread: None

Heap:
 PSYoungGen      total 48640K, used 44965K [0x00000007aab00000, 0x00000007aed80000, 0x00000007c0000000)
  eden space 37376K, 91% used [0x00000007aab00000,0x00000007acc396a0,0x00000007acf80000)
  from space 11264K, 97% used [0x00000007ad080000,0x00000007adb300c0,0x00000007adb80000)
  to   space 15360K, 0% used [0x00000007ade80000,0x00000007ade80000,0x00000007aed80000)
 ParOldGen       total 43520K, used 33434K [0x0000000780000000, 0x0000000782a80000, 0x00000007aab00000)
  object space 43520K, 76% used [0x0000000780000000,0x00000007820a6ae8,0x0000000782a80000)
 Metaspace       used 25054K, capacity 25363K, committed 25600K, reserved 1073152K
  class space    used 2459K, capacity 2560K, committed 2560K, reserved 1048576K

Card table byte_map: [0x0000000114e00000,0x0000000115001000] byte_map_base: 0x0000000111200000

Marking Bits: (ParMarkBitMap*) 0x00000001048fbea0
 Begin Bits: [0x0000000115460000, 0x0000000116460000)
 End Bits:   [0x0000000116460000, 0x0000000117460000)

Polling page: 0x00000001050eb000

CodeCache: size=245760Kb used=13921Kb max_used=13939Kb free=231838Kb
 bounds [0x00000001050fe000, 0x0000000105ebe000, 0x00000001140fe000]
 total_blobs=5007 nmethods=4064 adapters=854
 compilation: enabled

Compilation events (10 events):
Event: 130.732 Thread 0x00007f9292005000 nmethod 4823 0x0000000105e943d0 code [0x0000000105e945a0, 0x0000000105e94b90]
Event: 130.732 Thread 0x00007f9292005000 4824       4       controlP5.Label$SinglelineLabel::align (332 bytes)
Event: 130.748 Thread 0x00007f9292005000 nmethod 4824 0x0000000105e95350 code [0x0000000105e957c0, 0x0000000105e96510]
Event: 130.936 Thread 0x00007f9292040000 nmethod 4822 0x0000000105e9f150 code [0x0000000105e9fba0, 0x0000000105ea6dc0]
Event: 131.179 Thread 0x00007f9292005000 4825       4       sun.java2d.SunGraphics2D::<init> (180 bytes)
Event: 131.193 Thread 0x00007f9292005000 nmethod 4825 0x0000000105e91910 code [0x0000000105e91ae0, 0x0000000105e92378]
Event: 131.692 Thread 0x00007f9292041000 4826       3       com.sun.java.swing.SwingUtilities3::getDelegateRepaintManager (73 bytes)
Event: 131.694 Thread 0x00007f9292041000 nmethod 4826 0x0000000105e9db90 code [0x0000000105e9dde0, 0x0000000105e9ec78]
Event: 131.707 Thread 0x00007f9292041000 4827       3       java.awt.AWTEventMulticaster::removeInternal (29 bytes)
Event: 131.707 Thread 0x00007f9292041000 nmethod 4827 0x0000000105e91190 code [0x0000000105e91320, 0x0000000105e917c8]

GC Heap History (10 events):
Event: 111.672 GC heap before
{Heap before GC invocations=18 (full 1):
 PSYoungGen      total 56832K, used 52880K [0x00000007aab00000, 0x00000007af280000, 0x00000007c0000000)
  eden space 42496K, 100% used [0x00000007aab00000,0x00000007ad480000,0x00000007ad480000)
  from space 14336K, 72% used [0x00000007ae480000,0x00000007aeea4100,0x00000007af280000)
  to   space 15360K, 0% used [0x00000007ad480000,0x00000007ad480000,0x00000007ae380000)
 ParOldGen       total 43520K, used 33418K [0x0000000780000000, 0x0000000782a80000, 0x00000007aab00000)
  object space 43520K, 76% used [0x0000000780000000,0x00000007820a2ae8,0x0000000782a80000)
 Metaspace       used 24744K, capacity 25011K, committed 25088K, reserved 1071104K
  class space    used 2432K, capacity 2528K, committed 2560K, reserved 1048576K
Event: 111.675 GC heap after
Heap after GC invocations=18 (full 1):
 PSYoungGen      total 52224K, used 10288K [0x00000007aab00000, 0x00000007af180000, 0x00000007c0000000)
  eden space 41472K, 0% used [0x00000007aab00000,0x00000007aab00000,0x00000007ad380000)
  from space 10752K, 95% used [0x00000007ad480000,0x00000007ade8c110,0x00000007adf00000)
  to   space 15360K, 0% used [0x00000007ae280000,0x00000007ae280000,0x00000007af180000)
 ParOldGen       total 43520K, used 33418K [0x0000000780000000, 0x0000000782a80000, 0x00000007aab00000)
  object space 43520K, 76% used [0x0000000780000000,0x00000007820a2ae8,0x0000000782a80000)
 Metaspace       used 24744K, capacity 25011K, committed 25088K, reserved 1071104K
  class space    used 2432K, capacity 2528K, committed 2560K, reserved 1048576K
}
Event: 115.598 GC heap before
{Heap before GC invocations=19 (full 1):
 PSYoungGen      total 52224K, used 51760K [0x00000007aab00000, 0x00000007af180000, 0x00000007c0000000)
  eden space 41472K, 100% used [0x00000007aab00000,0x00000007ad380000,0x00000007ad380000)
  from space 10752K, 95% used [0x00000007ad480000,0x00000007ade8c110,0x00000007adf00000)
  to   space 15360K, 0% used [0x00000007ae280000,0x00000007ae280000,0x00000007af180000)
 ParOldGen       total 43520K, used 33418K [0x0000000780000000, 0x0000000782a80000, 0x00000007aab00000)
  object space 43520K, 76% used [0x0000000780000000,0x00000007820a2ae8,0x0000000782a80000)
 Metaspace       used 24745K, capacity 25011K, committed 25088K, reserved 1071104K
  class space    used 2433K, capacity 2528K, committed 2560K, reserved 1048576K
Event: 115.601 GC heap after
Heap after GC invocations=19 (full 1):
 PSYoungGen      total 54784K, used 10256K [0x00000007aab00000, 0x00000007af080000, 0x00000007c0000000)
  eden space 40448K, 0% used [0x00000007aab00000,0x00000007aab00000,0x00000007ad280000)
  from space 14336K, 71% used [0x00000007ae280000,0x00000007aec84110,0x00000007af080000)
  to   space 15360K, 0% used [0x00000007ad280000,0x00000007ad280000,0x00000007ae180000)
 ParOldGen       total 43520K, used 33418K [0x0000000780000000, 0x0000000782a80000, 0x00000007aab00000)
  object space 43520K, 76% used [0x0000000780000000,0x00000007820a2ae8,0x0000000782a80000)
 Metaspace       used 24745K, capacity 25011K, committed 25088K, reserved 1071104K
  class space    used 2433K, capacity 2528K, committed 2560K, reserved 1048576K
}
Event: 121.980 GC heap before
{Heap before GC invocations=20 (full 1):
 PSYoungGen      total 54784K, used 50704K [0x00000007aab00000, 0x00000007af080000, 0x00000007c0000000)
  eden space 40448K, 100% used [0x00000007aab00000,0x00000007ad280000,0x00000007ad280000)
  from space 14336K, 71% used [0x00000007ae280000,0x00000007aec84110,0x00000007af080000)
  to   space 15360K, 0% used [0x00000007ad280000,0x00000007ad280000,0x00000007ae180000)
 ParOldGen       total 43520K, used 33418K [0x0000000780000000, 0x0000000782a80000, 0x00000007aab00000)
  object space 43520K, 76% used [0x0000000780000000,0x00000007820a2ae8,0x0000000782a80000)
 Metaspace       used 25009K, capacity 25299K, committed 25344K, reserved 1073152K
  class space    used 2455K, capacity 2560K, committed 2560K, reserved 1048576K
Event: 121.983 GC heap after
Heap after GC invocations=20 (full 1):
 PSYoungGen      total 50688K, used 11154K [0x00000007aab00000, 0x00000007aef80000, 0x00000007c0000000)
  eden space 39424K, 0% used [0x00000007aab00000,0x00000007aab00000,0x00000007ad180000)
  from space 11264K, 99% used [0x00000007ad280000,0x00000007add649e8,0x00000007add80000)
  to   space 15360K, 0% used [0x00000007ae080000,0x00000007ae080000,0x00000007aef80000)
 ParOldGen       total 43520K, used 33426K [0x0000000780000000, 0x0000000782a80000, 0x00000007aab00000)
  object space 43520K, 76% used [0x0000000780000000,0x00000007820a4ae8,0x0000000782a80000)
 Metaspace       used 25009K, capacity 25299K, committed 25344K, reserved 1073152K
  class space    used 2455K, capacity 2560K, committed 2560K, reserved 1048576K
}
Event: 124.805 GC heap before
{Heap before GC invocations=21 (full 1):
 PSYoungGen      total 50688K, used 50578K [0x00000007aab00000, 0x00000007aef80000, 0x00000007c0000000)
  eden space 39424K, 100% used [0x00000007aab00000,0x00000007ad180000,0x00000007ad180000)
  from space 11264K, 99% used [0x00000007ad280000,0x00000007add649e8,0x00000007add80000)
  to   space 15360K, 0% used [0x00000007ae080000,0x00000007ae080000,0x00000007aef80000)
 ParOldGen       total 43520K, used 33426K [0x0000000780000000, 0x0000000782a80000, 0x00000007aab00000)
  object space 43520K, 76% used [0x0000000780000000,0x00000007820a4ae8,0x0000000782a80000)
 Metaspace       used 25033K, capacity 25363K, committed 25600K, reserved 1073152K
  class space    used 2455K, capacity 2560K, committed 2560K, reserved 1048576K
Event: 124.809 GC heap after
Heap after GC invocations=21 (full 1):
 PSYoungGen      total 52736K, used 10976K [0x00000007aab00000, 0x00000007aee80000, 0x00000007c0000000)
  eden space 38400K, 0% used [0x00000007aab00000,0x00000007aab00000,0x00000007ad080000)
  from space 14336K, 76% used [0x00000007ae080000,0x00000007aeb380c0,0x00000007aee80000)
  to   space 15360K, 0% used [0x00000007ad080000,0x00000007ad080000,0x00000007adf80000)
 ParOldGen       total 43520K, used 33434K [0x0000000780000000, 0x0000000782a80000, 0x00000007aab00000)
  object space 43520K, 76% used [0x0000000780000000,0x00000007820a6ae8,0x0000000782a80000)
 Metaspace       used 25033K, capacity 25363K, committed 25600K, reserved 1073152K
  class space    used 2455K, capacity 2560K, committed 2560K, reserved 1048576K
}
Event: 128.415 GC heap before
{Heap before GC invocations=22 (full 1):
 PSYoungGen      total 52736K, used 49376K [0x00000007aab00000, 0x00000007aee80000, 0x00000007c0000000)
  eden space 38400K, 100% used [0x00000007aab00000,0x00000007ad080000,0x00000007ad080000)
  from space 14336K, 76% used [0x00000007ae080000,0x00000007aeb380c0,0x00000007aee80000)
  to   space 15360K, 0% used [0x00000007ad080000,0x00000007ad080000,0x00000007adf80000)
 ParOldGen       total 43520K, used 33434K [0x0000000780000000, 0x0000000782a80000, 0x00000007aab00000)
  object space 43520K, 76% used [0x0000000780000000,0x00000007820a6ae8,0x0000000782a80000)
 Metaspace       used 25033K, capacity 25363K, committed 25600K, reserved 1073152K
  class space    used 2455K, capacity 2560K, committed 2560K, reserved 1048576K
Event: 128.419 GC heap after
Heap after GC invocations=22 (full 1):
 PSYoungGen      total 48640K, used 10944K [0x00000007aab00000, 0x00000007aed80000, 0x00000007c0000000)
  eden space 37376K, 0% used [0x00000007aab00000,0x00000007aab00000,0x00000007acf80000)
  from space 11264K, 97% used [0x00000007ad080000,0x00000007adb300c0,0x00000007adb80000)
  to   space 15360K, 0% used [0x00000007ade80000,0x00000007ade80000,0x00000007aed80000)
 ParOldGen       total 43520K, used 33434K [0x0000000780000000, 0x0000000782a80000, 0x00000007aab00000)
  object space 43520K, 76% used [0x0000000780000000,0x00000007820a6ae8,0x0000000782a80000)
 Metaspace       used 25033K, capacity 25363K, committed 25600K, reserved 1073152K
  class space    used 2455K, capacity 2560K, committed 2560K, reserved 1048576K
}

Deoptimization events (10 events):
Event: 131.693 Thread 0x00007f929195b000 Uncommon trap: reason=bimorphic action=maybe_recompile pc=0x0000000105d0dd60 method=java.awt.Component.getGraphics()Ljava/awt/Graphics; @ 114
Event: 131.693 Thread 0x00007f929195b000 Uncommon trap: reason=unstable_if action=reinterpret pc=0x0000000105d44058 method=sun.java2d.pipe.Region.isInsideQuickCheck(Lsun/java2d/pipe/Region;)Z @ 48
Event: 131.693 Thread 0x00007f929195b000 Uncommon trap: reason=unstable_if action=reinterpret pc=0x0000000105cf8e00 method=sun.java2d.pipe.Region.isInsideQuickCheck(Lsun/java2d/pipe/Region;)Z @ 48
Event: 131.706 Thread 0x00007f9291955800 Uncommon trap: reason=unstable_if action=reinterpret pc=0x000000010568cec0 method=java.util.HashMap.putVal(ILjava/lang/Object;Ljava/lang/Object;ZZ)Ljava/lang/Object; @ 81
Event: 131.707 Thread 0x00007f9291955800 Uncommon trap: reason=unstable_if action=reinterpret pc=0x0000000105b4354c method=java.util.Vector.removeElement(Ljava/lang/Object;)Z @ 17
Event: 131.708 Thread 0x00007f929195b000 Uncommon trap: reason=bimorphic action=maybe_recompile pc=0x0000000105d0dd60 method=java.awt.Component.getGraphics()Ljava/awt/Graphics; @ 114
Event: 131.708 Thread 0x00007f9292532000 Uncommon trap: reason=class_check action=maybe_recompile pc=0x0000000105db6a74 method=java.awt.event.InvocationEvent.dispatch()V @ 11
Event: 131.708 Thread 0x00007f929195b000 Uncommon trap: reason=unstable_if action=reinterpret pc=0x0000000105cdae90 method=sun.java2d.pipe.Region.isInsideQuickCheck(Lsun/java2d/pipe/Region;)Z @ 48
Event: 131.709 Thread 0x00007f929195b000 Uncommon trap: reason=unstable_if action=reinterpret pc=0x0000000105b0ab88 method=sun.java2d.pipe.Region.isInsideQuickCheck(Lsun/java2d/pipe/Region;)Z @ 48
Event: 131.714 Thread 0x00007f9292532000 Uncommon trap: reason=class_check action=maybe_recompile pc=0x0000000105db6a74 method=java.awt.event.InvocationEvent.dispatch()V @ 11

Internal exceptions (10 events):
Event: 0.466 Thread 0x00007f9291805000 Exception <a 'java/io/FileNotFoundException'> (0x00000007aad8b3a0) thrown at [/HUDSON3/workspace/8-2-build-macosx-x86_64/jdk8u73/6086/hotspot/src/share/vm/prims/jni.cpp, line 709]
Event: 0.479 Thread 0x00007f9291805000 Implicit null exception at 0x000000010526aa5c to 0x000000010526ac41
Event: 0.617 Thread 0x00007f9291805000 Exception <a 'java/io/FileNotFoundException'> (0x00000007aaee0430) thrown at [/HUDSON3/workspace/8-2-build-macosx-x86_64/jdk8u73/6086/hotspot/src/share/vm/prims/jni.cpp, line 709]
Event: 2.505 Thread 0x00007f9291032000 Exception <a 'java/lang/NullPointerException'> (0x00000007aab81748) thrown at [/HUDSON3/workspace/8-2-build-macosx-x86_64/jdk8u73/6086/hotspot/src/share/vm/interpreter/linkResolver.cpp, line 1178]
Event: 2.611 Thread 0x00007f9292d98000 Exception <a 'java/lang/UnsatisfiedLinkError': com.jogamp.common.util.JarUtil.fixNativeLibAttribs(Ljava/lang/String;)Z> (0x00000007ab093e18) thrown at [/HUDSON3/workspace/8-2-build-macosx-x86_64/jdk8u73/6086/hotspot/src/share/vm/prims/nativeLookup.cpp, li
Event: 3.538 Thread 0x00007f9292532000 Exception <a 'java/io/FileNotFoundException'> (0x00000007ab42e490) thrown at [/HUDSON3/workspace/8-2-build-macosx-x86_64/jdk8u73/6086/hotspot/src/share/vm/prims/jni.cpp, line 709]
Event: 3.539 Thread 0x00007f9292532000 Exception <a 'java/io/FileNotFoundException'> (0x00000007ab43acd0) thrown at [/HUDSON3/workspace/8-2-build-macosx-x86_64/jdk8u73/6086/hotspot/src/share/vm/prims/jni.cpp, line 709]
Event: 3.539 Thread 0x00007f9292532000 Implicit null exception at 0x00000001052b3f75 to 0x00000001052b42d9
Event: 4.776 Thread 0x00007f9292532000 Implicit null exception at 0x00000001051fddaa to 0x00000001051fde15
Event: 11.489 Thread 0x00007f9292532000 Implicit null exception at 0x00000001052bd735 to 0x00000001052bdaa5

Events (10 events):
Event: 131.710 loading class jogamp/nativewindow/jawt/macosx/MacOSXJAWTWindow$4
Event: 131.710 loading class jogamp/nativewindow/jawt/macosx/MacOSXJAWTWindow$4 done
Event: 131.712 loading class com/jogamp/nativewindow/awt/JAWTWindow$JAWTComponentListener$2
Event: 131.712 loading class com/jogamp/nativewindow/awt/JAWTWindow$JAWTComponentListener$2 done
Event: 131.713 loading class jogamp/nativewindow/jawt/macosx/MacOSXJAWTWindow$1
Event: 131.713 loading class jogamp/nativewindow/jawt/macosx/MacOSXJAWTWindow$1 done
Event: 131.714 Thread 0x00007f9291955800 Thread exited: 0x00007f9291955800
Event: 131.714 Thread 0x00007f9292532000 Uncommon trap: trap_request=0xffffffde fr.pc=0x0000000105db6a74
Event: 131.714 Thread 0x00007f9292532000 DEOPT PACKING pc=0x0000000105db6a74 sp=0x000000018ec3ef40
Event: 131.714 Thread 0x00007f9292532000 DEOPT UNPACKING pc=0x0000000105103229 sp=0x000000018ec3ef40 mode 2


Dynamic libraries:
0x0000000000fce000 	/System/Library/Frameworks/Cocoa.framework/Versions/A/Cocoa
0x0000000000fce000 	/System/Library/Frameworks/Security.framework/Versions/A/Security
0x0000000000fce000 	/System/Library/Frameworks/ApplicationServices.framework/Versions/A/ApplicationServices
0x0000000000fce000 	/usr/lib/libz.1.dylib
0x0000000000fce000 	/usr/lib/libSystem.B.dylib
0x0000000000fce000 	/usr/lib/libobjc.A.dylib
0x0000000000fce000 	/System/Library/Frameworks/CoreFoundation.framework/Versions/A/CoreFoundation
0x0000000000fce000 	/System/Library/Frameworks/Foundation.framework/Versions/C/Foundation
0x0000000000fce000 	/System/Library/Frameworks/AppKit.framework/Versions/C/AppKit
0x0000000000fce000 	/System/Library/Frameworks/CoreData.framework/Versions/A/CoreData
0x0000000000fce000 	/System/Library/PrivateFrameworks/RemoteViewServices.framework/Versions/A/RemoteViewServices
0x0000000000fce000 	/System/Library/PrivateFrameworks/UIFoundation.framework/Versions/A/UIFoundation
0x0000000000fce000 	/System/Library/Frameworks/IOSurface.framework/Versions/A/IOSurface
0x0000000000fce000 	/System/Library/Frameworks/AudioToolbox.framework/Versions/A/AudioToolbox
0x0000000000fce000 	/System/Library/Frameworks/AudioUnit.framework/Versions/A/AudioUnit
0x0000000000fce000 	/System/Library/PrivateFrameworks/DataDetectorsCore.framework/Versions/A/DataDetectorsCore
0x0000000000fce000 	/System/Library/PrivateFrameworks/DesktopServicesPriv.framework/Versions/A/DesktopServicesPriv
0x0000000000fce000 	/System/Library/Frameworks/Carbon.framework/Versions/A/Frameworks/HIToolbox.framework/Versions/A/HIToolbox
0x0000000000fce000 	/System/Library/Frameworks/QuartzCore.framework/Versions/A/QuartzCore
0x0000000000fce000 	/System/Library/Frameworks/Carbon.framework/Versions/A/Frameworks/SpeechRecognition.framework/Versions/A/SpeechRecognition
0x0000000000fce000 	/usr/lib/libauto.dylib
0x0000000000fce000 	/usr/lib/libicucore.A.dylib
0x0000000000fce000 	/usr/lib/libxml2.2.dylib
0x0000000000fce000 	/System/Library/PrivateFrameworks/CoreUI.framework/Versions/A/CoreUI
0x0000000000fce000 	/System/Library/Frameworks/CoreAudio.framework/Versions/A/CoreAudio
0x0000000000fce000 	/System/Library/Frameworks/DiskArbitration.framework/Versions/A/DiskArbitration
0x0000000000fce000 	/usr/lib/liblangid.dylib
0x0000000000fce000 	/System/Library/PrivateFrameworks/MultitouchSupport.framework/Versions/A/MultitouchSupport
0x0000000000fce000 	/System/Library/Frameworks/IOKit.framework/Versions/A/IOKit
0x0000000000fce000 	/usr/lib/libDiagnosticMessagesClient.dylib
0x0000000000fce000 	/System/Library/Frameworks/CoreServices.framework/Versions/A/CoreServices
0x0000000000fce000 	/System/Library/PrivateFrameworks/PerformanceAnalysis.framework/Versions/A/PerformanceAnalysis
0x0000000000fce000 	/System/Library/PrivateFrameworks/GenerationalStorage.framework/Versions/A/GenerationalStorage
0x0000000000fce000 	/System/Library/Frameworks/OpenGL.framework/Versions/A/OpenGL
0x0000000000fce000 	/System/Library/PrivateFrameworks/Sharing.framework/Versions/A/Sharing
0x0000000000fce000 	/System/Library/Frameworks/CoreGraphics.framework/Versions/A/CoreGraphics
0x0000000000fce000 	/System/Library/Frameworks/CoreText.framework/Versions/A/CoreText
0x0000000000fce000 	/System/Library/Frameworks/ImageIO.framework/Versions/A/ImageIO
0x0000000000fce000 	/usr/lib/libextension.dylib
0x0000000000fce000 	/System/Library/PrivateFrameworks/Backup.framework/Versions/A/Backup
0x0000000000fce000 	/usr/lib/libarchive.2.dylib
0x0000000000fce000 	/System/Library/Frameworks/CFNetwork.framework/Versions/A/CFNetwork
0x0000000000fce000 	/System/Library/Frameworks/SystemConfiguration.framework/Versions/A/SystemConfiguration
0x0000000000fce000 	/usr/lib/libCRFSuite.dylib
0x0000000000fce000 	/usr/lib/libc++.1.dylib
0x0000000000fce000 	/usr/lib/libc++abi.dylib
0x0000000000fce000 	/usr/lib/system/libcache.dylib
0x0000000000fce000 	/usr/lib/system/libcommonCrypto.dylib
0x0000000000fce000 	/usr/lib/system/libcompiler_rt.dylib
0x0000000000fce000 	/usr/lib/system/libcopyfile.dylib
0x0000000000fce000 	/usr/lib/system/libcorecrypto.dylib
0x0000000000fce000 	/usr/lib/system/libdispatch.dylib
0x0000000000fce000 	/usr/lib/system/libdyld.dylib
0x0000000000fce000 	/usr/lib/system/libkeymgr.dylib
0x0000000000fce000 	/usr/lib/system/liblaunch.dylib
0x0000000000fce000 	/usr/lib/system/libmacho.dylib
0x0000000000fce000 	/usr/lib/system/libquarantine.dylib
0x0000000000fce000 	/usr/lib/system/libremovefile.dylib
0x0000000000fce000 	/usr/lib/system/libsystem_asl.dylib
0x0000000000fce000 	/usr/lib/system/libsystem_blocks.dylib
0x0000000000fce000 	/usr/lib/system/libsystem_c.dylib
0x0000000000fce000 	/usr/lib/system/libsystem_configuration.dylib
0x0000000000fce000 	/usr/lib/system/libsystem_coreservices.dylib
0x0000000000fce000 	/usr/lib/system/libsystem_coretls.dylib
0x0000000000fce000 	/usr/lib/system/libsystem_dnssd.dylib
0x0000000000fce000 	/usr/lib/system/libsystem_info.dylib
0x0000000000fce000 	/usr/lib/system/libsystem_kernel.dylib
0x0000000000fce000 	/usr/lib/system/libsystem_m.dylib
0x0000000000fce000 	/usr/lib/system/libsystem_malloc.dylib
0x0000000000fce000 	/usr/lib/system/libsystem_network.dylib
0x0000000000fce000 	/usr/lib/system/libsystem_networkextension.dylib
0x0000000000fce000 	/usr/lib/system/libsystem_notify.dylib
0x0000000000fce000 	/usr/lib/system/libsystem_platform.dylib
0x0000000000fce000 	/usr/lib/system/libsystem_pthread.dylib
0x0000000000fce000 	/usr/lib/system/libsystem_sandbox.dylib
0x0000000000fce000 	/usr/lib/system/libsystem_secinit.dylib
0x0000000000fce000 	/usr/lib/system/libsystem_stats.dylib
0x0000000000fce000 	/usr/lib/system/libsystem_trace.dylib
0x0000000000fce000 	/usr/lib/system/libunc.dylib
0x0000000000fce000 	/usr/lib/system/libunwind.dylib
0x0000000000fce000 	/usr/lib/system/libxpc.dylib
0x0000000000fce000 	/usr/lib/libbz2.1.0.dylib
0x0000000000fce000 	/usr/lib/liblzma.5.dylib
0x0000000000fce000 	/usr/lib/libbsm.0.dylib
0x0000000000fce000 	/usr/lib/libsqlite3.dylib
0x0000000000fce000 	/usr/lib/system/libkxld.dylib
0x0000000000fce000 	/usr/lib/libxar.1.dylib
0x0000000000fce000 	/usr/lib/libpam.2.dylib
0x0000000000fce000 	/usr/lib/libOpenScriptingUtil.dylib
0x0000000000fce000 	/System/Library/Frameworks/CoreServices.framework/Versions/A/Frameworks/FSEvents.framework/Versions/A/FSEvents
0x0000000000fce000 	/System/Library/Frameworks/CoreServices.framework/Versions/A/Frameworks/CarbonCore.framework/Versions/A/CarbonCore
0x0000000000fce000 	/System/Library/Frameworks/CoreServices.framework/Versions/A/Frameworks/Metadata.framework/Versions/A/Metadata
0x0000000000fce000 	/System/Library/Frameworks/CoreServices.framework/Versions/A/Frameworks/OSServices.framework/Versions/A/OSServices
0x0000000000fce000 	/System/Library/Frameworks/CoreServices.framework/Versions/A/Frameworks/SearchKit.framework/Versions/A/SearchKit
0x0000000000fce000 	/System/Library/Frameworks/CoreServices.framework/Versions/A/Frameworks/AE.framework/Versions/A/AE
0x0000000000fce000 	/System/Library/Frameworks/CoreServices.framework/Versions/A/Frameworks/LaunchServices.framework/Versions/A/LaunchServices
0x0000000000fce000 	/System/Library/Frameworks/CoreServices.framework/Versions/A/Frameworks/DictionaryServices.framework/Versions/A/DictionaryServices
0x0000000000fce000 	/System/Library/Frameworks/NetFS.framework/Versions/A/NetFS
0x0000000000fce000 	/System/Library/PrivateFrameworks/NetAuth.framework/Versions/A/NetAuth
0x0000000000fce000 	/System/Library/PrivateFrameworks/login.framework/Versions/A/Frameworks/loginsupport.framework/Versions/A/loginsupport
0x0000000000fce000 	/System/Library/PrivateFrameworks/TCC.framework/Versions/A/TCC
0x0000000000fce000 	/usr/lib/libmecabra.dylib
0x0000000000fce000 	/System/Library/Frameworks/ApplicationServices.framework/Versions/A/Frameworks/ATS.framework/Versions/A/ATS
0x0000000000fce000 	/System/Library/Frameworks/ApplicationServices.framework/Versions/A/Frameworks/ColorSync.framework/Versions/A/ColorSync
0x0000000000fce000 	/System/Library/Frameworks/ApplicationServices.framework/Versions/A/Frameworks/HIServices.framework/Versions/A/HIServices
0x0000000000fce000 	/System/Library/Frameworks/ApplicationServices.framework/Versions/A/Frameworks/LangAnalysis.framework/Versions/A/LangAnalysis
0x0000000000fce000 	/System/Library/Frameworks/ApplicationServices.framework/Versions/A/Frameworks/PrintCore.framework/Versions/A/PrintCore
0x0000000000fce000 	/System/Library/Frameworks/ApplicationServices.framework/Versions/A/Frameworks/QD.framework/Versions/A/QD
0x0000000000fce000 	/System/Library/Frameworks/ApplicationServices.framework/Versions/A/Frameworks/SpeechSynthesis.framework/Versions/A/SpeechSynthesis
0x0000000000fce000 	/System/Library/Frameworks/Accelerate.framework/Versions/A/Accelerate
0x0000000000fce000 	/System/Library/Frameworks/Accelerate.framework/Versions/A/Frameworks/vImage.framework/Versions/A/vImage
0x0000000000fce000 	/System/Library/Frameworks/Accelerate.framework/Versions/A/Frameworks/vecLib.framework/Versions/A/vecLib
0x0000000000fce000 	/System/Library/Frameworks/Accelerate.framework/Versions/A/Frameworks/vecLib.framework/Versions/A/libvDSP.dylib
0x0000000000fce000 	/System/Library/Frameworks/Accelerate.framework/Versions/A/Frameworks/vecLib.framework/Versions/A/libvMisc.dylib
0x0000000000fce000 	/System/Library/Frameworks/Accelerate.framework/Versions/A/Frameworks/vecLib.framework/Versions/A/libLAPACK.dylib
0x0000000000fce000 	/System/Library/Frameworks/Accelerate.framework/Versions/A/Frameworks/vecLib.framework/Versions/A/libBLAS.dylib
0x0000000000fce000 	/System/Library/Frameworks/Accelerate.framework/Versions/A/Frameworks/vecLib.framework/Versions/A/libLinearAlgebra.dylib
0x0000000000fce000 	/System/Library/Frameworks/ApplicationServices.framework/Versions/A/Frameworks/ATS.framework/Versions/A/Resources/libFontParser.dylib
0x0000000000fce000 	/System/Library/Frameworks/ApplicationServices.framework/Versions/A/Frameworks/ATS.framework/Versions/A/Resources/libFontRegistry.dylib
0x0000000000fce000 	/System/Library/PrivateFrameworks/AppleVPA.framework/Versions/A/AppleVPA
0x0000000000fce000 	/System/Library/PrivateFrameworks/AppleJPEG.framework/Versions/A/AppleJPEG
0x0000000000fce000 	/System/Library/Frameworks/ImageIO.framework/Versions/A/Resources/libJPEG.dylib
0x0000000000fce000 	/System/Library/Frameworks/ImageIO.framework/Versions/A/Resources/libTIFF.dylib
0x0000000000fce000 	/System/Library/Frameworks/ImageIO.framework/Versions/A/Resources/libPng.dylib
0x0000000000fce000 	/System/Library/Frameworks/ImageIO.framework/Versions/A/Resources/libGIF.dylib
0x0000000000fce000 	/System/Library/Frameworks/ImageIO.framework/Versions/A/Resources/libJP2.dylib
0x0000000000fce000 	/System/Library/Frameworks/ImageIO.framework/Versions/A/Resources/libRadiance.dylib
0x0000000000fce000 	/System/Library/Frameworks/CoreVideo.framework/Versions/A/CoreVideo
0x0000000000fce000 	/System/Library/Frameworks/OpenGL.framework/Versions/A/Libraries/libGLU.dylib
0x0000000000fce000 	/System/Library/Frameworks/OpenGL.framework/Versions/A/Libraries/libGFXShared.dylib
0x0000000000fce000 	/System/Library/Frameworks/OpenGL.framework/Versions/A/Libraries/libGL.dylib
0x0000000000fce000 	/System/Library/Frameworks/OpenGL.framework/Versions/A/Libraries/libGLImage.dylib
0x0000000000fce000 	/System/Library/Frameworks/OpenGL.framework/Versions/A/Libraries/libCVMSPluginSupport.dylib
0x0000000000fce000 	/System/Library/Frameworks/OpenGL.framework/Versions/A/Libraries/libCoreVMClient.dylib
0x0000000000fce000 	/usr/lib/libcups.2.dylib
0x0000000000fce000 	/System/Library/Frameworks/Kerberos.framework/Versions/A/Kerberos
0x0000000000fce000 	/System/Library/Frameworks/GSS.framework/Versions/A/GSS
0x0000000000fce000 	/usr/lib/libresolv.9.dylib
0x0000000000fce000 	/usr/lib/libiconv.2.dylib
0x0000000000fce000 	/System/Library/PrivateFrameworks/Heimdal.framework/Versions/A/Heimdal
0x0000000000fce000 	/usr/lib/libheimdal-asn1.dylib
0x0000000000fce000 	/System/Library/Frameworks/OpenDirectory.framework/Versions/A/OpenDirectory
0x0000000000fce000 	/System/Library/PrivateFrameworks/CommonAuth.framework/Versions/A/CommonAuth
0x0000000000fce000 	/System/Library/Frameworks/OpenDirectory.framework/Versions/A/Frameworks/CFOpenDirectory.framework/Versions/A/CFOpenDirectory
0x0000000000fce000 	/System/Library/Frameworks/SecurityFoundation.framework/Versions/A/SecurityFoundation
0x0000000000fce000 	/System/Library/PrivateFrameworks/LanguageModeling.framework/Versions/A/LanguageModeling
0x0000000000fce000 	/usr/lib/libcmph.dylib
0x0000000000fce000 	/System/Library/Frameworks/ServiceManagement.framework/Versions/A/ServiceManagement
0x0000000000fce000 	/usr/lib/libxslt.1.dylib
0x0000000000fce000 	/System/Library/Frameworks/Carbon.framework/Versions/A/Frameworks/Ink.framework/Versions/A/Ink
0x0000000000fce000 	/System/Library/Frameworks/QuartzCore.framework/Versions/A/Frameworks/CoreImage.framework/Versions/A/CoreImage
0x0000000000fce000 	/System/Library/PrivateFrameworks/CrashReporterSupport.framework/Versions/A/CrashReporterSupport
0x0000000000fce000 	/System/Library/Frameworks/OpenCL.framework/Versions/A/OpenCL
0x0000000000fce000 	/System/Library/PrivateFrameworks/FaceCore.framework/Versions/A/FaceCore
0x0000000000fce000 	/System/Library/PrivateFrameworks/Ubiquity.framework/Versions/A/Ubiquity
0x0000000000fce000 	/System/Library/PrivateFrameworks/IconServices.framework/Versions/A/IconServices
0x0000000000fce000 	/System/Library/PrivateFrameworks/ChunkingLibrary.framework/Versions/A/ChunkingLibrary
0x0000000000fce000 	/System/Library/PrivateFrameworks/Apple80211.framework/Versions/A/Apple80211
0x0000000000fce000 	/System/Library/Frameworks/CoreWLAN.framework/Versions/A/CoreWLAN
0x0000000000fce000 	/System/Library/Frameworks/IOBluetooth.framework/Versions/A/IOBluetooth
0x0000000000fce000 	/System/Library/PrivateFrameworks/CoreWiFi.framework/Versions/A/CoreWiFi
0x0000000000fce000 	/System/Library/Frameworks/CoreBluetooth.framework/Versions/A/CoreBluetooth
0x0000000000fce000 	/System/Library/PrivateFrameworks/DebugSymbols.framework/Versions/A/DebugSymbols
0x0000000000fce000 	/System/Library/PrivateFrameworks/CoreSymbolication.framework/Versions/A/CoreSymbolication
0x0000000000fce000 	/System/Library/PrivateFrameworks/Symbolication.framework/Versions/A/Symbolication
0x0000000000fce000 	/System/Library/PrivateFrameworks/SpeechRecognitionCore.framework/Versions/A/SpeechRecognitionCore
0x0000000104018000 	/Library/Java/JavaVirtualMachines/jdk1.8.0_73.jdk/Contents/Home/jre/lib/server/libjvm.dylib
0x0000000000fce000 	/usr/lib/libstdc++.6.dylib
0x00000001050a8000 	/Library/Java/JavaVirtualMachines/jdk1.8.0_73.jdk/Contents/Home/jre/lib/libverify.dylib
0x00000001050b6000 	/Library/Java/JavaVirtualMachines/jdk1.8.0_73.jdk/Contents/Home/jre/lib/libjava.dylib
0x00000001050f5000 	/Library/Java/JavaVirtualMachines/jdk1.8.0_73.jdk/Contents/Home/jre/lib/libzip.dylib
0x0000000119437000 	/System/Library/Frameworks/JavaVM.framework/Frameworks/JavaRuntimeSupport.framework/JavaRuntimeSupport
0x000000011944f000 	/System/Library/Frameworks/JavaVM.framework/Versions/A/Frameworks/JavaNativeFoundation.framework/Versions/A/JavaNativeFoundation
0x00000001145ed000 	/System/Library/Frameworks/JavaVM.framework/Versions/A/JavaVM
0x0000000000fce000 	/System/Library/Frameworks/Carbon.framework/Versions/A/Carbon
0x0000000119464000 	/System/Library/PrivateFrameworks/JavaLaunching.framework/Versions/A/JavaLaunching
0x0000000000fce000 	/System/Library/Frameworks/Carbon.framework/Versions/A/Frameworks/CommonPanels.framework/Versions/A/CommonPanels
0x0000000000fce000 	/System/Library/Frameworks/Carbon.framework/Versions/A/Frameworks/Help.framework/Versions/A/Help
0x0000000000fce000 	/System/Library/Frameworks/Carbon.framework/Versions/A/Frameworks/ImageCapture.framework/Versions/A/ImageCapture
0x0000000000fce000 	/System/Library/Frameworks/Carbon.framework/Versions/A/Frameworks/OpenScripting.framework/Versions/A/OpenScripting
0x0000000000fce000 	/System/Library/Frameworks/Carbon.framework/Versions/A/Frameworks/Print.framework/Versions/A/Print
0x0000000000fce000 	/System/Library/Frameworks/Carbon.framework/Versions/A/Frameworks/SecurityHI.framework/Versions/A/SecurityHI
0x000000011b35e000 	/Library/Java/JavaVirtualMachines/jdk1.8.0_73.jdk/Contents/Home/jre/lib/libawt.dylib
0x000000011b406000 	/Library/Java/JavaVirtualMachines/jdk1.8.0_73.jdk/Contents/Home/jre/lib/./libmlib_image.dylib
0x000000011b4d2000 	/Library/Java/JavaVirtualMachines/jdk1.8.0_73.jdk/Contents/Home/jre/lib/libawt_lwawt.dylib
0x000000011b587000 	/Library/Java/JavaVirtualMachines/jdk1.8.0_73.jdk/Contents/Home/jre/lib/./libosxapp.dylib
0x0000000000fce000 	/System/Library/Frameworks/ExceptionHandling.framework/Versions/A/ExceptionHandling
0x0000000000fce000 	/System/Library/PrivateFrameworks/CoreServicesInternal.framework/Versions/A/CoreServicesInternal
0x0000000000fce000 	/System/Library/PrivateFrameworks/CloudDocs.framework/Versions/A/CloudDocs
0x0000000000fce000 	/System/Library/PrivateFrameworks/CoreDuet.framework/Versions/A/CoreDuet
0x0000000000fce000 	/System/Library/Frameworks/CloudKit.framework/Versions/A/CloudKit
0x0000000000fce000 	/System/Library/PrivateFrameworks/ProtocolBuffer.framework/Versions/A/ProtocolBuffer
0x0000000000fce000 	/System/Library/PrivateFrameworks/CoreDuetDaemonProtocol.framework/Versions/A/CoreDuetDaemonProtocol
0x0000000000fce000 	/System/Library/PrivateFrameworks/CoreDuetDebugLogging.framework/Versions/A/CoreDuetDebugLogging
0x0000000000fce000 	/System/Library/PrivateFrameworks/MMCS.framework/Versions/A/MMCS
0x0000000000fce000 	/System/Library/Frameworks/CoreLocation.framework/Versions/A/CoreLocation
0x0000000000fce000 	/System/Library/PrivateFrameworks/ProtectedCloudStorage.framework/Versions/A/ProtectedCloudStorage
0x0000000000fce000 	/System/Library/PrivateFrameworks/GeoServices.framework/Versions/A/GeoServices
0x0000000000fce000 	/System/Library/Frameworks/CoreGraphics.framework/Versions/A/Resources/libCGCMS.A.dylib
0x0000000000fce000 	/System/Library/Frameworks/CoreGraphics.framework/Versions/A/Resources/libRIP.A.dylib
0x0000000000fce000 	/System/Library/Frameworks/CoreGraphics.framework/Versions/A/Resources/libCGXType.A.dylib
0x0000000000fce000 	/System/Library/Frameworks/OpenCL.framework/Versions/A/Libraries/libcldcpuengine.dylib
0x0000000000fce000 	/System/Library/PrivateFrameworks/DiskImages.framework/Versions/A/DiskImages
0x0000000000fce000 	/System/Library/Frameworks/DiscRecording.framework/Versions/A/DiscRecording
0x0000000000fce000 	/usr/lib/libcsfde.dylib
0x0000000000fce000 	/usr/lib/libcurl.4.dylib
0x0000000000fce000 	/System/Library/PrivateFrameworks/MediaKit.framework/Versions/A/MediaKit
0x0000000000fce000 	/usr/lib/libCoreStorage.dylib
0x0000000000fce000 	/System/Library/PrivateFrameworks/EFILogin.framework/Versions/A/EFILogin
0x0000000000fce000 	/usr/lib/libutil.dylib
0x0000000000fce000 	/System/Library/PrivateFrameworks/FindMyDevice.framework/Versions/A/FindMyDevice
0x0000000000fce000 	/System/Library/Frameworks/LDAP.framework/Versions/A/LDAP
0x0000000000fce000 	/usr/lib/libsasl2.2.dylib
0x0000000000fce000 	/System/Library/PrivateFrameworks/CoreDaemon.framework/Versions/B/CoreDaemon
0x0000000000fce000 	/usr/lib/libcrypto.0.9.8.dylib
0x0000000000fce000 	/System/Library/PrivateFrameworks/AppleSRP.framework/Versions/A/AppleSRP
0x0000000000fce000 	/System/Library/PrivateFrameworks/TrustEvaluationAgent.framework/Versions/A/TrustEvaluationAgent
0x000000011e800000 	cl_kernels
0x000000011e802000 	/System/Library/Frameworks/OpenCL.framework/Versions/A/Libraries/ImageFormats/unorm8_bgra.dylib
0x000000011be14000 	cl_kernels
0x0000000000fce000 	/System/Library/PrivateFrameworks/FamilyControls.framework/Versions/A/FamilyControls
0x0000000000fce000 	/System/Library/PrivateFrameworks/CommerceKit.framework/Versions/A/Frameworks/CommerceCore.framework/Versions/A/CommerceCore
0x0000000000fce000 	/System/Library/PrivateFrameworks/SystemAdministration.framework/Versions/A/SystemAdministration
0x0000000000fce000 	/System/Library/PrivateFrameworks/AppContainer.framework/Versions/A/AppContainer
0x0000000000fce000 	/System/Library/PrivateFrameworks/SecCodeWrapper.framework/Versions/A/SecCodeWrapper
0x0000000000fce000 	/System/Library/Frameworks/DirectoryService.framework/Versions/A/DirectoryService
0x0000000000fce000 	/System/Library/PrivateFrameworks/LoginUIKit.framework/Versions/A/Frameworks/LoginUICore.framework/Versions/A/LoginUICore
0x0000000000fce000 	/usr/lib/libodfde.dylib
0x0000000000fce000 	/System/Library/Frameworks/OpenGL.framework/Versions/A/Resources/GLEngine.bundle/GLEngine
0x0000000000fce000 	/System/Library/Frameworks/OpenGL.framework/Versions/A/Libraries/libGLProgrammability.dylib
0x000000011fb63000 	/System/Library/Extensions/AppleIntelHD4000GraphicsGLDriver.bundle/Contents/MacOS/AppleIntelHD4000GraphicsGLDriver
0x0000000000fce000 	/System/Library/PrivateFrameworks/IOAccelerator.framework/Versions/A/IOAccelerator
0x0000000000fce000 	/System/Library/PrivateFrameworks/GPUSupport.framework/Versions/A/Libraries/libGPUSupportMercury.dylib
0x0000000000fce000 	/System/Library/Frameworks/OpenGL.framework/Versions/A/Resources/GLRendererFloat.bundle/GLRendererFloat
0x0000000120b63000 	/Library/Java/JavaVirtualMachines/jdk1.8.0_73.jdk/Contents/Home/jre/lib/libfontmanager.dylib
0x0000000121de7000 	/Library/Java/JavaVirtualMachines/jdk1.8.0_73.jdk/Contents/Home/jre/lib/libosxui.dylib
0x0000000121eaf000 	/Library/Java/JavaVirtualMachines/jdk1.8.0_73.jdk/Contents/Home/jre/lib/libnet.dylib
0x0000000121ec6000 	/Library/Java/JavaVirtualMachines/jdk1.8.0_73.jdk/Contents/Home/jre/lib/libnio.dylib
0x0000000000fce000 	/System/Library/Frameworks/ApplicationServices.framework/Versions/A/Frameworks/ATS.framework/Versions/A/Resources/libTrueTypeScaler.dylib
0x000000018e4ba000 	/private/var/folders/gx/lpn_2smn21b5jx4mf4ptd0z40000gn/T/jogamp_0000/file_cache/jln6196094505000675272/jln2443488694969426672/libgluegen-rt.jnilib
0x0000000123e03000 	/private/var/folders/gx/lpn_2smn21b5jx4mf4ptd0z40000gn/T/jogamp_0000/file_cache/jln6196094505000675272/jln2443488694969426672/libnativewindow_awt.jnilib
0x000000018e4be000 	/Library/Java/JavaVirtualMachines/jdk1.8.0_73.jdk/Contents/Home/jre/lib/libjawt.dylib
0x000000018e4c1000 	/private/var/folders/gx/lpn_2smn21b5jx4mf4ptd0z40000gn/T/jogamp_0000/file_cache/jln6196094505000675272/jln2443488694969426672/libnativewindow_macosx.jnilib
0x000000019066a000 	/private/var/folders/gx/lpn_2smn21b5jx4mf4ptd0z40000gn/T/jogamp_0000/file_cache/jln6196094505000675272/jln2443488694969426672/libjogl_desktop.jnilib
0x0000000192d8a000 	/Library/Java/JavaVirtualMachines/jdk1.8.0_73.jdk/Contents/Home/jre/lib/libt2k.dylib
0x0000000000fce000 	/System/Library/Frameworks/Accelerate.framework/Versions/A/Frameworks/vImage.framework/Versions/A/Libraries/libCGInterfaces.dylib

VM Arguments:
jvm_args: -Djava.security.policy=java.policy.applet -Dfile.encoding=UTF-8 
java_command: sun.applet.AppletViewer module6.EarthquakeCityMap1458449320464.html
java_class_path (initial): /Volumes/Other/ComputerScience/Java/Coursera/Java Programming Object-Oriented Design of Data Structures Specialization/UCSDUnfoldingMaps/build:/Volumes/Other/ComputerScience/Java/Coursera/Java Programming Object-Oriented Design of Data Structures Specialization/UCSDUnfoldingMaps/lib/core.jar:/Volumes/Other/ComputerScience/Java/Coursera/Java Programming Object-Oriented Design of Data Structures Specialization/UCSDUnfoldingMaps/lib/gluegen-rt.jar:/Volumes/Other/ComputerScience/Java/Coursera/Java Programming Object-Oriented Design of Data Structures Specialization/UCSDUnfoldingMaps/lib/jogl-all.jar:/Volumes/Other/ComputerScience/Java/Coursera/Java Programming Object-Oriented Design of Data Structures Specialization/UCSDUnfoldingMaps/lib/log4j-1.2.15.jar:/Volumes/Other/ComputerScience/Java/Coursera/Java Programming Object-Oriented Design of Data Structures Specialization/UCSDUnfoldingMaps/lib/sqlite-jdbc-3.7.2.jar:/Volumes/Other/ComputerScience/Java/Coursera/Java Programming Object-Oriented Design of Data Structures Specialization/UCSDUnfoldingMaps/lib/json4processing.jar:/Volumes/Other/ComputerScience/Java/Coursera/Java Programming Object-Oriented Design of Data Structures Specialization/UCSDUnfoldingMaps/lib/libTUIO.jar:/Volumes/Other/ComputerScience/Java/Coursera/Java Programming Object-Oriented Design of Data Structures Specialization/UCSDUnfoldingMaps/lib/unfolding.0.9.7-uscd.jar:/Volumes/Other/ComputerScience/Java/Coursera/Java Programming Object-Oriented Design of Data Structures Specialization/UCSDUnfoldingMaps/lib/controlP5/library/controlP5.jar:/Users/zhihuixie/Downloads/geonames-source-1.1.13.jar:/Users/zhihuixie/Downloads/jdom/build/jdom-1.1.3.jar
Launcher Type: SUN_STANDARD

Environment Variables:
PATH=/usr/bin:/bin:/usr/sbin:/sbin
SHELL=/bin/bash

Signal Handlers:
SIGSEGV: [libjvm.dylib+0x5a71a5], sa_mask[0]=11111111011111110111111111111111, sa_flags=SA_ONSTACK|SA_RESTART|SA_SIGINFO
SIGBUS: [libjvm.dylib+0x5a71a5], sa_mask[0]=11111111011111110111111111111111, sa_flags=SA_RESTART|SA_SIGINFO
SIGFPE: [libjvm.dylib+0x480eb4], sa_mask[0]=11111111011111110111111111111111, sa_flags=SA_RESTART|SA_SIGINFO
SIGPIPE: [libjvm.dylib+0x480eb4], sa_mask[0]=11111111011111110111111111111111, sa_flags=SA_RESTART|SA_SIGINFO
SIGXFSZ: [libjvm.dylib+0x480eb4], sa_mask[0]=11111111011111110111111111111111, sa_flags=SA_RESTART|SA_SIGINFO
SIGILL: [libjvm.dylib+0x480eb4], sa_mask[0]=11111111011111110111111111111111, sa_flags=SA_RESTART|SA_SIGINFO
SIGUSR1: SIG_DFL, sa_mask[0]=00000000000000000000000000000000, sa_flags=none
SIGUSR2: [libjvm.dylib+0x4809d2], sa_mask[0]=00100000000000000000000000000000, sa_flags=SA_RESTART|SA_SIGINFO
SIGHUP: [libjvm.dylib+0x47efa9], sa_mask[0]=11111111011111110111111111111111, sa_flags=SA_RESTART|SA_SIGINFO
SIGINT: [libjvm.dylib+0x47efa9], sa_mask[0]=11111111011111110111111111111111, sa_flags=SA_RESTART|SA_SIGINFO
SIGTERM: [libjvm.dylib+0x47efa9], sa_mask[0]=11111111011111110111111111111111, sa_flags=SA_RESTART|SA_SIGINFO
SIGQUIT: [libjvm.dylib+0x47efa9], sa_mask[0]=11111111011111110111111111111111, sa_flags=SA_RESTART|SA_SIGINFO


---------------  S Y S T E M  ---------------

OS:Bsduname:Darwin 14.5.0 Darwin Kernel Version 14.5.0: Wed Jul 29 02:26:53 PDT 2015; root:xnu-2782.40.9~1/RELEASE_X86_64 x86_64
rlimit: STACK 8192k, CORE 0k, NPROC 709, NOFILE 10240, AS infinity
load average:2.24 2.18 2.03

CPU:total 4 (2 cores per cpu, 2 threads per core) family 6 model 58 stepping 9, cmov, cx8, fxsr, mmx, sse, sse2, sse3, ssse3, sse4.1, sse4.2, popcnt, avx, aes, clmul, erms, ht, tsc, tscinvbit, tscinv

Memory: 4k page, physical 4194304k(181340k free)

/proc/meminfo:


vm_info: Java HotSpot(TM) 64-Bit Server VM (25.73-b02) for bsd-amd64 JRE (1.8.0_73-b02), built on Jan 29 2016 15:02:00 by "java_re" with gcc 4.2.1 (Based on Apple Inc. build 5658) (LLVM build 2336.11.00)

time: Sat Mar 19 21:50:52 2016
elapsed time: 131 seconds (0d 0h 2m 11s)

