#
# A fatal error has been detected by the Java Runtime Environment:
#
#  SIGSEGV (0xb) at pc=0x00007fff8c9e444c, pid=998, tid=1811
#
# JRE version: Java(TM) SE Runtime Environment (8.0_73-b02) (build 1.8.0_73-b02)
# Java VM: Java HotSpot(TM) 64-Bit Server VM (25.73-b02 mixed mode bsd-amd64 compressed oops)
# Problematic frame:
# C  [libobjc.A.dylib+0x944c]  objc_release+0xc
#
# Failed to write core dump. Core dumps have been disabled. To enable core dumping, try "ulimit -c unlimited" before starting Java again
#
# If you would like to submit a bug report, please visit:
#   http://bugreport.java.com/bugreport/crash.jsp
# The crash happened outside the Java Virtual Machine in native code.
# See problematic frame for where to report the bug.
#

---------------  T H R E A D  ---------------

Current thread (0x00007f9daa0c6000):  JavaThread "AWT-AppKit" daemon [_thread_in_native, id=1811, stack(0x00007fff59504000,0x00007fff59d04000)]

siginfo: si_signo: 11 (SIGSEGV), si_code: 0 (unknown), si_addr: 0x0000000000000000

Registers:
RAX=0x0000000000000008, RBX=0x0000000000000000, RCX=0x0000000000000004, RDX=0x00007f9dae726eb8
RSP=0x00007fff59cff188, RBP=0x00007fff59cff1b0, RSI=0x000000011d52ff10, RDI=0xa00007f9da9d87f8
R8 =0x0000000000000001, R9 =0x00007f9dae700000, R10=0x00007f9daa4fb980, R11=0x00000001904f0840
R12=0x0000000000000000, R13=0x00000001929c21d8, R14=0x00007f9dae7aaf60, R15=0x00007f9daa0c6000
RIP=0x00007fff8c9e444c, EFLAGS=0x0000000000010246, ERR=0x0000000000000000
  TRAPNO=0x000000000000000d

Top of Stack: (sp=0x00007fff59cff188)
0x00007fff59cff188:   000000011d4b947b 0000000000000000
0x00007fff59cff198:   00000001904f0450 00000001904f0440
0x00007fff59cff1a8:   00007f9daa0c6000 00007fff59cff270
0x00007fff59cff1b8:   00000001904ee215 00000001904f0700
0x00007fff59cff1c8:   00000001904f06e0 00000001904f04b0
0x00007fff59cff1d8:   0000000000000000 00000001929c21d8
0x00007fff59cff1e8:   00000001929c21d8 00007f9dae726eb0
0x00007fff59cff1f8:   00000001904f06a0 00000001904f0710
0x00007fff59cff208:   00007fff79fb7550 00007fff79e5bc80
0x00007fff59cff218:   00000001904f0450 00000001904f0690
0x00007fff59cff228:   00007f9dae726eb0 00007f9dae7aaf60
0x00007fff59cff238:   00007f9da9c76520 00007f9dae726eb0
0x00007fff59cff248:   00007f9dae7aaf60 00007fff59cff2f8
0x00007fff59cff258:   00007f9daa0c61f8 00000001929c21d8
0x00007fff59cff268:   00007fff59cff320 00007fff59cff2e8
0x00007fff59cff278:   0000000107918954 00000001929c21d8
0x00007fff59cff288:   00007fff59cff320 00007fff59cff2e8
0x00007fff59cff298:   00000001079186e7 00000001079186a2
0x00007fff59cff2a8:   00007fff59cff2a8 00000001929c21d8
0x00007fff59cff2b8:   00007fff59cff320 00000001929c4e10
0x00007fff59cff2c8:   0000000000000000 00000001929c21d8
0x00007fff59cff2d8:   0000000000000000 00007fff59cff308
0x00007fff59cff2e8:   00007fff59cff368 000000010790ac4d
0x00007fff59cff2f8:   0000000780c96298 0000000107912578
0x00007fff59cff308:   00007f9dae726eb0 00007fff59cff368
0x00007fff59cff318:   00007f9dae7aaf60 0000000107913d82
0x00007fff59cff328:   00007fff59cff328 00000001929c23a2
0x00007fff59cff338:   00007fff59cff390 00000001929c4e10
0x00007fff59cff348:   0000000000000000 00000001929c23b0
0x00007fff59cff358:   00007fff59cff308 00007fff59cff378
0x00007fff59cff368:   00007fff59cff3d8 000000010790ac4d
0x00007fff59cff378:   00007f9dae726eb0 0000000780c966c0 

Instructions: (pc=0x00007fff8c9e444c)
0x00007fff8c9e442c:   5d c3 31 c0 48 85 ff 74 04 48 8b 47 08 c3 90 90
0x00007fff8c9e443c:   90 90 90 90 48 85 ff 74 06 40 f6 c7 01 74 01 c3
0x00007fff8c9e444c:   48 8b 07 f6 40 20 02 74 0a be 01 00 00 00 e9 51
0x00007fff8c9e445c:   83 01 00 48 8d 05 7a 26 25 ec 48 8b 30 e9 52 7c 

Register to memory mapping:

RAX=0x0000000000000008 is an unknown value
RBX=0x0000000000000000 is an unknown value
RCX=0x0000000000000004 is an unknown value
RDX=0x00007f9dae726eb8 is an unknown value
RSP=0x00007fff59cff188 is pointing into the stack for thread: 0x00007f9daa0c6000
RBP=0x00007fff59cff1b0 is pointing into the stack for thread: 0x00007f9daa0c6000
RSI=0x000000011d52ff10: OBJC_IVAR_$_PrinterView.fCurPeekGraphics+0x1aa8 in /Library/Java/JavaVirtualMachines/jdk1.8.0_73.jdk/Contents/Home/jre/lib/libawt_lwawt.dylib at 0x000000011d4b5000
RDI=0xa00007f9da9d87f8 is an unknown value
R8 =0x0000000000000001 is an unknown value
R9 =0x00007f9dae700000 is an unknown value
R10=0x00007f9daa4fb980 is an unknown value
R11=0x00000001904f0840: OBJC_CLASS_$_MyCALayer+0 in /private/var/folders/gx/lpn_2smn21b5jx4mf4ptd0z40000gn/T/jogamp_0000/file_cache/jln8154567570310628598/jln9187239047189390026/libnativewindow_macosx.jnilib at 0x00000001904e9000
R12=0x0000000000000000 is an unknown value
R13={method} {0x00000001929c21d8} 'UnsetJAWTRootSurfaceLayer0' '(JJ)V' in 'jogamp/nativewindow/jawt/macosx/MacOSXJAWTWindow'
R14=0x00007f9dae7aaf60 is an unknown value
R15=0x00007f9daa0c6000 is a thread


Stack: [0x00007fff59504000,0x00007fff59d04000],  sp=0x00007fff59cff188,  free space=8172k
Native frames: (J=compiled Java code, j=interpreted, Vv=VM code, C=native code)
C  [libobjc.A.dylib+0x944c]  objc_release+0xc
C  [libnativewindow_macosx.jnilib+0x5215]  Java_jogamp_nativewindow_jawt_macosx_MacOSXJAWTWindow_UnsetJAWTRootSurfaceLayer0+0x1a5
j  jogamp.nativewindow.jawt.macosx.MacOSXJAWTWindow.UnsetJAWTRootSurfaceLayer0(JJ)V+0
j  jogamp.nativewindow.jawt.macosx.MacOSXJAWTWindow.access$200(JJ)V+2
j  jogamp.nativewindow.jawt.macosx.MacOSXJAWTWindow$1.run()V+38
j  com.jogamp.common.util.RunnableTask.run()V+24
v  ~StubRoutines::call_stub
V  [libjvm.dylib+0x2eae7a]  JavaCalls::call_helper(JavaValue*, methodHandle*, JavaCallArguments*, Thread*)+0x6ae
V  [libjvm.dylib+0x321f83]  jni_invoke_nonstatic(JNIEnv_*, JavaValue*, _jobject*, JNICallType, _jmethodID*, JNI_ArgumentPusher*, Thread*)+0x2ec
V  [libjvm.dylib+0x314757]  jni_CallVoidMethod+0x16b
C  [libnativewindow_macosx.jnilib+0x5326]  Java_jogamp_nativewindow_jawt_macosx_MacOSXJAWTWindow_UnsetJAWTRootSurfaceLayer0+0x2b6
C  [Foundation+0x92dd0]  __NSThreadPerformPerform+0x125
C  [CoreFoundation+0x80a01]  __CFRUNLOOP_IS_CALLING_OUT_TO_A_SOURCE0_PERFORM_FUNCTION__+0x11
C  [CoreFoundation+0x72c5c]  __CFRunLoopDoSources0+0x1dc
C  [CoreFoundation+0x721bf]  __CFRunLoopRun+0x39f
C  [CoreFoundation+0x71bd8]  CFRunLoopRunSpecific+0x128
C  [HIToolbox+0x3256f]  RunCurrentEventLoopInMode+0xeb
C  [HIToolbox+0x321ee]  ReceiveNextEventCommon+0xb3
C  [HIToolbox+0x3212b]  _BlockUntilNextEventMatchingListInModeWithFilter+0x47
C  [AppKit+0x918ab]  _DPSNextEvent+0x3d2
C  [AppKit+0x90e58]  -[NSApplication nextEventMatchingMask:untilDate:inMode:dequeue:]+0x15a
C  [libosxapp.dylib+0x23aa]  -[NSApplicationAWT nextEventMatchingMask:untilDate:inMode:dequeue:]+0x7c
C  [AppKit+0x86af3]  -[NSApplication run]+0x252
C  [libosxapp.dylib+0x214d]  +[NSApplicationAWT runAWTLoopWithApp:]+0x9c
C  [libawt_lwawt.dylib+0x4455b]  -[AWTStarter starter:]+0x389
C  [Foundation+0x92dd0]  __NSThreadPerformPerform+0x125
C  [CoreFoundation+0x80a01]  __CFRUNLOOP_IS_CALLING_OUT_TO_A_SOURCE0_PERFORM_FUNCTION__+0x11
C  [CoreFoundation+0x72b8d]  __CFRunLoopDoSources0+0x10d
C  [CoreFoundation+0x721bf]  __CFRunLoopRun+0x39f
C  [CoreFoundation+0x71bd8]  CFRunLoopRunSpecific+0x128
C  [java+0x6463]  CreateExecutionEnvironment+0x367
C  [java+0x21ac]  JLI_Launch+0x7a0
C  [java+0x84c0]  main+0x65
C  [java+0x1a04]  start+0x34
C  0x0000000000000007

Java frames: (J=compiled Java code, j=interpreted, Vv=VM code)
j  jogamp.nativewindow.jawt.macosx.MacOSXJAWTWindow.UnsetJAWTRootSurfaceLayer0(JJ)V+0
j  jogamp.nativewindow.jawt.macosx.MacOSXJAWTWindow.access$200(JJ)V+2
j  jogamp.nativewindow.jawt.macosx.MacOSXJAWTWindow$1.run()V+38
j  com.jogamp.common.util.RunnableTask.run()V+24
v  ~StubRoutines::call_stub

---------------  P R O C E S S  ---------------

Java Threads: ( => current thread )
  0x00007f9db0667800 JavaThread "Thread-50" [_thread_blocked, id=12519, stack(0x000000019a648000,0x000000019a748000)]
  0x00007f9daa6b9800 JavaThread "TimerQueue" daemon [_thread_blocked, id=63019, stack(0x000000019ac01000,0x000000019ad01000)]
  0x00007f9daae5f000 JavaThread "Animation Thread" [_thread_blocked, id=55699, stack(0x000000019066a000,0x000000019076a000)]
  0x00007f9daa52b800 JavaThread "AWT-EventQueue-1" [_thread_in_native, id=57131, stack(0x0000000190b16000,0x0000000190c16000)]
  0x00007f9dab935800 JavaThread "DestroyJavaVM" [_thread_blocked, id=4867, stack(0x0000000107801000,0x0000000107901000)]
  0x00007f9daa18a800 JavaThread "AWT-EventQueue-0" [_thread_blocked, id=54531, stack(0x0000000123c78000,0x0000000123d78000)]
  0x00007f9dab90b800 JavaThread "Java2D Disposer" daemon [_thread_blocked, id=50967, stack(0x00000001229f4000,0x0000000122af4000)]
  0x00007f9dab8cb800 JavaThread "Java2D Queue Flusher" daemon [_thread_blocked, id=49415, stack(0x0000000121a4f000,0x0000000121b4f000)]
  0x00007f9daa0ce800 JavaThread "AWT-Shutdown" [_thread_blocked, id=27923, stack(0x000000011f0ff000,0x000000011f1ff000)]
=>0x00007f9daa0c6000 JavaThread "AWT-AppKit" daemon [_thread_in_native, id=1811, stack(0x00007fff59504000,0x00007fff59d04000)]
  0x00007f9dab058800 JavaThread "Service Thread" daemon [_thread_blocked, id=18179, stack(0x000000011d13c000,0x000000011d23c000)]
  0x00007f9dab02d800 JavaThread "C1 CompilerThread2" daemon [_thread_blocked, id=17667, stack(0x000000011d039000,0x000000011d139000)]
  0x00007f9dab02c800 JavaThread "C2 CompilerThread1" daemon [_thread_blocked, id=17155, stack(0x000000011cf36000,0x000000011d036000)]
  0x00007f9dab000800 JavaThread "C2 CompilerThread0" daemon [_thread_blocked, id=16643, stack(0x000000011ce33000,0x000000011cf33000)]
  0x00007f9daa037800 JavaThread "Signal Dispatcher" daemon [_thread_blocked, id=13335, stack(0x000000011cd30000,0x000000011ce30000)]
  0x00007f9daa034800 JavaThread "Finalizer" daemon [_thread_blocked, id=11523, stack(0x000000011b30f000,0x000000011b40f000)]
  0x00007f9daa034000 JavaThread "Reference Handler" daemon [_thread_blocked, id=11011, stack(0x000000011b20c000,0x000000011b30c000)]

Other Threads:
  0x00007f9daa033000 VMThread [stack: 0x000000011b109000,0x000000011b209000] [id=10499]
  0x00007f9dab808000 WatcherThread [stack: 0x000000011d23f000,0x000000011d33f000] [id=18691]

VM state:not at safepoint (normal execution)

VM Mutex/Monitor currently owned by a thread: None

Heap:
 PSYoungGen      total 65536K, used 31889K [0x00000007aab00000, 0x00000007afc00000, 0x00000007c0000000)
  eden space 51200K, 41% used [0x00000007aab00000,0x00000007abfc82d8,0x00000007add00000)
  from space 14336K, 73% used [0x00000007aee00000,0x00000007af85c220,0x00000007afc00000)
  to   space 15872K, 0% used [0x00000007add00000,0x00000007add00000,0x00000007aec80000)
 ParOldGen       total 44032K, used 17509K [0x0000000780000000, 0x0000000782b00000, 0x00000007aab00000)
  object space 44032K, 39% used [0x0000000780000000,0x0000000781119520,0x0000000782b00000)
 Metaspace       used 24112K, capacity 24331K, committed 24576K, reserved 1071104K
  class space    used 2427K, capacity 2484K, committed 2560K, reserved 1048576K

Card table byte_map: [0x0000000116cc3000,0x0000000116ec4000] byte_map_base: 0x00000001130c3000

Marking Bits: (ParMarkBitMap*) 0x00000001068deea0
 Begin Bits: [0x0000000117426000, 0x0000000118426000)
 End Bits:   [0x0000000118426000, 0x0000000119426000)

Polling page: 0x0000000106fe2000

CodeCache: size=245760Kb used=11022Kb max_used=11033Kb free=234738Kb
 bounds [0x0000000107903000, 0x00000001083e3000, 0x0000000116903000]
 total_blobs=4137 nmethods=3199 adapters=850
 compilation: enabled

Compilation events (10 events):
Event: 107.845 Thread 0x00007f9dab000800 3738       4       sun.font.FontDesignMetrics::getLatinCharWidth (29 bytes)
Event: 107.845 Thread 0x00007f9dab02d800 3739   !   3       javax.swing.UIManager::maybeInitialize (36 bytes)
Event: 107.846 Thread 0x00007f9dab02d800 nmethod 3739 0x00000001083bdc10 code [0x00000001083bdda0, 0x00000001083be168]
Event: 107.846 Thread 0x00007f9dab02d800 3740       1       sun.awt.SunHints$Value::getIndex (5 bytes)
Event: 107.846 Thread 0x00007f9dab02d800 nmethod 3740 0x00000001083b8b90 code [0x00000001083b8ce0, 0x00000001083b8df0]
Event: 107.847 Thread 0x00007f9dab000800 nmethod 3738 0x00000001083b91d0 code [0x00000001083b9360, 0x00000001083b9488]
Event: 107.860 Thread 0x00007f9dab02d800 3741       3       sun.java2d.pipe.RenderBuffer::putFloat (26 bytes)
Event: 107.860 Thread 0x00007f9dab02c800 3743       4       java.beans.WeakIdentityMap$Entry::isMatched (22 bytes)
Event: 107.860 Thread 0x00007f9dab02d800 nmethod 3741 0x00000001083bd850 code [0x00000001083bd9c0, 0x00000001083bdb50]
Event: 107.861 Thread 0x00007f9dab02c800 nmethod 3743 0x00000001083bd590 code [0x00000001083bd6e0, 0x00000001083bd798]

GC Heap History (10 events):
Event: 73.440 GC heap before
{Heap before GC invocations=17 (full 1):
 PSYoungGen      total 70656K, used 70464K [0x00000007aab00000, 0x00000007b0480000, 0x00000007c0000000)
  eden space 59904K, 100% used [0x00000007aab00000,0x00000007ae580000,0x00000007ae580000)
  from space 10752K, 98% used [0x00000007ae780000,0x00000007af1d0230,0x00000007af200000)
  to   space 15872K, 0% used [0x00000007af500000,0x00000007af500000,0x00000007b0480000)
 ParOldGen       total 44032K, used 17501K [0x0000000780000000, 0x0000000782b00000, 0x00000007aab00000)
  object space 44032K, 39% used [0x0000000780000000,0x0000000781117520,0x0000000782b00000)
 Metaspace       used 24082K, capacity 24267K, committed 24576K, reserved 1071104K
  class space    used 2423K, capacity 2484K, committed 2560K, reserved 1048576K
Event: 73.443 GC heap after
Heap after GC invocations=17 (full 1):
 PSYoungGen      total 71680K, used 10592K [0x00000007aab00000, 0x00000007b0280000, 0x00000007c0000000)
  eden space 57856K, 0% used [0x00000007aab00000,0x00000007aab00000,0x00000007ae380000)
  from space 13824K, 76% used [0x00000007af500000,0x00000007aff58210,0x00000007b0280000)
  to   space 15872K, 0% used [0x00000007ae380000,0x00000007ae380000,0x00000007af300000)
 ParOldGen       total 44032K, used 17501K [0x0000000780000000, 0x0000000782b00000, 0x00000007aab00000)
  object space 44032K, 39% used [0x0000000780000000,0x0000000781117520,0x0000000782b00000)
 Metaspace       used 24082K, capacity 24267K, committed 24576K, reserved 1071104K
  class space    used 2423K, capacity 2484K, committed 2560K, reserved 1048576K
}
Event: 81.786 GC heap before
{Heap before GC invocations=18 (full 1):
 PSYoungGen      total 71680K, used 68448K [0x00000007aab00000, 0x00000007b0280000, 0x00000007c0000000)
  eden space 57856K, 100% used [0x00000007aab00000,0x00000007ae380000,0x00000007ae380000)
  from space 13824K, 76% used [0x00000007af500000,0x00000007aff58210,0x00000007b0280000)
  to   space 15872K, 0% used [0x00000007ae380000,0x00000007ae380000,0x00000007af300000)
 ParOldGen       total 44032K, used 17501K [0x0000000780000000, 0x0000000782b00000, 0x00000007aab00000)
  object space 44032K, 39% used [0x0000000780000000,0x0000000781117520,0x0000000782b00000)
 Metaspace       used 24082K, capacity 24267K, committed 24576K, reserved 1071104K
  class space    used 2423K, capacity 2484K, committed 2560K, reserved 1048576K
Event: 81.790 GC heap after
Heap after GC invocations=18 (full 1):
 PSYoungGen      total 66560K, used 10576K [0x00000007aab00000, 0x00000007b0080000, 0x00000007c0000000)
  eden space 55808K, 0% used [0x00000007aab00000,0x00000007aab00000,0x00000007ae180000)
  from space 10752K, 98% used [0x00000007ae380000,0x00000007aedd4220,0x00000007aee00000)
  to   space 15872K, 0% used [0x00000007af100000,0x00000007af100000,0x00000007b0080000)
 ParOldGen       total 44032K, used 17509K [0x0000000780000000, 0x0000000782b00000, 0x00000007aab00000)
  object space 44032K, 39% used [0x0000000780000000,0x0000000781119520,0x0000000782b00000)
 Metaspace       used 24082K, capacity 24267K, committed 24576K, reserved 1071104K
  class space    used 2423K, capacity 2484K, committed 2560K, reserved 1048576K
}
Event: 89.834 GC heap before
{Heap before GC invocations=19 (full 1):
 PSYoungGen      total 66560K, used 66384K [0x00000007aab00000, 0x00000007b0080000, 0x00000007c0000000)
  eden space 55808K, 100% used [0x00000007aab00000,0x00000007ae180000,0x00000007ae180000)
  from space 10752K, 98% used [0x00000007ae380000,0x00000007aedd4220,0x00000007aee00000)
  to   space 15872K, 0% used [0x00000007af100000,0x00000007af100000,0x00000007b0080000)
 ParOldGen       total 44032K, used 17509K [0x0000000780000000, 0x0000000782b00000, 0x00000007aab00000)
  object space 44032K, 39% used [0x0000000780000000,0x0000000781119520,0x0000000782b00000)
 Metaspace       used 24082K, capacity 24267K, committed 24576K, reserved 1071104K
  class space    used 2423K, capacity 2484K, committed 2560K, reserved 1048576K
Event: 89.838 GC heap after
Heap after GC invocations=19 (full 1):
 PSYoungGen      total 68608K, used 10576K [0x00000007aab00000, 0x00000007aff00000, 0x00000007c0000000)
  eden space 54272K, 0% used [0x00000007aab00000,0x00000007aab00000,0x00000007ae000000)
  from space 14336K, 73% used [0x00000007af100000,0x00000007afb54240,0x00000007aff00000)
  to   space 15872K, 0% used [0x00000007ae000000,0x00000007ae000000,0x00000007aef80000)
 ParOldGen       total 44032K, used 17509K [0x0000000780000000, 0x0000000782b00000, 0x00000007aab00000)
  object space 44032K, 39% used [0x0000000780000000,0x0000000781119520,0x0000000782b00000)
 Metaspace       used 24082K, capacity 24267K, committed 24576K, reserved 1071104K
  class space    used 2423K, capacity 2484K, committed 2560K, reserved 1048576K
}
Event: 97.689 GC heap before
{Heap before GC invocations=20 (full 1):
 PSYoungGen      total 68608K, used 64848K [0x00000007aab00000, 0x00000007aff00000, 0x00000007c0000000)
  eden space 54272K, 100% used [0x00000007aab00000,0x00000007ae000000,0x00000007ae000000)
  from space 14336K, 73% used [0x00000007af100000,0x00000007afb54240,0x00000007aff00000)
  to   space 15872K, 0% used [0x00000007ae000000,0x00000007ae000000,0x00000007aef80000)
 ParOldGen       total 44032K, used 17509K [0x0000000780000000, 0x0000000782b00000, 0x00000007aab00000)
  object space 44032K, 39% used [0x0000000780000000,0x0000000781119520,0x0000000782b00000)
 Metaspace       used 24082K, capacity 24267K, committed 24576K, reserved 1071104K
  class space    used 2423K, capacity 2484K, committed 2560K, reserved 1048576K
Event: 97.693 GC heap after
Heap after GC invocations=20 (full 1):
 PSYoungGen      total 63488K, used 10592K [0x00000007aab00000, 0x00000007afd80000, 0x00000007c0000000)
  eden space 52736K, 0% used [0x00000007aab00000,0x00000007aab00000,0x00000007ade80000)
  from space 10752K, 98% used [0x00000007ae000000,0x00000007aea58210,0x00000007aea80000)
  to   space 15872K, 0% used [0x00000007aee00000,0x00000007aee00000,0x00000007afd80000)
 ParOldGen       total 44032K, used 17509K [0x0000000780000000, 0x0000000782b00000, 0x00000007aab00000)
  object space 44032K, 39% used [0x0000000780000000,0x0000000781119520,0x0000000782b00000)
 Metaspace       used 24082K, capacity 24267K, committed 24576K, reserved 1071104K
  class space    used 2423K, capacity 2484K, committed 2560K, reserved 1048576K
}
Event: 105.165 GC heap before
{Heap before GC invocations=21 (full 1):
 PSYoungGen      total 63488K, used 63328K [0x00000007aab00000, 0x00000007afd80000, 0x00000007c0000000)
  eden space 52736K, 100% used [0x00000007aab00000,0x00000007ade80000,0x00000007ade80000)
  from space 10752K, 98% used [0x00000007ae000000,0x00000007aea58210,0x00000007aea80000)
  to   space 15872K, 0% used [0x00000007aee00000,0x00000007aee00000,0x00000007afd80000)
 ParOldGen       total 44032K, used 17509K [0x0000000780000000, 0x0000000782b00000, 0x00000007aab00000)
  object space 44032K, 39% used [0x0000000780000000,0x0000000781119520,0x0000000782b00000)
 Metaspace       used 24082K, capacity 24267K, committed 24576K, reserved 1071104K
  class space    used 2423K, capacity 2484K, committed 2560K, reserved 1048576K
Event: 105.169 GC heap after
Heap after GC invocations=21 (full 1):
 PSYoungGen      total 65536K, used 10608K [0x00000007aab00000, 0x00000007afc00000, 0x00000007c0000000)
  eden space 51200K, 0% used [0x00000007aab00000,0x00000007aab00000,0x00000007add00000)
  from space 14336K, 73% used [0x00000007aee00000,0x00000007af85c220,0x00000007afc00000)
  to   space 15872K, 0% used [0x00000007add00000,0x00000007add00000,0x00000007aec80000)
 ParOldGen       total 44032K, used 17509K [0x0000000780000000, 0x0000000782b00000, 0x00000007aab00000)
  object space 44032K, 39% used [0x0000000780000000,0x0000000781119520,0x0000000782b00000)
 Metaspace       used 24082K, capacity 24267K, committed 24576K, reserved 1071104K
  class space    used 2423K, capacity 2484K, committed 2560K, reserved 1048576K
}

Deoptimization events (10 events):
Event: 107.857 Thread 0x00007f9daa144000 Uncommon trap: reason=unstable_if action=reinterpret pc=0x0000000107e2dca8 method=java.util.HashMap.putVal(ILjava/lang/Object;Ljava/lang/Object;ZZ)Ljava/lang/Object; @ 81
Event: 107.858 Thread 0x00007f9daa144000 Uncommon trap: reason=unstable_if action=reinterpret pc=0x00000001082bfd34 method=java.util.Vector.removeElement(Ljava/lang/Object;)Z @ 17
Event: 107.859 Thread 0x00007f9daa18a800 Uncommon trap: reason=bimorphic action=maybe_recompile pc=0x0000000108392d08 method=java.awt.Component.getGraphics()Ljava/awt/Graphics; @ 114
Event: 107.859 Thread 0x00007f9daa18a800 Uncommon trap: reason=unstable_if action=reinterpret pc=0x0000000107b40b64 method=sun.java2d.pipe.Region.getIntersection(Lsun/java2d/pipe/Region;)Lsun/java2d/pipe/Region; @ 15
Event: 107.860 Thread 0x00007f9daa52b800 Uncommon trap: reason=class_check action=maybe_recompile pc=0x000000010837a484 method=java.awt.event.InvocationEvent.dispatch()V @ 11
Event: 107.862 Thread 0x00007f9daa0c6000 Uncommon trap: reason=class_check action=maybe_recompile pc=0x000000010836a040 method=com.jogamp.common.util.RunnableTask.run()V @ 24
Event: 107.884 Thread 0x00007f9daa52b800 Uncommon trap: reason=unstable_if action=reinterpret pc=0x00000001083a9858 method=jogamp.opengl.GLContextImpl.release(Z)V @ 161
Event: 107.887 Thread 0x00007f9daa52b800 Uncommon trap: reason=class_check action=maybe_recompile pc=0x000000010837a484 method=java.awt.event.InvocationEvent.dispatch()V @ 11
Event: 107.887 Thread 0x00007f9daa18a800 Uncommon trap: reason=bimorphic action=maybe_recompile pc=0x0000000108392d08 method=java.awt.Component.getGraphics()Ljava/awt/Graphics; @ 114
Event: 107.899 Thread 0x00007f9daa0c6000 Uncommon trap: reason=class_check action=maybe_recompile pc=0x000000010836a040 method=com.jogamp.common.util.RunnableTask.run()V @ 24

Internal exceptions (10 events):
Event: 0.330 Thread 0x00007f9dab002000 Exception <a 'java/io/FileNotFoundException'> (0x00000007aad8b388) thrown at [/HUDSON3/workspace/8-2-build-macosx-x86_64/jdk8u73/6086/hotspot/src/share/vm/prims/jni.cpp, line 709]
Event: 0.341 Thread 0x00007f9dab002000 Implicit null exception at 0x0000000107a67c1c to 0x0000000107a67e01
Event: 0.616 Thread 0x00007f9dab002000 Exception <a 'java/io/FileNotFoundException'> (0x00000007aaee0430) thrown at [/HUDSON3/workspace/8-2-build-macosx-x86_64/jdk8u73/6086/hotspot/src/share/vm/prims/jni.cpp, line 709]
Event: 2.690 Thread 0x00007f9daa034800 Exception <a 'java/lang/NullPointerException'> (0x00000007aabd3350) thrown at [/HUDSON3/workspace/8-2-build-macosx-x86_64/jdk8u73/6086/hotspot/src/share/vm/interpreter/linkResolver.cpp, line 1178]
Event: 2.816 Thread 0x00007f9daae5f000 Exception <a 'java/lang/UnsatisfiedLinkError': com.jogamp.common.util.JarUtil.fixNativeLibAttribs(Ljava/lang/String;)Z> (0x00000007ab0f8288) thrown at [/HUDSON3/workspace/8-2-build-macosx-x86_64/jdk8u73/6086/hotspot/src/share/vm/prims/nativeLookup.cpp, li
Event: 3.870 Thread 0x00007f9daa52b800 Exception <a 'java/io/FileNotFoundException'> (0x00000007ab452720) thrown at [/HUDSON3/workspace/8-2-build-macosx-x86_64/jdk8u73/6086/hotspot/src/share/vm/prims/jni.cpp, line 709]
Event: 3.871 Thread 0x00007f9daa52b800 Exception <a 'java/io/FileNotFoundException'> (0x00000007ab45ef60) thrown at [/HUDSON3/workspace/8-2-build-macosx-x86_64/jdk8u73/6086/hotspot/src/share/vm/prims/jni.cpp, line 709]
Event: 3.871 Thread 0x00007f9daa52b800 Implicit null exception at 0x0000000107aa9cb5 to 0x0000000107aaa019
Event: 5.785 Thread 0x00007f9daa52b800 Implicit null exception at 0x0000000107e97725 to 0x0000000107e97879
Event: 16.825 Thread 0x00007f9daa52b800 Implicit null exception at 0x0000000107aaad75 to 0x0000000107aab0e5

Events (10 events):
Event: 107.887 Thread 0x00007f9daa144000 Thread exited: 0x00007f9daa144000
Event: 107.887 Thread 0x00007f9daa52b800 Uncommon trap: trap_request=0xffffffde fr.pc=0x000000010837a484
Event: 107.887 Thread 0x00007f9daa18a800 Uncommon trap: trap_request=0xffffffc6 fr.pc=0x0000000108392d08
Event: 107.887 Thread 0x00007f9daa18a800 DEOPT PACKING pc=0x0000000108392d08 sp=0x0000000123d75c80
Event: 107.887 Thread 0x00007f9daa52b800 DEOPT PACKING pc=0x000000010837a484 sp=0x0000000190c13fa0
Event: 107.887 Thread 0x00007f9daa18a800 DEOPT UNPACKING pc=0x0000000107908229 sp=0x0000000123d75cb0 mode 2
Event: 107.887 Thread 0x00007f9daa52b800 DEOPT UNPACKING pc=0x0000000107908229 sp=0x0000000190c13e28 mode 2
Event: 107.898 Thread 0x00007f9daa0c6000 Uncommon trap: trap_request=0xffffffde fr.pc=0x000000010836a040
Event: 107.899 Thread 0x00007f9daa0c6000 DEOPT PACKING pc=0x000000010836a040 sp=0x00007fff59cff430
Event: 107.899 Thread 0x00007f9daa0c6000 DEOPT UNPACKING pc=0x0000000107908229 sp=0x00007fff59cff3d8 mode 2


Dynamic libraries:
0x00000000080fd000 	/System/Library/Frameworks/Cocoa.framework/Versions/A/Cocoa
0x00000000080fd000 	/System/Library/Frameworks/Security.framework/Versions/A/Security
0x00000000080fd000 	/System/Library/Frameworks/ApplicationServices.framework/Versions/A/ApplicationServices
0x00000000080fd000 	/usr/lib/libz.1.dylib
0x00000000080fd000 	/usr/lib/libSystem.B.dylib
0x00000000080fd000 	/usr/lib/libobjc.A.dylib
0x00000000080fd000 	/System/Library/Frameworks/CoreFoundation.framework/Versions/A/CoreFoundation
0x00000000080fd000 	/System/Library/Frameworks/Foundation.framework/Versions/C/Foundation
0x00000000080fd000 	/System/Library/Frameworks/AppKit.framework/Versions/C/AppKit
0x00000000080fd000 	/System/Library/Frameworks/CoreData.framework/Versions/A/CoreData
0x00000000080fd000 	/System/Library/PrivateFrameworks/RemoteViewServices.framework/Versions/A/RemoteViewServices
0x00000000080fd000 	/System/Library/PrivateFrameworks/UIFoundation.framework/Versions/A/UIFoundation
0x00000000080fd000 	/System/Library/Frameworks/IOSurface.framework/Versions/A/IOSurface
0x00000000080fd000 	/System/Library/Frameworks/AudioToolbox.framework/Versions/A/AudioToolbox
0x00000000080fd000 	/System/Library/Frameworks/AudioUnit.framework/Versions/A/AudioUnit
0x00000000080fd000 	/System/Library/PrivateFrameworks/DataDetectorsCore.framework/Versions/A/DataDetectorsCore
0x00000000080fd000 	/System/Library/PrivateFrameworks/DesktopServicesPriv.framework/Versions/A/DesktopServicesPriv
0x00000000080fd000 	/System/Library/Frameworks/Carbon.framework/Versions/A/Frameworks/HIToolbox.framework/Versions/A/HIToolbox
0x00000000080fd000 	/System/Library/Frameworks/QuartzCore.framework/Versions/A/QuartzCore
0x00000000080fd000 	/System/Library/Frameworks/Carbon.framework/Versions/A/Frameworks/SpeechRecognition.framework/Versions/A/SpeechRecognition
0x00000000080fd000 	/usr/lib/libauto.dylib
0x00000000080fd000 	/usr/lib/libicucore.A.dylib
0x00000000080fd000 	/usr/lib/libxml2.2.dylib
0x00000000080fd000 	/System/Library/PrivateFrameworks/CoreUI.framework/Versions/A/CoreUI
0x00000000080fd000 	/System/Library/Frameworks/CoreAudio.framework/Versions/A/CoreAudio
0x00000000080fd000 	/System/Library/Frameworks/DiskArbitration.framework/Versions/A/DiskArbitration
0x00000000080fd000 	/usr/lib/liblangid.dylib
0x00000000080fd000 	/System/Library/PrivateFrameworks/MultitouchSupport.framework/Versions/A/MultitouchSupport
0x00000000080fd000 	/System/Library/Frameworks/IOKit.framework/Versions/A/IOKit
0x00000000080fd000 	/usr/lib/libDiagnosticMessagesClient.dylib
0x00000000080fd000 	/System/Library/Frameworks/CoreServices.framework/Versions/A/CoreServices
0x00000000080fd000 	/System/Library/PrivateFrameworks/PerformanceAnalysis.framework/Versions/A/PerformanceAnalysis
0x00000000080fd000 	/System/Library/PrivateFrameworks/GenerationalStorage.framework/Versions/A/GenerationalStorage
0x00000000080fd000 	/System/Library/Frameworks/OpenGL.framework/Versions/A/OpenGL
0x00000000080fd000 	/System/Library/PrivateFrameworks/Sharing.framework/Versions/A/Sharing
0x00000000080fd000 	/System/Library/Frameworks/CoreGraphics.framework/Versions/A/CoreGraphics
0x00000000080fd000 	/System/Library/Frameworks/CoreText.framework/Versions/A/CoreText
0x00000000080fd000 	/System/Library/Frameworks/ImageIO.framework/Versions/A/ImageIO
0x00000000080fd000 	/usr/lib/libextension.dylib
0x00000000080fd000 	/System/Library/PrivateFrameworks/Backup.framework/Versions/A/Backup
0x00000000080fd000 	/usr/lib/libarchive.2.dylib
0x00000000080fd000 	/System/Library/Frameworks/CFNetwork.framework/Versions/A/CFNetwork
0x00000000080fd000 	/System/Library/Frameworks/SystemConfiguration.framework/Versions/A/SystemConfiguration
0x00000000080fd000 	/usr/lib/libCRFSuite.dylib
0x00000000080fd000 	/usr/lib/libc++.1.dylib
0x00000000080fd000 	/usr/lib/libc++abi.dylib
0x00000000080fd000 	/usr/lib/system/libcache.dylib
0x00000000080fd000 	/usr/lib/system/libcommonCrypto.dylib
0x00000000080fd000 	/usr/lib/system/libcompiler_rt.dylib
0x00000000080fd000 	/usr/lib/system/libcopyfile.dylib
0x00000000080fd000 	/usr/lib/system/libcorecrypto.dylib
0x00000000080fd000 	/usr/lib/system/libdispatch.dylib
0x00000000080fd000 	/usr/lib/system/libdyld.dylib
0x00000000080fd000 	/usr/lib/system/libkeymgr.dylib
0x00000000080fd000 	/usr/lib/system/liblaunch.dylib
0x00000000080fd000 	/usr/lib/system/libmacho.dylib
0x00000000080fd000 	/usr/lib/system/libquarantine.dylib
0x00000000080fd000 	/usr/lib/system/libremovefile.dylib
0x00000000080fd000 	/usr/lib/system/libsystem_asl.dylib
0x00000000080fd000 	/usr/lib/system/libsystem_blocks.dylib
0x00000000080fd000 	/usr/lib/system/libsystem_c.dylib
0x00000000080fd000 	/usr/lib/system/libsystem_configuration.dylib
0x00000000080fd000 	/usr/lib/system/libsystem_coreservices.dylib
0x00000000080fd000 	/usr/lib/system/libsystem_coretls.dylib
0x00000000080fd000 	/usr/lib/system/libsystem_dnssd.dylib
0x00000000080fd000 	/usr/lib/system/libsystem_info.dylib
0x00000000080fd000 	/usr/lib/system/libsystem_kernel.dylib
0x00000000080fd000 	/usr/lib/system/libsystem_m.dylib
0x00000000080fd000 	/usr/lib/system/libsystem_malloc.dylib
0x00000000080fd000 	/usr/lib/system/libsystem_network.dylib
0x00000000080fd000 	/usr/lib/system/libsystem_networkextension.dylib
0x00000000080fd000 	/usr/lib/system/libsystem_notify.dylib
0x00000000080fd000 	/usr/lib/system/libsystem_platform.dylib
0x00000000080fd000 	/usr/lib/system/libsystem_pthread.dylib
0x00000000080fd000 	/usr/lib/system/libsystem_sandbox.dylib
0x00000000080fd000 	/usr/lib/system/libsystem_secinit.dylib
0x00000000080fd000 	/usr/lib/system/libsystem_stats.dylib
0x00000000080fd000 	/usr/lib/system/libsystem_trace.dylib
0x00000000080fd000 	/usr/lib/system/libunc.dylib
0x00000000080fd000 	/usr/lib/system/libunwind.dylib
0x00000000080fd000 	/usr/lib/system/libxpc.dylib
0x00000000080fd000 	/usr/lib/libbz2.1.0.dylib
0x00000000080fd000 	/usr/lib/liblzma.5.dylib
0x00000000080fd000 	/usr/lib/libbsm.0.dylib
0x00000000080fd000 	/usr/lib/libsqlite3.dylib
0x00000000080fd000 	/usr/lib/system/libkxld.dylib
0x00000000080fd000 	/usr/lib/libxar.1.dylib
0x00000000080fd000 	/usr/lib/libpam.2.dylib
0x00000000080fd000 	/usr/lib/libOpenScriptingUtil.dylib
0x00000000080fd000 	/System/Library/Frameworks/CoreServices.framework/Versions/A/Frameworks/FSEvents.framework/Versions/A/FSEvents
0x00000000080fd000 	/System/Library/Frameworks/CoreServices.framework/Versions/A/Frameworks/CarbonCore.framework/Versions/A/CarbonCore
0x00000000080fd000 	/System/Library/Frameworks/CoreServices.framework/Versions/A/Frameworks/Metadata.framework/Versions/A/Metadata
0x00000000080fd000 	/System/Library/Frameworks/CoreServices.framework/Versions/A/Frameworks/OSServices.framework/Versions/A/OSServices
0x00000000080fd000 	/System/Library/Frameworks/CoreServices.framework/Versions/A/Frameworks/SearchKit.framework/Versions/A/SearchKit
0x00000000080fd000 	/System/Library/Frameworks/CoreServices.framework/Versions/A/Frameworks/AE.framework/Versions/A/AE
0x00000000080fd000 	/System/Library/Frameworks/CoreServices.framework/Versions/A/Frameworks/LaunchServices.framework/Versions/A/LaunchServices
0x00000000080fd000 	/System/Library/Frameworks/CoreServices.framework/Versions/A/Frameworks/DictionaryServices.framework/Versions/A/DictionaryServices
0x00000000080fd000 	/System/Library/Frameworks/NetFS.framework/Versions/A/NetFS
0x00000000080fd000 	/System/Library/PrivateFrameworks/NetAuth.framework/Versions/A/NetAuth
0x00000000080fd000 	/System/Library/PrivateFrameworks/login.framework/Versions/A/Frameworks/loginsupport.framework/Versions/A/loginsupport
0x00000000080fd000 	/System/Library/PrivateFrameworks/TCC.framework/Versions/A/TCC
0x00000000080fd000 	/usr/lib/libmecabra.dylib
0x00000000080fd000 	/System/Library/Frameworks/ApplicationServices.framework/Versions/A/Frameworks/ATS.framework/Versions/A/ATS
0x00000000080fd000 	/System/Library/Frameworks/ApplicationServices.framework/Versions/A/Frameworks/ColorSync.framework/Versions/A/ColorSync
0x00000000080fd000 	/System/Library/Frameworks/ApplicationServices.framework/Versions/A/Frameworks/HIServices.framework/Versions/A/HIServices
0x00000000080fd000 	/System/Library/Frameworks/ApplicationServices.framework/Versions/A/Frameworks/LangAnalysis.framework/Versions/A/LangAnalysis
0x00000000080fd000 	/System/Library/Frameworks/ApplicationServices.framework/Versions/A/Frameworks/PrintCore.framework/Versions/A/PrintCore
0x00000000080fd000 	/System/Library/Frameworks/ApplicationServices.framework/Versions/A/Frameworks/QD.framework/Versions/A/QD
0x00000000080fd000 	/System/Library/Frameworks/ApplicationServices.framework/Versions/A/Frameworks/SpeechSynthesis.framework/Versions/A/SpeechSynthesis
0x00000000080fd000 	/System/Library/Frameworks/Accelerate.framework/Versions/A/Accelerate
0x00000000080fd000 	/System/Library/Frameworks/Accelerate.framework/Versions/A/Frameworks/vImage.framework/Versions/A/vImage
0x00000000080fd000 	/System/Library/Frameworks/Accelerate.framework/Versions/A/Frameworks/vecLib.framework/Versions/A/vecLib
0x00000000080fd000 	/System/Library/Frameworks/Accelerate.framework/Versions/A/Frameworks/vecLib.framework/Versions/A/libvDSP.dylib
0x00000000080fd000 	/System/Library/Frameworks/Accelerate.framework/Versions/A/Frameworks/vecLib.framework/Versions/A/libvMisc.dylib
0x00000000080fd000 	/System/Library/Frameworks/Accelerate.framework/Versions/A/Frameworks/vecLib.framework/Versions/A/libLAPACK.dylib
0x00000000080fd000 	/System/Library/Frameworks/Accelerate.framework/Versions/A/Frameworks/vecLib.framework/Versions/A/libBLAS.dylib
0x00000000080fd000 	/System/Library/Frameworks/Accelerate.framework/Versions/A/Frameworks/vecLib.framework/Versions/A/libLinearAlgebra.dylib
0x00000000080fd000 	/System/Library/Frameworks/ApplicationServices.framework/Versions/A/Frameworks/ATS.framework/Versions/A/Resources/libFontParser.dylib
0x00000000080fd000 	/System/Library/Frameworks/ApplicationServices.framework/Versions/A/Frameworks/ATS.framework/Versions/A/Resources/libFontRegistry.dylib
0x00000000080fd000 	/System/Library/PrivateFrameworks/AppleVPA.framework/Versions/A/AppleVPA
0x00000000080fd000 	/System/Library/PrivateFrameworks/AppleJPEG.framework/Versions/A/AppleJPEG
0x00000000080fd000 	/System/Library/Frameworks/ImageIO.framework/Versions/A/Resources/libJPEG.dylib
0x00000000080fd000 	/System/Library/Frameworks/ImageIO.framework/Versions/A/Resources/libTIFF.dylib
0x00000000080fd000 	/System/Library/Frameworks/ImageIO.framework/Versions/A/Resources/libPng.dylib
0x00000000080fd000 	/System/Library/Frameworks/ImageIO.framework/Versions/A/Resources/libGIF.dylib
0x00000000080fd000 	/System/Library/Frameworks/ImageIO.framework/Versions/A/Resources/libJP2.dylib
0x00000000080fd000 	/System/Library/Frameworks/ImageIO.framework/Versions/A/Resources/libRadiance.dylib
0x00000000080fd000 	/System/Library/Frameworks/CoreVideo.framework/Versions/A/CoreVideo
0x00000000080fd000 	/System/Library/Frameworks/OpenGL.framework/Versions/A/Libraries/libGLU.dylib
0x00000000080fd000 	/System/Library/Frameworks/OpenGL.framework/Versions/A/Libraries/libGFXShared.dylib
0x00000000080fd000 	/System/Library/Frameworks/OpenGL.framework/Versions/A/Libraries/libGL.dylib
0x00000000080fd000 	/System/Library/Frameworks/OpenGL.framework/Versions/A/Libraries/libGLImage.dylib
0x00000000080fd000 	/System/Library/Frameworks/OpenGL.framework/Versions/A/Libraries/libCVMSPluginSupport.dylib
0x00000000080fd000 	/System/Library/Frameworks/OpenGL.framework/Versions/A/Libraries/libCoreVMClient.dylib
0x00000000080fd000 	/usr/lib/libcups.2.dylib
0x00000000080fd000 	/System/Library/Frameworks/Kerberos.framework/Versions/A/Kerberos
0x00000000080fd000 	/System/Library/Frameworks/GSS.framework/Versions/A/GSS
0x00000000080fd000 	/usr/lib/libresolv.9.dylib
0x00000000080fd000 	/usr/lib/libiconv.2.dylib
0x00000000080fd000 	/System/Library/PrivateFrameworks/Heimdal.framework/Versions/A/Heimdal
0x00000000080fd000 	/usr/lib/libheimdal-asn1.dylib
0x00000000080fd000 	/System/Library/Frameworks/OpenDirectory.framework/Versions/A/OpenDirectory
0x00000000080fd000 	/System/Library/PrivateFrameworks/CommonAuth.framework/Versions/A/CommonAuth
0x00000000080fd000 	/System/Library/Frameworks/OpenDirectory.framework/Versions/A/Frameworks/CFOpenDirectory.framework/Versions/A/CFOpenDirectory
0x00000000080fd000 	/System/Library/Frameworks/SecurityFoundation.framework/Versions/A/SecurityFoundation
0x00000000080fd000 	/System/Library/PrivateFrameworks/LanguageModeling.framework/Versions/A/LanguageModeling
0x00000000080fd000 	/usr/lib/libcmph.dylib
0x00000000080fd000 	/System/Library/Frameworks/ServiceManagement.framework/Versions/A/ServiceManagement
0x00000000080fd000 	/usr/lib/libxslt.1.dylib
0x00000000080fd000 	/System/Library/Frameworks/Carbon.framework/Versions/A/Frameworks/Ink.framework/Versions/A/Ink
0x00000000080fd000 	/System/Library/Frameworks/QuartzCore.framework/Versions/A/Frameworks/CoreImage.framework/Versions/A/CoreImage
0x00000000080fd000 	/System/Library/PrivateFrameworks/CrashReporterSupport.framework/Versions/A/CrashReporterSupport
0x00000000080fd000 	/System/Library/Frameworks/OpenCL.framework/Versions/A/OpenCL
0x00000000080fd000 	/System/Library/PrivateFrameworks/FaceCore.framework/Versions/A/FaceCore
0x00000000080fd000 	/System/Library/PrivateFrameworks/Ubiquity.framework/Versions/A/Ubiquity
0x00000000080fd000 	/System/Library/PrivateFrameworks/IconServices.framework/Versions/A/IconServices
0x00000000080fd000 	/System/Library/PrivateFrameworks/ChunkingLibrary.framework/Versions/A/ChunkingLibrary
0x00000000080fd000 	/System/Library/PrivateFrameworks/Apple80211.framework/Versions/A/Apple80211
0x00000000080fd000 	/System/Library/Frameworks/CoreWLAN.framework/Versions/A/CoreWLAN
0x00000000080fd000 	/System/Library/Frameworks/IOBluetooth.framework/Versions/A/IOBluetooth
0x00000000080fd000 	/System/Library/PrivateFrameworks/CoreWiFi.framework/Versions/A/CoreWiFi
0x00000000080fd000 	/System/Library/Frameworks/CoreBluetooth.framework/Versions/A/CoreBluetooth
0x00000000080fd000 	/System/Library/PrivateFrameworks/DebugSymbols.framework/Versions/A/DebugSymbols
0x00000000080fd000 	/System/Library/PrivateFrameworks/CoreSymbolication.framework/Versions/A/CoreSymbolication
0x00000000080fd000 	/System/Library/PrivateFrameworks/Symbolication.framework/Versions/A/Symbolication
0x00000000080fd000 	/System/Library/PrivateFrameworks/SpeechRecognitionCore.framework/Versions/A/SpeechRecognitionCore
0x0000000105ffb000 	/Library/Java/JavaVirtualMachines/jdk1.8.0_73.jdk/Contents/Home/jre/lib/server/libjvm.dylib
0x00000000080fd000 	/usr/lib/libstdc++.6.dylib
0x0000000106f9f000 	/Library/Java/JavaVirtualMachines/jdk1.8.0_73.jdk/Contents/Home/jre/lib/libverify.dylib
0x0000000106fad000 	/Library/Java/JavaVirtualMachines/jdk1.8.0_73.jdk/Contents/Home/jre/lib/libjava.dylib
0x0000000106fec000 	/Library/Java/JavaVirtualMachines/jdk1.8.0_73.jdk/Contents/Home/jre/lib/libzip.dylib
0x000000011b411000 	/System/Library/Frameworks/JavaVM.framework/Frameworks/JavaRuntimeSupport.framework/JavaRuntimeSupport
0x000000011b429000 	/System/Library/Frameworks/JavaVM.framework/Versions/A/Frameworks/JavaNativeFoundation.framework/Versions/A/JavaNativeFoundation
0x000000011b43e000 	/System/Library/Frameworks/JavaVM.framework/Versions/A/JavaVM
0x00000000080fd000 	/System/Library/Frameworks/Carbon.framework/Versions/A/Carbon
0x000000011b44b000 	/System/Library/PrivateFrameworks/JavaLaunching.framework/Versions/A/JavaLaunching
0x00000000080fd000 	/System/Library/Frameworks/Carbon.framework/Versions/A/Frameworks/CommonPanels.framework/Versions/A/CommonPanels
0x00000000080fd000 	/System/Library/Frameworks/Carbon.framework/Versions/A/Frameworks/Help.framework/Versions/A/Help
0x00000000080fd000 	/System/Library/Frameworks/Carbon.framework/Versions/A/Frameworks/ImageCapture.framework/Versions/A/ImageCapture
0x00000000080fd000 	/System/Library/Frameworks/Carbon.framework/Versions/A/Frameworks/OpenScripting.framework/Versions/A/OpenScripting
0x00000000080fd000 	/System/Library/Frameworks/Carbon.framework/Versions/A/Frameworks/Print.framework/Versions/A/Print
0x00000000080fd000 	/System/Library/Frameworks/Carbon.framework/Versions/A/Frameworks/SecurityHI.framework/Versions/A/SecurityHI
0x000000011d341000 	/Library/Java/JavaVirtualMachines/jdk1.8.0_73.jdk/Contents/Home/jre/lib/libawt.dylib
0x000000011d3e9000 	/Library/Java/JavaVirtualMachines/jdk1.8.0_73.jdk/Contents/Home/jre/lib/./libmlib_image.dylib
0x000000011d4b5000 	/Library/Java/JavaVirtualMachines/jdk1.8.0_73.jdk/Contents/Home/jre/lib/libawt_lwawt.dylib
0x000000011d56a000 	/Library/Java/JavaVirtualMachines/jdk1.8.0_73.jdk/Contents/Home/jre/lib/./libosxapp.dylib
0x00000000080fd000 	/System/Library/Frameworks/ExceptionHandling.framework/Versions/A/ExceptionHandling
0x00000000080fd000 	/System/Library/PrivateFrameworks/CoreServicesInternal.framework/Versions/A/CoreServicesInternal
0x00000000080fd000 	/System/Library/PrivateFrameworks/CloudDocs.framework/Versions/A/CloudDocs
0x00000000080fd000 	/System/Library/PrivateFrameworks/CoreDuet.framework/Versions/A/CoreDuet
0x00000000080fd000 	/System/Library/Frameworks/CloudKit.framework/Versions/A/CloudKit
0x00000000080fd000 	/System/Library/PrivateFrameworks/ProtocolBuffer.framework/Versions/A/ProtocolBuffer
0x00000000080fd000 	/System/Library/PrivateFrameworks/CoreDuetDaemonProtocol.framework/Versions/A/CoreDuetDaemonProtocol
0x00000000080fd000 	/System/Library/PrivateFrameworks/CoreDuetDebugLogging.framework/Versions/A/CoreDuetDebugLogging
0x00000000080fd000 	/System/Library/PrivateFrameworks/MMCS.framework/Versions/A/MMCS
0x00000000080fd000 	/System/Library/Frameworks/CoreLocation.framework/Versions/A/CoreLocation
0x00000000080fd000 	/System/Library/PrivateFrameworks/ProtectedCloudStorage.framework/Versions/A/ProtectedCloudStorage
0x00000000080fd000 	/System/Library/PrivateFrameworks/GeoServices.framework/Versions/A/GeoServices
0x00000000080fd000 	/System/Library/Frameworks/CoreGraphics.framework/Versions/A/Resources/libCGCMS.A.dylib
0x00000000080fd000 	/System/Library/Frameworks/CoreGraphics.framework/Versions/A/Resources/libRIP.A.dylib
0x00000000080fd000 	/System/Library/Frameworks/CoreGraphics.framework/Versions/A/Resources/libCGXType.A.dylib
0x00000000080fd000 	/System/Library/Frameworks/OpenCL.framework/Versions/A/Libraries/libcldcpuengine.dylib
0x00000000080fd000 	/System/Library/PrivateFrameworks/DiskImages.framework/Versions/A/DiskImages
0x00000000080fd000 	/System/Library/Frameworks/DiscRecording.framework/Versions/A/DiscRecording
0x00000000080fd000 	/usr/lib/libcsfde.dylib
0x00000000080fd000 	/usr/lib/libcurl.4.dylib
0x00000000080fd000 	/System/Library/PrivateFrameworks/MediaKit.framework/Versions/A/MediaKit
0x00000000080fd000 	/usr/lib/libCoreStorage.dylib
0x00000000080fd000 	/System/Library/PrivateFrameworks/EFILogin.framework/Versions/A/EFILogin
0x00000000080fd000 	/usr/lib/libutil.dylib
0x00000000080fd000 	/System/Library/PrivateFrameworks/FindMyDevice.framework/Versions/A/FindMyDevice
0x00000000080fd000 	/System/Library/Frameworks/LDAP.framework/Versions/A/LDAP
0x00000000080fd000 	/usr/lib/libsasl2.2.dylib
0x00000000080fd000 	/System/Library/PrivateFrameworks/CoreDaemon.framework/Versions/B/CoreDaemon
0x00000000080fd000 	/usr/lib/libcrypto.0.9.8.dylib
0x00000000080fd000 	/System/Library/PrivateFrameworks/AppleSRP.framework/Versions/A/AppleSRP
0x00000000080fd000 	/System/Library/PrivateFrameworks/TrustEvaluationAgent.framework/Versions/A/TrustEvaluationAgent
0x0000000120866000 	cl_kernels
0x0000000120868000 	/System/Library/Frameworks/OpenCL.framework/Versions/A/Libraries/ImageFormats/unorm8_bgra.dylib
0x0000000120857000 	cl_kernels
0x00000000080fd000 	/System/Library/PrivateFrameworks/FamilyControls.framework/Versions/A/FamilyControls
0x00000000080fd000 	/System/Library/PrivateFrameworks/CommerceKit.framework/Versions/A/Frameworks/CommerceCore.framework/Versions/A/CommerceCore
0x00000000080fd000 	/System/Library/PrivateFrameworks/SystemAdministration.framework/Versions/A/SystemAdministration
0x00000000080fd000 	/System/Library/PrivateFrameworks/AppContainer.framework/Versions/A/AppContainer
0x00000000080fd000 	/System/Library/PrivateFrameworks/SecCodeWrapper.framework/Versions/A/SecCodeWrapper
0x00000000080fd000 	/System/Library/Frameworks/DirectoryService.framework/Versions/A/DirectoryService
0x00000000080fd000 	/System/Library/PrivateFrameworks/LoginUIKit.framework/Versions/A/Frameworks/LoginUICore.framework/Versions/A/LoginUICore
0x00000000080fd000 	/usr/lib/libodfde.dylib
0x00000000080fd000 	/System/Library/Frameworks/OpenGL.framework/Versions/A/Resources/GLEngine.bundle/GLEngine
0x00000000080fd000 	/System/Library/Frameworks/OpenGL.framework/Versions/A/Libraries/libGLProgrammability.dylib
0x0000000121b51000 	/System/Library/Extensions/AppleIntelHD4000GraphicsGLDriver.bundle/Contents/MacOS/AppleIntelHD4000GraphicsGLDriver
0x00000000080fd000 	/System/Library/PrivateFrameworks/IOAccelerator.framework/Versions/A/IOAccelerator
0x00000000080fd000 	/System/Library/PrivateFrameworks/GPUSupport.framework/Versions/A/Libraries/libGPUSupportMercury.dylib
0x00000000080fd000 	/System/Library/Frameworks/OpenGL.framework/Versions/A/Resources/GLRendererFloat.bundle/GLRendererFloat
0x0000000122af6000 	/Library/Java/JavaVirtualMachines/jdk1.8.0_73.jdk/Contents/Home/jre/lib/libfontmanager.dylib
0x0000000123dca000 	/Library/Java/JavaVirtualMachines/jdk1.8.0_73.jdk/Contents/Home/jre/lib/libosxui.dylib
0x0000000123e85000 	/Library/Java/JavaVirtualMachines/jdk1.8.0_73.jdk/Contents/Home/jre/lib/libnet.dylib
0x0000000123e9c000 	/Library/Java/JavaVirtualMachines/jdk1.8.0_73.jdk/Contents/Home/jre/lib/libnio.dylib
0x00000000080fd000 	/System/Library/Frameworks/ApplicationServices.framework/Versions/A/Frameworks/ATS.framework/Versions/A/Resources/libTrueTypeScaler.dylib
0x00000001904df000 	/private/var/folders/gx/lpn_2smn21b5jx4mf4ptd0z40000gn/T/jogamp_0000/file_cache/jln8154567570310628598/jln9187239047189390026/libgluegen-rt.jnilib
0x00000001904e3000 	/private/var/folders/gx/lpn_2smn21b5jx4mf4ptd0z40000gn/T/jogamp_0000/file_cache/jln8154567570310628598/jln9187239047189390026/libnativewindow_awt.jnilib
0x00000001904e6000 	/Library/Java/JavaVirtualMachines/jdk1.8.0_73.jdk/Contents/Home/jre/lib/libjawt.dylib
0x00000001904e9000 	/private/var/folders/gx/lpn_2smn21b5jx4mf4ptd0z40000gn/T/jogamp_0000/file_cache/jln8154567570310628598/jln9187239047189390026/libnativewindow_macosx.jnilib
0x0000000192864000 	/private/var/folders/gx/lpn_2smn21b5jx4mf4ptd0z40000gn/T/jogamp_0000/file_cache/jln8154567570310628598/jln9187239047189390026/libjogl_desktop.jnilib
0x00000001948d5000 	/Library/Java/JavaVirtualMachines/jdk1.8.0_73.jdk/Contents/Home/jre/lib/libt2k.dylib
0x00000000080fd000 	/System/Library/Frameworks/Accelerate.framework/Versions/A/Frameworks/vImage.framework/Versions/A/Libraries/libCGInterfaces.dylib

VM Arguments:
jvm_args: -Djava.security.policy=java.policy.applet -Dfile.encoding=UTF-8 
java_command: sun.applet.AppletViewer module6.EarthquakeCityMap1458270643358.html
java_class_path (initial): /Volumes/Other/ComputerScience/Java/Coursera/Java Programming Object-Oriented Design of Data Structures Specialization/UCSDUnfoldingMaps/build:/Volumes/Other/ComputerScience/Java/Coursera/Java Programming Object-Oriented Design of Data Structures Specialization/UCSDUnfoldingMaps/lib/core.jar:/Volumes/Other/ComputerScience/Java/Coursera/Java Programming Object-Oriented Design of Data Structures Specialization/UCSDUnfoldingMaps/lib/gluegen-rt.jar:/Volumes/Other/ComputerScience/Java/Coursera/Java Programming Object-Oriented Design of Data Structures Specialization/UCSDUnfoldingMaps/lib/jogl-all.jar:/Volumes/Other/ComputerScience/Java/Coursera/Java Programming Object-Oriented Design of Data Structures Specialization/UCSDUnfoldingMaps/lib/log4j-1.2.15.jar:/Volumes/Other/ComputerScience/Java/Coursera/Java Programming Object-Oriented Design of Data Structures Specialization/UCSDUnfoldingMaps/lib/sqlite-jdbc-3.7.2.jar:/Volumes/Other/ComputerScience/Java/Coursera/Java Programming Object-Oriented Design of Data Structures Specialization/UCSDUnfoldingMaps/lib/json4processing.jar:/Volumes/Other/ComputerScience/Java/Coursera/Java Programming Object-Oriented Design of Data Structures Specialization/UCSDUnfoldingMaps/lib/libTUIO.jar:/Volumes/Other/ComputerScience/Java/Coursera/Java Programming Object-Oriented Design of Data Structures Specialization/UCSDUnfoldingMaps/lib/unfolding.0.9.7-uscd.jar:/Volumes/Other/ComputerScience/Java/Coursera/Java Programming Object-Oriented Design of Data Structures Specialization/UCSDUnfoldingMaps/lib/controlP5/library/controlP5.jar:/Users/zhihuixie/Downloads/geonames-source-1.1.13.jar:/Users/zhihuixie/Downloads/jdom/build/jdom-1.1.3.jar
Launcher Type: SUN_STANDARD

Environment Variables:
PATH=/usr/bin:/bin:/usr/sbin:/sbin
SHELL=/bin/bash

Signal Handlers:
SIGSEGV: [libjvm.dylib+0x5a71a5], sa_mask[0]=11111111011111110111111111111111, sa_flags=SA_ONSTACK|SA_RESTART|SA_SIGINFO
SIGBUS: [libjvm.dylib+0x5a71a5], sa_mask[0]=11111111011111110111111111111111, sa_flags=SA_RESTART|SA_SIGINFO
SIGFPE: [libjvm.dylib+0x480eb4], sa_mask[0]=11111111011111110111111111111111, sa_flags=SA_RESTART|SA_SIGINFO
SIGPIPE: [libjvm.dylib+0x480eb4], sa_mask[0]=11111111011111110111111111111111, sa_flags=SA_RESTART|SA_SIGINFO
SIGXFSZ: [libjvm.dylib+0x480eb4], sa_mask[0]=11111111011111110111111111111111, sa_flags=SA_RESTART|SA_SIGINFO
SIGILL: [libjvm.dylib+0x480eb4], sa_mask[0]=11111111011111110111111111111111, sa_flags=SA_RESTART|SA_SIGINFO
SIGUSR1: SIG_DFL, sa_mask[0]=00000000000000000000000000000000, sa_flags=none
SIGUSR2: [libjvm.dylib+0x4809d2], sa_mask[0]=00100000000000000000000000000000, sa_flags=SA_RESTART|SA_SIGINFO
SIGHUP: [libjvm.dylib+0x47efa9], sa_mask[0]=11111111011111110111111111111111, sa_flags=SA_RESTART|SA_SIGINFO
SIGINT: [libjvm.dylib+0x47efa9], sa_mask[0]=11111111011111110111111111111111, sa_flags=SA_RESTART|SA_SIGINFO
SIGTERM: [libjvm.dylib+0x47efa9], sa_mask[0]=11111111011111110111111111111111, sa_flags=SA_RESTART|SA_SIGINFO
SIGQUIT: [libjvm.dylib+0x47efa9], sa_mask[0]=11111111011111110111111111111111, sa_flags=SA_RESTART|SA_SIGINFO


---------------  S Y S T E M  ---------------

OS:Bsduname:Darwin 14.5.0 Darwin Kernel Version 14.5.0: Wed Jul 29 02:26:53 PDT 2015; root:xnu-2782.40.9~1/RELEASE_X86_64 x86_64
rlimit: STACK 8192k, CORE 0k, NPROC 709, NOFILE 10240, AS infinity
load average:1.37 1.68 1.57

CPU:total 4 (2 cores per cpu, 2 threads per core) family 6 model 58 stepping 9, cmov, cx8, fxsr, mmx, sse, sse2, sse3, ssse3, sse4.1, sse4.2, popcnt, avx, aes, clmul, erms, ht, tsc, tscinvbit, tscinv

Memory: 4k page, physical 4194304k(260764k free)

/proc/meminfo:


vm_info: Java HotSpot(TM) 64-Bit Server VM (25.73-b02) for bsd-amd64 JRE (1.8.0_73-b02), built on Jan 29 2016 15:02:00 by "java_re" with gcc 4.2.1 (Based on Apple Inc. build 5658) (LLVM build 2336.11.00)

time: Thu Mar 17 20:12:31 2016
elapsed time: 107 seconds (0d 0h 1m 47s)

