#
# A fatal error has been detected by the Java Runtime Environment:
#
#  SIGSEGV (0xb) at pc=0x00007fff8aa0d44c, pid=2740, tid=1811
#
# JRE version: Java(TM) SE Runtime Environment (8.0_73-b02) (build 1.8.0_73-b02)
# Java VM: Java HotSpot(TM) 64-Bit Server VM (25.73-b02 mixed mode bsd-amd64 compressed oops)
# Problematic frame:
# C  [libobjc.A.dylib+0x944c]  objc_release+0xc
#
# Failed to write core dump. Core dumps have been disabled. To enable core dumping, try "ulimit -c unlimited" before starting Java again
#
# If you would like to submit a bug report, please visit:
#   http://bugreport.java.com/bugreport/crash.jsp
# The crash happened outside the Java Virtual Machine in native code.
# See problematic frame for where to report the bug.
#

---------------  T H R E A D  ---------------

Current thread (0x00007fb4f287a800):  JavaThread "AWT-AppKit" daemon [_thread_in_native, id=1811, stack(0x00007fff54c37000,0x00007fff55437000)]

siginfo: si_signo: 11 (SIGSEGV), si_code: 0 (unknown), si_addr: 0x0000000000000000

Registers:
RAX=0x0000000000000008, RBX=0x0000000000000000, RCX=0x0000000000000004, RDX=0x00007fb4f56d45d8
RSP=0x00007fff554320c8, RBP=0x00007fff554320f0, RSI=0x0000000121d74f10, RDI=0xc00007fb4f5952dc
R8 =0x0000000000000001, R9 =0x00007fb4f5600000, R10=0x00007fb4f2eff180, R11=0x0000000194de4840
R12=0x0000000000000000, R13=0x0000000196b4fcb8, R14=0x00007fb4f56410b0, R15=0x00007fb4f287a800
RIP=0x00007fff8aa0d44c, EFLAGS=0x0000000000010246, ERR=0x0000000000000000
  TRAPNO=0x000000000000000d

Top of Stack: (sp=0x00007fff554320c8)
0x00007fff554320c8:   0000000121cfe47b 0000000000000000
0x00007fff554320d8:   0000000194de4450 0000000194de4440
0x00007fff554320e8:   00007fb4f287a800 00007fff554321b0
0x00007fff554320f8:   0000000194de2215 0000000194de4700
0x00007fff55432108:   0000000194de46e0 0000000194de44b0
0x00007fff55432118:   0000000000000000 0000000196b4fcb8
0x00007fff55432128:   0000000196b4fcb8 00007fb4f56d45d0
0x00007fff55432138:   0000000194de46a0 0000000194de4710
0x00007fff55432148:   00007fff77fe0550 00007fff77e84c80
0x00007fff55432158:   0000000194de4450 0000000194de4690
0x00007fff55432168:   00007fb4f56d45d0 00007fb4f56410b0
0x00007fff55432178:   00007fb4f0f9e630 00007fb4f56d45d0
0x00007fff55432188:   00007fb4f56410b0 00007fff55432238
0x00007fff55432198:   00007fb4f287a9f8 0000000196b4fcb8
0x00007fff554321a8:   00007fff55432260 00007fff55432228
0x00007fff554321b8:   000000010c1e0954 0000000196b4fcb8
0x00007fff554321c8:   00007fff55432260 00007fff55432228
0x00007fff554321d8:   000000010c1e06e7 000000010c1e06a2
0x00007fff554321e8:   00007fff554321e8 0000000196b4fcb8
0x00007fff554321f8:   00007fff55432260 0000000196b528f0
0x00007fff55432208:   0000000000000000 0000000196b4fcb8
0x00007fff55432218:   0000000000000000 00007fff55432248
0x00007fff55432228:   00007fff554322a8 000000010c1d2c4d
0x00007fff55432238:   0000000780e45078 000000010c1da578
0x00007fff55432248:   00007fb4f56d45d0 00007fff554322a8
0x00007fff55432258:   00007fb4f56410b0 000000010c1dbd82
0x00007fff55432268:   00007fff55432268 0000000196b4fe82
0x00007fff55432278:   00007fff554322d0 0000000196b528f0
0x00007fff55432288:   0000000000000000 0000000196b4fe90
0x00007fff55432298:   00007fff55432248 00007fff554322b8
0x00007fff554322a8:   00007fff55432318 000000010c1d2c4d
0x00007fff554322b8:   00007fb4f56d45d0 00000007805d39c8 

Instructions: (pc=0x00007fff8aa0d44c)
0x00007fff8aa0d42c:   5d c3 31 c0 48 85 ff 74 04 48 8b 47 08 c3 90 90
0x00007fff8aa0d43c:   90 90 90 90 48 85 ff 74 06 40 f6 c7 01 74 01 c3
0x00007fff8aa0d44c:   48 8b 07 f6 40 20 02 74 0a be 01 00 00 00 e9 51
0x00007fff8aa0d45c:   83 01 00 48 8d 05 7a 26 25 ec 48 8b 30 e9 52 7c 

Register to memory mapping:

RAX=0x0000000000000008 is an unknown value
RBX=0x0000000000000000 is an unknown value
RCX=0x0000000000000004 is an unknown value
RDX=0x00007fb4f56d45d8 is an unknown value
RSP=0x00007fff554320c8 is pointing into the stack for thread: 0x00007fb4f287a800
RBP=0x00007fff554320f0 is pointing into the stack for thread: 0x00007fb4f287a800
RSI=0x0000000121d74f10: OBJC_IVAR_$_PrinterView.fCurPeekGraphics+0x1aa8 in /Library/Java/JavaVirtualMachines/jdk1.8.0_73.jdk/Contents/Home/jre/lib/libawt_lwawt.dylib at 0x0000000121cfa000
RDI=0xc00007fb4f5952dc is an unknown value
R8 =0x0000000000000001 is an unknown value
R9 =0x00007fb4f5600000 is an unknown value
R10=0x00007fb4f2eff180 is an unknown value
R11=0x0000000194de4840: OBJC_CLASS_$_MyCALayer+0 in /private/var/folders/gx/lpn_2smn21b5jx4mf4ptd0z40000gn/T/jogamp_0000/file_cache/jln8978951427933765640/jln4162694284413190370/libnativewindow_macosx.jnilib at 0x0000000194ddd000
R12=0x0000000000000000 is an unknown value
R13={method} {0x0000000196b4fcb8} 'UnsetJAWTRootSurfaceLayer0' '(JJ)V' in 'jogamp/nativewindow/jawt/macosx/MacOSXJAWTWindow'
R14=0x00007fb4f56410b0 is an unknown value
R15=0x00007fb4f287a800 is a thread


Stack: [0x00007fff54c37000,0x00007fff55437000],  sp=0x00007fff554320c8,  free space=8172k
Native frames: (J=compiled Java code, j=interpreted, Vv=VM code, C=native code)
C  [libobjc.A.dylib+0x944c]  objc_release+0xc
C  [libnativewindow_macosx.jnilib+0x5215]  Java_jogamp_nativewindow_jawt_macosx_MacOSXJAWTWindow_UnsetJAWTRootSurfaceLayer0+0x1a5
j  jogamp.nativewindow.jawt.macosx.MacOSXJAWTWindow.UnsetJAWTRootSurfaceLayer0(JJ)V+0
j  jogamp.nativewindow.jawt.macosx.MacOSXJAWTWindow.access$200(JJ)V+2
j  jogamp.nativewindow.jawt.macosx.MacOSXJAWTWindow$1.run()V+38
J 3381 C1 com.jogamp.common.util.RunnableTask.run()V (345 bytes) @ 0x000000010c7f68b4 [0x000000010c7f6720+0x194]
v  ~StubRoutines::call_stub
V  [libjvm.dylib+0x2eae7a]
V  [libjvm.dylib+0x321f83]
V  [libjvm.dylib+0x314757]
C  [libnativewindow_macosx.jnilib+0x5326]  Java_jogamp_nativewindow_jawt_macosx_MacOSXJAWTWindow_UnsetJAWTRootSurfaceLayer0+0x2b6
C  [Foundation+0x92dd0]  __NSThreadPerformPerform+0x125
C  [CoreFoundation+0x80a01]  __CFRUNLOOP_IS_CALLING_OUT_TO_A_SOURCE0_PERFORM_FUNCTION__+0x11
C  [CoreFoundation+0x72c5c]  __CFRunLoopDoSources0+0x1dc
C  [CoreFoundation+0x721bf]  __CFRunLoopRun+0x39f
C  [CoreFoundation+0x71bd8]  CFRunLoopRunSpecific+0x128
C  [HIToolbox+0x3256f]  RunCurrentEventLoopInMode+0xeb
C  [HIToolbox+0x321ee]  ReceiveNextEventCommon+0xb3
C  [HIToolbox+0x3212b]  _BlockUntilNextEventMatchingListInModeWithFilter+0x47
C  [AppKit+0x918ab]  _DPSNextEvent+0x3d2
C  [AppKit+0x90e58]  -[NSApplication nextEventMatchingMask:untilDate:inMode:dequeue:]+0x15a
C  [libosxapp.dylib+0x23aa]  -[NSApplicationAWT nextEventMatchingMask:untilDate:inMode:dequeue:]+0x7c
C  [AppKit+0x86af3]  -[NSApplication run]+0x252
C  [libosxapp.dylib+0x214d]  +[NSApplicationAWT runAWTLoopWithApp:]+0x9c
C  [libawt_lwawt.dylib+0x4455b]  -[AWTStarter starter:]+0x389
C  [Foundation+0x92dd0]  __NSThreadPerformPerform+0x125
C  [CoreFoundation+0x80a01]  __CFRUNLOOP_IS_CALLING_OUT_TO_A_SOURCE0_PERFORM_FUNCTION__+0x11
C  [CoreFoundation+0x72b8d]  __CFRunLoopDoSources0+0x10d
C  [CoreFoundation+0x721bf]  __CFRunLoopRun+0x39f
C  [CoreFoundation+0x71bd8]  CFRunLoopRunSpecific+0x128
C  [java+0x6463]  CreateExecutionEnvironment+0x367
C  [java+0x21ac]  JLI_Launch+0x7a0
C  [java+0x84c0]  main+0x65
C  [java+0x1a04]  start+0x34
C  0x0000000000000007

Java frames: (J=compiled Java code, j=interpreted, Vv=VM code)
j  jogamp.nativewindow.jawt.macosx.MacOSXJAWTWindow.UnsetJAWTRootSurfaceLayer0(JJ)V+0
j  jogamp.nativewindow.jawt.macosx.MacOSXJAWTWindow.access$200(JJ)V+2
j  jogamp.nativewindow.jawt.macosx.MacOSXJAWTWindow$1.run()V+38
J 3381 C1 com.jogamp.common.util.RunnableTask.run()V (345 bytes) @ 0x000000010c7f68b4 [0x000000010c7f6720+0x194]
v  ~StubRoutines::call_stub

---------------  P R O C E S S  ---------------

Java Threads: ( => current thread )
  0x00007fb4f12c5800 JavaThread "Thread-50" [_thread_blocked, id=24167, stack(0x000000019fe00000,0x000000019ff00000)]
  0x00007fb4f2a76800 JavaThread "TimerQueue" daemon [_thread_blocked, id=12915, stack(0x000000019fcfd000,0x000000019fdfd000)]
  0x00007fb4f20bd000 JavaThread "Animation Thread" [_thread_blocked, id=56599, stack(0x0000000194f61000,0x0000000195061000)]
  0x00007fb4f20b1800 JavaThread "AWT-EventQueue-1" [_thread_in_native, id=56871, stack(0x0000000195429000,0x0000000195529000)]
  0x00007fb4f20ab000 JavaThread "DestroyJavaVM" [_thread_blocked, id=4867, stack(0x000000010a8e0000,0x000000010a9e0000)]
  0x00007fb4f1263000 JavaThread "AWT-EventQueue-0" [_thread_blocked, id=54531, stack(0x0000000128595000,0x0000000128695000)]
  0x00007fb4f186c000 JavaThread "Java2D Disposer" daemon [_thread_blocked, id=50967, stack(0x0000000127311000,0x0000000127411000)]
  0x00007fb4f11be800 JavaThread "Java2D Queue Flusher" daemon [_thread_blocked, id=49415, stack(0x000000012631c000,0x000000012641c000)]
  0x00007fb4f2080800 JavaThread "AWT-Shutdown" [_thread_blocked, id=28179, stack(0x00000001239ba000,0x0000000123aba000)]
=>0x00007fb4f287a800 JavaThread "AWT-AppKit" daemon [_thread_in_native, id=1811, stack(0x00007fff54c37000,0x00007fff55437000)]
  0x00007fb4f2846800 JavaThread "Service Thread" daemon [_thread_blocked, id=17923, stack(0x0000000121981000,0x0000000121a81000)]
  0x00007fb4f281d000 JavaThread "C1 CompilerThread2" daemon [_thread_blocked, id=17411, stack(0x000000012187e000,0x000000012197e000)]
  0x00007fb4f200a000 JavaThread "C2 CompilerThread1" daemon [_thread_blocked, id=16899, stack(0x000000012177b000,0x000000012187b000)]
  0x00007fb4f1055800 JavaThread "C2 CompilerThread0" daemon [_thread_blocked, id=16143, stack(0x0000000121678000,0x0000000121778000)]
  0x00007fb4f2001000 JavaThread "Signal Dispatcher" daemon [_thread_blocked, id=12303, stack(0x0000000121575000,0x0000000121675000)]
  0x00007fb4f2835000 JavaThread "Finalizer" daemon [_thread_blocked, id=11523, stack(0x000000011fbd7000,0x000000011fcd7000)]
  0x00007fb4f100c800 JavaThread "Reference Handler" daemon [_thread_blocked, id=11011, stack(0x000000011fad4000,0x000000011fbd4000)]

Other Threads:
  0x00007fb4f2834800 VMThread [stack: 0x000000011f9d1000,0x000000011fad1000] [id=10499]
  0x00007fb4f104a000 WatcherThread [stack: 0x0000000121a84000,0x0000000121b84000] [id=18435]

VM state:not at safepoint (normal execution)

VM Mutex/Monitor currently owned by a thread: None

Heap:
 PSYoungGen      total 64000K, used 20169K [0x00000007aab00000, 0x00000007b0500000, 0x00000007c0000000)
  eden space 50688K, 14% used [0x00000007aab00000,0x00000007ab222348,0x00000007adc80000)
  from space 13312K, 96% used [0x00000007adc80000,0x00000007ae910150,0x00000007ae980000)
  to   space 14848K, 0% used [0x00000007af680000,0x00000007af680000,0x00000007b0500000)
 ParOldGen       total 44032K, used 25765K [0x0000000780000000, 0x0000000782b00000, 0x00000007aab00000)
  object space 44032K, 58% used [0x0000000780000000,0x00000007819295a0,0x0000000782b00000)
 Metaspace       used 24551K, capacity 24801K, committed 25088K, reserved 1071104K
  class space    used 2434K, capacity 2527K, committed 2560K, reserved 1048576K

Card table byte_map: [0x000000011b58b000,0x000000011b78c000] byte_map_base: 0x000000011798b000

Marking Bits: (ParMarkBitMap*) 0x000000010bae3ea0
 Begin Bits: [0x000000011bcee000, 0x000000011ccee000)
 End Bits:   [0x000000011ccee000, 0x000000011dcee000)

Polling page: 0x000000010a9f0000

CodeCache: size=245760Kb used=11759Kb max_used=11775Kb free=234000Kb
 bounds [0x000000010c1cb000, 0x000000010cd6b000, 0x000000011b1cb000]
 total_blobs=4451 nmethods=3510 adapters=854
 compilation: enabled

Compilation events (10 events):
Event: 44.244 Thread 0x00007fb4f281d000 4017       3       de.fhpotsdam.unfolding.mapdisplay.AbstractMapDisplay$QueueSorter::setCenter (6 bytes)
Event: 44.244 Thread 0x00007fb4f281d000 nmethod 4017 0x000000010c338950 code [0x000000010c338aa0, 0x000000010c338c10]
Event: 44.295 Thread 0x00007fb4f200a000 4018       4       processing.opengl.PGraphicsOpenGL::updateProjmodelview (23 bytes)
Event: 44.297 Thread 0x00007fb4f200a000 nmethod 4018 0x000000010c3e5390 code [0x000000010c3e54e0, 0x000000010c3e5748]
Event: 44.412 Thread 0x00007fb4f1055800 4019       4       processing.opengl.PGraphicsOpenGL$IndexCache::arrayCheck (40 bytes)
Event: 44.413 Thread 0x00007fb4f1055800 nmethod 4019 0x000000010c338610 code [0x000000010c338760, 0x000000010c3387f8]
Event: 44.695 Thread 0x00007fb4f281d000 4020  s    3       sun.font.CCharToGlyphMapper$Cache::get (374 bytes)
Event: 44.697 Thread 0x00007fb4f281d000 nmethod 4020 0x000000010cd412d0 code [0x000000010cd41540, 0x000000010cd428a8]
Event: 44.697 Thread 0x00007fb4f281d000 4021  s    3       sun.font.CCharToGlyphMapper::charsToGlyphsNS (244 bytes)
Event: 44.698 Thread 0x00007fb4f281d000 nmethod 4021 0x000000010cd49010 code [0x000000010cd49200, 0x000000010cd49fa8]

GC Heap History (10 events):
Event: 10.973 GC heap before
{Heap before GC invocations=8 (full 1):
 PSYoungGen      total 31232K, used 30912K [0x00000007aab00000, 0x00000007ad880000, 0x00000007c0000000)
  eden space 26624K, 100% used [0x00000007aab00000,0x00000007ac500000,0x00000007ac500000)
  from space 4608K, 93% used [0x00000007ad400000,0x00000007ad8300f0,0x00000007ad880000)
  to   space 9216K, 0% used [0x00000007ac680000,0x00000007ac680000,0x00000007acf80000)
 ParOldGen       total 44032K, used 15118K [0x0000000780000000, 0x0000000782b00000, 0x00000007aab00000)
  object space 44032K, 34% used [0x0000000780000000,0x0000000780ec3a38,0x0000000782b00000)
 Metaspace       used 21914K, capacity 22133K, committed 22448K, reserved 1069056K
  class space    used 2168K, capacity 2245K, committed 2304K, reserved 1048576K
Event: 10.977 GC heap after
Heap after GC invocations=8 (full 1):
 PSYoungGen      total 37376K, used 4608K [0x00000007aab00000, 0x00000007ae500000, 0x00000007c0000000)
  eden space 28160K, 0% used [0x00000007aab00000,0x00000007aab00000,0x00000007ac680000)
  from space 9216K, 50% used [0x00000007ac680000,0x00000007acb00100,0x00000007acf80000)
  to   space 8704K, 0% used [0x00000007adc80000,0x00000007adc80000,0x00000007ae500000)
 ParOldGen       total 44032K, used 15126K [0x0000000780000000, 0x0000000782b00000, 0x00000007aab00000)
  object space 44032K, 34% used [0x0000000780000000,0x0000000780ec5a38,0x0000000782b00000)
 Metaspace       used 21914K, capacity 22133K, committed 22448K, reserved 1069056K
  class space    used 2168K, capacity 2245K, committed 2304K, reserved 1048576K
}
Event: 16.343 GC heap before
{Heap before GC invocations=9 (full 1):
 PSYoungGen      total 37376K, used 32628K [0x00000007aab00000, 0x00000007ae500000, 0x00000007c0000000)
  eden space 28160K, 99% used [0x00000007aab00000,0x00000007ac65d040,0x00000007ac680000)
  from space 9216K, 50% used [0x00000007ac680000,0x00000007acb00100,0x00000007acf80000)
  to   space 8704K, 0% used [0x00000007adc80000,0x00000007adc80000,0x00000007ae500000)
 ParOldGen       total 44032K, used 15126K [0x0000000780000000, 0x0000000782b00000, 0x00000007aab00000)
  object space 44032K, 34% used [0x0000000780000000,0x0000000780ec5a38,0x0000000782b00000)
 Metaspace       used 23847K, capacity 24075K, committed 24320K, reserved 1071104K
  class space    used 2412K, capacity 2484K, committed 2560K, reserved 1048576K
Event: 16.354 GC heap after
Heap after GC invocations=9 (full 1):
 PSYoungGen      total 48640K, used 8688K [0x00000007aab00000, 0x00000007ae980000, 0x00000007c0000000)
  eden space 39936K, 0% used [0x00000007aab00000,0x00000007aab00000,0x00000007ad200000)
  from space 8704K, 99% used [0x00000007adc80000,0x00000007ae4fc180,0x00000007ae500000)
  to   space 10752K, 0% used [0x00000007ad200000,0x00000007ad200000,0x00000007adc80000)
 ParOldGen       total 44032K, used 16877K [0x0000000780000000, 0x0000000782b00000, 0x00000007aab00000)
  object space 44032K, 38% used [0x0000000780000000,0x000000078107b580,0x0000000782b00000)
 Metaspace       used 23847K, capacity 24075K, committed 24320K, reserved 1071104K
  class space    used 2412K, capacity 2484K, committed 2560K, reserved 1048576K
}
Event: 17.756 GC heap before
{Heap before GC invocations=10 (full 1):
 PSYoungGen      total 48640K, used 48624K [0x00000007aab00000, 0x00000007ae980000, 0x00000007c0000000)
  eden space 39936K, 100% used [0x00000007aab00000,0x00000007ad200000,0x00000007ad200000)
  from space 8704K, 99% used [0x00000007adc80000,0x00000007ae4fc180,0x00000007ae500000)
  to   space 10752K, 0% used [0x00000007ad200000,0x00000007ad200000,0x00000007adc80000)
 ParOldGen       total 44032K, used 16877K [0x0000000780000000, 0x0000000782b00000, 0x00000007aab00000)
  object space 44032K, 38% used [0x0000000780000000,0x000000078107b580,0x0000000782b00000)
 Metaspace       used 23964K, capacity 24203K, committed 24576K, reserved 1071104K
  class space    used 2412K, capacity 2484K, committed 2560K, reserved 1048576K
Event: 17.765 GC heap after
Heap after GC invocations=10 (full 1):
 PSYoungGen      total 50688K, used 10112K [0x00000007aab00000, 0x00000007af500000, 0x00000007c0000000)
  eden space 39936K, 0% used [0x00000007aab00000,0x00000007aab00000,0x00000007ad200000)
  from space 10752K, 94% used [0x00000007ad200000,0x00000007adbe0210,0x00000007adc80000)
  to   space 11776K, 0% used [0x00000007ae980000,0x00000007ae980000,0x00000007af500000)
 ParOldGen       total 44032K, used 19749K [0x0000000780000000, 0x0000000782b00000, 0x00000007aab00000)
  object space 44032K, 44% used [0x0000000780000000,0x00000007813494c0,0x0000000782b00000)
 Metaspace       used 23964K, capacity 24203K, committed 24576K, reserved 1071104K
  class space    used 2412K, capacity 2484K, committed 2560K, reserved 1048576K
}
Event: 26.024 GC heap before
{Heap before GC invocations=11 (full 1):
 PSYoungGen      total 50688K, used 50048K [0x00000007aab00000, 0x00000007af500000, 0x00000007c0000000)
  eden space 39936K, 100% used [0x00000007aab00000,0x00000007ad200000,0x00000007ad200000)
  from space 10752K, 94% used [0x00000007ad200000,0x00000007adbe0210,0x00000007adc80000)
  to   space 11776K, 0% used [0x00000007ae980000,0x00000007ae980000,0x00000007af500000)
 ParOldGen       total 44032K, used 19749K [0x0000000780000000, 0x0000000782b00000, 0x00000007aab00000)
  object space 44032K, 44% used [0x0000000780000000,0x00000007813494c0,0x0000000782b00000)
 Metaspace       used 24271K, capacity 24541K, committed 24832K, reserved 1071104K
  class space    used 2430K, capacity 2527K, committed 2560K, reserved 1048576K
Event: 26.039 GC heap after
Heap after GC invocations=11 (full 1):
 PSYoungGen      total 62464K, used 11648K [0x00000007aab00000, 0x00000007af680000, 0x00000007c0000000)
  eden space 50688K, 0% used [0x00000007aab00000,0x00000007aab00000,0x00000007adc80000)
  from space 11776K, 98% used [0x00000007ae980000,0x00000007af4e01b0,0x00000007af500000)
  to   space 13312K, 0% used [0x00000007adc80000,0x00000007adc80000,0x00000007ae980000)
 ParOldGen       total 44032K, used 22685K [0x0000000780000000, 0x0000000782b00000, 0x00000007aab00000)
  object space 44032K, 51% used [0x0000000780000000,0x0000000781627570,0x0000000782b00000)
 Metaspace       used 24271K, capacity 24541K, committed 24832K, reserved 1071104K
  class space    used 2430K, capacity 2527K, committed 2560K, reserved 1048576K
}
Event: 43.630 GC heap before
{Heap before GC invocations=12 (full 1):
 PSYoungGen      total 62464K, used 62336K [0x00000007aab00000, 0x00000007af680000, 0x00000007c0000000)
  eden space 50688K, 100% used [0x00000007aab00000,0x00000007adc80000,0x00000007adc80000)
  from space 11776K, 98% used [0x00000007ae980000,0x00000007af4e01b0,0x00000007af500000)
  to   space 13312K, 0% used [0x00000007adc80000,0x00000007adc80000,0x00000007ae980000)
 ParOldGen       total 44032K, used 22685K [0x0000000780000000, 0x0000000782b00000, 0x00000007aab00000)
  object space 44032K, 51% used [0x0000000780000000,0x0000000781627570,0x0000000782b00000)
 Metaspace       used 24528K, capacity 24801K, committed 25088K, reserved 1071104K
  class space    used 2430K, capacity 2527K, committed 2560K, reserved 1048576K
Event: 43.636 GC heap after
Heap after GC invocations=12 (full 1):
 PSYoungGen      total 64000K, used 12864K [0x00000007aab00000, 0x00000007b0500000, 0x00000007c0000000)
  eden space 50688K, 0% used [0x00000007aab00000,0x00000007aab00000,0x00000007adc80000)
  from space 13312K, 96% used [0x00000007adc80000,0x00000007ae910150,0x00000007ae980000)
  to   space 14848K, 0% used [0x00000007af680000,0x00000007af680000,0x00000007b0500000)
 ParOldGen       total 44032K, used 25765K [0x0000000780000000, 0x0000000782b00000, 0x00000007aab00000)
  object space 44032K, 58% used [0x0000000780000000,0x00000007819295a0,0x0000000782b00000)
 Metaspace       used 24528K, capacity 24801K, committed 25088K, reserved 1071104K
  class space    used 2430K, capacity 2527K, committed 2560K, reserved 1048576K
}

Deoptimization events (10 events):
Event: 19.310 Thread 0x00007fb4f20b1800 Uncommon trap: reason=unstable_if action=reinterpret pc=0x000000010c8d2e98 method=processing.core.PFont.index(C)I @ 15
Event: 19.313 Thread 0x00007fb4f20b1800 Uncommon trap: reason=unstable_if action=reinterpret pc=0x000000010caa84d0 method=processing.opengl.PGraphicsOpenGL.checkTexture(Lprocessing/opengl/Texture;)V @ 18
Event: 21.641 Thread 0x00007fb4f20b1800 Uncommon trap: reason=class_check action=maybe_recompile pc=0x000000010c7ae260 method=java.util.regex.Matcher.search(I)Z @ 86
Event: 21.643 Thread 0x00007fb4f20b1800 Uncommon trap: reason=class_check action=maybe_recompile pc=0x000000010c7ae260 method=java.util.regex.Matcher.search(I)Z @ 86
Event: 29.256 Thread 0x00007fb4f20b1800 Uncommon trap: reason=unstable_if action=reinterpret pc=0x000000010c6d833c method=java.lang.ref.ReferenceQueue.poll()Ljava/lang/ref/Reference; @ 4
Event: 29.280 Thread 0x00007fb4f20b1800 Uncommon trap: reason=unstable_if action=reinterpret pc=0x000000010c5ebc88 method=module6.CommonMarker.draw(Lprocessing/core/PGraphics;FF)V @ 4
Event: 44.676 Thread 0x00007fb4f20b1800 Uncommon trap: reason=unstable_if action=reinterpret pc=0x000000010c8d3b48 method=java.lang.ref.ReferenceQueue.poll()Ljava/lang/ref/Reference; @ 4
Event: 44.694 Thread 0x00007fb4f1263000 Uncommon trap: reason=unstable_if action=reinterpret pc=0x000000010c7592c8 method=sun.java2d.pipe.Region.isInsideQuickCheck(Lsun/java2d/pipe/Region;)Z @ 48
Event: 44.707 Thread 0x00007fb4f2a81000 Uncommon trap: reason=unstable_if action=reinterpret pc=0x000000010c6cfa84 method=java.util.HashMap.putVal(ILjava/lang/Object;Ljava/lang/Object;ZZ)Ljava/lang/Object; @ 81
Event: 44.708 Thread 0x00007fb4f2a81000 Uncommon trap: reason=unstable_if action=reinterpret pc=0x000000010cd4b248 method=java.util.Vector.removeElement(Ljava/lang/Object;)Z @ 17

Internal exceptions (10 events):
Event: 1.411 Thread 0x00007fb4f2808000 Implicit null exception at 0x000000010c32d7dc to 0x000000010c32d9c1
Event: 1.742 Thread 0x00007fb4f2808000 Exception <a 'java/io/FileNotFoundException'> (0x00000007aaee04b0) thrown at [/HUDSON3/workspace/8-2-build-macosx-x86_64/jdk8u73/6086/hotspot/src/share/vm/prims/jni.cpp, line 709]
Event: 4.183 Thread 0x00007fb4f2835000 Exception <a 'java/lang/NullPointerException'> (0x00000007aab82680) thrown at [/HUDSON3/workspace/8-2-build-macosx-x86_64/jdk8u73/6086/hotspot/src/share/vm/interpreter/linkResolver.cpp, line 1178]
Event: 4.294 Thread 0x00007fb4f20bd000 Exception <a 'java/lang/UnsatisfiedLinkError': com.jogamp.common.util.JarUtil.fixNativeLibAttribs(Ljava/lang/String;)Z> (0x00000007ab08e290) thrown at [/HUDSON3/workspace/8-2-build-macosx-x86_64/jdk8u73/6086/hotspot/src/share/vm/prims/nativeLookup.cpp, li
Event: 5.551 Thread 0x00007fb4f20b1800 Exception <a 'java/io/FileNotFoundException'> (0x00000007ab41e1b8) thrown at [/HUDSON3/workspace/8-2-build-macosx-x86_64/jdk8u73/6086/hotspot/src/share/vm/prims/jni.cpp, line 709]
Event: 5.552 Thread 0x00007fb4f20b1800 Exception <a 'java/io/FileNotFoundException'> (0x00000007ab42a9f8) thrown at [/HUDSON3/workspace/8-2-build-macosx-x86_64/jdk8u73/6086/hotspot/src/share/vm/prims/jni.cpp, line 709]
Event: 5.552 Thread 0x00007fb4f20b1800 Implicit null exception at 0x000000010c3813f5 to 0x000000010c38177d
Event: 6.905 Thread 0x00007fb4f20b1800 Implicit null exception at 0x000000010c70ffa5 to 0x000000010c7100f9
Event: 13.887 Thread 0x00007fb4f20b1800 Implicit null exception at 0x000000010c385875 to 0x000000010c385be5
Event: 19.306 Thread 0x00007fb4f20b1800 Implicit null exception at 0x000000010c7ba77e to 0x000000010c7baa29

Events (10 events):
Event: 44.742 loading class com/jogamp/nativewindow/awt/JAWTWindow$JAWTComponentListener$2 done
Event: 44.743 Executing VM operation: RevokeBias
Event: 44.743 Executing VM operation: RevokeBias done
Event: 44.745 loading class jogamp/nativewindow/jawt/macosx/MacOSXJAWTWindow$1
Event: 44.745 loading class jogamp/nativewindow/jawt/macosx/MacOSXJAWTWindow$1 done
Event: 44.746 Executing VM operation: RevokeBias
Event: 44.746 Executing VM operation: RevokeBias done
Event: 44.746 Executing VM operation: RevokeBias
Event: 44.746 Executing VM operation: RevokeBias done
Event: 44.747 Thread 0x00007fb4f2a81000 Thread exited: 0x00007fb4f2a81000


Dynamic libraries:
0x0000000006126000 	/System/Library/Frameworks/Cocoa.framework/Versions/A/Cocoa
0x0000000006126000 	/System/Library/Frameworks/Security.framework/Versions/A/Security
0x0000000006126000 	/System/Library/Frameworks/ApplicationServices.framework/Versions/A/ApplicationServices
0x0000000006126000 	/usr/lib/libz.1.dylib
0x0000000006126000 	/usr/lib/libSystem.B.dylib
0x0000000006126000 	/usr/lib/libobjc.A.dylib
0x0000000006126000 	/System/Library/Frameworks/CoreFoundation.framework/Versions/A/CoreFoundation
0x0000000006126000 	/System/Library/Frameworks/Foundation.framework/Versions/C/Foundation
0x0000000006126000 	/System/Library/Frameworks/AppKit.framework/Versions/C/AppKit
0x0000000006126000 	/System/Library/Frameworks/CoreData.framework/Versions/A/CoreData
0x0000000006126000 	/System/Library/PrivateFrameworks/RemoteViewServices.framework/Versions/A/RemoteViewServices
0x0000000006126000 	/System/Library/PrivateFrameworks/UIFoundation.framework/Versions/A/UIFoundation
0x0000000006126000 	/System/Library/Frameworks/IOSurface.framework/Versions/A/IOSurface
0x0000000006126000 	/System/Library/Frameworks/AudioToolbox.framework/Versions/A/AudioToolbox
0x0000000006126000 	/System/Library/Frameworks/AudioUnit.framework/Versions/A/AudioUnit
0x0000000006126000 	/System/Library/PrivateFrameworks/DataDetectorsCore.framework/Versions/A/DataDetectorsCore
0x0000000006126000 	/System/Library/PrivateFrameworks/DesktopServicesPriv.framework/Versions/A/DesktopServicesPriv
0x0000000006126000 	/System/Library/Frameworks/Carbon.framework/Versions/A/Frameworks/HIToolbox.framework/Versions/A/HIToolbox
0x0000000006126000 	/System/Library/Frameworks/QuartzCore.framework/Versions/A/QuartzCore
0x0000000006126000 	/System/Library/Frameworks/Carbon.framework/Versions/A/Frameworks/SpeechRecognition.framework/Versions/A/SpeechRecognition
0x0000000006126000 	/usr/lib/libauto.dylib
0x0000000006126000 	/usr/lib/libicucore.A.dylib
0x0000000006126000 	/usr/lib/libxml2.2.dylib
0x0000000006126000 	/System/Library/PrivateFrameworks/CoreUI.framework/Versions/A/CoreUI
0x0000000006126000 	/System/Library/Frameworks/CoreAudio.framework/Versions/A/CoreAudio
0x0000000006126000 	/System/Library/Frameworks/DiskArbitration.framework/Versions/A/DiskArbitration
0x0000000006126000 	/usr/lib/liblangid.dylib
0x0000000006126000 	/System/Library/PrivateFrameworks/MultitouchSupport.framework/Versions/A/MultitouchSupport
0x0000000006126000 	/System/Library/Frameworks/IOKit.framework/Versions/A/IOKit
0x0000000006126000 	/usr/lib/libDiagnosticMessagesClient.dylib
0x0000000006126000 	/System/Library/Frameworks/CoreServices.framework/Versions/A/CoreServices
0x0000000006126000 	/System/Library/PrivateFrameworks/PerformanceAnalysis.framework/Versions/A/PerformanceAnalysis
0x0000000006126000 	/System/Library/PrivateFrameworks/GenerationalStorage.framework/Versions/A/GenerationalStorage
0x0000000006126000 	/System/Library/Frameworks/OpenGL.framework/Versions/A/OpenGL
0x0000000006126000 	/System/Library/PrivateFrameworks/Sharing.framework/Versions/A/Sharing
0x0000000006126000 	/System/Library/Frameworks/CoreGraphics.framework/Versions/A/CoreGraphics
0x0000000006126000 	/System/Library/Frameworks/CoreText.framework/Versions/A/CoreText
0x0000000006126000 	/System/Library/Frameworks/ImageIO.framework/Versions/A/ImageIO
0x0000000006126000 	/usr/lib/libextension.dylib
0x0000000006126000 	/System/Library/PrivateFrameworks/Backup.framework/Versions/A/Backup
0x0000000006126000 	/usr/lib/libarchive.2.dylib
0x0000000006126000 	/System/Library/Frameworks/CFNetwork.framework/Versions/A/CFNetwork
0x0000000006126000 	/System/Library/Frameworks/SystemConfiguration.framework/Versions/A/SystemConfiguration
0x0000000006126000 	/usr/lib/libCRFSuite.dylib
0x0000000006126000 	/usr/lib/libc++.1.dylib
0x0000000006126000 	/usr/lib/libc++abi.dylib
0x0000000006126000 	/usr/lib/system/libcache.dylib
0x0000000006126000 	/usr/lib/system/libcommonCrypto.dylib
0x0000000006126000 	/usr/lib/system/libcompiler_rt.dylib
0x0000000006126000 	/usr/lib/system/libcopyfile.dylib
0x0000000006126000 	/usr/lib/system/libcorecrypto.dylib
0x0000000006126000 	/usr/lib/system/libdispatch.dylib
0x0000000006126000 	/usr/lib/system/libdyld.dylib
0x0000000006126000 	/usr/lib/system/libkeymgr.dylib
0x0000000006126000 	/usr/lib/system/liblaunch.dylib
0x0000000006126000 	/usr/lib/system/libmacho.dylib
0x0000000006126000 	/usr/lib/system/libquarantine.dylib
0x0000000006126000 	/usr/lib/system/libremovefile.dylib
0x0000000006126000 	/usr/lib/system/libsystem_asl.dylib
0x0000000006126000 	/usr/lib/system/libsystem_blocks.dylib
0x0000000006126000 	/usr/lib/system/libsystem_c.dylib
0x0000000006126000 	/usr/lib/system/libsystem_configuration.dylib
0x0000000006126000 	/usr/lib/system/libsystem_coreservices.dylib
0x0000000006126000 	/usr/lib/system/libsystem_coretls.dylib
0x0000000006126000 	/usr/lib/system/libsystem_dnssd.dylib
0x0000000006126000 	/usr/lib/system/libsystem_info.dylib
0x0000000006126000 	/usr/lib/system/libsystem_kernel.dylib
0x0000000006126000 	/usr/lib/system/libsystem_m.dylib
0x0000000006126000 	/usr/lib/system/libsystem_malloc.dylib
0x0000000006126000 	/usr/lib/system/libsystem_network.dylib
0x0000000006126000 	/usr/lib/system/libsystem_networkextension.dylib
0x0000000006126000 	/usr/lib/system/libsystem_notify.dylib
0x0000000006126000 	/usr/lib/system/libsystem_platform.dylib
0x0000000006126000 	/usr/lib/system/libsystem_pthread.dylib
0x0000000006126000 	/usr/lib/system/libsystem_sandbox.dylib
0x0000000006126000 	/usr/lib/system/libsystem_secinit.dylib
0x0000000006126000 	/usr/lib/system/libsystem_stats.dylib
0x0000000006126000 	/usr/lib/system/libsystem_trace.dylib
0x0000000006126000 	/usr/lib/system/libunc.dylib
0x0000000006126000 	/usr/lib/system/libunwind.dylib
0x0000000006126000 	/usr/lib/system/libxpc.dylib
0x0000000006126000 	/usr/lib/libbz2.1.0.dylib
0x0000000006126000 	/usr/lib/liblzma.5.dylib
0x0000000006126000 	/usr/lib/libbsm.0.dylib
0x0000000006126000 	/usr/lib/libsqlite3.dylib
0x0000000006126000 	/usr/lib/system/libkxld.dylib
0x0000000006126000 	/usr/lib/libxar.1.dylib
0x0000000006126000 	/usr/lib/libpam.2.dylib
0x0000000006126000 	/usr/lib/libOpenScriptingUtil.dylib
0x0000000006126000 	/System/Library/Frameworks/CoreServices.framework/Versions/A/Frameworks/FSEvents.framework/Versions/A/FSEvents
0x0000000006126000 	/System/Library/Frameworks/CoreServices.framework/Versions/A/Frameworks/CarbonCore.framework/Versions/A/CarbonCore
0x0000000006126000 	/System/Library/Frameworks/CoreServices.framework/Versions/A/Frameworks/Metadata.framework/Versions/A/Metadata
0x0000000006126000 	/System/Library/Frameworks/CoreServices.framework/Versions/A/Frameworks/OSServices.framework/Versions/A/OSServices
0x0000000006126000 	/System/Library/Frameworks/CoreServices.framework/Versions/A/Frameworks/SearchKit.framework/Versions/A/SearchKit
0x0000000006126000 	/System/Library/Frameworks/CoreServices.framework/Versions/A/Frameworks/AE.framework/Versions/A/AE
0x0000000006126000 	/System/Library/Frameworks/CoreServices.framework/Versions/A/Frameworks/LaunchServices.framework/Versions/A/LaunchServices
0x0000000006126000 	/System/Library/Frameworks/CoreServices.framework/Versions/A/Frameworks/DictionaryServices.framework/Versions/A/DictionaryServices
0x0000000006126000 	/System/Library/Frameworks/NetFS.framework/Versions/A/NetFS
0x0000000006126000 	/System/Library/PrivateFrameworks/NetAuth.framework/Versions/A/NetAuth
0x0000000006126000 	/System/Library/PrivateFrameworks/login.framework/Versions/A/Frameworks/loginsupport.framework/Versions/A/loginsupport
0x0000000006126000 	/System/Library/PrivateFrameworks/TCC.framework/Versions/A/TCC
0x0000000006126000 	/usr/lib/libmecabra.dylib
0x0000000006126000 	/System/Library/Frameworks/ApplicationServices.framework/Versions/A/Frameworks/ATS.framework/Versions/A/ATS
0x0000000006126000 	/System/Library/Frameworks/ApplicationServices.framework/Versions/A/Frameworks/ColorSync.framework/Versions/A/ColorSync
0x0000000006126000 	/System/Library/Frameworks/ApplicationServices.framework/Versions/A/Frameworks/HIServices.framework/Versions/A/HIServices
0x0000000006126000 	/System/Library/Frameworks/ApplicationServices.framework/Versions/A/Frameworks/LangAnalysis.framework/Versions/A/LangAnalysis
0x0000000006126000 	/System/Library/Frameworks/ApplicationServices.framework/Versions/A/Frameworks/PrintCore.framework/Versions/A/PrintCore
0x0000000006126000 	/System/Library/Frameworks/ApplicationServices.framework/Versions/A/Frameworks/QD.framework/Versions/A/QD
0x0000000006126000 	/System/Library/Frameworks/ApplicationServices.framework/Versions/A/Frameworks/SpeechSynthesis.framework/Versions/A/SpeechSynthesis
0x0000000006126000 	/System/Library/Frameworks/Accelerate.framework/Versions/A/Accelerate
0x0000000006126000 	/System/Library/Frameworks/Accelerate.framework/Versions/A/Frameworks/vImage.framework/Versions/A/vImage
0x0000000006126000 	/System/Library/Frameworks/Accelerate.framework/Versions/A/Frameworks/vecLib.framework/Versions/A/vecLib
0x0000000006126000 	/System/Library/Frameworks/Accelerate.framework/Versions/A/Frameworks/vecLib.framework/Versions/A/libvDSP.dylib
0x0000000006126000 	/System/Library/Frameworks/Accelerate.framework/Versions/A/Frameworks/vecLib.framework/Versions/A/libvMisc.dylib
0x0000000006126000 	/System/Library/Frameworks/Accelerate.framework/Versions/A/Frameworks/vecLib.framework/Versions/A/libLAPACK.dylib
0x0000000006126000 	/System/Library/Frameworks/Accelerate.framework/Versions/A/Frameworks/vecLib.framework/Versions/A/libBLAS.dylib
0x0000000006126000 	/System/Library/Frameworks/Accelerate.framework/Versions/A/Frameworks/vecLib.framework/Versions/A/libLinearAlgebra.dylib
0x0000000006126000 	/System/Library/Frameworks/ApplicationServices.framework/Versions/A/Frameworks/ATS.framework/Versions/A/Resources/libFontParser.dylib
0x0000000006126000 	/System/Library/Frameworks/ApplicationServices.framework/Versions/A/Frameworks/ATS.framework/Versions/A/Resources/libFontRegistry.dylib
0x0000000006126000 	/System/Library/PrivateFrameworks/AppleVPA.framework/Versions/A/AppleVPA
0x0000000006126000 	/System/Library/PrivateFrameworks/AppleJPEG.framework/Versions/A/AppleJPEG
0x0000000006126000 	/System/Library/Frameworks/ImageIO.framework/Versions/A/Resources/libJPEG.dylib
0x0000000006126000 	/System/Library/Frameworks/ImageIO.framework/Versions/A/Resources/libTIFF.dylib
0x0000000006126000 	/System/Library/Frameworks/ImageIO.framework/Versions/A/Resources/libPng.dylib
0x0000000006126000 	/System/Library/Frameworks/ImageIO.framework/Versions/A/Resources/libGIF.dylib
0x0000000006126000 	/System/Library/Frameworks/ImageIO.framework/Versions/A/Resources/libJP2.dylib
0x0000000006126000 	/System/Library/Frameworks/ImageIO.framework/Versions/A/Resources/libRadiance.dylib
0x0000000006126000 	/System/Library/Frameworks/CoreVideo.framework/Versions/A/CoreVideo
0x0000000006126000 	/System/Library/Frameworks/OpenGL.framework/Versions/A/Libraries/libGLU.dylib
0x0000000006126000 	/System/Library/Frameworks/OpenGL.framework/Versions/A/Libraries/libGFXShared.dylib
0x0000000006126000 	/System/Library/Frameworks/OpenGL.framework/Versions/A/Libraries/libGL.dylib
0x0000000006126000 	/System/Library/Frameworks/OpenGL.framework/Versions/A/Libraries/libGLImage.dylib
0x0000000006126000 	/System/Library/Frameworks/OpenGL.framework/Versions/A/Libraries/libCVMSPluginSupport.dylib
0x0000000006126000 	/System/Library/Frameworks/OpenGL.framework/Versions/A/Libraries/libCoreVMClient.dylib
0x0000000006126000 	/usr/lib/libcups.2.dylib
0x0000000006126000 	/System/Library/Frameworks/Kerberos.framework/Versions/A/Kerberos
0x0000000006126000 	/System/Library/Frameworks/GSS.framework/Versions/A/GSS
0x0000000006126000 	/usr/lib/libresolv.9.dylib
0x0000000006126000 	/usr/lib/libiconv.2.dylib
0x0000000006126000 	/System/Library/PrivateFrameworks/Heimdal.framework/Versions/A/Heimdal
0x0000000006126000 	/usr/lib/libheimdal-asn1.dylib
0x0000000006126000 	/System/Library/Frameworks/OpenDirectory.framework/Versions/A/OpenDirectory
0x0000000006126000 	/System/Library/PrivateFrameworks/CommonAuth.framework/Versions/A/CommonAuth
0x0000000006126000 	/System/Library/Frameworks/OpenDirectory.framework/Versions/A/Frameworks/CFOpenDirectory.framework/Versions/A/CFOpenDirectory
0x0000000006126000 	/System/Library/Frameworks/SecurityFoundation.framework/Versions/A/SecurityFoundation
0x0000000006126000 	/System/Library/PrivateFrameworks/LanguageModeling.framework/Versions/A/LanguageModeling
0x0000000006126000 	/usr/lib/libcmph.dylib
0x0000000006126000 	/System/Library/Frameworks/ServiceManagement.framework/Versions/A/ServiceManagement
0x0000000006126000 	/usr/lib/libxslt.1.dylib
0x0000000006126000 	/System/Library/Frameworks/Carbon.framework/Versions/A/Frameworks/Ink.framework/Versions/A/Ink
0x0000000006126000 	/System/Library/Frameworks/QuartzCore.framework/Versions/A/Frameworks/CoreImage.framework/Versions/A/CoreImage
0x0000000006126000 	/System/Library/PrivateFrameworks/CrashReporterSupport.framework/Versions/A/CrashReporterSupport
0x0000000006126000 	/System/Library/Frameworks/OpenCL.framework/Versions/A/OpenCL
0x0000000006126000 	/System/Library/PrivateFrameworks/FaceCore.framework/Versions/A/FaceCore
0x0000000006126000 	/System/Library/PrivateFrameworks/Ubiquity.framework/Versions/A/Ubiquity
0x0000000006126000 	/System/Library/PrivateFrameworks/IconServices.framework/Versions/A/IconServices
0x0000000006126000 	/System/Library/PrivateFrameworks/ChunkingLibrary.framework/Versions/A/ChunkingLibrary
0x0000000006126000 	/System/Library/PrivateFrameworks/Apple80211.framework/Versions/A/Apple80211
0x0000000006126000 	/System/Library/Frameworks/CoreWLAN.framework/Versions/A/CoreWLAN
0x0000000006126000 	/System/Library/Frameworks/IOBluetooth.framework/Versions/A/IOBluetooth
0x0000000006126000 	/System/Library/PrivateFrameworks/CoreWiFi.framework/Versions/A/CoreWiFi
0x0000000006126000 	/System/Library/Frameworks/CoreBluetooth.framework/Versions/A/CoreBluetooth
0x0000000006126000 	/System/Library/PrivateFrameworks/DebugSymbols.framework/Versions/A/DebugSymbols
0x0000000006126000 	/System/Library/PrivateFrameworks/CoreSymbolication.framework/Versions/A/CoreSymbolication
0x0000000006126000 	/System/Library/PrivateFrameworks/Symbolication.framework/Versions/A/Symbolication
0x0000000006126000 	/System/Library/PrivateFrameworks/SpeechRecognitionCore.framework/Versions/A/SpeechRecognitionCore
0x000000010b200000 	/Library/Java/JavaVirtualMachines/jdk1.8.0_73.jdk/Contents/Home/jre/lib/server/libjvm.dylib
0x0000000006126000 	/usr/lib/libstdc++.6.dylib
0x000000010a9e2000 	/Library/Java/JavaVirtualMachines/jdk1.8.0_73.jdk/Contents/Home/jre/lib/libverify.dylib
0x000000010c18d000 	/Library/Java/JavaVirtualMachines/jdk1.8.0_73.jdk/Contents/Home/jre/lib/libjava.dylib
0x000000010c1c2000 	/Library/Java/JavaVirtualMachines/jdk1.8.0_73.jdk/Contents/Home/jre/lib/libzip.dylib
0x000000011fcd9000 	/System/Library/Frameworks/JavaVM.framework/Frameworks/JavaRuntimeSupport.framework/JavaRuntimeSupport
0x000000011fcf1000 	/System/Library/Frameworks/JavaVM.framework/Versions/A/Frameworks/JavaNativeFoundation.framework/Versions/A/JavaNativeFoundation
0x000000011fd06000 	/System/Library/Frameworks/JavaVM.framework/Versions/A/JavaVM
0x0000000006126000 	/System/Library/Frameworks/Carbon.framework/Versions/A/Carbon
0x000000011fd13000 	/System/Library/PrivateFrameworks/JavaLaunching.framework/Versions/A/JavaLaunching
0x0000000006126000 	/System/Library/Frameworks/Carbon.framework/Versions/A/Frameworks/CommonPanels.framework/Versions/A/CommonPanels
0x0000000006126000 	/System/Library/Frameworks/Carbon.framework/Versions/A/Frameworks/Help.framework/Versions/A/Help
0x0000000006126000 	/System/Library/Frameworks/Carbon.framework/Versions/A/Frameworks/ImageCapture.framework/Versions/A/ImageCapture
0x0000000006126000 	/System/Library/Frameworks/Carbon.framework/Versions/A/Frameworks/OpenScripting.framework/Versions/A/OpenScripting
0x0000000006126000 	/System/Library/Frameworks/Carbon.framework/Versions/A/Frameworks/Print.framework/Versions/A/Print
0x0000000006126000 	/System/Library/Frameworks/Carbon.framework/Versions/A/Frameworks/SecurityHI.framework/Versions/A/SecurityHI
0x0000000121b86000 	/Library/Java/JavaVirtualMachines/jdk1.8.0_73.jdk/Contents/Home/jre/lib/libawt.dylib
0x0000000121c2e000 	/Library/Java/JavaVirtualMachines/jdk1.8.0_73.jdk/Contents/Home/jre/lib/./libmlib_image.dylib
0x0000000121cfa000 	/Library/Java/JavaVirtualMachines/jdk1.8.0_73.jdk/Contents/Home/jre/lib/libawt_lwawt.dylib
0x0000000121daf000 	/Library/Java/JavaVirtualMachines/jdk1.8.0_73.jdk/Contents/Home/jre/lib/./libosxapp.dylib
0x0000000006126000 	/System/Library/Frameworks/ExceptionHandling.framework/Versions/A/ExceptionHandling
0x0000000006126000 	/System/Library/PrivateFrameworks/CoreServicesInternal.framework/Versions/A/CoreServicesInternal
0x0000000006126000 	/System/Library/PrivateFrameworks/CloudDocs.framework/Versions/A/CloudDocs
0x0000000006126000 	/System/Library/PrivateFrameworks/CoreDuet.framework/Versions/A/CoreDuet
0x0000000006126000 	/System/Library/Frameworks/CloudKit.framework/Versions/A/CloudKit
0x0000000006126000 	/System/Library/PrivateFrameworks/ProtocolBuffer.framework/Versions/A/ProtocolBuffer
0x0000000006126000 	/System/Library/PrivateFrameworks/CoreDuetDaemonProtocol.framework/Versions/A/CoreDuetDaemonProtocol
0x0000000006126000 	/System/Library/PrivateFrameworks/CoreDuetDebugLogging.framework/Versions/A/CoreDuetDebugLogging
0x0000000006126000 	/System/Library/PrivateFrameworks/MMCS.framework/Versions/A/MMCS
0x0000000006126000 	/System/Library/Frameworks/CoreLocation.framework/Versions/A/CoreLocation
0x0000000006126000 	/System/Library/PrivateFrameworks/ProtectedCloudStorage.framework/Versions/A/ProtectedCloudStorage
0x0000000006126000 	/System/Library/PrivateFrameworks/GeoServices.framework/Versions/A/GeoServices
0x0000000006126000 	/System/Library/Frameworks/CoreGraphics.framework/Versions/A/Resources/libCGCMS.A.dylib
0x0000000006126000 	/System/Library/Frameworks/CoreGraphics.framework/Versions/A/Resources/libRIP.A.dylib
0x0000000006126000 	/System/Library/Frameworks/CoreGraphics.framework/Versions/A/Resources/libCGXType.A.dylib
0x0000000006126000 	/System/Library/Frameworks/OpenCL.framework/Versions/A/Libraries/libcldcpuengine.dylib
0x0000000006126000 	/System/Library/PrivateFrameworks/DiskImages.framework/Versions/A/DiskImages
0x0000000006126000 	/System/Library/Frameworks/DiscRecording.framework/Versions/A/DiscRecording
0x0000000006126000 	/usr/lib/libcsfde.dylib
0x0000000006126000 	/usr/lib/libcurl.4.dylib
0x0000000006126000 	/System/Library/PrivateFrameworks/MediaKit.framework/Versions/A/MediaKit
0x0000000006126000 	/usr/lib/libCoreStorage.dylib
0x0000000006126000 	/System/Library/PrivateFrameworks/EFILogin.framework/Versions/A/EFILogin
0x0000000006126000 	/usr/lib/libutil.dylib
0x0000000006126000 	/System/Library/PrivateFrameworks/FindMyDevice.framework/Versions/A/FindMyDevice
0x0000000006126000 	/System/Library/Frameworks/LDAP.framework/Versions/A/LDAP
0x0000000006126000 	/usr/lib/libsasl2.2.dylib
0x0000000006126000 	/System/Library/PrivateFrameworks/CoreDaemon.framework/Versions/B/CoreDaemon
0x0000000006126000 	/usr/lib/libcrypto.0.9.8.dylib
0x0000000006126000 	/System/Library/PrivateFrameworks/AppleSRP.framework/Versions/A/AppleSRP
0x0000000006126000 	/System/Library/PrivateFrameworks/TrustEvaluationAgent.framework/Versions/A/TrustEvaluationAgent
0x0000000125133000 	cl_kernels
0x0000000125135000 	/System/Library/Frameworks/OpenCL.framework/Versions/A/Libraries/ImageFormats/unorm8_bgra.dylib
0x0000000125124000 	cl_kernels
0x0000000006126000 	/System/Library/PrivateFrameworks/FamilyControls.framework/Versions/A/FamilyControls
0x0000000006126000 	/System/Library/PrivateFrameworks/CommerceKit.framework/Versions/A/Frameworks/CommerceCore.framework/Versions/A/CommerceCore
0x0000000006126000 	/System/Library/PrivateFrameworks/SystemAdministration.framework/Versions/A/SystemAdministration
0x0000000006126000 	/System/Library/PrivateFrameworks/AppContainer.framework/Versions/A/AppContainer
0x0000000006126000 	/System/Library/PrivateFrameworks/SecCodeWrapper.framework/Versions/A/SecCodeWrapper
0x0000000006126000 	/System/Library/Frameworks/DirectoryService.framework/Versions/A/DirectoryService
0x0000000006126000 	/System/Library/PrivateFrameworks/LoginUIKit.framework/Versions/A/Frameworks/LoginUICore.framework/Versions/A/LoginUICore
0x0000000006126000 	/usr/lib/libodfde.dylib
0x0000000006126000 	/System/Library/Frameworks/OpenGL.framework/Versions/A/Resources/GLEngine.bundle/GLEngine
0x0000000006126000 	/System/Library/Frameworks/OpenGL.framework/Versions/A/Libraries/libGLProgrammability.dylib
0x000000012641e000 	/System/Library/Extensions/AppleIntelHD4000GraphicsGLDriver.bundle/Contents/MacOS/AppleIntelHD4000GraphicsGLDriver
0x0000000006126000 	/System/Library/PrivateFrameworks/IOAccelerator.framework/Versions/A/IOAccelerator
0x0000000006126000 	/System/Library/PrivateFrameworks/GPUSupport.framework/Versions/A/Libraries/libGPUSupportMercury.dylib
0x0000000006126000 	/System/Library/Frameworks/OpenGL.framework/Versions/A/Resources/GLRendererFloat.bundle/GLRendererFloat
0x0000000127413000 	/Library/Java/JavaVirtualMachines/jdk1.8.0_73.jdk/Contents/Home/jre/lib/libfontmanager.dylib
0x00000001286b8000 	/Library/Java/JavaVirtualMachines/jdk1.8.0_73.jdk/Contents/Home/jre/lib/libosxui.dylib
0x000000012877b000 	/Library/Java/JavaVirtualMachines/jdk1.8.0_73.jdk/Contents/Home/jre/lib/libnet.dylib
0x0000000128792000 	/Library/Java/JavaVirtualMachines/jdk1.8.0_73.jdk/Contents/Home/jre/lib/libnio.dylib
0x0000000006126000 	/System/Library/Frameworks/ApplicationServices.framework/Versions/A/Frameworks/ATS.framework/Versions/A/Resources/libTrueTypeScaler.dylib
0x0000000194dd6000 	/private/var/folders/gx/lpn_2smn21b5jx4mf4ptd0z40000gn/T/jogamp_0000/file_cache/jln8978951427933765640/jln4162694284413190370/libgluegen-rt.jnilib
0x000000012a6cf000 	/private/var/folders/gx/lpn_2smn21b5jx4mf4ptd0z40000gn/T/jogamp_0000/file_cache/jln8978951427933765640/jln4162694284413190370/libnativewindow_awt.jnilib
0x0000000194dda000 	/Library/Java/JavaVirtualMachines/jdk1.8.0_73.jdk/Contents/Home/jre/lib/libjawt.dylib
0x0000000194ddd000 	/private/var/folders/gx/lpn_2smn21b5jx4mf4ptd0z40000gn/T/jogamp_0000/file_cache/jln8978951427933765640/jln4162694284413190370/libnativewindow_macosx.jnilib
0x0000000196a02000 	/private/var/folders/gx/lpn_2smn21b5jx4mf4ptd0z40000gn/T/jogamp_0000/file_cache/jln8978951427933765640/jln4162694284413190370/libjogl_desktop.jnilib
0x00000001967a9000 	/Library/Java/JavaVirtualMachines/jdk1.8.0_73.jdk/Contents/Home/jre/lib/libt2k.dylib
0x0000000006126000 	/System/Library/Frameworks/Accelerate.framework/Versions/A/Frameworks/vImage.framework/Versions/A/Libraries/libCGInterfaces.dylib

VM Arguments:
jvm_args: -Djava.security.policy=java.policy.applet -Dfile.encoding=UTF-8 
java_command: sun.applet.AppletViewer module6.EarthquakeCityMap1458260267277.html
java_class_path (initial): /Volumes/Other/ComputerScience/Java/Coursera/Java Programming Object-Oriented Design of Data Structures Specialization/UCSDUnfoldingMaps/build:/Volumes/Other/ComputerScience/Java/Coursera/Java Programming Object-Oriented Design of Data Structures Specialization/UCSDUnfoldingMaps/lib/core.jar:/Volumes/Other/ComputerScience/Java/Coursera/Java Programming Object-Oriented Design of Data Structures Specialization/UCSDUnfoldingMaps/lib/gluegen-rt.jar:/Volumes/Other/ComputerScience/Java/Coursera/Java Programming Object-Oriented Design of Data Structures Specialization/UCSDUnfoldingMaps/lib/jogl-all.jar:/Volumes/Other/ComputerScience/Java/Coursera/Java Programming Object-Oriented Design of Data Structures Specialization/UCSDUnfoldingMaps/lib/log4j-1.2.15.jar:/Volumes/Other/ComputerScience/Java/Coursera/Java Programming Object-Oriented Design of Data Structures Specialization/UCSDUnfoldingMaps/lib/sqlite-jdbc-3.7.2.jar:/Volumes/Other/ComputerScience/Java/Coursera/Java Programming Object-Oriented Design of Data Structures Specialization/UCSDUnfoldingMaps/lib/json4processing.jar:/Volumes/Other/ComputerScience/Java/Coursera/Java Programming Object-Oriented Design of Data Structures Specialization/UCSDUnfoldingMaps/lib/libTUIO.jar:/Volumes/Other/ComputerScience/Java/Coursera/Java Programming Object-Oriented Design of Data Structures Specialization/UCSDUnfoldingMaps/lib/unfolding.0.9.7-uscd.jar:/Volumes/Other/ComputerScience/Java/Coursera/Java Programming Object-Oriented Design of Data Structures Specialization/UCSDUnfoldingMaps/lib/controlP5/library/controlP5.jar:/Users/zhihuixie/Downloads/geonames-source-1.1.13.jar:/Users/zhihuixie/Downloads/jdom/build/jdom-1.1.3.jar
Launcher Type: SUN_STANDARD

Environment Variables:
PATH=/usr/bin:/bin:/usr/sbin:/sbin
SHELL=/bin/bash

Signal Handlers:
SIGSEGV: [libjvm.dylib+0x5a71a5], sa_mask[0]=11111111011111110111111111111111, sa_flags=SA_ONSTACK|SA_RESTART|SA_SIGINFO
SIGBUS: [libjvm.dylib+0x5a71a5], sa_mask[0]=11111111011111110111111111111111, sa_flags=SA_RESTART|SA_SIGINFO
SIGFPE: [libjvm.dylib+0x480eb4], sa_mask[0]=11111111011111110111111111111111, sa_flags=SA_RESTART|SA_SIGINFO
SIGPIPE: [libjvm.dylib+0x480eb4], sa_mask[0]=11111111011111110111111111111111, sa_flags=SA_RESTART|SA_SIGINFO
SIGXFSZ: [libjvm.dylib+0x480eb4], sa_mask[0]=11111111011111110111111111111111, sa_flags=SA_RESTART|SA_SIGINFO
SIGILL: [libjvm.dylib+0x480eb4], sa_mask[0]=11111111011111110111111111111111, sa_flags=SA_RESTART|SA_SIGINFO
SIGUSR1: SIG_DFL, sa_mask[0]=00000000000000000000000000000000, sa_flags=none
SIGUSR2: [libjvm.dylib+0x4809d2], sa_mask[0]=00100000000000000000000000000000, sa_flags=SA_RESTART|SA_SIGINFO
SIGHUP: [libjvm.dylib+0x47efa9], sa_mask[0]=11111111011111110111111111111111, sa_flags=SA_RESTART|SA_SIGINFO
SIGINT: [libjvm.dylib+0x47efa9], sa_mask[0]=11111111011111110111111111111111, sa_flags=SA_RESTART|SA_SIGINFO
SIGTERM: [libjvm.dylib+0x47efa9], sa_mask[0]=11111111011111110111111111111111, sa_flags=SA_RESTART|SA_SIGINFO
SIGQUIT: [libjvm.dylib+0x47efa9], sa_mask[0]=11111111011111110111111111111111, sa_flags=SA_RESTART|SA_SIGINFO


---------------  S Y S T E M  ---------------

OS:Bsduname:Darwin 14.5.0 Darwin Kernel Version 14.5.0: Wed Jul 29 02:26:53 PDT 2015; root:xnu-2782.40.9~1/RELEASE_X86_64 x86_64
rlimit: STACK 8192k, CORE 0k, NPROC 709, NOFILE 10240, AS infinity
load average:1.68 1.68 1.59

CPU:total 4 (2 cores per cpu, 2 threads per core) family 6 model 58 stepping 9, cmov, cx8, fxsr, mmx, sse, sse2, sse3, ssse3, sse4.1, sse4.2, popcnt, avx, aes, clmul, erms, ht, tsc, tscinvbit, tscinv

Memory: 4k page, physical 4194304k(166260k free)

/proc/meminfo:


vm_info: Java HotSpot(TM) 64-Bit Server VM (25.73-b02) for bsd-amd64 JRE (1.8.0_73-b02), built on Jan 29 2016 15:02:00 by "java_re" with gcc 4.2.1 (Based on Apple Inc. build 5658) (LLVM build 2336.11.00)

time: Thu Mar 17 17:18:32 2016
elapsed time: 44 seconds (0d 0h 0m 44s)

