#
# A fatal error has been detected by the Java Runtime Environment:
#
#  SIGSEGV (0xb) at pc=0x00007fff858ad0dd, pid=5107, tid=1811
#
# JRE version: Java(TM) SE Runtime Environment (8.0_73-b02) (build 1.8.0_73-b02)
# Java VM: Java HotSpot(TM) 64-Bit Server VM (25.73-b02 mixed mode bsd-amd64 compressed oops)
# Problematic frame:
# C  [libobjc.A.dylib+0x10dd]  objc_msgSend+0x1d
#
# Failed to write core dump. Core dumps have been disabled. To enable core dumping, try "ulimit -c unlimited" before starting Java again
#
# If you would like to submit a bug report, please visit:
#   http://bugreport.java.com/bugreport/crash.jsp
# The crash happened outside the Java Virtual Machine in native code.
# See problematic frame for where to report the bug.
#

---------------  T H R E A D  ---------------

Current thread (0x00007f80598d7800):  JavaThread "AWT-AppKit" daemon [_thread_in_native, id=1811, stack(0x00007fff536b7000,0x00007fff53eb7000)]

siginfo: si_signo: 11 (SIGSEGV), si_code: 1 (SEGV_MAPERR), si_addr: 0x0000000000000018

Registers:
RAX=0x00007f805ce8a0a0, RBX=0x000000019641b450, RCX=0x0000000129c8f860, RDX=0x0000000129c8fb60
RSP=0x00007fff53eb21b8, RBP=0x00007fff53eb2270, RSI=0x00007fff8692740f, RDI=0x00007f80587a7ca0
R8 =0x0000000000000000, R9 =0x0000000000000f50, R10=0x00007fff8692740f, R11=0x0000000000000000
R12=0x0000000000000000, R13=0x000000019812c0b0, R14=0x000000019641b440, R15=0x00007f80598d7800
RIP=0x00007fff858ad0dd, EFLAGS=0x0000000000010246, ERR=0x0000000000000004
  TRAPNO=0x000000000000000e

Top of Stack: (sp=0x00007fff53eb21b8)
0x00007fff53eb21b8:   0000000196419157 00007fff53eb2210
0x00007fff53eb21c8:   0000000000000003 00007fff53eb21f0
0x00007fff53eb21d8:   000000010c9f1646 000000019812c0b0
0x00007fff53eb21e8:   000000019812c0b0 00007f805ce8a0a0
0x00007fff53eb21f8:   000000019641b6a0 000000019641b710
0x00007fff53eb2208:   00007fff72e88550 00007fff72d2cc80
0x00007fff53eb2218:   000000019641b450 000000019641b690
0x00007fff53eb2228:   00007f805ce8a0a0 00007f80587a7ca0
0x00007fff53eb2238:   00007f80585527e0 00007f805ce8a0a0
0x00007fff53eb2248:   00007f80587a7ca0 00007fff53eb22f8
0x00007fff53eb2258:   00007f80598d79f8 000000019812c0b0
0x00007fff53eb2268:   00007fff53eb2320 00007fff53eb22e8
0x00007fff53eb2278:   000000010d7a2954 000000019812c0b0
0x00007fff53eb2288:   00007fff53eb2320 00007fff53eb22e8
0x00007fff53eb2298:   000000010d7a26e7 000000010d7a26a2
0x00007fff53eb22a8:   00007fff53eb22a8 000000019812c0b0
0x00007fff53eb22b8:   00007fff53eb2320 000000019812ece8
0x00007fff53eb22c8:   0000000000000000 000000019812c0b0
0x00007fff53eb22d8:   0000000000000000 00007fff53eb2308
0x00007fff53eb22e8:   00007fff53eb2368 000000010d794c4d
0x00007fff53eb22f8:   0000000780bcc558 000000010d79c578
0x00007fff53eb2308:   00007f805ce8a0a0 00007fff53eb2368
0x00007fff53eb2318:   00007f80587a7ca0 000000010d79dd82
0x00007fff53eb2328:   00007fff53eb2328 000000019812c27a
0x00007fff53eb2338:   00007fff53eb2390 000000019812ece8
0x00007fff53eb2348:   0000000000000000 000000019812c288
0x00007fff53eb2358:   00007fff53eb2308 00007fff53eb2378
0x00007fff53eb2368:   00007fff53eb23d8 000000010d794c4d
0x00007fff53eb2378:   00007f805ce8a0a0 0000000780b39220
0x00007fff53eb2388:   00007f80587a7ca0 0000000780b39220
0x00007fff53eb2398:   00007fff53eb2398 00000001a3ff72ee
0x00007fff53eb23a8:   00007fff53eb23e8 00000001a3ff73a8 

Instructions: (pc=0x00007fff858ad0dd)
0x00007fff858ad0bd:   00 00 00 48 85 ff 2e 74 7a 40 f6 c7 01 2e 75 7e
0x00007fff858ad0cd:   49 bb f8 ff ff ff ff 7f 00 00 4c 23 1f 49 89 f2
0x00007fff858ad0dd:   45 23 53 18 49 c1 e2 04 4d 03 53 10 49 3b 32 75
0x00007fff858ad0ed:   04 41 ff 62 08 49 83 3a 00 74 6a 4d 3b 53 10 74 

Register to memory mapping:

RAX=0x00007f805ce8a0a0 is an unknown value
RBX=0x000000019641b450: Java_jogamp_nativewindow_macosx_OSXUtil_GetScreenRefreshRate0+0x1cf0 in /private/var/folders/gx/lpn_2smn21b5jx4mf4ptd0z40000gn/T/jogamp_0000/file_cache/jln6731105682201929401/jln3693808329011177278/libnativewindow_macosx.jnilib at 0x0000000196414000
RCX=0x0000000129c8f860 is an unknown value
RDX=0x0000000129c8fb60 is an unknown value
RSP=0x00007fff53eb21b8 is pointing into the stack for thread: 0x00007f80598d7800
RBP=0x00007fff53eb2270 is pointing into the stack for thread: 0x00007f80598d7800
RSI=0x00007fff8692740f is an unknown value
RDI=0x00007f80587a7ca0 is an unknown value
R8 =0x0000000000000000 is an unknown value
R9 =0x0000000000000f50 is an unknown value
R10=0x00007fff8692740f is an unknown value
R11=0x0000000000000000 is an unknown value
R12=0x0000000000000000 is an unknown value
R13={method} {0x000000019812c0b0} 'UnsetJAWTRootSurfaceLayer0' '(JJ)V' in 'jogamp/nativewindow/jawt/macosx/MacOSXJAWTWindow'
R14=0x000000019641b440: Java_jogamp_nativewindow_macosx_OSXUtil_GetScreenRefreshRate0+0x1ce0 in /private/var/folders/gx/lpn_2smn21b5jx4mf4ptd0z40000gn/T/jogamp_0000/file_cache/jln6731105682201929401/jln3693808329011177278/libnativewindow_macosx.jnilib at 0x0000000196414000
R15=0x00007f80598d7800 is a thread


Stack: [0x00007fff536b7000,0x00007fff53eb7000],  sp=0x00007fff53eb21b8,  free space=8172k
Native frames: (J=compiled Java code, j=interpreted, Vv=VM code, C=native code)
C  [libobjc.A.dylib+0x10dd]  objc_msgSend+0x1d
j  jogamp.nativewindow.jawt.macosx.MacOSXJAWTWindow.UnsetJAWTRootSurfaceLayer0(JJ)V+0
j  jogamp.nativewindow.jawt.macosx.MacOSXJAWTWindow.access$200(JJ)V+2
j  jogamp.nativewindow.jawt.macosx.MacOSXJAWTWindow$1.run()V+38
j  com.jogamp.common.util.RunnableTask.run()V+24
v  ~StubRoutines::call_stub
V  [libjvm.dylib+0x2eae7a]
V  [libjvm.dylib+0x321f83]
V  [libjvm.dylib+0x314757]
C  [libnativewindow_macosx.jnilib+0x5326]  Java_jogamp_nativewindow_jawt_macosx_MacOSXJAWTWindow_UnsetJAWTRootSurfaceLayer0+0x2b6
C  [Foundation+0x92dd0]  __NSThreadPerformPerform+0x125
C  [CoreFoundation+0x80a01]  __CFRUNLOOP_IS_CALLING_OUT_TO_A_SOURCE0_PERFORM_FUNCTION__+0x11
C  [CoreFoundation+0x72c5c]  __CFRunLoopDoSources0+0x1dc
C  [CoreFoundation+0x721bf]  __CFRunLoopRun+0x39f
C  [CoreFoundation+0x71bd8]  CFRunLoopRunSpecific+0x128
C  [HIToolbox+0x3256f]  RunCurrentEventLoopInMode+0xeb
C  [HIToolbox+0x321ee]  ReceiveNextEventCommon+0xb3
C  [HIToolbox+0x3212b]  _BlockUntilNextEventMatchingListInModeWithFilter+0x47
C  [AppKit+0x918ab]  _DPSNextEvent+0x3d2
C  [AppKit+0x90e58]  -[NSApplication nextEventMatchingMask:untilDate:inMode:dequeue:]+0x15a
C  [libosxapp.dylib+0x23aa]  -[NSApplicationAWT nextEventMatchingMask:untilDate:inMode:dequeue:]+0x7c
C  [AppKit+0x86af3]  -[NSApplication run]+0x252
C  [libosxapp.dylib+0x214d]  +[NSApplicationAWT runAWTLoopWithApp:]+0x9c
C  [libawt_lwawt.dylib+0x4455b]  -[AWTStarter starter:]+0x389
C  [Foundation+0x92dd0]  __NSThreadPerformPerform+0x125
C  [CoreFoundation+0x80a01]  __CFRUNLOOP_IS_CALLING_OUT_TO_A_SOURCE0_PERFORM_FUNCTION__+0x11
C  [CoreFoundation+0x72b8d]  __CFRunLoopDoSources0+0x10d
C  [CoreFoundation+0x721bf]  __CFRunLoopRun+0x39f
C  [CoreFoundation+0x71bd8]  CFRunLoopRunSpecific+0x128
C  [java+0x6463]  CreateExecutionEnvironment+0x367
C  [java+0x21ac]  JLI_Launch+0x7a0
C  [java+0x84c0]  main+0x65
C  [java+0x1a04]  start+0x34
C  0x0000000000000007

Java frames: (J=compiled Java code, j=interpreted, Vv=VM code)
j  jogamp.nativewindow.jawt.macosx.MacOSXJAWTWindow.UnsetJAWTRootSurfaceLayer0(JJ)V+0
j  jogamp.nativewindow.jawt.macosx.MacOSXJAWTWindow.access$200(JJ)V+2
j  jogamp.nativewindow.jawt.macosx.MacOSXJAWTWindow$1.run()V+38
j  com.jogamp.common.util.RunnableTask.run()V+24
v  ~StubRoutines::call_stub

---------------  P R O C E S S  ---------------

Java Threads: ( => current thread )
  0x00007f80596b3800 JavaThread "Thread-794" [_thread_blocked, id=35827, stack(0x00000001ad948000,0x00000001ada48000)]
  0x00007f805e3ee000 JavaThread "TimerQueue" daemon [_thread_blocked, id=66599, stack(0x00000001a117d000,0x00000001a127d000)]
  0x00007f80588ce800 JavaThread "AWT-EventQueue-1" [_thread_in_native, id=57363, stack(0x00000001969f1000,0x0000000196af1000)]
  0x00007f80588c5800 JavaThread "DestroyJavaVM" [_thread_blocked, id=4867, stack(0x000000010be60000,0x000000010bf60000)]
  0x00007f80592a0000 JavaThread "AWT-EventQueue-0" [_thread_blocked, id=54787, stack(0x0000000129b78000,0x0000000129c78000)]
  0x00007f8059998800 JavaThread "Java2D Disposer" daemon [_thread_blocked, id=51223, stack(0x0000000128914000,0x0000000128a14000)]
  0x00007f8059257800 JavaThread "Java2D Queue Flusher" daemon [_thread_blocked, id=49671, stack(0x000000012791f000,0x0000000127a1f000)]
  0x00007f8059221800 JavaThread "AWT-Shutdown" [_thread_blocked, id=27923, stack(0x0000000124f3a000,0x000000012503a000)]
=>0x00007f80598d7800 JavaThread "AWT-AppKit" daemon [_thread_in_native, id=1811, stack(0x00007fff536b7000,0x00007fff53eb7000)]
  0x00007f8059032000 JavaThread "Service Thread" daemon [_thread_blocked, id=17923, stack(0x0000000122f07000,0x0000000123007000)]
  0x00007f805982b000 JavaThread "C1 CompilerThread2" daemon [_thread_blocked, id=17411, stack(0x0000000122e04000,0x0000000122f04000)]
  0x00007f8059822800 JavaThread "C2 CompilerThread1" daemon [_thread_blocked, id=16899, stack(0x0000000122d01000,0x0000000122e01000)]
  0x00007f8059824800 JavaThread "C2 CompilerThread0" daemon [_thread_blocked, id=16143, stack(0x0000000122bfe000,0x0000000122cfe000)]
  0x00007f8059059000 JavaThread "Signal Dispatcher" daemon [_thread_blocked, id=12303, stack(0x0000000122afb000,0x0000000122bfb000)]
  0x00007f805981f800 JavaThread "Finalizer" daemon [_thread_blocked, id=11523, stack(0x000000012115d000,0x000000012125d000)]
  0x00007f8059050800 JavaThread "Reference Handler" daemon [_thread_blocked, id=11011, stack(0x000000012105a000,0x000000012115a000)]

Other Threads:
  0x00007f805981f000 VMThread [stack: 0x0000000120f57000,0x0000000121057000] [id=10499]
  0x00007f8059835800 WatcherThread [stack: 0x000000012300a000,0x000000012310a000] [id=18435]

VM state:not at safepoint (normal execution)

VM Mutex/Monitor currently owned by a thread: None

Heap:
 PSYoungGen      total 34304K, used 18549K [0x00000007aab00000, 0x00000007adb00000, 0x00000007c0000000)
  eden space 21504K, 85% used [0x00000007aab00000,0x00000007abd0d7b0,0x00000007ac000000)
  from space 12800K, 0% used [0x00000007ace80000,0x00000007ace90000,0x00000007adb00000)
  to   space 13824K, 0% used [0x00000007ac000000,0x00000007ac000000,0x00000007acd80000)
 ParOldGen       total 248832K, used 227255K [0x0000000780000000, 0x000000078f300000, 0x00000007aab00000)
  object space 248832K, 91% used [0x0000000780000000,0x000000078ddede08,0x000000078f300000)
 Metaspace       used 25593K, capacity 25889K, committed 26240K, reserved 1073152K
  class space    used 2468K, capacity 2563K, committed 2688K, reserved 1048576K

Card table byte_map: [0x000000011cb4d000,0x000000011cd4e000] byte_map_base: 0x0000000118f4d000

Marking Bits: (ParMarkBitMap*) 0x000000010d0e3ea0
 Begin Bits: [0x000000011d2b0000, 0x000000011e2b0000)
 End Bits:   [0x000000011e2b0000, 0x000000011f2b0000)

Polling page: 0x000000010bfa5000

CodeCache: size=245760Kb used=15792Kb max_used=15975Kb free=229967Kb
 bounds [0x000000010d78d000, 0x000000010e75d000, 0x000000011c78d000]
 total_blobs=5452 nmethods=4509 adapters=854
 compilation: enabled

Compilation events (10 events):
Event: 281.344 Thread 0x00007f805982b000 5622       1       javax.swing.JLabel::getHorizontalAlignment (5 bytes)
Event: 281.344 Thread 0x00007f805982b000 nmethod 5622 0x000000010dbc0050 code [0x000000010dbc01a0, 0x000000010dbc02b0]
Event: 281.344 Thread 0x00007f805982b000 5623       1       javax.swing.JLabel::getVerticalTextPosition (5 bytes)
Event: 281.344 Thread 0x00007f805982b000 nmethod 5623 0x000000010defd950 code [0x000000010defdaa0, 0x000000010defdbb0]
Event: 281.344 Thread 0x00007f805982b000 5624       1       javax.swing.JLabel::getHorizontalTextPosition (5 bytes)
Event: 281.344 Thread 0x00007f805982b000 nmethod 5624 0x000000010df0c050 code [0x000000010df0c1a0, 0x000000010df0c2b0]
Event: 281.344 Thread 0x00007f805982b000 5625       1       javax.swing.JLabel::getIconTextGap (5 bytes)
Event: 281.344 Thread 0x00007f805982b000 nmethod 5625 0x000000010e049d50 code [0x000000010e049ea0, 0x000000010e049fb0]
Event: 281.349 Thread 0x00007f8059824800 5626       4       java.beans.WeakIdentityMap$Entry::isMatched (22 bytes)
Event: 281.350 Thread 0x00007f8059824800 nmethod 5626 0x000000010df4be50 code [0x000000010df4bfa0, 0x000000010df4c058]

GC Heap History (10 events):
Event: 270.808 GC heap before
{Heap before GC invocations=128 (full 8):
 PSYoungGen      total 22016K, used 21568K [0x00000007aab00000, 0x00000007ae200000, 0x00000007c0000000)
  eden space 21504K, 100% used [0x00000007aab00000,0x00000007ac000000,0x00000007ac000000)
  from space 512K, 12% used [0x00000007ac000000,0x00000007ac010000,0x00000007ac080000)
  to   space 17408K, 0% used [0x00000007ad100000,0x00000007ad100000,0x00000007ae200000)
 ParOldGen       total 248832K, used 227255K [0x0000000780000000, 0x000000078f300000, 0x00000007aab00000)
  object space 248832K, 91% used [0x0000000780000000,0x000000078ddede08,0x000000078f300000)
 Metaspace       used 25573K, capacity 25889K, committed 26240K, reserved 1073152K
  class space    used 2464K, capacity 2563K, committed 2688K, reserved 1048576K
Event: 270.810 GC heap after
Heap after GC invocations=128 (full 8):
 PSYoungGen      total 37888K, used 64K [0x00000007aab00000, 0x00000007ae100000, 0x00000007c0000000)
  eden space 21504K, 0% used [0x00000007aab00000,0x00000007aab00000,0x00000007ac000000)
  from space 16384K, 0% used [0x00000007ad100000,0x00000007ad110000,0x00000007ae100000)
  to   space 16896K, 0% used [0x00000007ac000000,0x00000007ac000000,0x00000007ad080000)
 ParOldGen       total 248832K, used 227255K [0x0000000780000000, 0x000000078f300000, 0x00000007aab00000)
  object space 248832K, 91% used [0x0000000780000000,0x000000078ddede08,0x000000078f300000)
 Metaspace       used 25573K, capacity 25889K, committed 26240K, reserved 1073152K
  class space    used 2464K, capacity 2563K, committed 2688K, reserved 1048576K
}
Event: 273.035 GC heap before
{Heap before GC invocations=129 (full 8):
 PSYoungGen      total 37888K, used 21568K [0x00000007aab00000, 0x00000007ae100000, 0x00000007c0000000)
  eden space 21504K, 100% used [0x00000007aab00000,0x00000007ac000000,0x00000007ac000000)
  from space 16384K, 0% used [0x00000007ad100000,0x00000007ad110000,0x00000007ae100000)
  to   space 16896K, 0% used [0x00000007ac000000,0x00000007ac000000,0x00000007ad080000)
 ParOldGen       total 248832K, used 227255K [0x0000000780000000, 0x000000078f300000, 0x00000007aab00000)
  object space 248832K, 91% used [0x0000000780000000,0x000000078ddede08,0x000000078f300000)
 Metaspace       used 25573K, capacity 25889K, committed 26240K, reserved 1073152K
  class space    used 2464K, capacity 2563K, committed 2688K, reserved 1048576K
Event: 273.038 GC heap after
Heap after GC invocations=129 (full 8):
 PSYoungGen      total 22016K, used 64K [0x00000007aab00000, 0x00000007ae000000, 0x00000007c0000000)
  eden space 21504K, 0% used [0x00000007aab00000,0x00000007aab00000,0x00000007ac000000)
  from space 512K, 12% used [0x00000007ac000000,0x00000007ac010000,0x00000007ac080000)
  to   space 16384K, 0% used [0x00000007ad000000,0x00000007ad000000,0x00000007ae000000)
 ParOldGen       total 248832K, used 227255K [0x0000000780000000, 0x000000078f300000, 0x00000007aab00000)
  object space 248832K, 91% used [0x0000000780000000,0x000000078ddede08,0x000000078f300000)
 Metaspace       used 25573K, capacity 25889K, committed 26240K, reserved 1073152K
  class space    used 2464K, capacity 2563K, committed 2688K, reserved 1048576K
}
Event: 275.197 GC heap before
{Heap before GC invocations=130 (full 8):
 PSYoungGen      total 22016K, used 21568K [0x00000007aab00000, 0x00000007ae000000, 0x00000007c0000000)
  eden space 21504K, 100% used [0x00000007aab00000,0x00000007ac000000,0x00000007ac000000)
  from space 512K, 12% used [0x00000007ac000000,0x00000007ac010000,0x00000007ac080000)
  to   space 16384K, 0% used [0x00000007ad000000,0x00000007ad000000,0x00000007ae000000)
 ParOldGen       total 248832K, used 227255K [0x0000000780000000, 0x000000078f300000, 0x00000007aab00000)
  object space 248832K, 91% used [0x0000000780000000,0x000000078ddede08,0x000000078f300000)
 Metaspace       used 25573K, capacity 25889K, committed 26240K, reserved 1073152K
  class space    used 2464K, capacity 2563K, committed 2688K, reserved 1048576K
Event: 275.199 GC heap after
Heap after GC invocations=130 (full 8):
 PSYoungGen      total 35840K, used 64K [0x00000007aab00000, 0x00000007ade00000, 0x00000007c0000000)
  eden space 21504K, 0% used [0x00000007aab00000,0x00000007aab00000,0x00000007ac000000)
  from space 14336K, 0% used [0x00000007ad000000,0x00000007ad010000,0x00000007ade00000)
  to   space 15360K, 0% used [0x00000007ac000000,0x00000007ac000000,0x00000007acf00000)
 ParOldGen       total 248832K, used 227255K [0x0000000780000000, 0x000000078f300000, 0x00000007aab00000)
  object space 248832K, 91% used [0x0000000780000000,0x000000078ddede08,0x000000078f300000)
 Metaspace       used 25573K, capacity 25889K, committed 26240K, reserved 1073152K
  class space    used 2464K, capacity 2563K, committed 2688K, reserved 1048576K
}
Event: 277.343 GC heap before
{Heap before GC invocations=131 (full 8):
 PSYoungGen      total 35840K, used 21568K [0x00000007aab00000, 0x00000007ade00000, 0x00000007c0000000)
  eden space 21504K, 100% used [0x00000007aab00000,0x00000007ac000000,0x00000007ac000000)
  from space 14336K, 0% used [0x00000007ad000000,0x00000007ad010000,0x00000007ade00000)
  to   space 15360K, 0% used [0x00000007ac000000,0x00000007ac000000,0x00000007acf00000)
 ParOldGen       total 248832K, used 227255K [0x0000000780000000, 0x000000078f300000, 0x00000007aab00000)
  object space 248832K, 91% used [0x0000000780000000,0x000000078ddede08,0x000000078f300000)
 Metaspace       used 25573K, capacity 25889K, committed 26240K, reserved 1073152K
  class space    used 2464K, capacity 2563K, committed 2688K, reserved 1048576K
Event: 277.346 GC heap after
Heap after GC invocations=131 (full 8):
 PSYoungGen      total 22016K, used 96K [0x00000007aab00000, 0x00000007add00000, 0x00000007c0000000)
  eden space 21504K, 0% used [0x00000007aab00000,0x00000007aab00000,0x00000007ac000000)
  from space 512K, 18% used [0x00000007ac000000,0x00000007ac018000,0x00000007ac080000)
  to   space 14848K, 0% used [0x00000007ace80000,0x00000007ace80000,0x00000007add00000)
 ParOldGen       total 248832K, used 227255K [0x0000000780000000, 0x000000078f300000, 0x00000007aab00000)
  object space 248832K, 91% used [0x0000000780000000,0x000000078ddede08,0x000000078f300000)
 Metaspace       used 25573K, capacity 25889K, committed 26240K, reserved 1073152K
  class space    used 2464K, capacity 2563K, committed 2688K, reserved 1048576K
}
Event: 279.589 GC heap before
{Heap before GC invocations=132 (full 8):
 PSYoungGen      total 22016K, used 21600K [0x00000007aab00000, 0x00000007add00000, 0x00000007c0000000)
  eden space 21504K, 100% used [0x00000007aab00000,0x00000007ac000000,0x00000007ac000000)
  from space 512K, 18% used [0x00000007ac000000,0x00000007ac018000,0x00000007ac080000)
  to   space 14848K, 0% used [0x00000007ace80000,0x00000007ace80000,0x00000007add00000)
 ParOldGen       total 248832K, used 227255K [0x0000000780000000, 0x000000078f300000, 0x00000007aab00000)
  object space 248832K, 91% used [0x0000000780000000,0x000000078ddede08,0x000000078f300000)
 Metaspace       used 25573K, capacity 25889K, committed 26240K, reserved 1073152K
  class space    used 2464K, capacity 2563K, committed 2688K, reserved 1048576K
Event: 279.591 GC heap after
Heap after GC invocations=132 (full 8):
 PSYoungGen      total 34304K, used 64K [0x00000007aab00000, 0x00000007adb00000, 0x00000007c0000000)
  eden space 21504K, 0% used [0x00000007aab00000,0x00000007aab00000,0x00000007ac000000)
  from space 12800K, 0% used [0x00000007ace80000,0x00000007ace90000,0x00000007adb00000)
  to   space 13824K, 0% used [0x00000007ac000000,0x00000007ac000000,0x00000007acd80000)
 ParOldGen       total 248832K, used 227255K [0x0000000780000000, 0x000000078f300000, 0x00000007aab00000)
  object space 248832K, 91% used [0x0000000780000000,0x000000078ddede08,0x000000078f300000)
 Metaspace       used 25573K, capacity 25889K, committed 26240K, reserved 1073152K
  class space    used 2464K, capacity 2563K, committed 2688K, reserved 1048576K
}

Deoptimization events (10 events):
Event: 281.349 Thread 0x00007f8059247800 Uncommon trap: reason=unstable_if action=reinterpret pc=0x000000010de927cc method=java.util.Vector.removeElement(Ljava/lang/Object;)Z @ 17
Event: 281.349 Thread 0x00007f80588ce800 Uncommon trap: reason=class_check action=maybe_recompile pc=0x000000010e5a126c method=java.awt.event.InvocationEvent.dispatch()V @ 11
Event: 281.352 Thread 0x00007f80598d7800 Uncommon trap: reason=class_check action=maybe_recompile pc=0x000000010dcea240 method=com.jogamp.common.util.RunnableTask.run()V @ 24
Event: 281.370 Thread 0x00007f80588ce800 Uncommon trap: reason=unstable_if action=reinterpret pc=0x000000010df7e918 method=jogamp.opengl.GLContextImpl.release(Z)V @ 161
Event: 281.371 Thread 0x00007f80588ce800 Uncommon trap: reason=unstable_if action=reinterpret pc=0x000000010ded4b74 method=com.jogamp.common.util.awt.AWTEDTExecutor.invoke(ZLjava/lang/Runnable;)V @ 3
Event: 281.373 Thread 0x00007f80592a0000 Uncommon trap: reason=bimorphic action=maybe_recompile pc=0x000000010e572f00 method=java.awt.Component.getGraphics()Ljava/awt/Graphics; @ 114
Event: 281.373 Thread 0x00007f80592a0000 Uncommon trap: reason=unstable_if action=reinterpret pc=0x000000010e34d610 method=sun.java2d.pipe.Region.isInsideQuickCheck(Lsun/java2d/pipe/Region;)Z @ 48
Event: 281.373 Thread 0x00007f80592a0000 Uncommon trap: reason=unstable_if action=reinterpret pc=0x000000010e206388 method=sun.java2d.pipe.Region.isInsideQuickCheck(Lsun/java2d/pipe/Region;)Z @ 48
Event: 281.373 Thread 0x00007f80588ce800 Uncommon trap: reason=class_check action=maybe_recompile pc=0x000000010e5a126c method=java.awt.event.InvocationEvent.dispatch()V @ 11
Event: 281.441 Thread 0x00007f80598d7800 Uncommon trap: reason=class_check action=maybe_recompile pc=0x000000010dcea240 method=com.jogamp.common.util.RunnableTask.run()V @ 24

Internal exceptions (10 events):
Event: 1.902 Thread 0x00007f805980c000 Implicit null exception at 0x000000010d8eb49c to 0x000000010d8eb681
Event: 2.268 Thread 0x00007f805980c000 Exception <a 'java/io/FileNotFoundException'> (0x00000007aaee0490) thrown at [/HUDSON3/workspace/8-2-build-macosx-x86_64/jdk8u73/6086/hotspot/src/share/vm/prims/jni.cpp, line 709]
Event: 4.391 Thread 0x00007f805981f800 Exception <a 'java/lang/NullPointerException'> (0x00000007aab82c00) thrown at [/HUDSON3/workspace/8-2-build-macosx-x86_64/jdk8u73/6086/hotspot/src/share/vm/interpreter/linkResolver.cpp, line 1178]
Event: 4.497 Thread 0x00007f80595ef000 Exception <a 'java/lang/UnsatisfiedLinkError': com.jogamp.common.util.JarUtil.fixNativeLibAttribs(Ljava/lang/String;)Z> (0x00000007ab065100) thrown at [/HUDSON3/workspace/8-2-build-macosx-x86_64/jdk8u73/6086/hotspot/src/share/vm/prims/nativeLookup.cpp, li
Event: 5.523 Thread 0x00007f80588ce800 Exception <a 'java/io/FileNotFoundException'> (0x00000007ab3c90f8) thrown at [/HUDSON3/workspace/8-2-build-macosx-x86_64/jdk8u73/6086/hotspot/src/share/vm/prims/jni.cpp, line 709]
Event: 5.523 Thread 0x00007f80588ce800 Exception <a 'java/io/FileNotFoundException'> (0x00000007ab3d5928) thrown at [/HUDSON3/workspace/8-2-build-macosx-x86_64/jdk8u73/6086/hotspot/src/share/vm/prims/jni.cpp, line 709]
Event: 5.523 Thread 0x00007f80588ce800 Implicit null exception at 0x000000010d9398f5 to 0x000000010d939c59
Event: 7.312 Thread 0x00007f80588ce800 Implicit null exception at 0x000000010dcfc865 to 0x000000010dcfc9b9
Event: 10.171 Thread 0x00007f80588ce800 Implicit null exception at 0x000000010d93dff5 to 0x000000010d93e365
Event: 10.302 Thread 0x00007f80588ce800 Implicit null exception at 0x000000010dbd2e4f to 0x000000010dbd3a59

Events (10 events):
Event: 281.373 Thread 0x00007f80592a0000 DEOPT UNPACKING pc=0x000000010d792229 sp=0x0000000129c75a88 mode 2
Event: 281.373 Thread 0x00007f80592a0000 Uncommon trap: trap_request=0xffffff65 fr.pc=0x000000010e206388
Event: 281.373 Thread 0x00007f80592a0000 DEOPT PACKING pc=0x000000010e206388 sp=0x0000000129c75ae0
Event: 281.373 Thread 0x00007f80592a0000 DEOPT UNPACKING pc=0x000000010d792229 sp=0x0000000129c75aa0 mode 2
Event: 281.373 Thread 0x00007f80588ce800 Uncommon trap: trap_request=0xffffffde fr.pc=0x000000010e5a126c
Event: 281.373 Thread 0x00007f80588ce800 DEOPT PACKING pc=0x000000010e5a126c sp=0x0000000196aeefd0
Event: 281.373 Thread 0x00007f80588ce800 DEOPT UNPACKING pc=0x000000010d792229 sp=0x0000000196aeefd0 mode 2
Event: 281.441 Thread 0x00007f80598d7800 Uncommon trap: trap_request=0xffffffde fr.pc=0x000000010dcea240
Event: 281.441 Thread 0x00007f80598d7800 DEOPT PACKING pc=0x000000010dcea240 sp=0x00007fff53eb2430
Event: 281.441 Thread 0x00007f80598d7800 DEOPT UNPACKING pc=0x000000010d792229 sp=0x00007fff53eb23d8 mode 2


Dynamic libraries:
0x0000000000fce000 	/System/Library/Frameworks/Cocoa.framework/Versions/A/Cocoa
0x0000000000fce000 	/System/Library/Frameworks/Security.framework/Versions/A/Security
0x0000000000fce000 	/System/Library/Frameworks/ApplicationServices.framework/Versions/A/ApplicationServices
0x0000000000fce000 	/usr/lib/libz.1.dylib
0x0000000000fce000 	/usr/lib/libSystem.B.dylib
0x0000000000fce000 	/usr/lib/libobjc.A.dylib
0x0000000000fce000 	/System/Library/Frameworks/CoreFoundation.framework/Versions/A/CoreFoundation
0x0000000000fce000 	/System/Library/Frameworks/Foundation.framework/Versions/C/Foundation
0x0000000000fce000 	/System/Library/Frameworks/AppKit.framework/Versions/C/AppKit
0x0000000000fce000 	/System/Library/Frameworks/CoreData.framework/Versions/A/CoreData
0x0000000000fce000 	/System/Library/PrivateFrameworks/RemoteViewServices.framework/Versions/A/RemoteViewServices
0x0000000000fce000 	/System/Library/PrivateFrameworks/UIFoundation.framework/Versions/A/UIFoundation
0x0000000000fce000 	/System/Library/Frameworks/IOSurface.framework/Versions/A/IOSurface
0x0000000000fce000 	/System/Library/Frameworks/AudioToolbox.framework/Versions/A/AudioToolbox
0x0000000000fce000 	/System/Library/Frameworks/AudioUnit.framework/Versions/A/AudioUnit
0x0000000000fce000 	/System/Library/PrivateFrameworks/DataDetectorsCore.framework/Versions/A/DataDetectorsCore
0x0000000000fce000 	/System/Library/PrivateFrameworks/DesktopServicesPriv.framework/Versions/A/DesktopServicesPriv
0x0000000000fce000 	/System/Library/Frameworks/Carbon.framework/Versions/A/Frameworks/HIToolbox.framework/Versions/A/HIToolbox
0x0000000000fce000 	/System/Library/Frameworks/QuartzCore.framework/Versions/A/QuartzCore
0x0000000000fce000 	/System/Library/Frameworks/Carbon.framework/Versions/A/Frameworks/SpeechRecognition.framework/Versions/A/SpeechRecognition
0x0000000000fce000 	/usr/lib/libauto.dylib
0x0000000000fce000 	/usr/lib/libicucore.A.dylib
0x0000000000fce000 	/usr/lib/libxml2.2.dylib
0x0000000000fce000 	/System/Library/PrivateFrameworks/CoreUI.framework/Versions/A/CoreUI
0x0000000000fce000 	/System/Library/Frameworks/CoreAudio.framework/Versions/A/CoreAudio
0x0000000000fce000 	/System/Library/Frameworks/DiskArbitration.framework/Versions/A/DiskArbitration
0x0000000000fce000 	/usr/lib/liblangid.dylib
0x0000000000fce000 	/System/Library/PrivateFrameworks/MultitouchSupport.framework/Versions/A/MultitouchSupport
0x0000000000fce000 	/System/Library/Frameworks/IOKit.framework/Versions/A/IOKit
0x0000000000fce000 	/usr/lib/libDiagnosticMessagesClient.dylib
0x0000000000fce000 	/System/Library/Frameworks/CoreServices.framework/Versions/A/CoreServices
0x0000000000fce000 	/System/Library/PrivateFrameworks/PerformanceAnalysis.framework/Versions/A/PerformanceAnalysis
0x0000000000fce000 	/System/Library/PrivateFrameworks/GenerationalStorage.framework/Versions/A/GenerationalStorage
0x0000000000fce000 	/System/Library/Frameworks/OpenGL.framework/Versions/A/OpenGL
0x0000000000fce000 	/System/Library/PrivateFrameworks/Sharing.framework/Versions/A/Sharing
0x0000000000fce000 	/System/Library/Frameworks/CoreGraphics.framework/Versions/A/CoreGraphics
0x0000000000fce000 	/System/Library/Frameworks/CoreText.framework/Versions/A/CoreText
0x0000000000fce000 	/System/Library/Frameworks/ImageIO.framework/Versions/A/ImageIO
0x0000000000fce000 	/usr/lib/libextension.dylib
0x0000000000fce000 	/System/Library/PrivateFrameworks/Backup.framework/Versions/A/Backup
0x0000000000fce000 	/usr/lib/libarchive.2.dylib
0x0000000000fce000 	/System/Library/Frameworks/CFNetwork.framework/Versions/A/CFNetwork
0x0000000000fce000 	/System/Library/Frameworks/SystemConfiguration.framework/Versions/A/SystemConfiguration
0x0000000000fce000 	/usr/lib/libCRFSuite.dylib
0x0000000000fce000 	/usr/lib/libc++.1.dylib
0x0000000000fce000 	/usr/lib/libc++abi.dylib
0x0000000000fce000 	/usr/lib/system/libcache.dylib
0x0000000000fce000 	/usr/lib/system/libcommonCrypto.dylib
0x0000000000fce000 	/usr/lib/system/libcompiler_rt.dylib
0x0000000000fce000 	/usr/lib/system/libcopyfile.dylib
0x0000000000fce000 	/usr/lib/system/libcorecrypto.dylib
0x0000000000fce000 	/usr/lib/system/libdispatch.dylib
0x0000000000fce000 	/usr/lib/system/libdyld.dylib
0x0000000000fce000 	/usr/lib/system/libkeymgr.dylib
0x0000000000fce000 	/usr/lib/system/liblaunch.dylib
0x0000000000fce000 	/usr/lib/system/libmacho.dylib
0x0000000000fce000 	/usr/lib/system/libquarantine.dylib
0x0000000000fce000 	/usr/lib/system/libremovefile.dylib
0x0000000000fce000 	/usr/lib/system/libsystem_asl.dylib
0x0000000000fce000 	/usr/lib/system/libsystem_blocks.dylib
0x0000000000fce000 	/usr/lib/system/libsystem_c.dylib
0x0000000000fce000 	/usr/lib/system/libsystem_configuration.dylib
0x0000000000fce000 	/usr/lib/system/libsystem_coreservices.dylib
0x0000000000fce000 	/usr/lib/system/libsystem_coretls.dylib
0x0000000000fce000 	/usr/lib/system/libsystem_dnssd.dylib
0x0000000000fce000 	/usr/lib/system/libsystem_info.dylib
0x0000000000fce000 	/usr/lib/system/libsystem_kernel.dylib
0x0000000000fce000 	/usr/lib/system/libsystem_m.dylib
0x0000000000fce000 	/usr/lib/system/libsystem_malloc.dylib
0x0000000000fce000 	/usr/lib/system/libsystem_network.dylib
0x0000000000fce000 	/usr/lib/system/libsystem_networkextension.dylib
0x0000000000fce000 	/usr/lib/system/libsystem_notify.dylib
0x0000000000fce000 	/usr/lib/system/libsystem_platform.dylib
0x0000000000fce000 	/usr/lib/system/libsystem_pthread.dylib
0x0000000000fce000 	/usr/lib/system/libsystem_sandbox.dylib
0x0000000000fce000 	/usr/lib/system/libsystem_secinit.dylib
0x0000000000fce000 	/usr/lib/system/libsystem_stats.dylib
0x0000000000fce000 	/usr/lib/system/libsystem_trace.dylib
0x0000000000fce000 	/usr/lib/system/libunc.dylib
0x0000000000fce000 	/usr/lib/system/libunwind.dylib
0x0000000000fce000 	/usr/lib/system/libxpc.dylib
0x0000000000fce000 	/usr/lib/libbz2.1.0.dylib
0x0000000000fce000 	/usr/lib/liblzma.5.dylib
0x0000000000fce000 	/usr/lib/libbsm.0.dylib
0x0000000000fce000 	/usr/lib/libsqlite3.dylib
0x0000000000fce000 	/usr/lib/system/libkxld.dylib
0x0000000000fce000 	/usr/lib/libxar.1.dylib
0x0000000000fce000 	/usr/lib/libpam.2.dylib
0x0000000000fce000 	/usr/lib/libOpenScriptingUtil.dylib
0x0000000000fce000 	/System/Library/Frameworks/CoreServices.framework/Versions/A/Frameworks/FSEvents.framework/Versions/A/FSEvents
0x0000000000fce000 	/System/Library/Frameworks/CoreServices.framework/Versions/A/Frameworks/CarbonCore.framework/Versions/A/CarbonCore
0x0000000000fce000 	/System/Library/Frameworks/CoreServices.framework/Versions/A/Frameworks/Metadata.framework/Versions/A/Metadata
0x0000000000fce000 	/System/Library/Frameworks/CoreServices.framework/Versions/A/Frameworks/OSServices.framework/Versions/A/OSServices
0x0000000000fce000 	/System/Library/Frameworks/CoreServices.framework/Versions/A/Frameworks/SearchKit.framework/Versions/A/SearchKit
0x0000000000fce000 	/System/Library/Frameworks/CoreServices.framework/Versions/A/Frameworks/AE.framework/Versions/A/AE
0x0000000000fce000 	/System/Library/Frameworks/CoreServices.framework/Versions/A/Frameworks/LaunchServices.framework/Versions/A/LaunchServices
0x0000000000fce000 	/System/Library/Frameworks/CoreServices.framework/Versions/A/Frameworks/DictionaryServices.framework/Versions/A/DictionaryServices
0x0000000000fce000 	/System/Library/Frameworks/NetFS.framework/Versions/A/NetFS
0x0000000000fce000 	/System/Library/PrivateFrameworks/NetAuth.framework/Versions/A/NetAuth
0x0000000000fce000 	/System/Library/PrivateFrameworks/login.framework/Versions/A/Frameworks/loginsupport.framework/Versions/A/loginsupport
0x0000000000fce000 	/System/Library/PrivateFrameworks/TCC.framework/Versions/A/TCC
0x0000000000fce000 	/usr/lib/libmecabra.dylib
0x0000000000fce000 	/System/Library/Frameworks/ApplicationServices.framework/Versions/A/Frameworks/ATS.framework/Versions/A/ATS
0x0000000000fce000 	/System/Library/Frameworks/ApplicationServices.framework/Versions/A/Frameworks/ColorSync.framework/Versions/A/ColorSync
0x0000000000fce000 	/System/Library/Frameworks/ApplicationServices.framework/Versions/A/Frameworks/HIServices.framework/Versions/A/HIServices
0x0000000000fce000 	/System/Library/Frameworks/ApplicationServices.framework/Versions/A/Frameworks/LangAnalysis.framework/Versions/A/LangAnalysis
0x0000000000fce000 	/System/Library/Frameworks/ApplicationServices.framework/Versions/A/Frameworks/PrintCore.framework/Versions/A/PrintCore
0x0000000000fce000 	/System/Library/Frameworks/ApplicationServices.framework/Versions/A/Frameworks/QD.framework/Versions/A/QD
0x0000000000fce000 	/System/Library/Frameworks/ApplicationServices.framework/Versions/A/Frameworks/SpeechSynthesis.framework/Versions/A/SpeechSynthesis
0x0000000000fce000 	/System/Library/Frameworks/Accelerate.framework/Versions/A/Accelerate
0x0000000000fce000 	/System/Library/Frameworks/Accelerate.framework/Versions/A/Frameworks/vImage.framework/Versions/A/vImage
0x0000000000fce000 	/System/Library/Frameworks/Accelerate.framework/Versions/A/Frameworks/vecLib.framework/Versions/A/vecLib
0x0000000000fce000 	/System/Library/Frameworks/Accelerate.framework/Versions/A/Frameworks/vecLib.framework/Versions/A/libvDSP.dylib
0x0000000000fce000 	/System/Library/Frameworks/Accelerate.framework/Versions/A/Frameworks/vecLib.framework/Versions/A/libvMisc.dylib
0x0000000000fce000 	/System/Library/Frameworks/Accelerate.framework/Versions/A/Frameworks/vecLib.framework/Versions/A/libLAPACK.dylib
0x0000000000fce000 	/System/Library/Frameworks/Accelerate.framework/Versions/A/Frameworks/vecLib.framework/Versions/A/libBLAS.dylib
0x0000000000fce000 	/System/Library/Frameworks/Accelerate.framework/Versions/A/Frameworks/vecLib.framework/Versions/A/libLinearAlgebra.dylib
0x0000000000fce000 	/System/Library/Frameworks/ApplicationServices.framework/Versions/A/Frameworks/ATS.framework/Versions/A/Resources/libFontParser.dylib
0x0000000000fce000 	/System/Library/Frameworks/ApplicationServices.framework/Versions/A/Frameworks/ATS.framework/Versions/A/Resources/libFontRegistry.dylib
0x0000000000fce000 	/System/Library/PrivateFrameworks/AppleVPA.framework/Versions/A/AppleVPA
0x0000000000fce000 	/System/Library/PrivateFrameworks/AppleJPEG.framework/Versions/A/AppleJPEG
0x0000000000fce000 	/System/Library/Frameworks/ImageIO.framework/Versions/A/Resources/libJPEG.dylib
0x0000000000fce000 	/System/Library/Frameworks/ImageIO.framework/Versions/A/Resources/libTIFF.dylib
0x0000000000fce000 	/System/Library/Frameworks/ImageIO.framework/Versions/A/Resources/libPng.dylib
0x0000000000fce000 	/System/Library/Frameworks/ImageIO.framework/Versions/A/Resources/libGIF.dylib
0x0000000000fce000 	/System/Library/Frameworks/ImageIO.framework/Versions/A/Resources/libJP2.dylib
0x0000000000fce000 	/System/Library/Frameworks/ImageIO.framework/Versions/A/Resources/libRadiance.dylib
0x0000000000fce000 	/System/Library/Frameworks/CoreVideo.framework/Versions/A/CoreVideo
0x0000000000fce000 	/System/Library/Frameworks/OpenGL.framework/Versions/A/Libraries/libGLU.dylib
0x0000000000fce000 	/System/Library/Frameworks/OpenGL.framework/Versions/A/Libraries/libGFXShared.dylib
0x0000000000fce000 	/System/Library/Frameworks/OpenGL.framework/Versions/A/Libraries/libGL.dylib
0x0000000000fce000 	/System/Library/Frameworks/OpenGL.framework/Versions/A/Libraries/libGLImage.dylib
0x0000000000fce000 	/System/Library/Frameworks/OpenGL.framework/Versions/A/Libraries/libCVMSPluginSupport.dylib
0x0000000000fce000 	/System/Library/Frameworks/OpenGL.framework/Versions/A/Libraries/libCoreVMClient.dylib
0x0000000000fce000 	/usr/lib/libcups.2.dylib
0x0000000000fce000 	/System/Library/Frameworks/Kerberos.framework/Versions/A/Kerberos
0x0000000000fce000 	/System/Library/Frameworks/GSS.framework/Versions/A/GSS
0x0000000000fce000 	/usr/lib/libresolv.9.dylib
0x0000000000fce000 	/usr/lib/libiconv.2.dylib
0x0000000000fce000 	/System/Library/PrivateFrameworks/Heimdal.framework/Versions/A/Heimdal
0x0000000000fce000 	/usr/lib/libheimdal-asn1.dylib
0x0000000000fce000 	/System/Library/Frameworks/OpenDirectory.framework/Versions/A/OpenDirectory
0x0000000000fce000 	/System/Library/PrivateFrameworks/CommonAuth.framework/Versions/A/CommonAuth
0x0000000000fce000 	/System/Library/Frameworks/OpenDirectory.framework/Versions/A/Frameworks/CFOpenDirectory.framework/Versions/A/CFOpenDirectory
0x0000000000fce000 	/System/Library/Frameworks/SecurityFoundation.framework/Versions/A/SecurityFoundation
0x0000000000fce000 	/System/Library/PrivateFrameworks/LanguageModeling.framework/Versions/A/LanguageModeling
0x0000000000fce000 	/usr/lib/libcmph.dylib
0x0000000000fce000 	/System/Library/Frameworks/ServiceManagement.framework/Versions/A/ServiceManagement
0x0000000000fce000 	/usr/lib/libxslt.1.dylib
0x0000000000fce000 	/System/Library/Frameworks/Carbon.framework/Versions/A/Frameworks/Ink.framework/Versions/A/Ink
0x0000000000fce000 	/System/Library/Frameworks/QuartzCore.framework/Versions/A/Frameworks/CoreImage.framework/Versions/A/CoreImage
0x0000000000fce000 	/System/Library/PrivateFrameworks/CrashReporterSupport.framework/Versions/A/CrashReporterSupport
0x0000000000fce000 	/System/Library/Frameworks/OpenCL.framework/Versions/A/OpenCL
0x0000000000fce000 	/System/Library/PrivateFrameworks/FaceCore.framework/Versions/A/FaceCore
0x0000000000fce000 	/System/Library/PrivateFrameworks/Ubiquity.framework/Versions/A/Ubiquity
0x0000000000fce000 	/System/Library/PrivateFrameworks/IconServices.framework/Versions/A/IconServices
0x0000000000fce000 	/System/Library/PrivateFrameworks/ChunkingLibrary.framework/Versions/A/ChunkingLibrary
0x0000000000fce000 	/System/Library/PrivateFrameworks/Apple80211.framework/Versions/A/Apple80211
0x0000000000fce000 	/System/Library/Frameworks/CoreWLAN.framework/Versions/A/CoreWLAN
0x0000000000fce000 	/System/Library/Frameworks/IOBluetooth.framework/Versions/A/IOBluetooth
0x0000000000fce000 	/System/Library/PrivateFrameworks/CoreWiFi.framework/Versions/A/CoreWiFi
0x0000000000fce000 	/System/Library/Frameworks/CoreBluetooth.framework/Versions/A/CoreBluetooth
0x0000000000fce000 	/System/Library/PrivateFrameworks/DebugSymbols.framework/Versions/A/DebugSymbols
0x0000000000fce000 	/System/Library/PrivateFrameworks/CoreSymbolication.framework/Versions/A/CoreSymbolication
0x0000000000fce000 	/System/Library/PrivateFrameworks/Symbolication.framework/Versions/A/Symbolication
0x0000000000fce000 	/System/Library/PrivateFrameworks/SpeechRecognitionCore.framework/Versions/A/SpeechRecognitionCore
0x000000010c800000 	/Library/Java/JavaVirtualMachines/jdk1.8.0_73.jdk/Contents/Home/jre/lib/server/libjvm.dylib
0x0000000000fce000 	/usr/lib/libstdc++.6.dylib
0x000000010bf62000 	/Library/Java/JavaVirtualMachines/jdk1.8.0_73.jdk/Contents/Home/jre/lib/libverify.dylib
0x000000010bf70000 	/Library/Java/JavaVirtualMachines/jdk1.8.0_73.jdk/Contents/Home/jre/lib/libjava.dylib
0x000000010bfaf000 	/Library/Java/JavaVirtualMachines/jdk1.8.0_73.jdk/Contents/Home/jre/lib/libzip.dylib
0x000000012125f000 	/System/Library/Frameworks/JavaVM.framework/Frameworks/JavaRuntimeSupport.framework/JavaRuntimeSupport
0x0000000121277000 	/System/Library/Frameworks/JavaVM.framework/Versions/A/Frameworks/JavaNativeFoundation.framework/Versions/A/JavaNativeFoundation
0x000000012128c000 	/System/Library/Frameworks/JavaVM.framework/Versions/A/JavaVM
0x0000000000fce000 	/System/Library/Frameworks/Carbon.framework/Versions/A/Carbon
0x0000000121299000 	/System/Library/PrivateFrameworks/JavaLaunching.framework/Versions/A/JavaLaunching
0x0000000000fce000 	/System/Library/Frameworks/Carbon.framework/Versions/A/Frameworks/CommonPanels.framework/Versions/A/CommonPanels
0x0000000000fce000 	/System/Library/Frameworks/Carbon.framework/Versions/A/Frameworks/Help.framework/Versions/A/Help
0x0000000000fce000 	/System/Library/Frameworks/Carbon.framework/Versions/A/Frameworks/ImageCapture.framework/Versions/A/ImageCapture
0x0000000000fce000 	/System/Library/Frameworks/Carbon.framework/Versions/A/Frameworks/OpenScripting.framework/Versions/A/OpenScripting
0x0000000000fce000 	/System/Library/Frameworks/Carbon.framework/Versions/A/Frameworks/Print.framework/Versions/A/Print
0x0000000000fce000 	/System/Library/Frameworks/Carbon.framework/Versions/A/Frameworks/SecurityHI.framework/Versions/A/SecurityHI
0x000000012310c000 	/Library/Java/JavaVirtualMachines/jdk1.8.0_73.jdk/Contents/Home/jre/lib/libawt.dylib
0x00000001231b4000 	/Library/Java/JavaVirtualMachines/jdk1.8.0_73.jdk/Contents/Home/jre/lib/./libmlib_image.dylib
0x0000000123280000 	/Library/Java/JavaVirtualMachines/jdk1.8.0_73.jdk/Contents/Home/jre/lib/libawt_lwawt.dylib
0x0000000123335000 	/Library/Java/JavaVirtualMachines/jdk1.8.0_73.jdk/Contents/Home/jre/lib/./libosxapp.dylib
0x0000000000fce000 	/System/Library/Frameworks/ExceptionHandling.framework/Versions/A/ExceptionHandling
0x0000000000fce000 	/System/Library/PrivateFrameworks/CoreServicesInternal.framework/Versions/A/CoreServicesInternal
0x0000000000fce000 	/System/Library/PrivateFrameworks/CloudDocs.framework/Versions/A/CloudDocs
0x0000000000fce000 	/System/Library/PrivateFrameworks/CoreDuet.framework/Versions/A/CoreDuet
0x0000000000fce000 	/System/Library/Frameworks/CloudKit.framework/Versions/A/CloudKit
0x0000000000fce000 	/System/Library/PrivateFrameworks/ProtocolBuffer.framework/Versions/A/ProtocolBuffer
0x0000000000fce000 	/System/Library/PrivateFrameworks/CoreDuetDaemonProtocol.framework/Versions/A/CoreDuetDaemonProtocol
0x0000000000fce000 	/System/Library/PrivateFrameworks/CoreDuetDebugLogging.framework/Versions/A/CoreDuetDebugLogging
0x0000000000fce000 	/System/Library/PrivateFrameworks/MMCS.framework/Versions/A/MMCS
0x0000000000fce000 	/System/Library/Frameworks/CoreLocation.framework/Versions/A/CoreLocation
0x0000000000fce000 	/System/Library/PrivateFrameworks/ProtectedCloudStorage.framework/Versions/A/ProtectedCloudStorage
0x0000000000fce000 	/System/Library/PrivateFrameworks/GeoServices.framework/Versions/A/GeoServices
0x0000000000fce000 	/System/Library/Frameworks/CoreGraphics.framework/Versions/A/Resources/libCGCMS.A.dylib
0x0000000000fce000 	/System/Library/Frameworks/CoreGraphics.framework/Versions/A/Resources/libRIP.A.dylib
0x0000000000fce000 	/System/Library/Frameworks/CoreGraphics.framework/Versions/A/Resources/libCGXType.A.dylib
0x0000000000fce000 	/System/Library/Frameworks/OpenCL.framework/Versions/A/Libraries/libcldcpuengine.dylib
0x0000000000fce000 	/System/Library/PrivateFrameworks/DiskImages.framework/Versions/A/DiskImages
0x0000000000fce000 	/System/Library/Frameworks/DiscRecording.framework/Versions/A/DiscRecording
0x0000000000fce000 	/usr/lib/libcsfde.dylib
0x0000000000fce000 	/usr/lib/libcurl.4.dylib
0x0000000000fce000 	/System/Library/PrivateFrameworks/MediaKit.framework/Versions/A/MediaKit
0x0000000000fce000 	/usr/lib/libCoreStorage.dylib
0x0000000000fce000 	/System/Library/PrivateFrameworks/EFILogin.framework/Versions/A/EFILogin
0x0000000000fce000 	/usr/lib/libutil.dylib
0x0000000000fce000 	/System/Library/PrivateFrameworks/FindMyDevice.framework/Versions/A/FindMyDevice
0x0000000000fce000 	/System/Library/Frameworks/LDAP.framework/Versions/A/LDAP
0x0000000000fce000 	/usr/lib/libsasl2.2.dylib
0x0000000000fce000 	/System/Library/PrivateFrameworks/CoreDaemon.framework/Versions/B/CoreDaemon
0x0000000000fce000 	/usr/lib/libcrypto.0.9.8.dylib
0x0000000000fce000 	/System/Library/PrivateFrameworks/AppleSRP.framework/Versions/A/AppleSRP
0x0000000000fce000 	/System/Library/PrivateFrameworks/TrustEvaluationAgent.framework/Versions/A/TrustEvaluationAgent
0x00000001266b3000 	cl_kernels
0x00000001266b5000 	/System/Library/Frameworks/OpenCL.framework/Versions/A/Libraries/ImageFormats/unorm8_bgra.dylib
0x00000001266a4000 	cl_kernels
0x0000000000fce000 	/System/Library/PrivateFrameworks/FamilyControls.framework/Versions/A/FamilyControls
0x0000000000fce000 	/System/Library/PrivateFrameworks/CommerceKit.framework/Versions/A/Frameworks/CommerceCore.framework/Versions/A/CommerceCore
0x0000000000fce000 	/System/Library/PrivateFrameworks/SystemAdministration.framework/Versions/A/SystemAdministration
0x0000000000fce000 	/System/Library/PrivateFrameworks/AppContainer.framework/Versions/A/AppContainer
0x0000000000fce000 	/System/Library/PrivateFrameworks/SecCodeWrapper.framework/Versions/A/SecCodeWrapper
0x0000000000fce000 	/System/Library/Frameworks/DirectoryService.framework/Versions/A/DirectoryService
0x0000000000fce000 	/System/Library/PrivateFrameworks/LoginUIKit.framework/Versions/A/Frameworks/LoginUICore.framework/Versions/A/LoginUICore
0x0000000000fce000 	/usr/lib/libodfde.dylib
0x0000000000fce000 	/System/Library/Frameworks/OpenGL.framework/Versions/A/Resources/GLEngine.bundle/GLEngine
0x0000000000fce000 	/System/Library/Frameworks/OpenGL.framework/Versions/A/Libraries/libGLProgrammability.dylib
0x0000000127a21000 	/System/Library/Extensions/AppleIntelHD4000GraphicsGLDriver.bundle/Contents/MacOS/AppleIntelHD4000GraphicsGLDriver
0x0000000000fce000 	/System/Library/PrivateFrameworks/IOAccelerator.framework/Versions/A/IOAccelerator
0x0000000000fce000 	/System/Library/PrivateFrameworks/GPUSupport.framework/Versions/A/Libraries/libGPUSupportMercury.dylib
0x0000000000fce000 	/System/Library/Frameworks/OpenGL.framework/Versions/A/Resources/GLRendererFloat.bundle/GLRendererFloat
0x0000000128a16000 	/Library/Java/JavaVirtualMachines/jdk1.8.0_73.jdk/Contents/Home/jre/lib/libfontmanager.dylib
0x0000000129c92000 	/Library/Java/JavaVirtualMachines/jdk1.8.0_73.jdk/Contents/Home/jre/lib/libosxui.dylib
0x0000000129d61000 	/Library/Java/JavaVirtualMachines/jdk1.8.0_73.jdk/Contents/Home/jre/lib/libnet.dylib
0x0000000129d78000 	/Library/Java/JavaVirtualMachines/jdk1.8.0_73.jdk/Contents/Home/jre/lib/libnio.dylib
0x0000000000fce000 	/System/Library/Frameworks/ApplicationServices.framework/Versions/A/Frameworks/ATS.framework/Versions/A/Resources/libTrueTypeScaler.dylib
0x000000019640a000 	/private/var/folders/gx/lpn_2smn21b5jx4mf4ptd0z40000gn/T/jogamp_0000/file_cache/jln6731105682201929401/jln3693808329011177278/libgluegen-rt.jnilib
0x000000019640e000 	/private/var/folders/gx/lpn_2smn21b5jx4mf4ptd0z40000gn/T/jogamp_0000/file_cache/jln6731105682201929401/jln3693808329011177278/libnativewindow_awt.jnilib
0x0000000196411000 	/Library/Java/JavaVirtualMachines/jdk1.8.0_73.jdk/Contents/Home/jre/lib/libjawt.dylib
0x0000000196414000 	/private/var/folders/gx/lpn_2smn21b5jx4mf4ptd0z40000gn/T/jogamp_0000/file_cache/jln6731105682201929401/jln3693808329011177278/libnativewindow_macosx.jnilib
0x0000000197fce000 	/private/var/folders/gx/lpn_2smn21b5jx4mf4ptd0z40000gn/T/jogamp_0000/file_cache/jln6731105682201929401/jln3693808329011177278/libjogl_desktop.jnilib
0x000000019a7f5000 	/Library/Java/JavaVirtualMachines/jdk1.8.0_73.jdk/Contents/Home/jre/lib/libt2k.dylib
0x0000000000fce000 	/System/Library/Frameworks/Accelerate.framework/Versions/A/Frameworks/vImage.framework/Versions/A/Libraries/libCGInterfaces.dylib

VM Arguments:
jvm_args: -Djava.security.policy=java.policy.applet -Dfile.encoding=UTF-8 
java_command: sun.applet.AppletViewer module6.EarthquakeCityMap1458448723872.html
java_class_path (initial): /Volumes/Other/ComputerScience/Java/Coursera/Java Programming Object-Oriented Design of Data Structures Specialization/UCSDUnfoldingMaps/build:/Volumes/Other/ComputerScience/Java/Coursera/Java Programming Object-Oriented Design of Data Structures Specialization/UCSDUnfoldingMaps/lib/core.jar:/Volumes/Other/ComputerScience/Java/Coursera/Java Programming Object-Oriented Design of Data Structures Specialization/UCSDUnfoldingMaps/lib/gluegen-rt.jar:/Volumes/Other/ComputerScience/Java/Coursera/Java Programming Object-Oriented Design of Data Structures Specialization/UCSDUnfoldingMaps/lib/jogl-all.jar:/Volumes/Other/ComputerScience/Java/Coursera/Java Programming Object-Oriented Design of Data Structures Specialization/UCSDUnfoldingMaps/lib/log4j-1.2.15.jar:/Volumes/Other/ComputerScience/Java/Coursera/Java Programming Object-Oriented Design of Data Structures Specialization/UCSDUnfoldingMaps/lib/sqlite-jdbc-3.7.2.jar:/Volumes/Other/ComputerScience/Java/Coursera/Java Programming Object-Oriented Design of Data Structures Specialization/UCSDUnfoldingMaps/lib/json4processing.jar:/Volumes/Other/ComputerScience/Java/Coursera/Java Programming Object-Oriented Design of Data Structures Specialization/UCSDUnfoldingMaps/lib/libTUIO.jar:/Volumes/Other/ComputerScience/Java/Coursera/Java Programming Object-Oriented Design of Data Structures Specialization/UCSDUnfoldingMaps/lib/unfolding.0.9.7-uscd.jar:/Volumes/Other/ComputerScience/Java/Coursera/Java Programming Object-Oriented Design of Data Structures Specialization/UCSDUnfoldingMaps/lib/controlP5/library/controlP5.jar:/Users/zhihuixie/Downloads/geonames-source-1.1.13.jar:/Users/zhihuixie/Downloads/jdom/build/jdom-1.1.3.jar
Launcher Type: SUN_STANDARD

Environment Variables:
PATH=/usr/bin:/bin:/usr/sbin:/sbin
SHELL=/bin/bash

Signal Handlers:
SIGSEGV: [libjvm.dylib+0x5a71a5], sa_mask[0]=11111111011111110111111111111111, sa_flags=SA_ONSTACK|SA_RESTART|SA_SIGINFO
SIGBUS: [libjvm.dylib+0x5a71a5], sa_mask[0]=11111111011111110111111111111111, sa_flags=SA_RESTART|SA_SIGINFO
SIGFPE: [libjvm.dylib+0x480eb4], sa_mask[0]=11111111011111110111111111111111, sa_flags=SA_RESTART|SA_SIGINFO
SIGPIPE: [libjvm.dylib+0x480eb4], sa_mask[0]=11111111011111110111111111111111, sa_flags=SA_RESTART|SA_SIGINFO
SIGXFSZ: [libjvm.dylib+0x480eb4], sa_mask[0]=11111111011111110111111111111111, sa_flags=SA_RESTART|SA_SIGINFO
SIGILL: [libjvm.dylib+0x480eb4], sa_mask[0]=11111111011111110111111111111111, sa_flags=SA_RESTART|SA_SIGINFO
SIGUSR1: SIG_DFL, sa_mask[0]=00000000000000000000000000000000, sa_flags=none
SIGUSR2: [libjvm.dylib+0x4809d2], sa_mask[0]=00100000000000000000000000000000, sa_flags=SA_RESTART|SA_SIGINFO
SIGHUP: [libjvm.dylib+0x47efa9], sa_mask[0]=11111111011111110111111111111111, sa_flags=SA_RESTART|SA_SIGINFO
SIGINT: [libjvm.dylib+0x47efa9], sa_mask[0]=11111111011111110111111111111111, sa_flags=SA_RESTART|SA_SIGINFO
SIGTERM: [libjvm.dylib+0x47efa9], sa_mask[0]=11111111011111110111111111111111, sa_flags=SA_RESTART|SA_SIGINFO
SIGQUIT: [libjvm.dylib+0x47efa9], sa_mask[0]=11111111011111110111111111111111, sa_flags=SA_RESTART|SA_SIGINFO


---------------  S Y S T E M  ---------------

OS:Bsduname:Darwin 14.5.0 Darwin Kernel Version 14.5.0: Wed Jul 29 02:26:53 PDT 2015; root:xnu-2782.40.9~1/RELEASE_X86_64 x86_64
rlimit: STACK 8192k, CORE 0k, NPROC 709, NOFILE 10240, AS infinity
load average:2.34 2.07 1.93

CPU:total 4 (2 cores per cpu, 2 threads per core) family 6 model 58 stepping 9, cmov, cx8, fxsr, mmx, sse, sse2, sse3, ssse3, sse4.1, sse4.2, popcnt, avx, aes, clmul, erms, ht, tsc, tscinvbit, tscinv

Memory: 4k page, physical 4194304k(291532k free)

/proc/meminfo:


vm_info: Java HotSpot(TM) 64-Bit Server VM (25.73-b02) for bsd-amd64 JRE (1.8.0_73-b02), built on Jan 29 2016 15:02:00 by "java_re" with gcc 4.2.1 (Based on Apple Inc. build 5658) (LLVM build 2336.11.00)

time: Sat Mar 19 21:43:26 2016
elapsed time: 281 seconds (0d 0h 4m 41s)

