#
# A fatal error has been detected by the Java Runtime Environment:
#
#  SIGSEGV (0xb) at pc=0x00007fff85cf20dd, pid=2933, tid=1811
#
# JRE version: Java(TM) SE Runtime Environment (8.0_73-b02) (build 1.8.0_73-b02)
# Java VM: Java HotSpot(TM) 64-Bit Server VM (25.73-b02 mixed mode bsd-amd64 compressed oops)
# Problematic frame:
# C  [libobjc.A.dylib+0x10dd]  objc_msgSend+0x1d
#
# Failed to write core dump. Core dumps have been disabled. To enable core dumping, try "ulimit -c unlimited" before starting Java again
#
# If you would like to submit a bug report, please visit:
#   http://bugreport.java.com/bugreport/crash.jsp
# The crash happened outside the Java Virtual Machine in native code.
# See problematic frame for where to report the bug.
#

---------------  T H R E A D  ---------------

Current thread (0x00007fed52123800):  JavaThread "AWT-AppKit" daemon [_thread_in_native, id=1811, stack(0x00007fff547e1000,0x00007fff54fe1000)]

siginfo: si_signo: 11 (SIGSEGV), si_code: 1 (SEGV_MAPERR), si_addr: 0x0000000000000018

Registers:
RAX=0x00007fed56944b10, RBX=0x00000001951b5450, RCX=0x00000001279d6120, RDX=0x00000001279d6900
RSP=0x00007fff54fdc1b8, RBP=0x00007fff54fdc270, RSI=0x00007fff86d6c40f, RDI=0x00007fed56853070
R8 =0x0000000000000000, R9 =0x0000000000000f50, R10=0x00007fff86d6c40f, R11=0x0000000000000000
R12=0x0000000000000000, R13=0x00000001974b1fd8, R14=0x00000001951b5440, R15=0x00007fed52123800
RIP=0x00007fff85cf20dd, EFLAGS=0x0000000000010246, ERR=0x0000000000000004
  TRAPNO=0x000000000000000e

Top of Stack: (sp=0x00007fff54fdc1b8)
0x00007fff54fdc1b8:   00000001951b3157 00007fff54fdc210
0x00007fff54fdc1c8:   0000000000000003 00007fff54fdc1f0
0x00007fff54fdc1d8:   000000010b7f1646 00000001974b1fd8
0x00007fff54fdc1e8:   00000001974b1fd8 00007fed56944b10
0x00007fff54fdc1f8:   00000001951b56a0 00000001951b5710
0x00007fff54fdc208:   00007fff732cd550 00007fff73171c80
0x00007fff54fdc218:   00000001951b5450 00000001951b5690
0x00007fff54fdc228:   00007fed56944b10 00007fed56853070
0x00007fff54fdc238:   00007fed516cd590 00007fed56944b10
0x00007fff54fdc248:   00007fed56853070 00007fff54fdc2f8
0x00007fff54fdc258:   00007fed521239f8 00000001974b1fd8
0x00007fff54fdc268:   00007fff54fdc320 00007fff54fdc2e8
0x00007fff54fdc278:   000000010c6a5954 00000001974b1fd8
0x00007fff54fdc288:   00007fff54fdc320 00007fff54fdc2e8
0x00007fff54fdc298:   000000010c6a56e7 000000010c6a56a2
0x00007fff54fdc2a8:   00007fff54fdc2a8 00000001974b1fd8
0x00007fff54fdc2b8:   00007fff54fdc320 00000001974b4c10
0x00007fff54fdc2c8:   0000000000000000 00000001974b1fd8
0x00007fff54fdc2d8:   0000000000000000 00007fff54fdc308
0x00007fff54fdc2e8:   00007fff54fdc368 000000010c697c4d
0x00007fff54fdc2f8:   0000000780b0f718 000000010c69f578
0x00007fff54fdc308:   00007fed56944b10 00007fff54fdc368
0x00007fff54fdc318:   00007fed56853070 000000010c6a0d82
0x00007fff54fdc328:   00007fff54fdc328 00000001974b21a2
0x00007fff54fdc338:   00007fff54fdc390 00000001974b4c10
0x00007fff54fdc348:   0000000000000000 00000001974b21b0
0x00007fff54fdc358:   00007fff54fdc308 00007fff54fdc378
0x00007fff54fdc368:   00007fff54fdc3d8 000000010c697c4d
0x00007fff54fdc378:   00007fed56944b10 0000000780ba0ca0
0x00007fff54fdc388:   00007fed56853070 0000000780ba0ca0
0x00007fff54fdc398:   00007fff54fdc398 00000001a11cd31e
0x00007fff54fdc3a8:   00007fff54fdc3e8 00000001a11cd3d8 

Instructions: (pc=0x00007fff85cf20dd)
0x00007fff85cf20bd:   00 00 00 48 85 ff 2e 74 7a 40 f6 c7 01 2e 75 7e
0x00007fff85cf20cd:   49 bb f8 ff ff ff ff 7f 00 00 4c 23 1f 49 89 f2
0x00007fff85cf20dd:   45 23 53 18 49 c1 e2 04 4d 03 53 10 49 3b 32 75
0x00007fff85cf20ed:   04 41 ff 62 08 49 83 3a 00 74 6a 4d 3b 53 10 74 

Register to memory mapping:

RAX=0x00007fed56944b10 is an unknown value
RBX=0x00000001951b5450: Java_jogamp_nativewindow_macosx_OSXUtil_GetScreenRefreshRate0+0x1cf0 in /private/var/folders/gx/lpn_2smn21b5jx4mf4ptd0z40000gn/T/jogamp_0000/file_cache/jln2225185739898644126/jln5576202445420462439/libnativewindow_macosx.jnilib at 0x00000001951ae000
RCX=0x00000001279d6120 is an unknown value
RDX=0x00000001279d6900 is an unknown value
RSP=0x00007fff54fdc1b8 is pointing into the stack for thread: 0x00007fed52123800
RBP=0x00007fff54fdc270 is pointing into the stack for thread: 0x00007fed52123800
RSI=0x00007fff86d6c40f is an unknown value
RDI=0x00007fed56853070 is an unknown value
R8 =0x0000000000000000 is an unknown value
R9 =0x0000000000000f50 is an unknown value
R10=0x00007fff86d6c40f is an unknown value
R11=0x0000000000000000 is an unknown value
R12=0x0000000000000000 is an unknown value
R13={method} {0x00000001974b1fd8} 'UnsetJAWTRootSurfaceLayer0' '(JJ)V' in 'jogamp/nativewindow/jawt/macosx/MacOSXJAWTWindow'
R14=0x00000001951b5440: Java_jogamp_nativewindow_macosx_OSXUtil_GetScreenRefreshRate0+0x1ce0 in /private/var/folders/gx/lpn_2smn21b5jx4mf4ptd0z40000gn/T/jogamp_0000/file_cache/jln2225185739898644126/jln5576202445420462439/libnativewindow_macosx.jnilib at 0x00000001951ae000
R15=0x00007fed52123800 is a thread


Stack: [0x00007fff547e1000,0x00007fff54fe1000],  sp=0x00007fff54fdc1b8,  free space=8172k
Native frames: (J=compiled Java code, j=interpreted, Vv=VM code, C=native code)
C  [libobjc.A.dylib+0x10dd]  objc_msgSend+0x1d
j  jogamp.nativewindow.jawt.macosx.MacOSXJAWTWindow.UnsetJAWTRootSurfaceLayer0(JJ)V+0
j  jogamp.nativewindow.jawt.macosx.MacOSXJAWTWindow.access$200(JJ)V+2
j  jogamp.nativewindow.jawt.macosx.MacOSXJAWTWindow$1.run()V+38
j  com.jogamp.common.util.RunnableTask.run()V+24
v  ~StubRoutines::call_stub
V  [libjvm.dylib+0x2eae7a]  JavaCalls::call_helper(JavaValue*, methodHandle*, JavaCallArguments*, Thread*)+0x6ae
V  [libjvm.dylib+0x321f83]  jni_invoke_nonstatic(JNIEnv_*, JavaValue*, _jobject*, JNICallType, _jmethodID*, JNI_ArgumentPusher*, Thread*)+0x2ec
V  [libjvm.dylib+0x314757]  jni_CallVoidMethod+0x16b
C  [libnativewindow_macosx.jnilib+0x5326]  Java_jogamp_nativewindow_jawt_macosx_MacOSXJAWTWindow_UnsetJAWTRootSurfaceLayer0+0x2b6
C  [Foundation+0x92dd0]  __NSThreadPerformPerform+0x125
C  [CoreFoundation+0x80a01]  __CFRUNLOOP_IS_CALLING_OUT_TO_A_SOURCE0_PERFORM_FUNCTION__+0x11
C  [CoreFoundation+0x72c5c]  __CFRunLoopDoSources0+0x1dc
C  [CoreFoundation+0x721bf]  __CFRunLoopRun+0x39f
C  [CoreFoundation+0x71bd8]  CFRunLoopRunSpecific+0x128
C  [HIToolbox+0x3256f]  RunCurrentEventLoopInMode+0xeb
C  [HIToolbox+0x321ee]  ReceiveNextEventCommon+0xb3
C  [HIToolbox+0x3212b]  _BlockUntilNextEventMatchingListInModeWithFilter+0x47
C  [AppKit+0x918ab]  _DPSNextEvent+0x3d2
C  [AppKit+0x90e58]  -[NSApplication nextEventMatchingMask:untilDate:inMode:dequeue:]+0x15a
C  [libosxapp.dylib+0x23aa]  -[NSApplicationAWT nextEventMatchingMask:untilDate:inMode:dequeue:]+0x7c
C  [AppKit+0x86af3]  -[NSApplication run]+0x252
C  [libosxapp.dylib+0x214d]  +[NSApplicationAWT runAWTLoopWithApp:]+0x9c
C  [libawt_lwawt.dylib+0x4455b]  -[AWTStarter starter:]+0x389
C  [Foundation+0x92dd0]  __NSThreadPerformPerform+0x125
C  [CoreFoundation+0x80a01]  __CFRUNLOOP_IS_CALLING_OUT_TO_A_SOURCE0_PERFORM_FUNCTION__+0x11
C  [CoreFoundation+0x72b8d]  __CFRunLoopDoSources0+0x10d
C  [CoreFoundation+0x721bf]  __CFRunLoopRun+0x39f
C  [CoreFoundation+0x71bd8]  CFRunLoopRunSpecific+0x128
C  [java+0x6463]  CreateExecutionEnvironment+0x367
C  [java+0x21ac]  JLI_Launch+0x7a0
C  [java+0x84c0]  main+0x65
C  [java+0x1a04]  start+0x34
C  0x0000000000000007

Java frames: (J=compiled Java code, j=interpreted, Vv=VM code)
j  jogamp.nativewindow.jawt.macosx.MacOSXJAWTWindow.UnsetJAWTRootSurfaceLayer0(JJ)V+0
j  jogamp.nativewindow.jawt.macosx.MacOSXJAWTWindow.access$200(JJ)V+2
j  jogamp.nativewindow.jawt.macosx.MacOSXJAWTWindow$1.run()V+38
j  com.jogamp.common.util.RunnableTask.run()V+24
v  ~StubRoutines::call_stub

---------------  P R O C E S S  ---------------

Java Threads: ( => current thread )
  0x00007fed58857000 JavaThread "Thread-50" [_thread_blocked, id=63267, stack(0x00000001a04fe000,0x00000001a05fe000)]
  0x00007fed58d17000 JavaThread "TimerQueue" daemon [_thread_blocked, id=64543, stack(0x00000001a03fb000,0x00000001a04fb000)]
  0x00007fed52689000 JavaThread "AWT-EventQueue-1" [_thread_in_native, id=56615, stack(0x00000001957bf000,0x00000001958bf000)]
  0x00007fed528b3800 JavaThread "DestroyJavaVM" [_thread_blocked, id=4867, stack(0x000000010c58e000,0x000000010c68e000)]
  0x00007fed53175000 JavaThread "AWT-EventQueue-0" [_thread_blocked, id=54275, stack(0x00000001289eb000,0x0000000128aeb000)]
  0x00007fed53173800 JavaThread "Java2D Disposer" daemon [_thread_blocked, id=51475, stack(0x0000000127767000,0x0000000127867000)]
  0x00007fed52185800 JavaThread "Java2D Queue Flusher" daemon [_thread_blocked, id=48667, stack(0x0000000126772000,0x0000000126872000)]
  0x00007fed51807000 JavaThread "AWT-Shutdown" [_thread_blocked, id=28179, stack(0x0000000123e22000,0x0000000123f22000)]
=>0x00007fed52123800 JavaThread "AWT-AppKit" daemon [_thread_in_native, id=1811, stack(0x00007fff547e1000,0x00007fff54fe1000)]
  0x00007fed52062800 JavaThread "Service Thread" daemon [_thread_blocked, id=18179, stack(0x0000000121e5f000,0x0000000121f5f000)]
  0x00007fed5205f800 JavaThread "C1 CompilerThread2" daemon [_thread_blocked, id=17667, stack(0x0000000121d5c000,0x0000000121e5c000)]
  0x00007fed5205e800 JavaThread "C2 CompilerThread1" daemon [_thread_blocked, id=17155, stack(0x0000000121c59000,0x0000000121d59000)]
  0x00007fed51816800 JavaThread "C2 CompilerThread0" daemon [_thread_blocked, id=16643, stack(0x0000000121b56000,0x0000000121c56000)]
  0x00007fed5200a000 JavaThread "Signal Dispatcher" daemon [_thread_blocked, id=12563, stack(0x0000000121a53000,0x0000000121b53000)]
  0x00007fed5182e000 JavaThread "Finalizer" daemon [_thread_blocked, id=11523, stack(0x0000000120040000,0x0000000120140000)]
  0x00007fed52048800 JavaThread "Reference Handler" daemon [_thread_blocked, id=11011, stack(0x000000011ff3d000,0x000000012003d000)]

Other Threads:
  0x00007fed5182d800 VMThread [stack: 0x000000011fe3a000,0x000000011ff3a000] [id=10499]
  0x00007fed53040800 WatcherThread [stack: 0x0000000121f62000,0x0000000122062000] [id=18691]

VM state:not at safepoint (normal execution)

VM Mutex/Monitor currently owned by a thread: None

Heap:
 PSYoungGen      total 19968K, used 4490K [0x00000007aab00000, 0x00000007ac800000, 0x00000007c0000000)
  eden space 19456K, 22% used [0x00000007aab00000,0x00000007aaf4a890,0x00000007abe00000)
  from space 512K, 18% used [0x00000007abe00000,0x00000007abe18000,0x00000007abe80000)
  to   space 5120K, 0% used [0x00000007ac300000,0x00000007ac300000,0x00000007ac800000)
 ParOldGen       total 59392K, used 33817K [0x0000000780000000, 0x0000000783a00000, 0x00000007aab00000)
  object space 59392K, 56% used [0x0000000780000000,0x0000000782106428,0x0000000783a00000)
 Metaspace       used 24947K, capacity 25235K, committed 25344K, reserved 1073152K
  class space    used 2470K, capacity 2560K, committed 2560K, reserved 1048576K

Card table byte_map: [0x000000011ba50000,0x000000011bc51000] byte_map_base: 0x0000000117e50000

Marking Bits: (ParMarkBitMap*) 0x000000010bee3ea0
 Begin Bits: [0x000000011c1b3000, 0x000000011d1b3000)
 End Bits:   [0x000000011d1b3000, 0x000000011e1b3000)

Polling page: 0x000000010ad78000

CodeCache: size=245760Kb used=13521Kb max_used=13537Kb free=232238Kb
 bounds [0x000000010c690000, 0x000000010d3f0000, 0x000000011b690000]
 total_blobs=4818 nmethods=3876 adapters=854
 compilation: enabled

Compilation events (10 events):
Event: 207.804 Thread 0x00007fed5205e800 4654       4       java.beans.WeakIdentityMap$Entry::isMatched (22 bytes)
Event: 207.806 Thread 0x00007fed5205e800 nmethod 4654 0x000000010d2bb450 code [0x000000010d2bb5a0, 0x000000010d2bb658]
Event: 207.829 Thread 0x00007fed5205f800 4655       3       java.awt.Component::isFocusOwner (5 bytes)
Event: 207.830 Thread 0x00007fed5205f800 nmethod 4655 0x000000010d38b310 code [0x000000010d38b4c0, 0x000000010d38b8c8]
Event: 207.830 Thread 0x00007fed5205f800 4656       3       sun.awt.SunToolkit::executeOnEventHandlerThread (14 bytes)
Event: 207.831 Thread 0x00007fed5205f800 nmethod 4656 0x000000010d39cb90 code [0x000000010d39cd80, 0x000000010d39d6d8]
Event: 207.832 Thread 0x00007fed5205f800 4657       3       sun.awt.SunToolkit::executeOnEventHandlerThread (12 bytes)
Event: 207.832 Thread 0x00007fed5205f800 nmethod 4657 0x000000010d3b58d0 code [0x000000010d3b5a80, 0x000000010d3b6168]
Event: 207.832 Thread 0x00007fed5205f800 4658       1       javax.swing.JLabel::getIcon (5 bytes)
Event: 207.833 Thread 0x00007fed5205f800 nmethod 4658 0x000000010c837dd0 code [0x000000010c837f20, 0x000000010c838030]

GC Heap History (10 events):
Event: 192.393 GC heap before
{Heap before GC invocations=53 (full 2):
 PSYoungGen      total 26112K, used 19552K [0x00000007aab00000, 0x00000007acc00000, 0x00000007c0000000)
  eden space 19456K, 100% used [0x00000007aab00000,0x00000007abe00000,0x00000007abe00000)
  from space 6656K, 1% used [0x00000007ac580000,0x00000007ac598000,0x00000007acc00000)
  to   space 7168K, 0% used [0x00000007abe00000,0x00000007abe00000,0x00000007ac500000)
 ParOldGen       total 59392K, used 33761K [0x0000000780000000, 0x0000000783a00000, 0x00000007aab00000)
  object space 59392K, 56% used [0x0000000780000000,0x00000007820f8428,0x0000000783a00000)
 Metaspace       used 24932K, capacity 25235K, committed 25344K, reserved 1073152K
  class space    used 2466K, capacity 2560K, committed 2560K, reserved 1048576K
Event: 192.395 GC heap after
Heap after GC invocations=53 (full 2):
 PSYoungGen      total 19968K, used 128K [0x00000007aab00000, 0x00000007acb00000, 0x00000007c0000000)
  eden space 19456K, 0% used [0x00000007aab00000,0x00000007aab00000,0x00000007abe00000)
  from space 512K, 25% used [0x00000007abe00000,0x00000007abe20000,0x00000007abe80000)
  to   space 6656K, 0% used [0x00000007ac480000,0x00000007ac480000,0x00000007acb00000)
 ParOldGen       total 59392K, used 33801K [0x0000000780000000, 0x0000000783a00000, 0x00000007aab00000)
  object space 59392K, 56% used [0x0000000780000000,0x0000000782102428,0x0000000783a00000)
 Metaspace       used 24932K, capacity 25235K, committed 25344K, reserved 1073152K
  class space    used 2466K, capacity 2560K, committed 2560K, reserved 1048576K
}
Event: 196.149 GC heap before
{Heap before GC invocations=54 (full 2):
 PSYoungGen      total 19968K, used 19584K [0x00000007aab00000, 0x00000007acb00000, 0x00000007c0000000)
  eden space 19456K, 100% used [0x00000007aab00000,0x00000007abe00000,0x00000007abe00000)
  from space 512K, 25% used [0x00000007abe00000,0x00000007abe20000,0x00000007abe80000)
  to   space 6656K, 0% used [0x00000007ac480000,0x00000007ac480000,0x00000007acb00000)
 ParOldGen       total 59392K, used 33801K [0x0000000780000000, 0x0000000783a00000, 0x00000007aab00000)
  object space 59392K, 56% used [0x0000000780000000,0x0000000782102428,0x0000000783a00000)
 Metaspace       used 24932K, capacity 25235K, committed 25344K, reserved 1073152K
  class space    used 2466K, capacity 2560K, committed 2560K, reserved 1048576K
Event: 196.150 GC heap after
Heap after GC invocations=54 (full 2):
 PSYoungGen      total 26112K, used 96K [0x00000007aab00000, 0x00000007acb00000, 0x00000007c0000000)
  eden space 19456K, 0% used [0x00000007aab00000,0x00000007aab00000,0x00000007abe00000)
  from space 6656K, 1% used [0x00000007ac480000,0x00000007ac498000,0x00000007acb00000)
  to   space 6656K, 0% used [0x00000007abe00000,0x00000007abe00000,0x00000007ac480000)
 ParOldGen       total 59392K, used 33817K [0x0000000780000000, 0x0000000783a00000, 0x00000007aab00000)
  object space 59392K, 56% used [0x0000000780000000,0x0000000782106428,0x0000000783a00000)
 Metaspace       used 24932K, capacity 25235K, committed 25344K, reserved 1073152K
  class space    used 2466K, capacity 2560K, committed 2560K, reserved 1048576K
}
Event: 199.907 GC heap before
{Heap before GC invocations=55 (full 2):
 PSYoungGen      total 26112K, used 19552K [0x00000007aab00000, 0x00000007acb00000, 0x00000007c0000000)
  eden space 19456K, 100% used [0x00000007aab00000,0x00000007abe00000,0x00000007abe00000)
  from space 6656K, 1% used [0x00000007ac480000,0x00000007ac498000,0x00000007acb00000)
  to   space 6656K, 0% used [0x00000007abe00000,0x00000007abe00000,0x00000007ac480000)
 ParOldGen       total 59392K, used 33817K [0x0000000780000000, 0x0000000783a00000, 0x00000007aab00000)
  object space 59392K, 56% used [0x0000000780000000,0x0000000782106428,0x0000000783a00000)
 Metaspace       used 24932K, capacity 25235K, committed 25344K, reserved 1073152K
  class space    used 2466K, capacity 2560K, committed 2560K, reserved 1048576K
Event: 199.908 GC heap after
Heap after GC invocations=55 (full 2):
 PSYoungGen      total 19968K, used 96K [0x00000007aab00000, 0x00000007aca00000, 0x00000007c0000000)
  eden space 19456K, 0% used [0x00000007aab00000,0x00000007aab00000,0x00000007abe00000)
  from space 512K, 18% used [0x00000007abe00000,0x00000007abe18000,0x00000007abe80000)
  to   space 6144K, 0% used [0x00000007ac400000,0x00000007ac400000,0x00000007aca00000)
 ParOldGen       total 59392K, used 33817K [0x0000000780000000, 0x0000000783a00000, 0x00000007aab00000)
  object space 59392K, 56% used [0x0000000780000000,0x0000000782106428,0x0000000783a00000)
 Metaspace       used 24932K, capacity 25235K, committed 25344K, reserved 1073152K
  class space    used 2466K, capacity 2560K, committed 2560K, reserved 1048576K
}
Event: 203.650 GC heap before
{Heap before GC invocations=56 (full 2):
 PSYoungGen      total 19968K, used 19552K [0x00000007aab00000, 0x00000007aca00000, 0x00000007c0000000)
  eden space 19456K, 100% used [0x00000007aab00000,0x00000007abe00000,0x00000007abe00000)
  from space 512K, 18% used [0x00000007abe00000,0x00000007abe18000,0x00000007abe80000)
  to   space 6144K, 0% used [0x00000007ac400000,0x00000007ac400000,0x00000007aca00000)
 ParOldGen       total 59392K, used 33817K [0x0000000780000000, 0x0000000783a00000, 0x00000007aab00000)
  object space 59392K, 56% used [0x0000000780000000,0x0000000782106428,0x0000000783a00000)
 Metaspace       used 24932K, capacity 25235K, committed 25344K, reserved 1073152K
  class space    used 2466K, capacity 2560K, committed 2560K, reserved 1048576K
Event: 203.651 GC heap after
Heap after GC invocations=56 (full 2):
 PSYoungGen      total 24576K, used 96K [0x00000007aab00000, 0x00000007ac900000, 0x00000007c0000000)
  eden space 19456K, 0% used [0x00000007aab00000,0x00000007aab00000,0x00000007abe00000)
  from space 5120K, 1% used [0x00000007ac400000,0x00000007ac418000,0x00000007ac900000)
  to   space 5632K, 0% used [0x00000007abe00000,0x00000007abe00000,0x00000007ac380000)
 ParOldGen       total 59392K, used 33817K [0x0000000780000000, 0x0000000783a00000, 0x00000007aab00000)
  object space 59392K, 56% used [0x0000000780000000,0x0000000782106428,0x0000000783a00000)
 Metaspace       used 24932K, capacity 25235K, committed 25344K, reserved 1073152K
  class space    used 2466K, capacity 2560K, committed 2560K, reserved 1048576K
}
Event: 207.073 GC heap before
{Heap before GC invocations=57 (full 2):
 PSYoungGen      total 24576K, used 19552K [0x00000007aab00000, 0x00000007ac900000, 0x00000007c0000000)
  eden space 19456K, 100% used [0x00000007aab00000,0x00000007abe00000,0x00000007abe00000)
  from space 5120K, 1% used [0x00000007ac400000,0x00000007ac418000,0x00000007ac900000)
  to   space 5632K, 0% used [0x00000007abe00000,0x00000007abe00000,0x00000007ac380000)
 ParOldGen       total 59392K, used 33817K [0x0000000780000000, 0x0000000783a00000, 0x00000007aab00000)
  object space 59392K, 56% used [0x0000000780000000,0x0000000782106428,0x0000000783a00000)
 Metaspace       used 24932K, capacity 25235K, committed 25344K, reserved 1073152K
  class space    used 2466K, capacity 2560K, committed 2560K, reserved 1048576K
Event: 207.075 GC heap after
Heap after GC invocations=57 (full 2):
 PSYoungGen      total 19968K, used 96K [0x00000007aab00000, 0x00000007ac800000, 0x00000007c0000000)
  eden space 19456K, 0% used [0x00000007aab00000,0x00000007aab00000,0x00000007abe00000)
  from space 512K, 18% used [0x00000007abe00000,0x00000007abe18000,0x00000007abe80000)
  to   space 5120K, 0% used [0x00000007ac300000,0x00000007ac300000,0x00000007ac800000)
 ParOldGen       total 59392K, used 33817K [0x0000000780000000, 0x0000000783a00000, 0x00000007aab00000)
  object space 59392K, 56% used [0x0000000780000000,0x0000000782106428,0x0000000783a00000)
 Metaspace       used 24932K, capacity 25235K, committed 25344K, reserved 1073152K
  class space    used 2466K, capacity 2560K, committed 2560K, reserved 1048576K
}

Deoptimization events (10 events):
Event: 207.803 Thread 0x00007fed51a4d800 Uncommon trap: reason=unstable_if action=reinterpret pc=0x000000010d1d9d0c method=java.util.Vector.removeElement(Ljava/lang/Object;)Z @ 17
Event: 207.804 Thread 0x00007fed53175000 Uncommon trap: reason=bimorphic action=maybe_recompile pc=0x000000010d3377bc method=java.awt.Component.getGraphics()Ljava/awt/Graphics; @ 114
Event: 207.804 Thread 0x00007fed53175000 Uncommon trap: reason=unstable_if action=reinterpret pc=0x000000010cc12790 method=sun.java2d.pipe.Region.isInsideQuickCheck(Lsun/java2d/pipe/Region;)Z @ 48
Event: 207.804 Thread 0x00007fed53175000 Uncommon trap: reason=unstable_if action=reinterpret pc=0x000000010d141288 method=sun.java2d.pipe.Region.isInsideQuickCheck(Lsun/java2d/pipe/Region;)Z @ 48
Event: 207.804 Thread 0x00007fed52689000 Uncommon trap: reason=class_check action=maybe_recompile pc=0x000000010d35a4ec method=java.awt.event.InvocationEvent.dispatch()V @ 11
Event: 207.807 Thread 0x00007fed52123800 Uncommon trap: reason=class_check action=maybe_recompile pc=0x000000010cc3bc80 method=com.jogamp.common.util.RunnableTask.run()V @ 24
Event: 207.827 Thread 0x00007fed52689000 Uncommon trap: reason=unstable_if action=reinterpret pc=0x000000010d388458 method=jogamp.opengl.GLContextImpl.release(Z)V @ 161
Event: 207.830 Thread 0x00007fed53175000 Uncommon trap: reason=bimorphic action=maybe_recompile pc=0x000000010d3377bc method=java.awt.Component.getGraphics()Ljava/awt/Graphics; @ 114
Event: 207.831 Thread 0x00007fed52689000 Uncommon trap: reason=class_check action=maybe_recompile pc=0x000000010d35a4ec method=java.awt.event.InvocationEvent.dispatch()V @ 11
Event: 207.843 Thread 0x00007fed52123800 Uncommon trap: reason=class_check action=maybe_recompile pc=0x000000010cc3bc80 method=com.jogamp.common.util.RunnableTask.run()V @ 24

Internal exceptions (10 events):
Event: 1.326 Thread 0x00007fed5200d000 Exception <a 'java/io/FileNotFoundException'> (0x00000007aad8b368) thrown at [/HUDSON3/workspace/8-2-build-macosx-x86_64/jdk8u73/6086/hotspot/src/share/vm/prims/jni.cpp, line 709]
Event: 1.360 Thread 0x00007fed5200d000 Implicit null exception at 0x000000010c7f42a6 to 0x000000010c7f4499
Event: 2.083 Thread 0x00007fed5200d000 Exception <a 'java/io/FileNotFoundException'> (0x00000007aaee0410) thrown at [/HUDSON3/workspace/8-2-build-macosx-x86_64/jdk8u73/6086/hotspot/src/share/vm/prims/jni.cpp, line 709]
Event: 12.340 Thread 0x00007fed5182e000 Exception <a 'java/lang/NullPointerException'> (0x00000007aab2fc58) thrown at [/HUDSON3/workspace/8-2-build-macosx-x86_64/jdk8u73/6086/hotspot/src/share/vm/interpreter/linkResolver.cpp, line 1178]
Event: 12.559 Thread 0x00007fed528c2800 Exception <a 'java/lang/UnsatisfiedLinkError': com.jogamp.common.util.JarUtil.fixNativeLibAttribs(Ljava/lang/String;)Z> (0x00000007ab0badf0) thrown at [/HUDSON3/workspace/8-2-build-macosx-x86_64/jdk8u73/6086/hotspot/src/share/vm/prims/nativeLookup.cpp, li
Event: 13.969 Thread 0x00007fed52689000 Exception <a 'java/io/FileNotFoundException'> (0x00000007ab442278) thrown at [/HUDSON3/workspace/8-2-build-macosx-x86_64/jdk8u73/6086/hotspot/src/share/vm/prims/jni.cpp, line 709]
Event: 13.969 Thread 0x00007fed52689000 Exception <a 'java/io/FileNotFoundException'> (0x00000007ab44eaa0) thrown at [/HUDSON3/workspace/8-2-build-macosx-x86_64/jdk8u73/6086/hotspot/src/share/vm/prims/jni.cpp, line 709]
Event: 13.969 Thread 0x00007fed52689000 Implicit null exception at 0x000000010c83d7f3 to 0x000000010c83db79
Event: 16.073 Thread 0x00007fed52689000 Implicit null exception at 0x000000010cbead25 to 0x000000010cbeae79
Event: 24.006 Thread 0x00007fed52689000 Implicit null exception at 0x000000010c8414f5 to 0x000000010c841865

Events (10 events):
Event: 207.830 Thread 0x00007fed53175000 DEOPT PACKING pc=0x000000010d3377bc sp=0x0000000128ae8cc0
Event: 207.830 Thread 0x00007fed53175000 DEOPT UNPACKING pc=0x000000010c695229 sp=0x0000000128ae8cf0 mode 2
Event: 207.831 Thread 0x00007fed52689000 Uncommon trap: trap_request=0xffffffde fr.pc=0x000000010d35a4ec
Event: 207.831 Thread 0x00007fed52689000 DEOPT PACKING pc=0x000000010d35a4ec sp=0x00000001958bcf60
Event: 207.831 Thread 0x00007fed52689000 DEOPT UNPACKING pc=0x000000010c695229 sp=0x00000001958bcf60 mode 2
Event: 207.833 Thread 0x00007fed5205f800 flushing nmethod 0x000000010cc13750
Event: 207.833 Thread 0x00007fed5205f800 flushing nmethod 0x000000010cc30fd0
Event: 207.843 Thread 0x00007fed52123800 Uncommon trap: trap_request=0xffffffde fr.pc=0x000000010cc3bc80
Event: 207.843 Thread 0x00007fed52123800 DEOPT PACKING pc=0x000000010cc3bc80 sp=0x00007fff54fdc430
Event: 207.843 Thread 0x00007fed52123800 DEOPT UNPACKING pc=0x000000010c695229 sp=0x00007fff54fdc3d8 mode 2


Dynamic libraries:
0x0000000001413000 	/System/Library/Frameworks/Cocoa.framework/Versions/A/Cocoa
0x0000000001413000 	/System/Library/Frameworks/Security.framework/Versions/A/Security
0x0000000001413000 	/System/Library/Frameworks/ApplicationServices.framework/Versions/A/ApplicationServices
0x0000000001413000 	/usr/lib/libz.1.dylib
0x0000000001413000 	/usr/lib/libSystem.B.dylib
0x0000000001413000 	/usr/lib/libobjc.A.dylib
0x0000000001413000 	/System/Library/Frameworks/CoreFoundation.framework/Versions/A/CoreFoundation
0x0000000001413000 	/System/Library/Frameworks/Foundation.framework/Versions/C/Foundation
0x0000000001413000 	/System/Library/Frameworks/AppKit.framework/Versions/C/AppKit
0x0000000001413000 	/System/Library/Frameworks/CoreData.framework/Versions/A/CoreData
0x0000000001413000 	/System/Library/PrivateFrameworks/RemoteViewServices.framework/Versions/A/RemoteViewServices
0x0000000001413000 	/System/Library/PrivateFrameworks/UIFoundation.framework/Versions/A/UIFoundation
0x0000000001413000 	/System/Library/Frameworks/IOSurface.framework/Versions/A/IOSurface
0x0000000001413000 	/System/Library/Frameworks/AudioToolbox.framework/Versions/A/AudioToolbox
0x0000000001413000 	/System/Library/Frameworks/AudioUnit.framework/Versions/A/AudioUnit
0x0000000001413000 	/System/Library/PrivateFrameworks/DataDetectorsCore.framework/Versions/A/DataDetectorsCore
0x0000000001413000 	/System/Library/PrivateFrameworks/DesktopServicesPriv.framework/Versions/A/DesktopServicesPriv
0x0000000001413000 	/System/Library/Frameworks/Carbon.framework/Versions/A/Frameworks/HIToolbox.framework/Versions/A/HIToolbox
0x0000000001413000 	/System/Library/Frameworks/QuartzCore.framework/Versions/A/QuartzCore
0x0000000001413000 	/System/Library/Frameworks/Carbon.framework/Versions/A/Frameworks/SpeechRecognition.framework/Versions/A/SpeechRecognition
0x0000000001413000 	/usr/lib/libauto.dylib
0x0000000001413000 	/usr/lib/libicucore.A.dylib
0x0000000001413000 	/usr/lib/libxml2.2.dylib
0x0000000001413000 	/System/Library/PrivateFrameworks/CoreUI.framework/Versions/A/CoreUI
0x0000000001413000 	/System/Library/Frameworks/CoreAudio.framework/Versions/A/CoreAudio
0x0000000001413000 	/System/Library/Frameworks/DiskArbitration.framework/Versions/A/DiskArbitration
0x0000000001413000 	/usr/lib/liblangid.dylib
0x0000000001413000 	/System/Library/PrivateFrameworks/MultitouchSupport.framework/Versions/A/MultitouchSupport
0x0000000001413000 	/System/Library/Frameworks/IOKit.framework/Versions/A/IOKit
0x0000000001413000 	/usr/lib/libDiagnosticMessagesClient.dylib
0x0000000001413000 	/System/Library/Frameworks/CoreServices.framework/Versions/A/CoreServices
0x0000000001413000 	/System/Library/PrivateFrameworks/PerformanceAnalysis.framework/Versions/A/PerformanceAnalysis
0x0000000001413000 	/System/Library/PrivateFrameworks/GenerationalStorage.framework/Versions/A/GenerationalStorage
0x0000000001413000 	/System/Library/Frameworks/OpenGL.framework/Versions/A/OpenGL
0x0000000001413000 	/System/Library/PrivateFrameworks/Sharing.framework/Versions/A/Sharing
0x0000000001413000 	/System/Library/Frameworks/CoreGraphics.framework/Versions/A/CoreGraphics
0x0000000001413000 	/System/Library/Frameworks/CoreText.framework/Versions/A/CoreText
0x0000000001413000 	/System/Library/Frameworks/ImageIO.framework/Versions/A/ImageIO
0x0000000001413000 	/usr/lib/libextension.dylib
0x0000000001413000 	/System/Library/PrivateFrameworks/Backup.framework/Versions/A/Backup
0x0000000001413000 	/usr/lib/libarchive.2.dylib
0x0000000001413000 	/System/Library/Frameworks/CFNetwork.framework/Versions/A/CFNetwork
0x0000000001413000 	/System/Library/Frameworks/SystemConfiguration.framework/Versions/A/SystemConfiguration
0x0000000001413000 	/usr/lib/libCRFSuite.dylib
0x0000000001413000 	/usr/lib/libc++.1.dylib
0x0000000001413000 	/usr/lib/libc++abi.dylib
0x0000000001413000 	/usr/lib/system/libcache.dylib
0x0000000001413000 	/usr/lib/system/libcommonCrypto.dylib
0x0000000001413000 	/usr/lib/system/libcompiler_rt.dylib
0x0000000001413000 	/usr/lib/system/libcopyfile.dylib
0x0000000001413000 	/usr/lib/system/libcorecrypto.dylib
0x0000000001413000 	/usr/lib/system/libdispatch.dylib
0x0000000001413000 	/usr/lib/system/libdyld.dylib
0x0000000001413000 	/usr/lib/system/libkeymgr.dylib
0x0000000001413000 	/usr/lib/system/liblaunch.dylib
0x0000000001413000 	/usr/lib/system/libmacho.dylib
0x0000000001413000 	/usr/lib/system/libquarantine.dylib
0x0000000001413000 	/usr/lib/system/libremovefile.dylib
0x0000000001413000 	/usr/lib/system/libsystem_asl.dylib
0x0000000001413000 	/usr/lib/system/libsystem_blocks.dylib
0x0000000001413000 	/usr/lib/system/libsystem_c.dylib
0x0000000001413000 	/usr/lib/system/libsystem_configuration.dylib
0x0000000001413000 	/usr/lib/system/libsystem_coreservices.dylib
0x0000000001413000 	/usr/lib/system/libsystem_coretls.dylib
0x0000000001413000 	/usr/lib/system/libsystem_dnssd.dylib
0x0000000001413000 	/usr/lib/system/libsystem_info.dylib
0x0000000001413000 	/usr/lib/system/libsystem_kernel.dylib
0x0000000001413000 	/usr/lib/system/libsystem_m.dylib
0x0000000001413000 	/usr/lib/system/libsystem_malloc.dylib
0x0000000001413000 	/usr/lib/system/libsystem_network.dylib
0x0000000001413000 	/usr/lib/system/libsystem_networkextension.dylib
0x0000000001413000 	/usr/lib/system/libsystem_notify.dylib
0x0000000001413000 	/usr/lib/system/libsystem_platform.dylib
0x0000000001413000 	/usr/lib/system/libsystem_pthread.dylib
0x0000000001413000 	/usr/lib/system/libsystem_sandbox.dylib
0x0000000001413000 	/usr/lib/system/libsystem_secinit.dylib
0x0000000001413000 	/usr/lib/system/libsystem_stats.dylib
0x0000000001413000 	/usr/lib/system/libsystem_trace.dylib
0x0000000001413000 	/usr/lib/system/libunc.dylib
0x0000000001413000 	/usr/lib/system/libunwind.dylib
0x0000000001413000 	/usr/lib/system/libxpc.dylib
0x0000000001413000 	/usr/lib/libbz2.1.0.dylib
0x0000000001413000 	/usr/lib/liblzma.5.dylib
0x0000000001413000 	/usr/lib/libbsm.0.dylib
0x0000000001413000 	/usr/lib/libsqlite3.dylib
0x0000000001413000 	/usr/lib/system/libkxld.dylib
0x0000000001413000 	/usr/lib/libxar.1.dylib
0x0000000001413000 	/usr/lib/libpam.2.dylib
0x0000000001413000 	/usr/lib/libOpenScriptingUtil.dylib
0x0000000001413000 	/System/Library/Frameworks/CoreServices.framework/Versions/A/Frameworks/FSEvents.framework/Versions/A/FSEvents
0x0000000001413000 	/System/Library/Frameworks/CoreServices.framework/Versions/A/Frameworks/CarbonCore.framework/Versions/A/CarbonCore
0x0000000001413000 	/System/Library/Frameworks/CoreServices.framework/Versions/A/Frameworks/Metadata.framework/Versions/A/Metadata
0x0000000001413000 	/System/Library/Frameworks/CoreServices.framework/Versions/A/Frameworks/OSServices.framework/Versions/A/OSServices
0x0000000001413000 	/System/Library/Frameworks/CoreServices.framework/Versions/A/Frameworks/SearchKit.framework/Versions/A/SearchKit
0x0000000001413000 	/System/Library/Frameworks/CoreServices.framework/Versions/A/Frameworks/AE.framework/Versions/A/AE
0x0000000001413000 	/System/Library/Frameworks/CoreServices.framework/Versions/A/Frameworks/LaunchServices.framework/Versions/A/LaunchServices
0x0000000001413000 	/System/Library/Frameworks/CoreServices.framework/Versions/A/Frameworks/DictionaryServices.framework/Versions/A/DictionaryServices
0x0000000001413000 	/System/Library/Frameworks/NetFS.framework/Versions/A/NetFS
0x0000000001413000 	/System/Library/PrivateFrameworks/NetAuth.framework/Versions/A/NetAuth
0x0000000001413000 	/System/Library/PrivateFrameworks/login.framework/Versions/A/Frameworks/loginsupport.framework/Versions/A/loginsupport
0x0000000001413000 	/System/Library/PrivateFrameworks/TCC.framework/Versions/A/TCC
0x0000000001413000 	/usr/lib/libmecabra.dylib
0x0000000001413000 	/System/Library/Frameworks/ApplicationServices.framework/Versions/A/Frameworks/ATS.framework/Versions/A/ATS
0x0000000001413000 	/System/Library/Frameworks/ApplicationServices.framework/Versions/A/Frameworks/ColorSync.framework/Versions/A/ColorSync
0x0000000001413000 	/System/Library/Frameworks/ApplicationServices.framework/Versions/A/Frameworks/HIServices.framework/Versions/A/HIServices
0x0000000001413000 	/System/Library/Frameworks/ApplicationServices.framework/Versions/A/Frameworks/LangAnalysis.framework/Versions/A/LangAnalysis
0x0000000001413000 	/System/Library/Frameworks/ApplicationServices.framework/Versions/A/Frameworks/PrintCore.framework/Versions/A/PrintCore
0x0000000001413000 	/System/Library/Frameworks/ApplicationServices.framework/Versions/A/Frameworks/QD.framework/Versions/A/QD
0x0000000001413000 	/System/Library/Frameworks/ApplicationServices.framework/Versions/A/Frameworks/SpeechSynthesis.framework/Versions/A/SpeechSynthesis
0x0000000001413000 	/System/Library/Frameworks/Accelerate.framework/Versions/A/Accelerate
0x0000000001413000 	/System/Library/Frameworks/Accelerate.framework/Versions/A/Frameworks/vImage.framework/Versions/A/vImage
0x0000000001413000 	/System/Library/Frameworks/Accelerate.framework/Versions/A/Frameworks/vecLib.framework/Versions/A/vecLib
0x0000000001413000 	/System/Library/Frameworks/Accelerate.framework/Versions/A/Frameworks/vecLib.framework/Versions/A/libvDSP.dylib
0x0000000001413000 	/System/Library/Frameworks/Accelerate.framework/Versions/A/Frameworks/vecLib.framework/Versions/A/libvMisc.dylib
0x0000000001413000 	/System/Library/Frameworks/Accelerate.framework/Versions/A/Frameworks/vecLib.framework/Versions/A/libLAPACK.dylib
0x0000000001413000 	/System/Library/Frameworks/Accelerate.framework/Versions/A/Frameworks/vecLib.framework/Versions/A/libBLAS.dylib
0x0000000001413000 	/System/Library/Frameworks/Accelerate.framework/Versions/A/Frameworks/vecLib.framework/Versions/A/libLinearAlgebra.dylib
0x0000000001413000 	/System/Library/Frameworks/ApplicationServices.framework/Versions/A/Frameworks/ATS.framework/Versions/A/Resources/libFontParser.dylib
0x0000000001413000 	/System/Library/Frameworks/ApplicationServices.framework/Versions/A/Frameworks/ATS.framework/Versions/A/Resources/libFontRegistry.dylib
0x0000000001413000 	/System/Library/PrivateFrameworks/AppleVPA.framework/Versions/A/AppleVPA
0x0000000001413000 	/System/Library/PrivateFrameworks/AppleJPEG.framework/Versions/A/AppleJPEG
0x0000000001413000 	/System/Library/Frameworks/ImageIO.framework/Versions/A/Resources/libJPEG.dylib
0x0000000001413000 	/System/Library/Frameworks/ImageIO.framework/Versions/A/Resources/libTIFF.dylib
0x0000000001413000 	/System/Library/Frameworks/ImageIO.framework/Versions/A/Resources/libPng.dylib
0x0000000001413000 	/System/Library/Frameworks/ImageIO.framework/Versions/A/Resources/libGIF.dylib
0x0000000001413000 	/System/Library/Frameworks/ImageIO.framework/Versions/A/Resources/libJP2.dylib
0x0000000001413000 	/System/Library/Frameworks/ImageIO.framework/Versions/A/Resources/libRadiance.dylib
0x0000000001413000 	/System/Library/Frameworks/CoreVideo.framework/Versions/A/CoreVideo
0x0000000001413000 	/System/Library/Frameworks/OpenGL.framework/Versions/A/Libraries/libGLU.dylib
0x0000000001413000 	/System/Library/Frameworks/OpenGL.framework/Versions/A/Libraries/libGFXShared.dylib
0x0000000001413000 	/System/Library/Frameworks/OpenGL.framework/Versions/A/Libraries/libGL.dylib
0x0000000001413000 	/System/Library/Frameworks/OpenGL.framework/Versions/A/Libraries/libGLImage.dylib
0x0000000001413000 	/System/Library/Frameworks/OpenGL.framework/Versions/A/Libraries/libCVMSPluginSupport.dylib
0x0000000001413000 	/System/Library/Frameworks/OpenGL.framework/Versions/A/Libraries/libCoreVMClient.dylib
0x0000000001413000 	/usr/lib/libcups.2.dylib
0x0000000001413000 	/System/Library/Frameworks/Kerberos.framework/Versions/A/Kerberos
0x0000000001413000 	/System/Library/Frameworks/GSS.framework/Versions/A/GSS
0x0000000001413000 	/usr/lib/libresolv.9.dylib
0x0000000001413000 	/usr/lib/libiconv.2.dylib
0x0000000001413000 	/System/Library/PrivateFrameworks/Heimdal.framework/Versions/A/Heimdal
0x0000000001413000 	/usr/lib/libheimdal-asn1.dylib
0x0000000001413000 	/System/Library/Frameworks/OpenDirectory.framework/Versions/A/OpenDirectory
0x0000000001413000 	/System/Library/PrivateFrameworks/CommonAuth.framework/Versions/A/CommonAuth
0x0000000001413000 	/System/Library/Frameworks/OpenDirectory.framework/Versions/A/Frameworks/CFOpenDirectory.framework/Versions/A/CFOpenDirectory
0x0000000001413000 	/System/Library/Frameworks/SecurityFoundation.framework/Versions/A/SecurityFoundation
0x0000000001413000 	/System/Library/PrivateFrameworks/LanguageModeling.framework/Versions/A/LanguageModeling
0x0000000001413000 	/usr/lib/libcmph.dylib
0x0000000001413000 	/System/Library/Frameworks/ServiceManagement.framework/Versions/A/ServiceManagement
0x0000000001413000 	/usr/lib/libxslt.1.dylib
0x0000000001413000 	/System/Library/Frameworks/Carbon.framework/Versions/A/Frameworks/Ink.framework/Versions/A/Ink
0x0000000001413000 	/System/Library/Frameworks/QuartzCore.framework/Versions/A/Frameworks/CoreImage.framework/Versions/A/CoreImage
0x0000000001413000 	/System/Library/PrivateFrameworks/CrashReporterSupport.framework/Versions/A/CrashReporterSupport
0x0000000001413000 	/System/Library/Frameworks/OpenCL.framework/Versions/A/OpenCL
0x0000000001413000 	/System/Library/PrivateFrameworks/FaceCore.framework/Versions/A/FaceCore
0x0000000001413000 	/System/Library/PrivateFrameworks/Ubiquity.framework/Versions/A/Ubiquity
0x0000000001413000 	/System/Library/PrivateFrameworks/IconServices.framework/Versions/A/IconServices
0x0000000001413000 	/System/Library/PrivateFrameworks/ChunkingLibrary.framework/Versions/A/ChunkingLibrary
0x0000000001413000 	/System/Library/PrivateFrameworks/Apple80211.framework/Versions/A/Apple80211
0x0000000001413000 	/System/Library/Frameworks/CoreWLAN.framework/Versions/A/CoreWLAN
0x0000000001413000 	/System/Library/Frameworks/IOBluetooth.framework/Versions/A/IOBluetooth
0x0000000001413000 	/System/Library/PrivateFrameworks/CoreWiFi.framework/Versions/A/CoreWiFi
0x0000000001413000 	/System/Library/Frameworks/CoreBluetooth.framework/Versions/A/CoreBluetooth
0x0000000001413000 	/System/Library/PrivateFrameworks/DebugSymbols.framework/Versions/A/DebugSymbols
0x0000000001413000 	/System/Library/PrivateFrameworks/CoreSymbolication.framework/Versions/A/CoreSymbolication
0x0000000001413000 	/System/Library/PrivateFrameworks/Symbolication.framework/Versions/A/Symbolication
0x0000000001413000 	/System/Library/PrivateFrameworks/SpeechRecognitionCore.framework/Versions/A/SpeechRecognitionCore
0x000000010b600000 	/Library/Java/JavaVirtualMachines/jdk1.8.0_73.jdk/Contents/Home/jre/lib/server/libjvm.dylib
0x0000000001413000 	/usr/lib/libstdc++.6.dylib
0x000000010ad35000 	/Library/Java/JavaVirtualMachines/jdk1.8.0_73.jdk/Contents/Home/jre/lib/libverify.dylib
0x000000010ad43000 	/Library/Java/JavaVirtualMachines/jdk1.8.0_73.jdk/Contents/Home/jre/lib/libjava.dylib
0x000000010ad82000 	/Library/Java/JavaVirtualMachines/jdk1.8.0_73.jdk/Contents/Home/jre/lib/libzip.dylib
0x000000010ade8000 	/System/Library/Frameworks/JavaVM.framework/Frameworks/JavaRuntimeSupport.framework/JavaRuntimeSupport
0x0000000120142000 	/System/Library/Frameworks/JavaVM.framework/Versions/A/Frameworks/JavaNativeFoundation.framework/Versions/A/JavaNativeFoundation
0x0000000120157000 	/System/Library/Frameworks/JavaVM.framework/Versions/A/JavaVM
0x0000000001413000 	/System/Library/Frameworks/Carbon.framework/Versions/A/Carbon
0x0000000120164000 	/System/Library/PrivateFrameworks/JavaLaunching.framework/Versions/A/JavaLaunching
0x0000000001413000 	/System/Library/Frameworks/Carbon.framework/Versions/A/Frameworks/CommonPanels.framework/Versions/A/CommonPanels
0x0000000001413000 	/System/Library/Frameworks/Carbon.framework/Versions/A/Frameworks/Help.framework/Versions/A/Help
0x0000000001413000 	/System/Library/Frameworks/Carbon.framework/Versions/A/Frameworks/ImageCapture.framework/Versions/A/ImageCapture
0x0000000001413000 	/System/Library/Frameworks/Carbon.framework/Versions/A/Frameworks/OpenScripting.framework/Versions/A/OpenScripting
0x0000000001413000 	/System/Library/Frameworks/Carbon.framework/Versions/A/Frameworks/Print.framework/Versions/A/Print
0x0000000001413000 	/System/Library/Frameworks/Carbon.framework/Versions/A/Frameworks/SecurityHI.framework/Versions/A/SecurityHI
0x0000000122064000 	/Library/Java/JavaVirtualMachines/jdk1.8.0_73.jdk/Contents/Home/jre/lib/libawt.dylib
0x000000012210c000 	/Library/Java/JavaVirtualMachines/jdk1.8.0_73.jdk/Contents/Home/jre/lib/./libmlib_image.dylib
0x00000001221d8000 	/Library/Java/JavaVirtualMachines/jdk1.8.0_73.jdk/Contents/Home/jre/lib/libawt_lwawt.dylib
0x000000012228d000 	/Library/Java/JavaVirtualMachines/jdk1.8.0_73.jdk/Contents/Home/jre/lib/./libosxapp.dylib
0x0000000001413000 	/System/Library/Frameworks/ExceptionHandling.framework/Versions/A/ExceptionHandling
0x0000000001413000 	/System/Library/PrivateFrameworks/CoreServicesInternal.framework/Versions/A/CoreServicesInternal
0x0000000001413000 	/System/Library/PrivateFrameworks/CloudDocs.framework/Versions/A/CloudDocs
0x0000000001413000 	/System/Library/PrivateFrameworks/CoreDuet.framework/Versions/A/CoreDuet
0x0000000001413000 	/System/Library/Frameworks/CloudKit.framework/Versions/A/CloudKit
0x0000000001413000 	/System/Library/PrivateFrameworks/ProtocolBuffer.framework/Versions/A/ProtocolBuffer
0x0000000001413000 	/System/Library/PrivateFrameworks/CoreDuetDaemonProtocol.framework/Versions/A/CoreDuetDaemonProtocol
0x0000000001413000 	/System/Library/PrivateFrameworks/CoreDuetDebugLogging.framework/Versions/A/CoreDuetDebugLogging
0x0000000001413000 	/System/Library/PrivateFrameworks/MMCS.framework/Versions/A/MMCS
0x0000000001413000 	/System/Library/Frameworks/CoreLocation.framework/Versions/A/CoreLocation
0x0000000001413000 	/System/Library/PrivateFrameworks/ProtectedCloudStorage.framework/Versions/A/ProtectedCloudStorage
0x0000000001413000 	/System/Library/PrivateFrameworks/GeoServices.framework/Versions/A/GeoServices
0x0000000001413000 	/System/Library/Frameworks/CoreGraphics.framework/Versions/A/Resources/libCGCMS.A.dylib
0x0000000001413000 	/System/Library/Frameworks/CoreGraphics.framework/Versions/A/Resources/libRIP.A.dylib
0x0000000001413000 	/System/Library/Frameworks/CoreGraphics.framework/Versions/A/Resources/libCGXType.A.dylib
0x0000000001413000 	/System/Library/Frameworks/OpenCL.framework/Versions/A/Libraries/libcldcpuengine.dylib
0x0000000001413000 	/System/Library/PrivateFrameworks/DiskImages.framework/Versions/A/DiskImages
0x0000000001413000 	/System/Library/Frameworks/DiscRecording.framework/Versions/A/DiscRecording
0x0000000001413000 	/usr/lib/libcsfde.dylib
0x0000000001413000 	/usr/lib/libcurl.4.dylib
0x0000000001413000 	/System/Library/PrivateFrameworks/MediaKit.framework/Versions/A/MediaKit
0x0000000001413000 	/usr/lib/libCoreStorage.dylib
0x0000000001413000 	/System/Library/PrivateFrameworks/EFILogin.framework/Versions/A/EFILogin
0x0000000001413000 	/usr/lib/libutil.dylib
0x0000000001413000 	/System/Library/PrivateFrameworks/FindMyDevice.framework/Versions/A/FindMyDevice
0x0000000001413000 	/System/Library/Frameworks/LDAP.framework/Versions/A/LDAP
0x0000000001413000 	/usr/lib/libsasl2.2.dylib
0x0000000001413000 	/System/Library/PrivateFrameworks/CoreDaemon.framework/Versions/B/CoreDaemon
0x0000000001413000 	/usr/lib/libcrypto.0.9.8.dylib
0x0000000001413000 	/System/Library/PrivateFrameworks/AppleSRP.framework/Versions/A/AppleSRP
0x0000000001413000 	/System/Library/PrivateFrameworks/TrustEvaluationAgent.framework/Versions/A/TrustEvaluationAgent
0x0000000125589000 	cl_kernels
0x000000012558b000 	/System/Library/Frameworks/OpenCL.framework/Versions/A/Libraries/ImageFormats/unorm8_bgra.dylib
0x000000012557a000 	cl_kernels
0x0000000001413000 	/System/Library/PrivateFrameworks/FamilyControls.framework/Versions/A/FamilyControls
0x0000000001413000 	/System/Library/PrivateFrameworks/CommerceKit.framework/Versions/A/Frameworks/CommerceCore.framework/Versions/A/CommerceCore
0x0000000001413000 	/System/Library/PrivateFrameworks/SystemAdministration.framework/Versions/A/SystemAdministration
0x0000000001413000 	/System/Library/PrivateFrameworks/AppContainer.framework/Versions/A/AppContainer
0x0000000001413000 	/System/Library/PrivateFrameworks/SecCodeWrapper.framework/Versions/A/SecCodeWrapper
0x0000000001413000 	/System/Library/Frameworks/DirectoryService.framework/Versions/A/DirectoryService
0x0000000001413000 	/System/Library/PrivateFrameworks/LoginUIKit.framework/Versions/A/Frameworks/LoginUICore.framework/Versions/A/LoginUICore
0x0000000001413000 	/usr/lib/libodfde.dylib
0x0000000001413000 	/System/Library/Frameworks/OpenGL.framework/Versions/A/Resources/GLEngine.bundle/GLEngine
0x0000000001413000 	/System/Library/Frameworks/OpenGL.framework/Versions/A/Libraries/libGLProgrammability.dylib
0x0000000126874000 	/System/Library/Extensions/AppleIntelHD4000GraphicsGLDriver.bundle/Contents/MacOS/AppleIntelHD4000GraphicsGLDriver
0x0000000001413000 	/System/Library/PrivateFrameworks/IOAccelerator.framework/Versions/A/IOAccelerator
0x0000000001413000 	/System/Library/PrivateFrameworks/GPUSupport.framework/Versions/A/Libraries/libGPUSupportMercury.dylib
0x0000000001413000 	/System/Library/Frameworks/OpenGL.framework/Versions/A/Resources/GLRendererFloat.bundle/GLRendererFloat
0x0000000127869000 	/Library/Java/JavaVirtualMachines/jdk1.8.0_73.jdk/Contents/Home/jre/lib/libfontmanager.dylib
0x0000000128aed000 	/Library/Java/JavaVirtualMachines/jdk1.8.0_73.jdk/Contents/Home/jre/lib/libosxui.dylib
0x0000000128ba8000 	/Library/Java/JavaVirtualMachines/jdk1.8.0_73.jdk/Contents/Home/jre/lib/libnet.dylib
0x0000000128bbf000 	/Library/Java/JavaVirtualMachines/jdk1.8.0_73.jdk/Contents/Home/jre/lib/libnio.dylib
0x0000000001413000 	/System/Library/Frameworks/ApplicationServices.framework/Versions/A/Frameworks/ATS.framework/Versions/A/Resources/libTrueTypeScaler.dylib
0x00000001951a4000 	/private/var/folders/gx/lpn_2smn21b5jx4mf4ptd0z40000gn/T/jogamp_0000/file_cache/jln2225185739898644126/jln5576202445420462439/libgluegen-rt.jnilib
0x00000001951a8000 	/private/var/folders/gx/lpn_2smn21b5jx4mf4ptd0z40000gn/T/jogamp_0000/file_cache/jln2225185739898644126/jln5576202445420462439/libnativewindow_awt.jnilib
0x00000001951ab000 	/Library/Java/JavaVirtualMachines/jdk1.8.0_73.jdk/Contents/Home/jre/lib/libjawt.dylib
0x00000001951ae000 	/private/var/folders/gx/lpn_2smn21b5jx4mf4ptd0z40000gn/T/jogamp_0000/file_cache/jln2225185739898644126/jln5576202445420462439/libnativewindow_macosx.jnilib
0x0000000197355000 	/private/var/folders/gx/lpn_2smn21b5jx4mf4ptd0z40000gn/T/jogamp_0000/file_cache/jln2225185739898644126/jln5576202445420462439/libjogl_desktop.jnilib
0x0000000199942000 	/Library/Java/JavaVirtualMachines/jdk1.8.0_73.jdk/Contents/Home/jre/lib/libt2k.dylib
0x0000000001413000 	/System/Library/Frameworks/Accelerate.framework/Versions/A/Frameworks/vImage.framework/Versions/A/Libraries/libCGInterfaces.dylib

VM Arguments:
jvm_args: -Djava.security.policy=java.policy.applet -Dfile.encoding=UTF-8 
java_command: sun.applet.AppletViewer module6.EarthquakeCityMap1458345066621.html
java_class_path (initial): /Volumes/Other/ComputerScience/Java/Coursera/Java Programming Object-Oriented Design of Data Structures Specialization/UCSDUnfoldingMaps/build:/Volumes/Other/ComputerScience/Java/Coursera/Java Programming Object-Oriented Design of Data Structures Specialization/UCSDUnfoldingMaps/lib/core.jar:/Volumes/Other/ComputerScience/Java/Coursera/Java Programming Object-Oriented Design of Data Structures Specialization/UCSDUnfoldingMaps/lib/gluegen-rt.jar:/Volumes/Other/ComputerScience/Java/Coursera/Java Programming Object-Oriented Design of Data Structures Specialization/UCSDUnfoldingMaps/lib/jogl-all.jar:/Volumes/Other/ComputerScience/Java/Coursera/Java Programming Object-Oriented Design of Data Structures Specialization/UCSDUnfoldingMaps/lib/log4j-1.2.15.jar:/Volumes/Other/ComputerScience/Java/Coursera/Java Programming Object-Oriented Design of Data Structures Specialization/UCSDUnfoldingMaps/lib/sqlite-jdbc-3.7.2.jar:/Volumes/Other/ComputerScience/Java/Coursera/Java Programming Object-Oriented Design of Data Structures Specialization/UCSDUnfoldingMaps/lib/json4processing.jar:/Volumes/Other/ComputerScience/Java/Coursera/Java Programming Object-Oriented Design of Data Structures Specialization/UCSDUnfoldingMaps/lib/libTUIO.jar:/Volumes/Other/ComputerScience/Java/Coursera/Java Programming Object-Oriented Design of Data Structures Specialization/UCSDUnfoldingMaps/lib/unfolding.0.9.7-uscd.jar:/Volumes/Other/ComputerScience/Java/Coursera/Java Programming Object-Oriented Design of Data Structures Specialization/UCSDUnfoldingMaps/lib/controlP5/library/controlP5.jar:/Users/zhihuixie/Downloads/geonames-source-1.1.13.jar:/Users/zhihuixie/Downloads/jdom/build/jdom-1.1.3.jar
Launcher Type: SUN_STANDARD

Environment Variables:
PATH=/usr/bin:/bin:/usr/sbin:/sbin
SHELL=/bin/bash

Signal Handlers:
SIGSEGV: [libjvm.dylib+0x5a71a5], sa_mask[0]=11111111011111110111111111111111, sa_flags=SA_ONSTACK|SA_RESTART|SA_SIGINFO
SIGBUS: [libjvm.dylib+0x5a71a5], sa_mask[0]=11111111011111110111111111111111, sa_flags=SA_RESTART|SA_SIGINFO
SIGFPE: [libjvm.dylib+0x480eb4], sa_mask[0]=11111111011111110111111111111111, sa_flags=SA_RESTART|SA_SIGINFO
SIGPIPE: [libjvm.dylib+0x480eb4], sa_mask[0]=11111111011111110111111111111111, sa_flags=SA_RESTART|SA_SIGINFO
SIGXFSZ: [libjvm.dylib+0x480eb4], sa_mask[0]=11111111011111110111111111111111, sa_flags=SA_RESTART|SA_SIGINFO
SIGILL: [libjvm.dylib+0x480eb4], sa_mask[0]=11111111011111110111111111111111, sa_flags=SA_RESTART|SA_SIGINFO
SIGUSR1: SIG_DFL, sa_mask[0]=00000000000000000000000000000000, sa_flags=none
SIGUSR2: [libjvm.dylib+0x4809d2], sa_mask[0]=00100000000000000000000000000000, sa_flags=SA_RESTART|SA_SIGINFO
SIGHUP: [libjvm.dylib+0x47efa9], sa_mask[0]=11111111011111110111111111111111, sa_flags=SA_RESTART|SA_SIGINFO
SIGINT: [libjvm.dylib+0x47efa9], sa_mask[0]=11111111011111110111111111111111, sa_flags=SA_RESTART|SA_SIGINFO
SIGTERM: [libjvm.dylib+0x47efa9], sa_mask[0]=11111111011111110111111111111111, sa_flags=SA_RESTART|SA_SIGINFO
SIGQUIT: [libjvm.dylib+0x47efa9], sa_mask[0]=11111111011111110111111111111111, sa_flags=SA_RESTART|SA_SIGINFO


---------------  S Y S T E M  ---------------

OS:Bsduname:Darwin 14.5.0 Darwin Kernel Version 14.5.0: Wed Jul 29 02:26:53 PDT 2015; root:xnu-2782.40.9~1/RELEASE_X86_64 x86_64
rlimit: STACK 8192k, CORE 0k, NPROC 709, NOFILE 10240, AS infinity
load average:1.71 1.67 1.54

CPU:total 4 (2 cores per cpu, 2 threads per core) family 6 model 58 stepping 9, cmov, cx8, fxsr, mmx, sse, sse2, sse3, ssse3, sse4.1, sse4.2, popcnt, avx, aes, clmul, erms, ht, tsc, tscinvbit, tscinv

Memory: 4k page, physical 4194304k(115996k free)

/proc/meminfo:


vm_info: Java HotSpot(TM) 64-Bit Server VM (25.73-b02) for bsd-amd64 JRE (1.8.0_73-b02), built on Jan 29 2016 15:02:00 by "java_re" with gcc 4.2.1 (Based on Apple Inc. build 5658) (LLVM build 2336.11.00)

time: Fri Mar 18 16:54:35 2016
elapsed time: 208 seconds (0d 0h 3m 28s)

