#
# A fatal error has been detected by the Java Runtime Environment:
#
#  SIGSEGV (0xb) at pc=0x00007fff858ad0dd, pid=5671, tid=1811
#
# JRE version: Java(TM) SE Runtime Environment (8.0_73-b02) (build 1.8.0_73-b02)
# Java VM: Java HotSpot(TM) 64-Bit Server VM (25.73-b02 mixed mode bsd-amd64 compressed oops)
# Problematic frame:
# C  [libobjc.A.dylib+0x10dd]  objc_msgSend+0x1d
#
# Failed to write core dump. Core dumps have been disabled. To enable core dumping, try "ulimit -c unlimited" before starting Java again
#
# If you would like to submit a bug report, please visit:
#   http://bugreport.java.com/bugreport/crash.jsp
# The crash happened outside the Java Virtual Machine in native code.
# See problematic frame for where to report the bug.
#

---------------  T H R E A D  ---------------

Current thread (0x00007ff5c122a000):  JavaThread "AWT-AppKit" daemon [_thread_in_native, id=1811, stack(0x00007fff5d73a000,0x00007fff5df3a000)]

siginfo: si_signo: 11 (SIGSEGV), si_code: 1 (SEGV_MAPERR), si_addr: 0x0000000000000018

Registers:
RAX=0x00007ff5c4c6f520, RBX=0x000000018c348450, RCX=0x000000011fa886c0, RDX=0x000000011fa880a0
RSP=0x00007fff5df350c8, RBP=0x00007fff5df35180, RSI=0x00007fff8692740f, RDI=0x00007ff5c4e7ae90
R8 =0x0000000000000000, R9 =0x0000000000000f50, R10=0x00007fff8692740f, R11=0x0000000000000000
R12=0x0000000000000000, R13=0x000000018dc85608, R14=0x000000018c348440, R15=0x00007ff5c122a000
RIP=0x00007fff858ad0dd, EFLAGS=0x0000000000010246, ERR=0x0000000000000004
  TRAPNO=0x000000000000000e

Top of Stack: (sp=0x00007fff5df350c8)
0x00007fff5df350c8:   000000018c346157 00007fff5df35120
0x00007fff5df350d8:   0000000000000003 00007fff5df35100
0x00007fff5df350e8:   00000001027f1646 000000018dc85608
0x00007fff5df350f8:   000000018dc85608 00007ff5c4c6f520
0x00007fff5df35108:   000000018c3486a0 000000018c348710
0x00007fff5df35118:   00007fff72e88550 00007fff72d2cc80
0x00007fff5df35128:   000000018c348450 000000018c348690
0x00007fff5df35138:   00007ff5c4c6f520 00007ff5c4e7ae90
0x00007fff5df35148:   00007ff5c0c6b480 00007ff5c4c6f520
0x00007fff5df35158:   00007ff5c4e7ae90 00007fff5df35208
0x00007fff5df35168:   00007ff5c122a1f8 000000018dc85608
0x00007fff5df35178:   00007fff5df35230 00007fff5df351f8
0x00007fff5df35188:   00000001036da954 000000018dc85608
0x00007fff5df35198:   00007fff5df35230 00007fff5df351f8
0x00007fff5df351a8:   00000001036da6e7 00000001036da6a2
0x00007fff5df351b8:   00007fff5df351b8 000000018dc85608
0x00007fff5df351c8:   00007fff5df35230 000000018dc88240
0x00007fff5df351d8:   0000000000000000 000000018dc85608
0x00007fff5df351e8:   0000000000000000 00007fff5df35218
0x00007fff5df351f8:   00007fff5df35278 00000001036ccc4d
0x00007fff5df35208:   0000000781c7abd0 00000001036d4578
0x00007fff5df35218:   00007ff5c4c6f520 00007fff5df35278
0x00007fff5df35228:   00007ff5c4e7ae90 00000001036d5d82
0x00007fff5df35238:   00007fff5df35238 000000018dc857d2
0x00007fff5df35248:   00007fff5df352a0 000000018dc88240
0x00007fff5df35258:   0000000000000000 000000018dc857e0
0x00007fff5df35268:   00007fff5df35218 00007fff5df35288
0x00007fff5df35278:   00007fff5df352e8 00000001036ccc4d
0x00007fff5df35288:   00007ff5c4c6f520 0000000781c7afa0
0x00007fff5df35298:   00007ff5c4e7ae90 0000000781c7afa0
0x00007fff5df352a8:   00007fff5df352a8 0000000191dd24ae
0x00007fff5df352b8:   00007fff5df352f8 0000000191dd2568 

Instructions: (pc=0x00007fff858ad0dd)
0x00007fff858ad0bd:   00 00 00 48 85 ff 2e 74 7a 40 f6 c7 01 2e 75 7e
0x00007fff858ad0cd:   49 bb f8 ff ff ff ff 7f 00 00 4c 23 1f 49 89 f2
0x00007fff858ad0dd:   45 23 53 18 49 c1 e2 04 4d 03 53 10 49 3b 32 75
0x00007fff858ad0ed:   04 41 ff 62 08 49 83 3a 00 74 6a 4d 3b 53 10 74 

Register to memory mapping:

RAX=0x00007ff5c4c6f520 is an unknown value
RBX=0x000000018c348450: Java_jogamp_nativewindow_macosx_OSXUtil_GetScreenRefreshRate0+0x1cf0 in /private/var/folders/gx/lpn_2smn21b5jx4mf4ptd0z40000gn/T/jogamp_0000/file_cache/jln7007684737101930840/jln4907338497993082184/libnativewindow_macosx.jnilib at 0x000000018c341000
RCX=0x000000011fa886c0 is an unknown value
RDX=0x000000011fa880a0 is an unknown value
RSP=0x00007fff5df350c8 is pointing into the stack for thread: 0x00007ff5c122a000
RBP=0x00007fff5df35180 is pointing into the stack for thread: 0x00007ff5c122a000
RSI=0x00007fff8692740f is an unknown value
RDI=0x00007ff5c4e7ae90 is an unknown value
R8 =0x0000000000000000 is an unknown value
R9 =0x0000000000000f50 is an unknown value
R10=0x00007fff8692740f is an unknown value
R11=0x0000000000000000 is an unknown value
R12=0x0000000000000000 is an unknown value
R13={method} {0x000000018dc85608} 'UnsetJAWTRootSurfaceLayer0' '(JJ)V' in 'jogamp/nativewindow/jawt/macosx/MacOSXJAWTWindow'
R14=0x000000018c348440: Java_jogamp_nativewindow_macosx_OSXUtil_GetScreenRefreshRate0+0x1ce0 in /private/var/folders/gx/lpn_2smn21b5jx4mf4ptd0z40000gn/T/jogamp_0000/file_cache/jln7007684737101930840/jln4907338497993082184/libnativewindow_macosx.jnilib at 0x000000018c341000
R15=0x00007ff5c122a000 is a thread


Stack: [0x00007fff5d73a000,0x00007fff5df3a000],  sp=0x00007fff5df350c8,  free space=8172k
Native frames: (J=compiled Java code, j=interpreted, Vv=VM code, C=native code)
C  [libobjc.A.dylib+0x10dd]  objc_msgSend+0x1d
j  jogamp.nativewindow.jawt.macosx.MacOSXJAWTWindow.UnsetJAWTRootSurfaceLayer0(JJ)V+0
j  jogamp.nativewindow.jawt.macosx.MacOSXJAWTWindow.access$200(JJ)V+2
j  jogamp.nativewindow.jawt.macosx.MacOSXJAWTWindow$1.run()V+38
J 1257 C1 com.jogamp.common.util.RunnableTask.run()V (345 bytes) @ 0x0000000103b9c894 [0x0000000103b9c700+0x194]
v  ~StubRoutines::call_stub
V  [libjvm.dylib+0x2eae7a]
V  [libjvm.dylib+0x321f83]
V  [libjvm.dylib+0x314757]
C  [libnativewindow_macosx.jnilib+0x5326]  Java_jogamp_nativewindow_jawt_macosx_MacOSXJAWTWindow_UnsetJAWTRootSurfaceLayer0+0x2b6
C  [Foundation+0x92dd0]  __NSThreadPerformPerform+0x125
C  [CoreFoundation+0x80a01]  __CFRUNLOOP_IS_CALLING_OUT_TO_A_SOURCE0_PERFORM_FUNCTION__+0x11
C  [CoreFoundation+0x72c5c]  __CFRunLoopDoSources0+0x1dc
C  [CoreFoundation+0x721bf]  __CFRunLoopRun+0x39f
C  [CoreFoundation+0x71bd8]  CFRunLoopRunSpecific+0x128
C  [HIToolbox+0x3256f]  RunCurrentEventLoopInMode+0xeb
C  [HIToolbox+0x321ee]  ReceiveNextEventCommon+0xb3
C  [HIToolbox+0x3212b]  _BlockUntilNextEventMatchingListInModeWithFilter+0x47
C  [AppKit+0x918ab]  _DPSNextEvent+0x3d2
C  [AppKit+0x90e58]  -[NSApplication nextEventMatchingMask:untilDate:inMode:dequeue:]+0x15a
C  [libosxapp.dylib+0x23aa]  -[NSApplicationAWT nextEventMatchingMask:untilDate:inMode:dequeue:]+0x7c
C  [AppKit+0x86af3]  -[NSApplication run]+0x252
C  [libosxapp.dylib+0x214d]  +[NSApplicationAWT runAWTLoopWithApp:]+0x9c
C  [libawt_lwawt.dylib+0x4455b]  -[AWTStarter starter:]+0x389
C  [Foundation+0x92dd0]  __NSThreadPerformPerform+0x125
C  [CoreFoundation+0x80a01]  __CFRUNLOOP_IS_CALLING_OUT_TO_A_SOURCE0_PERFORM_FUNCTION__+0x11
C  [CoreFoundation+0x72b8d]  __CFRunLoopDoSources0+0x10d
C  [CoreFoundation+0x721bf]  __CFRunLoopRun+0x39f
C  [CoreFoundation+0x71bd8]  CFRunLoopRunSpecific+0x128
C  [java+0x6463]  CreateExecutionEnvironment+0x367
C  [java+0x21ac]  JLI_Launch+0x7a0
C  [java+0x84c0]  main+0x65
C  [java+0x1a04]  start+0x34
C  0x0000000000000007

Java frames: (J=compiled Java code, j=interpreted, Vv=VM code)
j  jogamp.nativewindow.jawt.macosx.MacOSXJAWTWindow.UnsetJAWTRootSurfaceLayer0(JJ)V+0
j  jogamp.nativewindow.jawt.macosx.MacOSXJAWTWindow.access$200(JJ)V+2
j  jogamp.nativewindow.jawt.macosx.MacOSXJAWTWindow$1.run()V+38
J 1257 C1 com.jogamp.common.util.RunnableTask.run()V (345 bytes) @ 0x0000000103b9c894 [0x0000000103b9c700+0x194]
v  ~StubRoutines::call_stub

---------------  P R O C E S S  ---------------

Java Threads: ( => current thread )
  0x00007ff5c267e800 JavaThread "Thread-19" [_thread_blocked, id=25615, stack(0x0000000196305000,0x0000000196405000)]
  0x00007ff5c1baf000 JavaThread "Image Fetcher 2" daemon [_thread_blocked, id=62979, stack(0x0000000195b46000,0x0000000195c46000)]
  0x00007ff5c1ba9000 JavaThread "Image Fetcher 1" daemon [_thread_blocked, id=62467, stack(0x0000000195a43000,0x0000000195b43000)]
  0x00007ff5c1719800 JavaThread "Image Fetcher 0" daemon [_thread_blocked, id=61955, stack(0x0000000195940000,0x0000000195a40000)]
  0x00007ff5c15df800 JavaThread "Keep-Alive-Timer" daemon [_thread_blocked, id=61703, stack(0x000000019583d000,0x000000019593d000)]
  0x00007ff5c194d800 JavaThread "AWT-EventQueue-1" [_thread_in_native, id=57371, stack(0x000000018c945000,0x000000018ca45000)]
  0x00007ff5c250a000 JavaThread "DestroyJavaVM" [_thread_blocked, id=4867, stack(0x000000010358e000,0x000000010368e000)]
  0x00007ff5c2172800 JavaThread "AWT-EventQueue-0" [_thread_blocked, id=54787, stack(0x000000011fb15000,0x000000011fc15000)]
  0x00007ff5c2160000 JavaThread "Java2D Disposer" daemon [_thread_blocked, id=51223, stack(0x000000011e891000,0x000000011e991000)]
  0x00007ff5c1293800 JavaThread "Java2D Queue Flusher" daemon [_thread_blocked, id=49671, stack(0x000000011d89c000,0x000000011d99c000)]
  0x00007ff5c1227000 JavaThread "AWT-Shutdown" [_thread_blocked, id=28435, stack(0x000000011af4c000,0x000000011b04c000)]
=>0x00007ff5c122a000 JavaThread "AWT-AppKit" daemon [_thread_in_native, id=1811, stack(0x00007fff5d73a000,0x00007fff5df3a000)]
  0x00007ff5c203a000 JavaThread "Service Thread" daemon [_thread_blocked, id=17923, stack(0x0000000118e7d000,0x0000000118f7d000)]
  0x00007ff5c101e800 JavaThread "C1 CompilerThread2" daemon [_thread_blocked, id=17411, stack(0x0000000118d7a000,0x0000000118e7a000)]
  0x00007ff5c101d800 JavaThread "C2 CompilerThread1" daemon [_thread_blocked, id=16899, stack(0x0000000118c77000,0x0000000118d77000)]
  0x00007ff5c101c000 JavaThread "C2 CompilerThread0" daemon [_thread_blocked, id=16143, stack(0x0000000118b74000,0x0000000118c74000)]
  0x00007ff5c101b800 JavaThread "Signal Dispatcher" daemon [_thread_blocked, id=12307, stack(0x0000000118a71000,0x0000000118b71000)]
  0x00007ff5c202e800 JavaThread "Finalizer" daemon [_thread_blocked, id=11523, stack(0x00000001170d1000,0x00000001171d1000)]
  0x00007ff5c1041800 JavaThread "Reference Handler" daemon [_thread_blocked, id=11011, stack(0x0000000116fce000,0x00000001170ce000)]

Other Threads:
  0x00007ff5c1008800 VMThread [stack: 0x0000000116ecb000,0x0000000116fcb000] [id=10499]
  0x00007ff5c1816800 WatcherThread [stack: 0x0000000118f80000,0x0000000119080000] [id=18435]

VM state:not at safepoint (normal execution)

VM Mutex/Monitor currently owned by a thread: None

Heap:
 PSYoungGen      total 82432K, used 53617K [0x00000007aab00000, 0x00000007b3480000, 0x00000007c0000000)
  eden space 60416K, 66% used [0x00000007aab00000,0x00000007ad232c28,0x00000007ae600000)
  from space 22016K, 61% used [0x00000007ae600000,0x00000007af3298d0,0x00000007afb80000)
  to   space 22016K, 0% used [0x00000007b1f00000,0x00000007b1f00000,0x00000007b3480000)
 ParOldGen       total 44032K, used 30702K [0x0000000780000000, 0x0000000782b00000, 0x00000007aab00000)
  object space 44032K, 69% used [0x0000000780000000,0x0000000781dfb980,0x0000000782b00000)
 Metaspace       used 18949K, capacity 19147K, committed 19456K, reserved 1067008K
  class space    used 1879K, capacity 1982K, committed 2048K, reserved 1048576K

Card table byte_map: [0x0000000112a85000,0x0000000112c86000] byte_map_base: 0x000000010ee85000

Marking Bits: (ParMarkBitMap*) 0x0000000102ee3ea0
 Begin Bits: [0x00000001131e8000, 0x00000001141e8000)
 End Bits:   [0x00000001141e8000, 0x00000001151e8000)

Polling page: 0x0000000101dea000

CodeCache: size=245760Kb used=6182Kb max_used=6438Kb free=239577Kb
 bounds [0x00000001036c5000, 0x0000000103d25000, 0x00000001126c5000]
 total_blobs=2552 nmethods=1676 adapters=789
 compilation: enabled

Compilation events (10 events):
Event: 21.257 Thread 0x00007ff5c101d800 nmethod 1997 0x0000000103acfa50 code [0x0000000103acfba0, 0x0000000103acfc58]
Event: 21.257 Thread 0x00007ff5c101e800 nmethod 1999 0x0000000103ab8350 code [0x0000000103ab85a0, 0x0000000103ab9488]
Event: 21.257 Thread 0x00007ff5c101e800 2000       3       processing.opengl.PJOGL::frontFace (11 bytes)
Event: 21.258 Thread 0x00007ff5c101e800 nmethod 2000 0x0000000103acf5d0 code [0x0000000103acf740, 0x0000000103acf968]
Event: 21.319 Thread 0x00007ff5c101e800 2001       3       sun.lwawt.LWComponentPeer::postEvent (5 bytes)
Event: 21.320 Thread 0x00007ff5c101e800 nmethod 2001 0x0000000103ab7650 code [0x0000000103ab7820, 0x0000000103ab7f88]
Event: 21.320 Thread 0x00007ff5c101e800 2002       3       sun.lwawt.LWToolkit::postEvent (12 bytes)
Event: 21.321 Thread 0x00007ff5c101e800 nmethod 2002 0x0000000103ab6a90 code [0x0000000103ab6c40, 0x0000000103ab7328]
Event: 21.322 Thread 0x00007ff5c101e800 2003       3       java.util.HashMap::putVal (300 bytes)
Event: 21.323 Thread 0x00007ff5c101e800 nmethod 2003 0x0000000103c367d0 code [0x0000000103c36a40, 0x0000000103c37cf8]

GC Heap History (10 events):
Event: 13.336 GC heap before
{Heap before GC invocations=5 (full 0):
 PSYoungGen      total 18944K, used 18928K [0x00000007aab00000, 0x00000007ad000000, 0x00000007c0000000)
  eden space 16384K, 100% used [0x00000007aab00000,0x00000007abb00000,0x00000007abb00000)
  from space 2560K, 99% used [0x00000007abd80000,0x00000007abffc050,0x00000007ac000000)
  to   space 2560K, 0% used [0x00000007abb00000,0x00000007abb00000,0x00000007abd80000)
 ParOldGen       total 44032K, used 11084K [0x0000000780000000, 0x0000000782b00000, 0x00000007aab00000)
  object space 44032K, 25% used [0x0000000780000000,0x0000000780ad32b8,0x0000000782b00000)
 Metaspace       used 17370K, capacity 17563K, committed 17792K, reserved 1064960K
  class space    used 1753K, capacity 1820K, committed 1920K, reserved 1048576K
Event: 13.349 GC heap after
Heap after GC invocations=5 (full 0):
 PSYoungGen      total 18944K, used 2548K [0x00000007aab00000, 0x00000007ae100000, 0x00000007c0000000)
  eden space 16384K, 0% used [0x00000007aab00000,0x00000007aab00000,0x00000007abb00000)
  from space 2560K, 99% used [0x00000007abb00000,0x00000007abd7d2c8,0x00000007abd80000)
  to   space 11264K, 0% used [0x00000007ad600000,0x00000007ad600000,0x00000007ae100000)
 ParOldGen       total 44032K, used 19185K [0x0000000780000000, 0x0000000782b00000, 0x00000007aab00000)
  object space 44032K, 43% used [0x0000000780000000,0x00000007812bc560,0x0000000782b00000)
 Metaspace       used 17370K, capacity 17563K, committed 17792K, reserved 1064960K
  class space    used 1753K, capacity 1820K, committed 1920K, reserved 1048576K
}
Event: 13.450 GC heap before
{Heap before GC invocations=6 (full 0):
 PSYoungGen      total 18944K, used 18932K [0x00000007aab00000, 0x00000007ae100000, 0x00000007c0000000)
  eden space 16384K, 100% used [0x00000007aab00000,0x00000007abb00000,0x00000007abb00000)
  from space 2560K, 99% used [0x00000007abb00000,0x00000007abd7d2c8,0x00000007abd80000)
  to   space 11264K, 0% used [0x00000007ad600000,0x00000007ad600000,0x00000007ae100000)
 ParOldGen       total 44032K, used 19185K [0x0000000780000000, 0x0000000782b00000, 0x00000007aab00000)
  object space 44032K, 43% used [0x0000000780000000,0x00000007812bc560,0x0000000782b00000)
 Metaspace       used 17377K, capacity 17563K, committed 17792K, reserved 1064960K
  class space    used 1754K, capacity 1820K, committed 1920K, reserved 1048576K
Event: 13.469 GC heap after
Heap after GC invocations=6 (full 0):
 PSYoungGen      total 42496K, used 10255K [0x00000007aab00000, 0x00000007ae400000, 0x00000007c0000000)
  eden space 31232K, 0% used [0x00000007aab00000,0x00000007aab00000,0x00000007ac980000)
  from space 11264K, 91% used [0x00000007ad600000,0x00000007ae003d88,0x00000007ae100000)
  to   space 12800K, 0% used [0x00000007ac980000,0x00000007ac980000,0x00000007ad600000)
 ParOldGen       total 44032K, used 19185K [0x0000000780000000, 0x0000000782b00000, 0x00000007aab00000)
  object space 44032K, 43% used [0x0000000780000000,0x00000007812bc560,0x0000000782b00000)
 Metaspace       used 17377K, capacity 17563K, committed 17792K, reserved 1064960K
  class space    used 1754K, capacity 1820K, committed 1920K, reserved 1048576K
}
Event: 13.553 GC heap before
{Heap before GC invocations=7 (full 0):
 PSYoungGen      total 42496K, used 41487K [0x00000007aab00000, 0x00000007ae400000, 0x00000007c0000000)
  eden space 31232K, 100% used [0x00000007aab00000,0x00000007ac980000,0x00000007ac980000)
  from space 11264K, 91% used [0x00000007ad600000,0x00000007ae003d88,0x00000007ae100000)
  to   space 12800K, 0% used [0x00000007ac980000,0x00000007ac980000,0x00000007ad600000)
 ParOldGen       total 44032K, used 19185K [0x0000000780000000, 0x0000000782b00000, 0x00000007aab00000)
  object space 44032K, 43% used [0x0000000780000000,0x00000007812bc560,0x0000000782b00000)
 Metaspace       used 17377K, capacity 17563K, committed 17792K, reserved 1064960K
  class space    used 1754K, capacity 1820K, committed 1920K, reserved 1048576K
Event: 13.594 GC heap after
Heap after GC invocations=7 (full 0):
 PSYoungGen      total 44032K, used 12770K [0x00000007aab00000, 0x00000007b0f00000, 0x00000007c0000000)
  eden space 31232K, 0% used [0x00000007aab00000,0x00000007aab00000,0x00000007ac980000)
  from space 12800K, 99% used [0x00000007ac980000,0x00000007ad5f8b88,0x00000007ad600000)
  to   space 19968K, 0% used [0x00000007afb80000,0x00000007afb80000,0x00000007b0f00000)
 ParOldGen       total 44032K, used 29158K [0x0000000780000000, 0x0000000782b00000, 0x00000007aab00000)
  object space 44032K, 66% used [0x0000000780000000,0x0000000781c79be8,0x0000000782b00000)
 Metaspace       used 17377K, capacity 17563K, committed 17792K, reserved 1064960K
  class space    used 1754K, capacity 1820K, committed 1920K, reserved 1048576K
}
Event: 14.508 GC heap before
{Heap before GC invocations=8 (full 0):
 PSYoungGen      total 44032K, used 44002K [0x00000007aab00000, 0x00000007b0f00000, 0x00000007c0000000)
  eden space 31232K, 100% used [0x00000007aab00000,0x00000007ac980000,0x00000007ac980000)
  from space 12800K, 99% used [0x00000007ac980000,0x00000007ad5f8b88,0x00000007ad600000)
  to   space 19968K, 0% used [0x00000007afb80000,0x00000007afb80000,0x00000007b0f00000)
 ParOldGen       total 44032K, used 29158K [0x0000000780000000, 0x0000000782b00000, 0x00000007aab00000)
  object space 44032K, 66% used [0x0000000780000000,0x0000000781c79be8,0x0000000782b00000)
 Metaspace       used 17415K, capacity 17627K, committed 17792K, reserved 1064960K
  class space    used 1756K, capacity 1820K, committed 1920K, reserved 1048576K
Event: 14.546 GC heap after
Heap after GC invocations=8 (full 0):
 PSYoungGen      total 80384K, used 17242K [0x00000007aab00000, 0x00000007b1300000, 0x00000007c0000000)
  eden space 60416K, 0% used [0x00000007aab00000,0x00000007aab00000,0x00000007ae600000)
  from space 19968K, 86% used [0x00000007afb80000,0x00000007b0c56a18,0x00000007b0f00000)
  to   space 22016K, 0% used [0x00000007ae600000,0x00000007ae600000,0x00000007afb80000)
 ParOldGen       total 44032K, used 30113K [0x0000000780000000, 0x0000000782b00000, 0x00000007aab00000)
  object space 44032K, 68% used [0x0000000780000000,0x0000000781d68708,0x0000000782b00000)
 Metaspace       used 17415K, capacity 17627K, committed 17792K, reserved 1064960K
  class space    used 1756K, capacity 1820K, committed 1920K, reserved 1048576K
}
Event: 17.066 GC heap before
{Heap before GC invocations=9 (full 0):
 PSYoungGen      total 80384K, used 77658K [0x00000007aab00000, 0x00000007b1300000, 0x00000007c0000000)
  eden space 60416K, 100% used [0x00000007aab00000,0x00000007ae600000,0x00000007ae600000)
  from space 19968K, 86% used [0x00000007afb80000,0x00000007b0c56a18,0x00000007b0f00000)
  to   space 22016K, 0% used [0x00000007ae600000,0x00000007ae600000,0x00000007afb80000)
 ParOldGen       total 44032K, used 30113K [0x0000000780000000, 0x0000000782b00000, 0x00000007aab00000)
  object space 44032K, 68% used [0x0000000780000000,0x0000000781d68708,0x0000000782b00000)
 Metaspace       used 18731K, capacity 18907K, committed 19200K, reserved 1067008K
  class space    used 1870K, capacity 1948K, committed 2048K, reserved 1048576K
Event: 17.080 GC heap after
Heap after GC invocations=9 (full 0):
 PSYoungGen      total 82432K, used 13478K [0x00000007aab00000, 0x00000007b3480000, 0x00000007c0000000)
  eden space 60416K, 0% used [0x00000007aab00000,0x00000007aab00000,0x00000007ae600000)
  from space 22016K, 61% used [0x00000007ae600000,0x00000007af3298d0,0x00000007afb80000)
  to   space 22016K, 0% used [0x00000007b1f00000,0x00000007b1f00000,0x00000007b3480000)
 ParOldGen       total 44032K, used 30702K [0x0000000780000000, 0x0000000782b00000, 0x00000007aab00000)
  object space 44032K, 69% used [0x0000000780000000,0x0000000781dfb980,0x0000000782b00000)
 Metaspace       used 18731K, capacity 18907K, committed 19200K, reserved 1067008K
  class space    used 1870K, capacity 1948K, committed 2048K, reserved 1048576K
}

Deoptimization events (10 events):
Event: 16.642 Thread 0x00007ff5c15db800 Uncommon trap: reason=class_check action=maybe_recompile pc=0x0000000103b81d38 method=java.io.BufferedOutputStream.flushBuffer()V @ 20
Event: 16.643 Thread 0x00007ff5c194b000 Uncommon trap: reason=class_check action=maybe_recompile pc=0x0000000103b81d38 method=java.io.BufferedOutputStream.flushBuffer()V @ 20
Event: 16.644 Thread 0x00007ff5c278d000 Uncommon trap: reason=class_check action=maybe_recompile pc=0x0000000103b81d38 method=java.io.BufferedOutputStream.flushBuffer()V @ 20
Event: 16.644 Thread 0x00007ff5c15dd000 Uncommon trap: reason=class_check action=maybe_recompile pc=0x0000000103b81d38 method=java.io.BufferedOutputStream.flushBuffer()V @ 20
Event: 16.689 Thread 0x00007ff5c15dd000 Uncommon trap: reason=class_check action=maybe_recompile pc=0x0000000103b38890 method=java.util.Arrays.copyOf([Ljava/lang/Object;ILjava/lang/Class;)[Ljava/lang/Object; @ 24
Event: 21.202 Thread 0x00007ff5c194d800 Uncommon trap: reason=class_check action=maybe_recompile pc=0x0000000103b38890 method=java.util.Arrays.copyOf([Ljava/lang/Object;ILjava/lang/Class;)[Ljava/lang/Object; @ 24
Event: 21.202 Thread 0x00007ff5c194d800 Uncommon trap: reason=class_check action=maybe_recompile pc=0x0000000103b38890 method=java.util.Arrays.copyOf([Ljava/lang/Object;ILjava/lang/Class;)[Ljava/lang/Object; @ 24
Event: 21.203 Thread 0x00007ff5c194d800 Uncommon trap: reason=unstable_if action=reinterpret pc=0x0000000103991d28 method=com.jogamp.common.util.VersionNumber.compareTo(Lcom/jogamp/common/util/VersionNumber;)I @ 21
Event: 21.318 Thread 0x00007ff5c2169000 Uncommon trap: reason=unstable_if action=reinterpret pc=0x0000000103b208f0 method=java.util.HashMap.putVal(ILjava/lang/Object;Ljava/lang/Object;ZZ)Ljava/lang/Object; @ 81
Event: 21.318 Thread 0x00007ff5c2169000 Uncommon trap: reason=unstable_if action=reinterpret pc=0x0000000103aec7a4 method=java.util.HashMap.putVal(ILjava/lang/Object;Ljava/lang/Object;ZZ)Ljava/lang/Object; @ 81

Internal exceptions (10 events):
Event: 0.685 Thread 0x00007ff5c100a800 Exception <a 'java/lang/NoSuchFieldError': method resolution failed> (0x00000007aad0ea30) thrown at [/HUDSON3/workspace/8-2-build-macosx-x86_64/jdk8u73/6086/hotspot/src/share/vm/prims/methodHandles.cpp, line 1146]
Event: 1.957 Thread 0x00007ff5c100a800 Exception <a 'java/io/FileNotFoundException'> (0x00000007aad8a838) thrown at [/HUDSON3/workspace/8-2-build-macosx-x86_64/jdk8u73/6086/hotspot/src/share/vm/prims/jni.cpp, line 709]
Event: 1.957 Thread 0x00007ff5c100a800 Exception <a 'java/io/FileNotFoundException'> (0x00000007aad8b3a0) thrown at [/HUDSON3/workspace/8-2-build-macosx-x86_64/jdk8u73/6086/hotspot/src/share/vm/prims/jni.cpp, line 709]
Event: 1.968 Thread 0x00007ff5c100a800 Implicit null exception at 0x000000010382b75c to 0x000000010382b941
Event: 2.286 Thread 0x00007ff5c100a800 Exception <a 'java/io/FileNotFoundException'> (0x00000007aaee02e8) thrown at [/HUDSON3/workspace/8-2-build-macosx-x86_64/jdk8u73/6086/hotspot/src/share/vm/prims/jni.cpp, line 709]
Event: 11.430 Thread 0x00007ff5c202e800 Exception <a 'java/lang/NullPointerException'> (0x00000007aab844a0) thrown at [/HUDSON3/workspace/8-2-build-macosx-x86_64/jdk8u73/6086/hotspot/src/share/vm/interpreter/linkResolver.cpp, line 1178]
Event: 11.553 Thread 0x00007ff5c100a800 Exception <a 'java/lang/UnsatisfiedLinkError': com.jogamp.common.util.JarUtil.fixNativeLibAttribs(Ljava/lang/String;)Z> (0x00000007aafd8f30) thrown at [/HUDSON3/workspace/8-2-build-macosx-x86_64/jdk8u73/6086/hotspot/src/share/vm/prims/nativeLookup.cpp, li
Event: 12.686 Thread 0x00007ff5c194d800 Exception <a 'java/io/FileNotFoundException'> (0x00000007ab399820) thrown at [/HUDSON3/workspace/8-2-build-macosx-x86_64/jdk8u73/6086/hotspot/src/share/vm/prims/jni.cpp, line 709]
Event: 12.686 Thread 0x00007ff5c194d800 Exception <a 'java/io/FileNotFoundException'> (0x00000007ab3a6050) thrown at [/HUDSON3/workspace/8-2-build-macosx-x86_64/jdk8u73/6086/hotspot/src/share/vm/prims/jni.cpp, line 709]
Event: 12.686 Thread 0x00007ff5c194d800 Implicit null exception at 0x0000000103876533 to 0x00000001038768b9

Events (10 events):
Event: 21.377 loading class java/awt/LightweightDispatcher$2 done
Event: 21.377 loading class java/awt/event/AWTEventListenerProxy
Event: 21.377 loading class java/awt/event/AWTEventListenerProxy done
Event: 21.377 loading class java/awt/Toolkit$ToolkitEventMulticaster
Event: 21.377 loading class java/awt/Toolkit$ToolkitEventMulticaster done
Event: 21.377 Executing VM operation: RevokeBias
Event: 21.377 Executing VM operation: RevokeBias done
Event: 21.378 Thread 0x00007ff5c2169000 Thread exited: 0x00007ff5c2169000
Event: 21.378 loading class java/awt/Window$1DisposeAction
Event: 21.378 loading class java/awt/Window$1DisposeAction done


Dynamic libraries:
0x0000000000fce000 	/System/Library/Frameworks/Cocoa.framework/Versions/A/Cocoa
0x0000000000fce000 	/System/Library/Frameworks/Security.framework/Versions/A/Security
0x0000000000fce000 	/System/Library/Frameworks/ApplicationServices.framework/Versions/A/ApplicationServices
0x0000000000fce000 	/usr/lib/libz.1.dylib
0x0000000000fce000 	/usr/lib/libSystem.B.dylib
0x0000000000fce000 	/usr/lib/libobjc.A.dylib
0x0000000000fce000 	/System/Library/Frameworks/CoreFoundation.framework/Versions/A/CoreFoundation
0x0000000000fce000 	/System/Library/Frameworks/Foundation.framework/Versions/C/Foundation
0x0000000000fce000 	/System/Library/Frameworks/AppKit.framework/Versions/C/AppKit
0x0000000000fce000 	/System/Library/Frameworks/CoreData.framework/Versions/A/CoreData
0x0000000000fce000 	/System/Library/PrivateFrameworks/RemoteViewServices.framework/Versions/A/RemoteViewServices
0x0000000000fce000 	/System/Library/PrivateFrameworks/UIFoundation.framework/Versions/A/UIFoundation
0x0000000000fce000 	/System/Library/Frameworks/IOSurface.framework/Versions/A/IOSurface
0x0000000000fce000 	/System/Library/Frameworks/AudioToolbox.framework/Versions/A/AudioToolbox
0x0000000000fce000 	/System/Library/Frameworks/AudioUnit.framework/Versions/A/AudioUnit
0x0000000000fce000 	/System/Library/PrivateFrameworks/DataDetectorsCore.framework/Versions/A/DataDetectorsCore
0x0000000000fce000 	/System/Library/PrivateFrameworks/DesktopServicesPriv.framework/Versions/A/DesktopServicesPriv
0x0000000000fce000 	/System/Library/Frameworks/Carbon.framework/Versions/A/Frameworks/HIToolbox.framework/Versions/A/HIToolbox
0x0000000000fce000 	/System/Library/Frameworks/QuartzCore.framework/Versions/A/QuartzCore
0x0000000000fce000 	/System/Library/Frameworks/Carbon.framework/Versions/A/Frameworks/SpeechRecognition.framework/Versions/A/SpeechRecognition
0x0000000000fce000 	/usr/lib/libauto.dylib
0x0000000000fce000 	/usr/lib/libicucore.A.dylib
0x0000000000fce000 	/usr/lib/libxml2.2.dylib
0x0000000000fce000 	/System/Library/PrivateFrameworks/CoreUI.framework/Versions/A/CoreUI
0x0000000000fce000 	/System/Library/Frameworks/CoreAudio.framework/Versions/A/CoreAudio
0x0000000000fce000 	/System/Library/Frameworks/DiskArbitration.framework/Versions/A/DiskArbitration
0x0000000000fce000 	/usr/lib/liblangid.dylib
0x0000000000fce000 	/System/Library/PrivateFrameworks/MultitouchSupport.framework/Versions/A/MultitouchSupport
0x0000000000fce000 	/System/Library/Frameworks/IOKit.framework/Versions/A/IOKit
0x0000000000fce000 	/usr/lib/libDiagnosticMessagesClient.dylib
0x0000000000fce000 	/System/Library/Frameworks/CoreServices.framework/Versions/A/CoreServices
0x0000000000fce000 	/System/Library/PrivateFrameworks/PerformanceAnalysis.framework/Versions/A/PerformanceAnalysis
0x0000000000fce000 	/System/Library/PrivateFrameworks/GenerationalStorage.framework/Versions/A/GenerationalStorage
0x0000000000fce000 	/System/Library/Frameworks/OpenGL.framework/Versions/A/OpenGL
0x0000000000fce000 	/System/Library/PrivateFrameworks/Sharing.framework/Versions/A/Sharing
0x0000000000fce000 	/System/Library/Frameworks/CoreGraphics.framework/Versions/A/CoreGraphics
0x0000000000fce000 	/System/Library/Frameworks/CoreText.framework/Versions/A/CoreText
0x0000000000fce000 	/System/Library/Frameworks/ImageIO.framework/Versions/A/ImageIO
0x0000000000fce000 	/usr/lib/libextension.dylib
0x0000000000fce000 	/System/Library/PrivateFrameworks/Backup.framework/Versions/A/Backup
0x0000000000fce000 	/usr/lib/libarchive.2.dylib
0x0000000000fce000 	/System/Library/Frameworks/CFNetwork.framework/Versions/A/CFNetwork
0x0000000000fce000 	/System/Library/Frameworks/SystemConfiguration.framework/Versions/A/SystemConfiguration
0x0000000000fce000 	/usr/lib/libCRFSuite.dylib
0x0000000000fce000 	/usr/lib/libc++.1.dylib
0x0000000000fce000 	/usr/lib/libc++abi.dylib
0x0000000000fce000 	/usr/lib/system/libcache.dylib
0x0000000000fce000 	/usr/lib/system/libcommonCrypto.dylib
0x0000000000fce000 	/usr/lib/system/libcompiler_rt.dylib
0x0000000000fce000 	/usr/lib/system/libcopyfile.dylib
0x0000000000fce000 	/usr/lib/system/libcorecrypto.dylib
0x0000000000fce000 	/usr/lib/system/libdispatch.dylib
0x0000000000fce000 	/usr/lib/system/libdyld.dylib
0x0000000000fce000 	/usr/lib/system/libkeymgr.dylib
0x0000000000fce000 	/usr/lib/system/liblaunch.dylib
0x0000000000fce000 	/usr/lib/system/libmacho.dylib
0x0000000000fce000 	/usr/lib/system/libquarantine.dylib
0x0000000000fce000 	/usr/lib/system/libremovefile.dylib
0x0000000000fce000 	/usr/lib/system/libsystem_asl.dylib
0x0000000000fce000 	/usr/lib/system/libsystem_blocks.dylib
0x0000000000fce000 	/usr/lib/system/libsystem_c.dylib
0x0000000000fce000 	/usr/lib/system/libsystem_configuration.dylib
0x0000000000fce000 	/usr/lib/system/libsystem_coreservices.dylib
0x0000000000fce000 	/usr/lib/system/libsystem_coretls.dylib
0x0000000000fce000 	/usr/lib/system/libsystem_dnssd.dylib
0x0000000000fce000 	/usr/lib/system/libsystem_info.dylib
0x0000000000fce000 	/usr/lib/system/libsystem_kernel.dylib
0x0000000000fce000 	/usr/lib/system/libsystem_m.dylib
0x0000000000fce000 	/usr/lib/system/libsystem_malloc.dylib
0x0000000000fce000 	/usr/lib/system/libsystem_network.dylib
0x0000000000fce000 	/usr/lib/system/libsystem_networkextension.dylib
0x0000000000fce000 	/usr/lib/system/libsystem_notify.dylib
0x0000000000fce000 	/usr/lib/system/libsystem_platform.dylib
0x0000000000fce000 	/usr/lib/system/libsystem_pthread.dylib
0x0000000000fce000 	/usr/lib/system/libsystem_sandbox.dylib
0x0000000000fce000 	/usr/lib/system/libsystem_secinit.dylib
0x0000000000fce000 	/usr/lib/system/libsystem_stats.dylib
0x0000000000fce000 	/usr/lib/system/libsystem_trace.dylib
0x0000000000fce000 	/usr/lib/system/libunc.dylib
0x0000000000fce000 	/usr/lib/system/libunwind.dylib
0x0000000000fce000 	/usr/lib/system/libxpc.dylib
0x0000000000fce000 	/usr/lib/libbz2.1.0.dylib
0x0000000000fce000 	/usr/lib/liblzma.5.dylib
0x0000000000fce000 	/usr/lib/libbsm.0.dylib
0x0000000000fce000 	/usr/lib/libsqlite3.dylib
0x0000000000fce000 	/usr/lib/system/libkxld.dylib
0x0000000000fce000 	/usr/lib/libxar.1.dylib
0x0000000000fce000 	/usr/lib/libpam.2.dylib
0x0000000000fce000 	/usr/lib/libOpenScriptingUtil.dylib
0x0000000000fce000 	/System/Library/Frameworks/CoreServices.framework/Versions/A/Frameworks/FSEvents.framework/Versions/A/FSEvents
0x0000000000fce000 	/System/Library/Frameworks/CoreServices.framework/Versions/A/Frameworks/CarbonCore.framework/Versions/A/CarbonCore
0x0000000000fce000 	/System/Library/Frameworks/CoreServices.framework/Versions/A/Frameworks/Metadata.framework/Versions/A/Metadata
0x0000000000fce000 	/System/Library/Frameworks/CoreServices.framework/Versions/A/Frameworks/OSServices.framework/Versions/A/OSServices
0x0000000000fce000 	/System/Library/Frameworks/CoreServices.framework/Versions/A/Frameworks/SearchKit.framework/Versions/A/SearchKit
0x0000000000fce000 	/System/Library/Frameworks/CoreServices.framework/Versions/A/Frameworks/AE.framework/Versions/A/AE
0x0000000000fce000 	/System/Library/Frameworks/CoreServices.framework/Versions/A/Frameworks/LaunchServices.framework/Versions/A/LaunchServices
0x0000000000fce000 	/System/Library/Frameworks/CoreServices.framework/Versions/A/Frameworks/DictionaryServices.framework/Versions/A/DictionaryServices
0x0000000000fce000 	/System/Library/Frameworks/NetFS.framework/Versions/A/NetFS
0x0000000000fce000 	/System/Library/PrivateFrameworks/NetAuth.framework/Versions/A/NetAuth
0x0000000000fce000 	/System/Library/PrivateFrameworks/login.framework/Versions/A/Frameworks/loginsupport.framework/Versions/A/loginsupport
0x0000000000fce000 	/System/Library/PrivateFrameworks/TCC.framework/Versions/A/TCC
0x0000000000fce000 	/usr/lib/libmecabra.dylib
0x0000000000fce000 	/System/Library/Frameworks/ApplicationServices.framework/Versions/A/Frameworks/ATS.framework/Versions/A/ATS
0x0000000000fce000 	/System/Library/Frameworks/ApplicationServices.framework/Versions/A/Frameworks/ColorSync.framework/Versions/A/ColorSync
0x0000000000fce000 	/System/Library/Frameworks/ApplicationServices.framework/Versions/A/Frameworks/HIServices.framework/Versions/A/HIServices
0x0000000000fce000 	/System/Library/Frameworks/ApplicationServices.framework/Versions/A/Frameworks/LangAnalysis.framework/Versions/A/LangAnalysis
0x0000000000fce000 	/System/Library/Frameworks/ApplicationServices.framework/Versions/A/Frameworks/PrintCore.framework/Versions/A/PrintCore
0x0000000000fce000 	/System/Library/Frameworks/ApplicationServices.framework/Versions/A/Frameworks/QD.framework/Versions/A/QD
0x0000000000fce000 	/System/Library/Frameworks/ApplicationServices.framework/Versions/A/Frameworks/SpeechSynthesis.framework/Versions/A/SpeechSynthesis
0x0000000000fce000 	/System/Library/Frameworks/Accelerate.framework/Versions/A/Accelerate
0x0000000000fce000 	/System/Library/Frameworks/Accelerate.framework/Versions/A/Frameworks/vImage.framework/Versions/A/vImage
0x0000000000fce000 	/System/Library/Frameworks/Accelerate.framework/Versions/A/Frameworks/vecLib.framework/Versions/A/vecLib
0x0000000000fce000 	/System/Library/Frameworks/Accelerate.framework/Versions/A/Frameworks/vecLib.framework/Versions/A/libvDSP.dylib
0x0000000000fce000 	/System/Library/Frameworks/Accelerate.framework/Versions/A/Frameworks/vecLib.framework/Versions/A/libvMisc.dylib
0x0000000000fce000 	/System/Library/Frameworks/Accelerate.framework/Versions/A/Frameworks/vecLib.framework/Versions/A/libLAPACK.dylib
0x0000000000fce000 	/System/Library/Frameworks/Accelerate.framework/Versions/A/Frameworks/vecLib.framework/Versions/A/libBLAS.dylib
0x0000000000fce000 	/System/Library/Frameworks/Accelerate.framework/Versions/A/Frameworks/vecLib.framework/Versions/A/libLinearAlgebra.dylib
0x0000000000fce000 	/System/Library/Frameworks/ApplicationServices.framework/Versions/A/Frameworks/ATS.framework/Versions/A/Resources/libFontParser.dylib
0x0000000000fce000 	/System/Library/Frameworks/ApplicationServices.framework/Versions/A/Frameworks/ATS.framework/Versions/A/Resources/libFontRegistry.dylib
0x0000000000fce000 	/System/Library/PrivateFrameworks/AppleVPA.framework/Versions/A/AppleVPA
0x0000000000fce000 	/System/Library/PrivateFrameworks/AppleJPEG.framework/Versions/A/AppleJPEG
0x0000000000fce000 	/System/Library/Frameworks/ImageIO.framework/Versions/A/Resources/libJPEG.dylib
0x0000000000fce000 	/System/Library/Frameworks/ImageIO.framework/Versions/A/Resources/libTIFF.dylib
0x0000000000fce000 	/System/Library/Frameworks/ImageIO.framework/Versions/A/Resources/libPng.dylib
0x0000000000fce000 	/System/Library/Frameworks/ImageIO.framework/Versions/A/Resources/libGIF.dylib
0x0000000000fce000 	/System/Library/Frameworks/ImageIO.framework/Versions/A/Resources/libJP2.dylib
0x0000000000fce000 	/System/Library/Frameworks/ImageIO.framework/Versions/A/Resources/libRadiance.dylib
0x0000000000fce000 	/System/Library/Frameworks/CoreVideo.framework/Versions/A/CoreVideo
0x0000000000fce000 	/System/Library/Frameworks/OpenGL.framework/Versions/A/Libraries/libGLU.dylib
0x0000000000fce000 	/System/Library/Frameworks/OpenGL.framework/Versions/A/Libraries/libGFXShared.dylib
0x0000000000fce000 	/System/Library/Frameworks/OpenGL.framework/Versions/A/Libraries/libGL.dylib
0x0000000000fce000 	/System/Library/Frameworks/OpenGL.framework/Versions/A/Libraries/libGLImage.dylib
0x0000000000fce000 	/System/Library/Frameworks/OpenGL.framework/Versions/A/Libraries/libCVMSPluginSupport.dylib
0x0000000000fce000 	/System/Library/Frameworks/OpenGL.framework/Versions/A/Libraries/libCoreVMClient.dylib
0x0000000000fce000 	/usr/lib/libcups.2.dylib
0x0000000000fce000 	/System/Library/Frameworks/Kerberos.framework/Versions/A/Kerberos
0x0000000000fce000 	/System/Library/Frameworks/GSS.framework/Versions/A/GSS
0x0000000000fce000 	/usr/lib/libresolv.9.dylib
0x0000000000fce000 	/usr/lib/libiconv.2.dylib
0x0000000000fce000 	/System/Library/PrivateFrameworks/Heimdal.framework/Versions/A/Heimdal
0x0000000000fce000 	/usr/lib/libheimdal-asn1.dylib
0x0000000000fce000 	/System/Library/Frameworks/OpenDirectory.framework/Versions/A/OpenDirectory
0x0000000000fce000 	/System/Library/PrivateFrameworks/CommonAuth.framework/Versions/A/CommonAuth
0x0000000000fce000 	/System/Library/Frameworks/OpenDirectory.framework/Versions/A/Frameworks/CFOpenDirectory.framework/Versions/A/CFOpenDirectory
0x0000000000fce000 	/System/Library/Frameworks/SecurityFoundation.framework/Versions/A/SecurityFoundation
0x0000000000fce000 	/System/Library/PrivateFrameworks/LanguageModeling.framework/Versions/A/LanguageModeling
0x0000000000fce000 	/usr/lib/libcmph.dylib
0x0000000000fce000 	/System/Library/Frameworks/ServiceManagement.framework/Versions/A/ServiceManagement
0x0000000000fce000 	/usr/lib/libxslt.1.dylib
0x0000000000fce000 	/System/Library/Frameworks/Carbon.framework/Versions/A/Frameworks/Ink.framework/Versions/A/Ink
0x0000000000fce000 	/System/Library/Frameworks/QuartzCore.framework/Versions/A/Frameworks/CoreImage.framework/Versions/A/CoreImage
0x0000000000fce000 	/System/Library/PrivateFrameworks/CrashReporterSupport.framework/Versions/A/CrashReporterSupport
0x0000000000fce000 	/System/Library/Frameworks/OpenCL.framework/Versions/A/OpenCL
0x0000000000fce000 	/System/Library/PrivateFrameworks/FaceCore.framework/Versions/A/FaceCore
0x0000000000fce000 	/System/Library/PrivateFrameworks/Ubiquity.framework/Versions/A/Ubiquity
0x0000000000fce000 	/System/Library/PrivateFrameworks/IconServices.framework/Versions/A/IconServices
0x0000000000fce000 	/System/Library/PrivateFrameworks/ChunkingLibrary.framework/Versions/A/ChunkingLibrary
0x0000000000fce000 	/System/Library/PrivateFrameworks/Apple80211.framework/Versions/A/Apple80211
0x0000000000fce000 	/System/Library/Frameworks/CoreWLAN.framework/Versions/A/CoreWLAN
0x0000000000fce000 	/System/Library/Frameworks/IOBluetooth.framework/Versions/A/IOBluetooth
0x0000000000fce000 	/System/Library/PrivateFrameworks/CoreWiFi.framework/Versions/A/CoreWiFi
0x0000000000fce000 	/System/Library/Frameworks/CoreBluetooth.framework/Versions/A/CoreBluetooth
0x0000000000fce000 	/System/Library/PrivateFrameworks/DebugSymbols.framework/Versions/A/DebugSymbols
0x0000000000fce000 	/System/Library/PrivateFrameworks/CoreSymbolication.framework/Versions/A/CoreSymbolication
0x0000000000fce000 	/System/Library/PrivateFrameworks/Symbolication.framework/Versions/A/Symbolication
0x0000000000fce000 	/System/Library/PrivateFrameworks/SpeechRecognitionCore.framework/Versions/A/SpeechRecognitionCore
0x0000000102600000 	/Library/Java/JavaVirtualMachines/jdk1.8.0_73.jdk/Contents/Home/jre/lib/server/libjvm.dylib
0x0000000000fce000 	/usr/lib/libstdc++.6.dylib
0x0000000101ddc000 	/Library/Java/JavaVirtualMachines/jdk1.8.0_73.jdk/Contents/Home/jre/lib/libverify.dylib
0x0000000103690000 	/Library/Java/JavaVirtualMachines/jdk1.8.0_73.jdk/Contents/Home/jre/lib/libjava.dylib
0x0000000101df4000 	/Library/Java/JavaVirtualMachines/jdk1.8.0_73.jdk/Contents/Home/jre/lib/libzip.dylib
0x00000001171d3000 	/System/Library/Frameworks/JavaVM.framework/Frameworks/JavaRuntimeSupport.framework/JavaRuntimeSupport
0x00000001171eb000 	/System/Library/Frameworks/JavaVM.framework/Versions/A/Frameworks/JavaNativeFoundation.framework/Versions/A/JavaNativeFoundation
0x0000000117200000 	/System/Library/Frameworks/JavaVM.framework/Versions/A/JavaVM
0x0000000000fce000 	/System/Library/Frameworks/Carbon.framework/Versions/A/Carbon
0x000000011720d000 	/System/Library/PrivateFrameworks/JavaLaunching.framework/Versions/A/JavaLaunching
0x0000000000fce000 	/System/Library/Frameworks/Carbon.framework/Versions/A/Frameworks/CommonPanels.framework/Versions/A/CommonPanels
0x0000000000fce000 	/System/Library/Frameworks/Carbon.framework/Versions/A/Frameworks/Help.framework/Versions/A/Help
0x0000000000fce000 	/System/Library/Frameworks/Carbon.framework/Versions/A/Frameworks/ImageCapture.framework/Versions/A/ImageCapture
0x0000000000fce000 	/System/Library/Frameworks/Carbon.framework/Versions/A/Frameworks/OpenScripting.framework/Versions/A/OpenScripting
0x0000000000fce000 	/System/Library/Frameworks/Carbon.framework/Versions/A/Frameworks/Print.framework/Versions/A/Print
0x0000000000fce000 	/System/Library/Frameworks/Carbon.framework/Versions/A/Frameworks/SecurityHI.framework/Versions/A/SecurityHI
0x0000000119082000 	/Library/Java/JavaVirtualMachines/jdk1.8.0_73.jdk/Contents/Home/jre/lib/libawt.dylib
0x000000011912a000 	/Library/Java/JavaVirtualMachines/jdk1.8.0_73.jdk/Contents/Home/jre/lib/./libmlib_image.dylib
0x00000001191f6000 	/Library/Java/JavaVirtualMachines/jdk1.8.0_73.jdk/Contents/Home/jre/lib/libawt_lwawt.dylib
0x00000001192ab000 	/Library/Java/JavaVirtualMachines/jdk1.8.0_73.jdk/Contents/Home/jre/lib/./libosxapp.dylib
0x0000000000fce000 	/System/Library/Frameworks/ExceptionHandling.framework/Versions/A/ExceptionHandling
0x0000000000fce000 	/System/Library/PrivateFrameworks/CoreServicesInternal.framework/Versions/A/CoreServicesInternal
0x0000000000fce000 	/System/Library/PrivateFrameworks/CloudDocs.framework/Versions/A/CloudDocs
0x0000000000fce000 	/System/Library/PrivateFrameworks/CoreDuet.framework/Versions/A/CoreDuet
0x0000000000fce000 	/System/Library/Frameworks/CloudKit.framework/Versions/A/CloudKit
0x0000000000fce000 	/System/Library/PrivateFrameworks/ProtocolBuffer.framework/Versions/A/ProtocolBuffer
0x0000000000fce000 	/System/Library/PrivateFrameworks/CoreDuetDaemonProtocol.framework/Versions/A/CoreDuetDaemonProtocol
0x0000000000fce000 	/System/Library/PrivateFrameworks/CoreDuetDebugLogging.framework/Versions/A/CoreDuetDebugLogging
0x0000000000fce000 	/System/Library/PrivateFrameworks/MMCS.framework/Versions/A/MMCS
0x0000000000fce000 	/System/Library/Frameworks/CoreLocation.framework/Versions/A/CoreLocation
0x0000000000fce000 	/System/Library/PrivateFrameworks/ProtectedCloudStorage.framework/Versions/A/ProtectedCloudStorage
0x0000000000fce000 	/System/Library/PrivateFrameworks/GeoServices.framework/Versions/A/GeoServices
0x0000000000fce000 	/System/Library/Frameworks/CoreGraphics.framework/Versions/A/Resources/libCGCMS.A.dylib
0x0000000000fce000 	/System/Library/Frameworks/CoreGraphics.framework/Versions/A/Resources/libRIP.A.dylib
0x0000000000fce000 	/System/Library/Frameworks/CoreGraphics.framework/Versions/A/Resources/libCGXType.A.dylib
0x0000000000fce000 	/System/Library/Frameworks/OpenCL.framework/Versions/A/Libraries/libcldcpuengine.dylib
0x0000000000fce000 	/System/Library/PrivateFrameworks/DiskImages.framework/Versions/A/DiskImages
0x0000000000fce000 	/System/Library/Frameworks/DiscRecording.framework/Versions/A/DiscRecording
0x0000000000fce000 	/usr/lib/libcsfde.dylib
0x0000000000fce000 	/usr/lib/libcurl.4.dylib
0x0000000000fce000 	/System/Library/PrivateFrameworks/MediaKit.framework/Versions/A/MediaKit
0x0000000000fce000 	/usr/lib/libCoreStorage.dylib
0x0000000000fce000 	/System/Library/PrivateFrameworks/EFILogin.framework/Versions/A/EFILogin
0x0000000000fce000 	/usr/lib/libutil.dylib
0x0000000000fce000 	/System/Library/PrivateFrameworks/FindMyDevice.framework/Versions/A/FindMyDevice
0x0000000000fce000 	/System/Library/Frameworks/LDAP.framework/Versions/A/LDAP
0x0000000000fce000 	/usr/lib/libsasl2.2.dylib
0x0000000000fce000 	/System/Library/PrivateFrameworks/CoreDaemon.framework/Versions/B/CoreDaemon
0x0000000000fce000 	/usr/lib/libcrypto.0.9.8.dylib
0x0000000000fce000 	/System/Library/PrivateFrameworks/AppleSRP.framework/Versions/A/AppleSRP
0x0000000000fce000 	/System/Library/PrivateFrameworks/TrustEvaluationAgent.framework/Versions/A/TrustEvaluationAgent
0x000000011c6b3000 	cl_kernels
0x000000011c6b5000 	/System/Library/Frameworks/OpenCL.framework/Versions/A/Libraries/ImageFormats/unorm8_bgra.dylib
0x000000011c6a4000 	cl_kernels
0x0000000000fce000 	/System/Library/PrivateFrameworks/FamilyControls.framework/Versions/A/FamilyControls
0x0000000000fce000 	/System/Library/PrivateFrameworks/CommerceKit.framework/Versions/A/Frameworks/CommerceCore.framework/Versions/A/CommerceCore
0x0000000000fce000 	/System/Library/PrivateFrameworks/SystemAdministration.framework/Versions/A/SystemAdministration
0x0000000000fce000 	/System/Library/PrivateFrameworks/AppContainer.framework/Versions/A/AppContainer
0x0000000000fce000 	/System/Library/PrivateFrameworks/SecCodeWrapper.framework/Versions/A/SecCodeWrapper
0x0000000000fce000 	/System/Library/Frameworks/DirectoryService.framework/Versions/A/DirectoryService
0x0000000000fce000 	/System/Library/PrivateFrameworks/LoginUIKit.framework/Versions/A/Frameworks/LoginUICore.framework/Versions/A/LoginUICore
0x0000000000fce000 	/usr/lib/libodfde.dylib
0x0000000000fce000 	/System/Library/Frameworks/OpenGL.framework/Versions/A/Resources/GLEngine.bundle/GLEngine
0x0000000000fce000 	/System/Library/Frameworks/OpenGL.framework/Versions/A/Libraries/libGLProgrammability.dylib
0x000000011d99e000 	/System/Library/Extensions/AppleIntelHD4000GraphicsGLDriver.bundle/Contents/MacOS/AppleIntelHD4000GraphicsGLDriver
0x0000000000fce000 	/System/Library/PrivateFrameworks/IOAccelerator.framework/Versions/A/IOAccelerator
0x0000000000fce000 	/System/Library/PrivateFrameworks/GPUSupport.framework/Versions/A/Libraries/libGPUSupportMercury.dylib
0x0000000000fce000 	/System/Library/Frameworks/OpenGL.framework/Versions/A/Resources/GLRendererFloat.bundle/GLRendererFloat
0x000000011e993000 	/Library/Java/JavaVirtualMachines/jdk1.8.0_73.jdk/Contents/Home/jre/lib/libfontmanager.dylib
0x000000011fc17000 	/Library/Java/JavaVirtualMachines/jdk1.8.0_73.jdk/Contents/Home/jre/lib/libosxui.dylib
0x000000011fcdf000 	/Library/Java/JavaVirtualMachines/jdk1.8.0_73.jdk/Contents/Home/jre/lib/libnet.dylib
0x000000011fcf6000 	/Library/Java/JavaVirtualMachines/jdk1.8.0_73.jdk/Contents/Home/jre/lib/libnio.dylib
0x0000000000fce000 	/System/Library/Frameworks/ApplicationServices.framework/Versions/A/Frameworks/ATS.framework/Versions/A/Resources/libTrueTypeScaler.dylib
0x000000018c33a000 	/private/var/folders/gx/lpn_2smn21b5jx4mf4ptd0z40000gn/T/jogamp_0000/file_cache/jln7007684737101930840/jln4907338497993082184/libgluegen-rt.jnilib
0x0000000121c33000 	/private/var/folders/gx/lpn_2smn21b5jx4mf4ptd0z40000gn/T/jogamp_0000/file_cache/jln7007684737101930840/jln4907338497993082184/libnativewindow_awt.jnilib
0x000000018c33e000 	/Library/Java/JavaVirtualMachines/jdk1.8.0_73.jdk/Contents/Home/jre/lib/libjawt.dylib
0x000000018c341000 	/private/var/folders/gx/lpn_2smn21b5jx4mf4ptd0z40000gn/T/jogamp_0000/file_cache/jln7007684737101930840/jln4907338497993082184/libnativewindow_macosx.jnilib
0x000000018db35000 	/private/var/folders/gx/lpn_2smn21b5jx4mf4ptd0z40000gn/T/jogamp_0000/file_cache/jln7007684737101930840/jln4907338497993082184/libjogl_desktop.jnilib

VM Arguments:
jvm_args: -Djava.security.policy=java.policy.applet -Dfile.encoding=UTF-8 
java_command: sun.applet.AppletViewer module6.AirportMap1458452107360.html
java_class_path (initial): /Volumes/Other/ComputerScience/Java/Coursera/Java Programming Object-Oriented Design of Data Structures Specialization/UCSDUnfoldingMaps/build:/Volumes/Other/ComputerScience/Java/Coursera/Java Programming Object-Oriented Design of Data Structures Specialization/UCSDUnfoldingMaps/lib/core.jar:/Volumes/Other/ComputerScience/Java/Coursera/Java Programming Object-Oriented Design of Data Structures Specialization/UCSDUnfoldingMaps/lib/gluegen-rt.jar:/Volumes/Other/ComputerScience/Java/Coursera/Java Programming Object-Oriented Design of Data Structures Specialization/UCSDUnfoldingMaps/lib/jogl-all.jar:/Volumes/Other/ComputerScience/Java/Coursera/Java Programming Object-Oriented Design of Data Structures Specialization/UCSDUnfoldingMaps/lib/log4j-1.2.15.jar:/Volumes/Other/ComputerScience/Java/Coursera/Java Programming Object-Oriented Design of Data Structures Specialization/UCSDUnfoldingMaps/lib/sqlite-jdbc-3.7.2.jar:/Volumes/Other/ComputerScience/Java/Coursera/Java Programming Object-Oriented Design of Data Structures Specialization/UCSDUnfoldingMaps/lib/json4processing.jar:/Volumes/Other/ComputerScience/Java/Coursera/Java Programming Object-Oriented Design of Data Structures Specialization/UCSDUnfoldingMaps/lib/libTUIO.jar:/Volumes/Other/ComputerScience/Java/Coursera/Java Programming Object-Oriented Design of Data Structures Specialization/UCSDUnfoldingMaps/lib/unfolding.0.9.7-uscd.jar:/Volumes/Other/ComputerScience/Java/Coursera/Java Programming Object-Oriented Design of Data Structures Specialization/UCSDUnfoldingMaps/lib/controlP5/library/controlP5.jar:/Users/zhihuixie/Downloads/geonames-source-1.1.13.jar:/Users/zhihuixie/Downloads/jdom/build/jdom-1.1.3.jar
Launcher Type: SUN_STANDARD

Environment Variables:
PATH=/usr/bin:/bin:/usr/sbin:/sbin
SHELL=/bin/bash

Signal Handlers:
SIGSEGV: [libjvm.dylib+0x5a71a5], sa_mask[0]=11111111011111110111111111111111, sa_flags=SA_ONSTACK|SA_RESTART|SA_SIGINFO
SIGBUS: [libjvm.dylib+0x5a71a5], sa_mask[0]=11111111011111110111111111111111, sa_flags=SA_RESTART|SA_SIGINFO
SIGFPE: [libjvm.dylib+0x480eb4], sa_mask[0]=11111111011111110111111111111111, sa_flags=SA_RESTART|SA_SIGINFO
SIGPIPE: [libjvm.dylib+0x480eb4], sa_mask[0]=11111111011111110111111111111111, sa_flags=SA_RESTART|SA_SIGINFO
SIGXFSZ: [libjvm.dylib+0x480eb4], sa_mask[0]=11111111011111110111111111111111, sa_flags=SA_RESTART|SA_SIGINFO
SIGILL: [libjvm.dylib+0x480eb4], sa_mask[0]=11111111011111110111111111111111, sa_flags=SA_RESTART|SA_SIGINFO
SIGUSR1: SIG_DFL, sa_mask[0]=00000000000000000000000000000000, sa_flags=none
SIGUSR2: [libjvm.dylib+0x4809d2], sa_mask[0]=00100000000000000000000000000000, sa_flags=SA_RESTART|SA_SIGINFO
SIGHUP: [libjvm.dylib+0x47efa9], sa_mask[0]=11111111011111110111111111111111, sa_flags=SA_RESTART|SA_SIGINFO
SIGINT: [libjvm.dylib+0x47efa9], sa_mask[0]=11111111011111110111111111111111, sa_flags=SA_RESTART|SA_SIGINFO
SIGTERM: [libjvm.dylib+0x47efa9], sa_mask[0]=11111111011111110111111111111111, sa_flags=SA_RESTART|SA_SIGINFO
SIGQUIT: [libjvm.dylib+0x47efa9], sa_mask[0]=11111111011111110111111111111111, sa_flags=SA_RESTART|SA_SIGINFO


---------------  S Y S T E M  ---------------

OS:Bsduname:Darwin 14.5.0 Darwin Kernel Version 14.5.0: Wed Jul 29 02:26:53 PDT 2015; root:xnu-2782.40.9~1/RELEASE_X86_64 x86_64
rlimit: STACK 8192k, CORE 0k, NPROC 709, NOFILE 10240, AS infinity
load average:2.19 2.12 2.01

CPU:total 4 (2 cores per cpu, 2 threads per core) family 6 model 58 stepping 9, cmov, cx8, fxsr, mmx, sse, sse2, sse3, ssse3, sse4.1, sse4.2, popcnt, avx, aes, clmul, erms, ht, tsc, tscinvbit, tscinv

Memory: 4k page, physical 4194304k(138220k free)

/proc/meminfo:


vm_info: Java HotSpot(TM) 64-Bit Server VM (25.73-b02) for bsd-amd64 JRE (1.8.0_73-b02), built on Jan 29 2016 15:02:00 by "java_re" with gcc 4.2.1 (Based on Apple Inc. build 5658) (LLVM build 2336.11.00)

time: Sat Mar 19 22:35:28 2016
elapsed time: 21 seconds (0d 0h 0m 21s)

