#
# A fatal error has been detected by the Java Runtime Environment:
#
#  SIGSEGV (0xb) at pc=0x00007fff858ad0dd, pid=5234, tid=1811
#
# JRE version: Java(TM) SE Runtime Environment (8.0_73-b02) (build 1.8.0_73-b02)
# Java VM: Java HotSpot(TM) 64-Bit Server VM (25.73-b02 mixed mode bsd-amd64 compressed oops)
# Problematic frame:
# C  [libobjc.A.dylib+0x10dd]  objc_msgSend+0x1d
#
# Failed to write core dump. Core dumps have been disabled. To enable core dumping, try "ulimit -c unlimited" before starting Java again
#
# If you would like to submit a bug report, please visit:
#   http://bugreport.java.com/bugreport/crash.jsp
# The crash happened outside the Java Virtual Machine in native code.
# See problematic frame for where to report the bug.
#

---------------  T H R E A D  ---------------

Current thread (0x00007fdc1a1ad800):  JavaThread "AWT-AppKit" daemon [_thread_in_native, id=1811, stack(0x00007fff5775b000,0x00007fff57f5b000)]

siginfo: si_signo: 11 (SIGSEGV), si_code: 1 (SEGV_MAPERR), si_addr: 0x0000000000000018

Registers:
RAX=0x00007fdc1dd895b0, RBX=0x00000001922a4450, RCX=0x00000001259e41e0, RDX=0x00000001259e48a0
RSP=0x00007fff57f560f8, RBP=0x00007fff57f561b0, RSI=0x00007fff8692740f, RDI=0x00007fdc1dd877a0
R8 =0x0000000000000000, R9 =0x0000000000000f50, R10=0x00007fff8692740f, R11=0x0000000000000000
R12=0x0000000000000000, R13=0x00000001945041d8, R14=0x00000001922a4440, R15=0x00007fdc1a1ad800
RIP=0x00007fff858ad0dd, EFLAGS=0x0000000000010246, ERR=0x0000000000000004
  TRAPNO=0x000000000000000e

Top of Stack: (sp=0x00007fff57f560f8)
0x00007fff57f560f8:   00000001922a2157 00007fff57f56150
0x00007fff57f56108:   0000000000000003 00007fff57f56130
0x00007fff57f56118:   0000000107f95646 00000001945041d8
0x00007fff57f56128:   00000001945041d8 00007fdc1dd895b0
0x00007fff57f56138:   00000001922a46a0 00000001922a4710
0x00007fff57f56148:   00007fff72e88550 00007fff72d2cc80
0x00007fff57f56158:   00000001922a4450 00000001922a4690
0x00007fff57f56168:   00007fdc1dd895b0 00007fdc1dd877a0
0x00007fff57f56178:   00007fdc19578040 00007fdc1dd895b0
0x00007fff57f56188:   00007fdc1dd877a0 00007fff57f56238
0x00007fff57f56198:   00007fdc1a1ad9f8 00000001945041d8
0x00007fff57f561a8:   00007fff57f56260 00007fff57f56228
0x00007fff57f561b8:   0000000109815954 00000001945041d8
0x00007fff57f561c8:   00007fff57f56260 00007fff57f56228
0x00007fff57f561d8:   00000001098156e7 00000001098156a2
0x00007fff57f561e8:   00007fff57f561e8 00000001945041d8
0x00007fff57f561f8:   00007fff57f56260 0000000194506e10
0x00007fff57f56208:   0000000000000000 00000001945041d8
0x00007fff57f56218:   0000000000000000 00007fff57f56248
0x00007fff57f56228:   00007fff57f562a8 0000000109807c4d
0x00007fff57f56238:   0000000780cf4f00 000000010980f578
0x00007fff57f56248:   00007fdc1dd895b0 00007fff57f562a8
0x00007fff57f56258:   00007fdc1dd877a0 0000000109810d82
0x00007fff57f56268:   00007fff57f56268 00000001945043a2
0x00007fff57f56278:   00007fff57f562d0 0000000194506e10
0x00007fff57f56288:   0000000000000000 00000001945043b0
0x00007fff57f56298:   00007fff57f56248 00007fff57f562b8
0x00007fff57f562a8:   00007fff57f56318 0000000109807c4d
0x00007fff57f562b8:   00007fdc1dd895b0 00000007807d1258
0x00007fff57f562c8:   00007fdc1dd877a0 00000007807d1258
0x00007fff57f562d8:   00007fff57f562d8 000000019c4a9a86
0x00007fff57f562e8:   00007fff57f56328 000000019c4a9b40 

Instructions: (pc=0x00007fff858ad0dd)
0x00007fff858ad0bd:   00 00 00 48 85 ff 2e 74 7a 40 f6 c7 01 2e 75 7e
0x00007fff858ad0cd:   49 bb f8 ff ff ff ff 7f 00 00 4c 23 1f 49 89 f2
0x00007fff858ad0dd:   45 23 53 18 49 c1 e2 04 4d 03 53 10 49 3b 32 75
0x00007fff858ad0ed:   04 41 ff 62 08 49 83 3a 00 74 6a 4d 3b 53 10 74 

Register to memory mapping:

RAX=0x00007fdc1dd895b0 is an unknown value
RBX=0x00000001922a4450: Java_jogamp_nativewindow_macosx_OSXUtil_GetScreenRefreshRate0+0x1cf0 in /private/var/folders/gx/lpn_2smn21b5jx4mf4ptd0z40000gn/T/jogamp_0000/file_cache/jln8035060121225872739/jln6190648009970408618/libnativewindow_macosx.jnilib at 0x000000019229d000
RCX=0x00000001259e41e0 is an unknown value
RDX=0x00000001259e48a0 is an unknown value
RSP=0x00007fff57f560f8 is pointing into the stack for thread: 0x00007fdc1a1ad800
RBP=0x00007fff57f561b0 is pointing into the stack for thread: 0x00007fdc1a1ad800
RSI=0x00007fff8692740f is an unknown value
RDI=0x00007fdc1dd877a0 is an unknown value
R8 =0x0000000000000000 is an unknown value
R9 =0x0000000000000f50 is an unknown value
R10=0x00007fff8692740f is an unknown value
R11=0x0000000000000000 is an unknown value
R12=0x0000000000000000 is an unknown value
R13={method} {0x00000001945041d8} 'UnsetJAWTRootSurfaceLayer0' '(JJ)V' in 'jogamp/nativewindow/jawt/macosx/MacOSXJAWTWindow'
R14=0x00000001922a4440: Java_jogamp_nativewindow_macosx_OSXUtil_GetScreenRefreshRate0+0x1ce0 in /private/var/folders/gx/lpn_2smn21b5jx4mf4ptd0z40000gn/T/jogamp_0000/file_cache/jln8035060121225872739/jln6190648009970408618/libnativewindow_macosx.jnilib at 0x000000019229d000
R15=0x00007fdc1a1ad800 is a thread


Stack: [0x00007fff5775b000,0x00007fff57f5b000],  sp=0x00007fff57f560f8,  free space=8172k
Native frames: (J=compiled Java code, j=interpreted, Vv=VM code, C=native code)
C  [libobjc.A.dylib+0x10dd]  objc_msgSend+0x1d
j  jogamp.nativewindow.jawt.macosx.MacOSXJAWTWindow.UnsetJAWTRootSurfaceLayer0(JJ)V+0
j  jogamp.nativewindow.jawt.macosx.MacOSXJAWTWindow.access$200(JJ)V+2
j  jogamp.nativewindow.jawt.macosx.MacOSXJAWTWindow$1.run()V+38
J 3321 C1 com.jogamp.common.util.RunnableTask.run()V (345 bytes) @ 0x000000010a10dcf4 [0x000000010a10db60+0x194]
v  ~StubRoutines::call_stub
V  [libjvm.dylib+0x2eae7a]  JavaCalls::call_helper(JavaValue*, methodHandle*, JavaCallArguments*, Thread*)+0x6ae
V  [libjvm.dylib+0x321f83]  jni_invoke_nonstatic(JNIEnv_*, JavaValue*, _jobject*, JNICallType, _jmethodID*, JNI_ArgumentPusher*, Thread*)+0x2ec
V  [libjvm.dylib+0x314757]  jni_CallVoidMethod+0x16b
C  [libnativewindow_macosx.jnilib+0x5326]  Java_jogamp_nativewindow_jawt_macosx_MacOSXJAWTWindow_UnsetJAWTRootSurfaceLayer0+0x2b6
C  [Foundation+0x92dd0]  __NSThreadPerformPerform+0x125
C  [CoreFoundation+0x80a01]  __CFRUNLOOP_IS_CALLING_OUT_TO_A_SOURCE0_PERFORM_FUNCTION__+0x11
C  [CoreFoundation+0x72c5c]  __CFRunLoopDoSources0+0x1dc
C  [CoreFoundation+0x721bf]  __CFRunLoopRun+0x39f
C  [CoreFoundation+0x71bd8]  CFRunLoopRunSpecific+0x128
C  [HIToolbox+0x3256f]  RunCurrentEventLoopInMode+0xeb
C  [HIToolbox+0x321ee]  ReceiveNextEventCommon+0xb3
C  [HIToolbox+0x3212b]  _BlockUntilNextEventMatchingListInModeWithFilter+0x47
C  [AppKit+0x918ab]  _DPSNextEvent+0x3d2
C  [AppKit+0x90e58]  -[NSApplication nextEventMatchingMask:untilDate:inMode:dequeue:]+0x15a
C  [libosxapp.dylib+0x23aa]  -[NSApplicationAWT nextEventMatchingMask:untilDate:inMode:dequeue:]+0x7c
C  [AppKit+0x86af3]  -[NSApplication run]+0x252
C  [libosxapp.dylib+0x214d]  +[NSApplicationAWT runAWTLoopWithApp:]+0x9c
C  [libawt_lwawt.dylib+0x4455b]  -[AWTStarter starter:]+0x389
C  [Foundation+0x92dd0]  __NSThreadPerformPerform+0x125
C  [CoreFoundation+0x80a01]  __CFRUNLOOP_IS_CALLING_OUT_TO_A_SOURCE0_PERFORM_FUNCTION__+0x11
C  [CoreFoundation+0x72b8d]  __CFRunLoopDoSources0+0x10d
C  [CoreFoundation+0x721bf]  __CFRunLoopRun+0x39f
C  [CoreFoundation+0x71bd8]  CFRunLoopRunSpecific+0x128
C  [java+0x6463]  CreateExecutionEnvironment+0x367
C  [java+0x21ac]  JLI_Launch+0x7a0
C  [java+0x84c0]  main+0x65
C  [java+0x1a04]  start+0x34
C  0x0000000000000007

Java frames: (J=compiled Java code, j=interpreted, Vv=VM code)
j  jogamp.nativewindow.jawt.macosx.MacOSXJAWTWindow.UnsetJAWTRootSurfaceLayer0(JJ)V+0
j  jogamp.nativewindow.jawt.macosx.MacOSXJAWTWindow.access$200(JJ)V+2
j  jogamp.nativewindow.jawt.macosx.MacOSXJAWTWindow$1.run()V+38
J 3321 C1 com.jogamp.common.util.RunnableTask.run()V (345 bytes) @ 0x000000010a10dcf4 [0x000000010a10db60+0x194]
v  ~StubRoutines::call_stub

---------------  P R O C E S S  ---------------

Java Threads: ( => current thread )
  0x00007fdc20903000 JavaThread "Thread-50" [_thread_blocked, id=67087, stack(0x000000019ddef000,0x000000019deef000)]
  0x00007fdc21007000 JavaThread "Image Fetcher 2" daemon [_thread_blocked, id=65807, stack(0x000000019d1fc000,0x000000019d2fc000)]
  0x00007fdc20302800 JavaThread "Image Fetcher 1" daemon [_thread_blocked, id=64279, stack(0x000000019ad3a000,0x000000019ae3a000)]
  0x00007fdc1afec000 JavaThread "Image Fetcher 0" daemon [_thread_blocked, id=61011, stack(0x000000019b69e000,0x000000019b79e000)]
  0x00007fdc2185d800 JavaThread "TimerQueue" daemon [_thread_blocked, id=62007, stack(0x000000019cef1000,0x000000019cff1000)]
  0x00007fdc1afed000 JavaThread "Keep-Alive-Timer" daemon [_thread_blocked, id=63011, stack(0x00000001970b0000,0x00000001971b0000)]
  0x00007fdc1a5ed800 JavaThread "Animation Thread" [_thread_blocked, id=56591, stack(0x0000000192421000,0x0000000192521000)]
  0x00007fdc1ad16800 JavaThread "AWT-EventQueue-1" [_thread_in_native, id=57107, stack(0x00000001928cd000,0x00000001929cd000)]
  0x00007fdc1ad12000 JavaThread "DestroyJavaVM" [_thread_blocked, id=3331, stack(0x0000000108d32000,0x0000000108e32000)]
  0x00007fdc1a21e800 JavaThread "AWT-EventQueue-0" [_thread_blocked, id=54791, stack(0x0000000125a71000,0x0000000125b71000)]
  0x00007fdc1a235000 JavaThread "Java2D Disposer" daemon [_thread_blocked, id=50967, stack(0x00000001247ed000,0x00000001248ed000)]
  0x00007fdc1a224800 JavaThread "Java2D Queue Flusher" daemon [_thread_blocked, id=49671, stack(0x00000001237f8000,0x00000001238f8000)]
  0x00007fdc1a8e2800 JavaThread "AWT-Shutdown" [_thread_blocked, id=28179, stack(0x0000000120ea8000,0x0000000120fa8000)]
=>0x00007fdc1a1ad800 JavaThread "AWT-AppKit" daemon [_thread_in_native, id=1811, stack(0x00007fff5775b000,0x00007fff57f5b000)]
  0x00007fdc19844000 JavaThread "Service Thread" daemon [_thread_blocked, id=17923, stack(0x000000011eee5000,0x000000011efe5000)]
  0x00007fdc1b04f800 JavaThread "C1 CompilerThread2" daemon [_thread_blocked, id=17411, stack(0x000000011ede2000,0x000000011eee2000)]
  0x00007fdc1a80d000 JavaThread "C2 CompilerThread1" daemon [_thread_blocked, id=16899, stack(0x000000011ecdf000,0x000000011eddf000)]
  0x00007fdc19841000 JavaThread "C2 CompilerThread0" daemon [_thread_blocked, id=16387, stack(0x000000011ebdc000,0x000000011ecdc000)]
  0x00007fdc1b002000 JavaThread "Signal Dispatcher" daemon [_thread_blocked, id=16143, stack(0x000000011ead9000,0x000000011ebd9000)]
  0x00007fdc1a801000 JavaThread "Finalizer" daemon [_thread_blocked, id=11523, stack(0x000000011d0b6000,0x000000011d1b6000)]
  0x00007fdc1a034000 JavaThread "Reference Handler" daemon [_thread_blocked, id=11011, stack(0x000000011cfb3000,0x000000011d0b3000)]

Other Threads:
  0x00007fdc1a031800 VMThread [stack: 0x000000011ceb0000,0x000000011cfb0000] [id=10499]
  0x00007fdc1b001800 WatcherThread [stack: 0x000000011efe8000,0x000000011f0e8000] [id=18435]

VM state:not at safepoint (normal execution)

VM Mutex/Monitor currently owned by a thread: None

Heap:
 PSYoungGen      total 48128K, used 40848K [0x00000007aab00000, 0x00000007af300000, 0x00000007c0000000)
  eden space 36352K, 80% used [0x00000007aab00000,0x00000007ac76bf18,0x00000007ace80000)
  from space 11776K, 99% used [0x00000007ace80000,0x00000007ad9f82e0,0x00000007ada00000)
  to   space 13824K, 0% used [0x00000007ae580000,0x00000007ae580000,0x00000007af300000)
 ParOldGen       total 44544K, used 18662K [0x0000000780000000, 0x0000000782b80000, 0x00000007aab00000)
  object space 44544K, 41% used [0x0000000780000000,0x00000007812399a0,0x0000000782b80000)
 Metaspace       used 24299K, capacity 24573K, committed 24832K, reserved 1071104K
  class space    used 2456K, capacity 2559K, committed 2560K, reserved 1048576K

Card table byte_map: [0x0000000118bc0000,0x0000000118dc1000] byte_map_base: 0x0000000114fc0000

Marking Bits: (ParMarkBitMap*) 0x0000000108687ea0
 Begin Bits: [0x00000001191cd000, 0x000000011a1cd000)
 End Bits:   [0x000000011a1cd000, 0x000000011b1cd000)

Polling page: 0x0000000108e8e000

CodeCache: size=245760Kb used=10098Kb max_used=10098Kb free=235661Kb
 bounds [0x0000000109800000, 0x000000010a1f0000, 0x0000000118800000]
 total_blobs=4038 nmethods=3096 adapters=854
 compilation: enabled

Compilation events (10 events):
Event: 18.947 Thread 0x00007fdc1b04f800 3589       3       javax.media.opengl.awt.GLCanvas::display (68 bytes)
Event: 18.948 Thread 0x00007fdc1b04f800 nmethod 3589 0x000000010a1e3cd0 code [0x000000010a1e3ea0, 0x000000010a1e4508]
Event: 18.948 Thread 0x00007fdc1b04f800 3590       3       jogamp.opengl.ThreadingImpl::invokeOnOpenGLThread (103 bytes)
Event: 18.948 Thread 0x00007fdc1b04f800 nmethod 3590 0x000000010a1e4750 code [0x000000010a1e48c0, 0x000000010a1e4a48]
Event: 18.948 Thread 0x00007fdc1b04f800 3591       3       jogamp.opengl.awt.AWTThreadingPlugin::invokeOnOpenGLThread (118 bytes)
Event: 18.949 Thread 0x00007fdc1b04f800 nmethod 3591 0x000000010a1e4ad0 code [0x000000010a1e4da0, 0x000000010a1e6018]
Event: 19.161 Thread 0x00007fdc1b04f800 3592       3       java.awt.Insets::<init> (26 bytes)
Event: 19.162 Thread 0x00007fdc1b04f800 nmethod 3592 0x000000010a1e68d0 code [0x000000010a1e6a40, 0x000000010a1e6bf0]
Event: 19.168 Thread 0x00007fdc1b04f800 3593       3       sun.awt.SunHints$Key::getIndex (5 bytes)
Event: 19.169 Thread 0x00007fdc1b04f800 nmethod 3593 0x000000010a1e6cd0 code [0x000000010a1e6e40, 0x000000010a1e7030]

GC Heap History (10 events):
Event: 5.170 GC heap before
{Heap before GC invocations=6 (full 1):
 PSYoungGen      total 18944K, used 2545K [0x00000007aab00000, 0x00000007ade00000, 0x00000007c0000000)
  eden space 16384K, 0% used [0x00000007aab00000,0x00000007aab00000,0x00000007abb00000)
  from space 2560K, 99% used [0x00000007abb00000,0x00000007abd7c488,0x00000007abd80000)
  to   space 9728K, 0% used [0x00000007ad480000,0x00000007ad480000,0x00000007ade00000)
 ParOldGen       total 44032K, used 15675K [0x0000000780000000, 0x0000000782b00000, 0x00000007aab00000)
  object space 44032K, 35% used [0x0000000780000000,0x0000000780f4edb8,0x0000000782b00000)
 Metaspace       used 20933K, capacity 21137K, committed 21296K, reserved 1069056K
  class space    used 2117K, capacity 2175K, committed 2176K, reserved 1048576K
Event: 5.216 GC heap after
Heap after GC invocations=6 (full 1):
 PSYoungGen      total 18944K, used 0K [0x00000007aab00000, 0x00000007ade00000, 0x00000007c0000000)
  eden space 16384K, 0% used [0x00000007aab00000,0x00000007aab00000,0x00000007abb00000)
  from space 2560K, 0% used [0x00000007abb00000,0x00000007abb00000,0x00000007abd80000)
  to   space 9728K, 0% used [0x00000007ad480000,0x00000007ad480000,0x00000007ade00000)
 ParOldGen       total 44544K, used 14359K [0x0000000780000000, 0x0000000782b80000, 0x00000007aab00000)
  object space 44544K, 32% used [0x0000000780000000,0x0000000780e05c48,0x0000000782b80000)
 Metaspace       used 20933K, capacity 21137K, committed 21296K, reserved 1069056K
  class space    used 2117K, capacity 2175K, committed 2176K, reserved 1048576K
}
Event: 6.311 GC heap before
{Heap before GC invocations=7 (full 1):
 PSYoungGen      total 18944K, used 16384K [0x00000007aab00000, 0x00000007ade00000, 0x00000007c0000000)
  eden space 16384K, 100% used [0x00000007aab00000,0x00000007abb00000,0x00000007abb00000)
  from space 2560K, 0% used [0x00000007abb00000,0x00000007abb00000,0x00000007abd80000)
  to   space 9728K, 0% used [0x00000007ad480000,0x00000007ad480000,0x00000007ade00000)
 ParOldGen       total 44544K, used 14359K [0x0000000780000000, 0x0000000782b80000, 0x00000007aab00000)
  object space 44544K, 32% used [0x0000000780000000,0x0000000780e05c48,0x0000000782b80000)
 Metaspace       used 21596K, capacity 21813K, committed 21936K, reserved 1069056K
  class space    used 2156K, capacity 2245K, committed 2304K, reserved 1048576K
Event: 6.313 GC heap after
Heap after GC invocations=7 (full 1):
 PSYoungGen      total 29184K, used 1010K [0x00000007aab00000, 0x00000007ad800000, 0x00000007c0000000)
  eden space 25600K, 0% used [0x00000007aab00000,0x00000007aab00000,0x00000007ac400000)
  from space 3584K, 28% used [0x00000007ad480000,0x00000007ad57c948,0x00000007ad800000)
  to   space 10240K, 0% used [0x00000007ac400000,0x00000007ac400000,0x00000007ace00000)
 ParOldGen       total 44544K, used 14367K [0x0000000780000000, 0x0000000782b80000, 0x00000007aab00000)
  object space 44544K, 32% used [0x0000000780000000,0x0000000780e07c48,0x0000000782b80000)
 Metaspace       used 21596K, capacity 21813K, committed 21936K, reserved 1069056K
  class space    used 2156K, capacity 2245K, committed 2304K, reserved 1048576K
}
Event: 8.354 GC heap before
{Heap before GC invocations=8 (full 1):
 PSYoungGen      total 29184K, used 26610K [0x00000007aab00000, 0x00000007ad800000, 0x00000007c0000000)
  eden space 25600K, 100% used [0x00000007aab00000,0x00000007ac400000,0x00000007ac400000)
  from space 3584K, 28% used [0x00000007ad480000,0x00000007ad57c948,0x00000007ad800000)
  to   space 10240K, 0% used [0x00000007ac400000,0x00000007ac400000,0x00000007ace00000)
 ParOldGen       total 44544K, used 14367K [0x0000000780000000, 0x0000000782b80000, 0x00000007aab00000)
  object space 44544K, 32% used [0x0000000780000000,0x0000000780e07c48,0x0000000782b80000)
 Metaspace       used 21996K, capacity 22229K, committed 22448K, reserved 1069056K
  class space    used 2189K, capacity 2277K, committed 2304K, reserved 1048576K
Event: 8.357 GC heap after
Heap after GC invocations=8 (full 1):
 PSYoungGen      total 35840K, used 5040K [0x00000007aab00000, 0x00000007ae300000, 0x00000007c0000000)
  eden space 25600K, 0% used [0x00000007aab00000,0x00000007aab00000,0x00000007ac400000)
  from space 10240K, 49% used [0x00000007ac400000,0x00000007ac8ec130,0x00000007ace00000)
  to   space 9216K, 0% used [0x00000007ada00000,0x00000007ada00000,0x00000007ae300000)
 ParOldGen       total 44544K, used 14375K [0x0000000780000000, 0x0000000782b80000, 0x00000007aab00000)
  object space 44544K, 32% used [0x0000000780000000,0x0000000780e09c48,0x0000000782b80000)
 Metaspace       used 21996K, capacity 22229K, committed 22448K, reserved 1069056K
  class space    used 2189K, capacity 2277K, committed 2304K, reserved 1048576K
}
Event: 13.687 GC heap before
{Heap before GC invocations=9 (full 1):
 PSYoungGen      total 35840K, used 30640K [0x00000007aab00000, 0x00000007ae300000, 0x00000007c0000000)
  eden space 25600K, 100% used [0x00000007aab00000,0x00000007ac400000,0x00000007ac400000)
  from space 10240K, 49% used [0x00000007ac400000,0x00000007ac8ec130,0x00000007ace00000)
  to   space 9216K, 0% used [0x00000007ada00000,0x00000007ada00000,0x00000007ae300000)
 ParOldGen       total 44544K, used 14375K [0x0000000780000000, 0x0000000782b80000, 0x00000007aab00000)
  object space 44544K, 32% used [0x0000000780000000,0x0000000780e09c48,0x0000000782b80000)
 Metaspace       used 23805K, capacity 24043K, committed 24320K, reserved 1071104K
  class space    used 2434K, capacity 2516K, committed 2560K, reserved 1048576K
Event: 13.696 GC heap after
Heap after GC invocations=9 (full 1):
 PSYoungGen      total 45568K, used 9200K [0x00000007aab00000, 0x00000007ae680000, 0x00000007c0000000)
  eden space 36352K, 0% used [0x00000007aab00000,0x00000007aab00000,0x00000007ace80000)
  from space 9216K, 99% used [0x00000007ada00000,0x00000007ae2fc220,0x00000007ae300000)
  to   space 11776K, 0% used [0x00000007ace80000,0x00000007ace80000,0x00000007ada00000)
 ParOldGen       total 44544K, used 16862K [0x0000000780000000, 0x0000000782b80000, 0x00000007aab00000)
  object space 44544K, 37% used [0x0000000780000000,0x0000000781077930,0x0000000782b80000)
 Metaspace       used 23805K, capacity 24043K, committed 24320K, reserved 1071104K
  class space    used 2434K, capacity 2516K, committed 2560K, reserved 1048576K
}
Event: 14.888 GC heap before
{Heap before GC invocations=10 (full 1):
 PSYoungGen      total 45568K, used 45552K [0x00000007aab00000, 0x00000007ae680000, 0x00000007c0000000)
  eden space 36352K, 100% used [0x00000007aab00000,0x00000007ace80000,0x00000007ace80000)
  from space 9216K, 99% used [0x00000007ada00000,0x00000007ae2fc220,0x00000007ae300000)
  to   space 11776K, 0% used [0x00000007ace80000,0x00000007ace80000,0x00000007ada00000)
 ParOldGen       total 44544K, used 16862K [0x0000000780000000, 0x0000000782b80000, 0x00000007aab00000)
  object space 44544K, 37% used [0x0000000780000000,0x0000000781077930,0x0000000782b80000)
 Metaspace       used 23892K, capacity 24107K, committed 24320K, reserved 1071104K
  class space    used 2434K, capacity 2516K, committed 2560K, reserved 1048576K
Event: 14.896 GC heap after
Heap after GC invocations=10 (full 1):
 PSYoungGen      total 48128K, used 11744K [0x00000007aab00000, 0x00000007af300000, 0x00000007c0000000)
  eden space 36352K, 0% used [0x00000007aab00000,0x00000007aab00000,0x00000007ace80000)
  from space 11776K, 99% used [0x00000007ace80000,0x00000007ad9f82e0,0x00000007ada00000)
  to   space 13824K, 0% used [0x00000007ae580000,0x00000007ae580000,0x00000007af300000)
 ParOldGen       total 44544K, used 18662K [0x0000000780000000, 0x0000000782b80000, 0x00000007aab00000)
  object space 44544K, 41% used [0x0000000780000000,0x00000007812399a0,0x0000000782b80000)
 Metaspace       used 23892K, capacity 24107K, committed 24320K, reserved 1071104K
  class space    used 2434K, capacity 2516K, committed 2560K, reserved 1048576K
}

Deoptimization events (10 events):
Event: 13.427 Thread 0x00007fdc1ad16800 Uncommon trap: reason=unstable_if action=reinterpret pc=0x0000000109fefb60 method=java.lang.Math.round(F)I @ 36
Event: 13.427 Thread 0x00007fdc1ad16800 Uncommon trap: reason=unstable_if action=reinterpret pc=0x0000000109e3fea4 method=java.lang.Math.round(F)I @ 36
Event: 15.071 Thread 0x00007fdc1ad16800 Uncommon trap: reason=class_check action=maybe_recompile pc=0x0000000109fc5318 method=module6.CommonMarker.draw(Lprocessing/core/PGraphics;FF)V @ 25
Event: 15.089 Thread 0x00007fdc1ad16800 Uncommon trap: reason=class_check action=maybe_recompile pc=0x0000000109fc5318 method=module6.CommonMarker.draw(Lprocessing/core/PGraphics;FF)V @ 25
Event: 15.104 Thread 0x00007fdc1ad16800 Uncommon trap: reason=class_check action=maybe_recompile pc=0x0000000109fc5318 method=module6.CommonMarker.draw(Lprocessing/core/PGraphics;FF)V @ 25
Event: 15.122 Thread 0x00007fdc1ad16800 Uncommon trap: reason=class_check action=maybe_recompile pc=0x0000000109fc5318 method=module6.CommonMarker.draw(Lprocessing/core/PGraphics;FF)V @ 25
Event: 16.484 Thread 0x00007fdc1ad16800 Uncommon trap: reason=class_check action=maybe_recompile pc=0x0000000109e2a860 method=java.util.regex.Matcher.search(I)Z @ 86
Event: 16.485 Thread 0x00007fdc1ad16800 Uncommon trap: reason=class_check action=maybe_recompile pc=0x0000000109e2a860 method=java.util.regex.Matcher.search(I)Z @ 86
Event: 17.737 Thread 0x00007fdc1ad16800 Uncommon trap: reason=unstable_if action=reinterpret pc=0x0000000109f1c54c method=module6.CommonMarker.draw(Lprocessing/core/PGraphics;FF)V @ 4
Event: 19.159 Thread 0x00007fdc1a96c800 Uncommon trap: reason=unstable_if action=reinterpret pc=0x0000000109d36a68 method=java.util.HashMap.putVal(ILjava/lang/Object;Ljava/lang/Object;ZZ)Ljava/lang/Object; @ 81

Internal exceptions (10 events):
Event: 0.617 Thread 0x00007fdc1980c000 Implicit null exception at 0x000000010996ebdc to 0x000000010996edc1
Event: 0.757 Thread 0x00007fdc1980c000 Exception <a 'java/io/FileNotFoundException'> (0x00000007aaee0430) thrown at [/HUDSON3/workspace/8-2-build-macosx-x86_64/jdk8u73/6086/hotspot/src/share/vm/prims/jni.cpp, line 709]
Event: 2.669 Thread 0x00007fdc1a801000 Exception <a 'java/lang/NullPointerException'> (0x00000007aab81548) thrown at [/HUDSON3/workspace/8-2-build-macosx-x86_64/jdk8u73/6086/hotspot/src/share/vm/interpreter/linkResolver.cpp, line 1178]
Event: 2.779 Thread 0x00007fdc1a5ed800 Exception <a 'java/lang/UnsatisfiedLinkError': com.jogamp.common.util.JarUtil.fixNativeLibAttribs(Ljava/lang/String;)Z> (0x00000007ab0aaf38) thrown at [/HUDSON3/workspace/8-2-build-macosx-x86_64/jdk8u73/6086/hotspot/src/share/vm/prims/nativeLookup.cpp, li
Event: 3.728 Thread 0x00007fdc1ad16800 Exception <a 'java/io/FileNotFoundException'> (0x00000007ab41bcb8) thrown at [/HUDSON3/workspace/8-2-build-macosx-x86_64/jdk8u73/6086/hotspot/src/share/vm/prims/jni.cpp, line 709]
Event: 3.728 Thread 0x00007fdc1ad16800 Exception <a 'java/io/FileNotFoundException'> (0x00000007ab4284f8) thrown at [/HUDSON3/workspace/8-2-build-macosx-x86_64/jdk8u73/6086/hotspot/src/share/vm/prims/jni.cpp, line 709]
Event: 3.728 Thread 0x00007fdc1ad16800 Implicit null exception at 0x00000001099b7935 to 0x00000001099b7c99
Event: 5.344 Thread 0x00007fdc1ad16800 Implicit null exception at 0x0000000109d9fa65 to 0x0000000109d9fbb9
Event: 11.406 Thread 0x00007fdc1ad16800 Implicit null exception at 0x00000001099bfc75 to 0x00000001099bffe5
Event: 11.513 Thread 0x00007fdc1ad16800 Implicit null exception at 0x0000000109fc910f to 0x0000000109fc9ce9

Events (10 events):
Event: 19.161 loading class sun/applet/AppletPanel$5 done
Event: 19.162 loading class jogamp/opengl/macosx/cgl/MacOSXCGLContext$NSOpenGLImpl$DetachGLLayerCmd
Event: 19.162 loading class jogamp/opengl/macosx/cgl/MacOSXCGLContext$NSOpenGLImpl$DetachGLLayerCmd done
Event: 19.163 loading class jogamp/nativewindow/jawt/macosx/MacOSXJAWTWindow$4
Event: 19.163 loading class jogamp/nativewindow/jawt/macosx/MacOSXJAWTWindow$4 done
Event: 19.166 loading class com/jogamp/nativewindow/awt/JAWTWindow$JAWTComponentListener$2
Event: 19.166 loading class com/jogamp/nativewindow/awt/JAWTWindow$JAWTComponentListener$2 done
Event: 19.167 loading class jogamp/nativewindow/jawt/macosx/MacOSXJAWTWindow$1
Event: 19.167 loading class jogamp/nativewindow/jawt/macosx/MacOSXJAWTWindow$1 done
Event: 19.168 Thread 0x00007fdc1a96c800 Thread exited: 0x00007fdc1a96c800


Dynamic libraries:
0x0000000000fce000 	/System/Library/Frameworks/Cocoa.framework/Versions/A/Cocoa
0x0000000000fce000 	/System/Library/Frameworks/Security.framework/Versions/A/Security
0x0000000000fce000 	/System/Library/Frameworks/ApplicationServices.framework/Versions/A/ApplicationServices
0x0000000000fce000 	/usr/lib/libz.1.dylib
0x0000000000fce000 	/usr/lib/libSystem.B.dylib
0x0000000000fce000 	/usr/lib/libobjc.A.dylib
0x0000000000fce000 	/System/Library/Frameworks/CoreFoundation.framework/Versions/A/CoreFoundation
0x0000000000fce000 	/System/Library/Frameworks/Foundation.framework/Versions/C/Foundation
0x0000000000fce000 	/System/Library/Frameworks/AppKit.framework/Versions/C/AppKit
0x0000000000fce000 	/System/Library/Frameworks/CoreData.framework/Versions/A/CoreData
0x0000000000fce000 	/System/Library/PrivateFrameworks/RemoteViewServices.framework/Versions/A/RemoteViewServices
0x0000000000fce000 	/System/Library/PrivateFrameworks/UIFoundation.framework/Versions/A/UIFoundation
0x0000000000fce000 	/System/Library/Frameworks/IOSurface.framework/Versions/A/IOSurface
0x0000000000fce000 	/System/Library/Frameworks/AudioToolbox.framework/Versions/A/AudioToolbox
0x0000000000fce000 	/System/Library/Frameworks/AudioUnit.framework/Versions/A/AudioUnit
0x0000000000fce000 	/System/Library/PrivateFrameworks/DataDetectorsCore.framework/Versions/A/DataDetectorsCore
0x0000000000fce000 	/System/Library/PrivateFrameworks/DesktopServicesPriv.framework/Versions/A/DesktopServicesPriv
0x0000000000fce000 	/System/Library/Frameworks/Carbon.framework/Versions/A/Frameworks/HIToolbox.framework/Versions/A/HIToolbox
0x0000000000fce000 	/System/Library/Frameworks/QuartzCore.framework/Versions/A/QuartzCore
0x0000000000fce000 	/System/Library/Frameworks/Carbon.framework/Versions/A/Frameworks/SpeechRecognition.framework/Versions/A/SpeechRecognition
0x0000000000fce000 	/usr/lib/libauto.dylib
0x0000000000fce000 	/usr/lib/libicucore.A.dylib
0x0000000000fce000 	/usr/lib/libxml2.2.dylib
0x0000000000fce000 	/System/Library/PrivateFrameworks/CoreUI.framework/Versions/A/CoreUI
0x0000000000fce000 	/System/Library/Frameworks/CoreAudio.framework/Versions/A/CoreAudio
0x0000000000fce000 	/System/Library/Frameworks/DiskArbitration.framework/Versions/A/DiskArbitration
0x0000000000fce000 	/usr/lib/liblangid.dylib
0x0000000000fce000 	/System/Library/PrivateFrameworks/MultitouchSupport.framework/Versions/A/MultitouchSupport
0x0000000000fce000 	/System/Library/Frameworks/IOKit.framework/Versions/A/IOKit
0x0000000000fce000 	/usr/lib/libDiagnosticMessagesClient.dylib
0x0000000000fce000 	/System/Library/Frameworks/CoreServices.framework/Versions/A/CoreServices
0x0000000000fce000 	/System/Library/PrivateFrameworks/PerformanceAnalysis.framework/Versions/A/PerformanceAnalysis
0x0000000000fce000 	/System/Library/PrivateFrameworks/GenerationalStorage.framework/Versions/A/GenerationalStorage
0x0000000000fce000 	/System/Library/Frameworks/OpenGL.framework/Versions/A/OpenGL
0x0000000000fce000 	/System/Library/PrivateFrameworks/Sharing.framework/Versions/A/Sharing
0x0000000000fce000 	/System/Library/Frameworks/CoreGraphics.framework/Versions/A/CoreGraphics
0x0000000000fce000 	/System/Library/Frameworks/CoreText.framework/Versions/A/CoreText
0x0000000000fce000 	/System/Library/Frameworks/ImageIO.framework/Versions/A/ImageIO
0x0000000000fce000 	/usr/lib/libextension.dylib
0x0000000000fce000 	/System/Library/PrivateFrameworks/Backup.framework/Versions/A/Backup
0x0000000000fce000 	/usr/lib/libarchive.2.dylib
0x0000000000fce000 	/System/Library/Frameworks/CFNetwork.framework/Versions/A/CFNetwork
0x0000000000fce000 	/System/Library/Frameworks/SystemConfiguration.framework/Versions/A/SystemConfiguration
0x0000000000fce000 	/usr/lib/libCRFSuite.dylib
0x0000000000fce000 	/usr/lib/libc++.1.dylib
0x0000000000fce000 	/usr/lib/libc++abi.dylib
0x0000000000fce000 	/usr/lib/system/libcache.dylib
0x0000000000fce000 	/usr/lib/system/libcommonCrypto.dylib
0x0000000000fce000 	/usr/lib/system/libcompiler_rt.dylib
0x0000000000fce000 	/usr/lib/system/libcopyfile.dylib
0x0000000000fce000 	/usr/lib/system/libcorecrypto.dylib
0x0000000000fce000 	/usr/lib/system/libdispatch.dylib
0x0000000000fce000 	/usr/lib/system/libdyld.dylib
0x0000000000fce000 	/usr/lib/system/libkeymgr.dylib
0x0000000000fce000 	/usr/lib/system/liblaunch.dylib
0x0000000000fce000 	/usr/lib/system/libmacho.dylib
0x0000000000fce000 	/usr/lib/system/libquarantine.dylib
0x0000000000fce000 	/usr/lib/system/libremovefile.dylib
0x0000000000fce000 	/usr/lib/system/libsystem_asl.dylib
0x0000000000fce000 	/usr/lib/system/libsystem_blocks.dylib
0x0000000000fce000 	/usr/lib/system/libsystem_c.dylib
0x0000000000fce000 	/usr/lib/system/libsystem_configuration.dylib
0x0000000000fce000 	/usr/lib/system/libsystem_coreservices.dylib
0x0000000000fce000 	/usr/lib/system/libsystem_coretls.dylib
0x0000000000fce000 	/usr/lib/system/libsystem_dnssd.dylib
0x0000000000fce000 	/usr/lib/system/libsystem_info.dylib
0x0000000000fce000 	/usr/lib/system/libsystem_kernel.dylib
0x0000000000fce000 	/usr/lib/system/libsystem_m.dylib
0x0000000000fce000 	/usr/lib/system/libsystem_malloc.dylib
0x0000000000fce000 	/usr/lib/system/libsystem_network.dylib
0x0000000000fce000 	/usr/lib/system/libsystem_networkextension.dylib
0x0000000000fce000 	/usr/lib/system/libsystem_notify.dylib
0x0000000000fce000 	/usr/lib/system/libsystem_platform.dylib
0x0000000000fce000 	/usr/lib/system/libsystem_pthread.dylib
0x0000000000fce000 	/usr/lib/system/libsystem_sandbox.dylib
0x0000000000fce000 	/usr/lib/system/libsystem_secinit.dylib
0x0000000000fce000 	/usr/lib/system/libsystem_stats.dylib
0x0000000000fce000 	/usr/lib/system/libsystem_trace.dylib
0x0000000000fce000 	/usr/lib/system/libunc.dylib
0x0000000000fce000 	/usr/lib/system/libunwind.dylib
0x0000000000fce000 	/usr/lib/system/libxpc.dylib
0x0000000000fce000 	/usr/lib/libbz2.1.0.dylib
0x0000000000fce000 	/usr/lib/liblzma.5.dylib
0x0000000000fce000 	/usr/lib/libbsm.0.dylib
0x0000000000fce000 	/usr/lib/libsqlite3.dylib
0x0000000000fce000 	/usr/lib/system/libkxld.dylib
0x0000000000fce000 	/usr/lib/libxar.1.dylib
0x0000000000fce000 	/usr/lib/libpam.2.dylib
0x0000000000fce000 	/usr/lib/libOpenScriptingUtil.dylib
0x0000000000fce000 	/System/Library/Frameworks/CoreServices.framework/Versions/A/Frameworks/FSEvents.framework/Versions/A/FSEvents
0x0000000000fce000 	/System/Library/Frameworks/CoreServices.framework/Versions/A/Frameworks/CarbonCore.framework/Versions/A/CarbonCore
0x0000000000fce000 	/System/Library/Frameworks/CoreServices.framework/Versions/A/Frameworks/Metadata.framework/Versions/A/Metadata
0x0000000000fce000 	/System/Library/Frameworks/CoreServices.framework/Versions/A/Frameworks/OSServices.framework/Versions/A/OSServices
0x0000000000fce000 	/System/Library/Frameworks/CoreServices.framework/Versions/A/Frameworks/SearchKit.framework/Versions/A/SearchKit
0x0000000000fce000 	/System/Library/Frameworks/CoreServices.framework/Versions/A/Frameworks/AE.framework/Versions/A/AE
0x0000000000fce000 	/System/Library/Frameworks/CoreServices.framework/Versions/A/Frameworks/LaunchServices.framework/Versions/A/LaunchServices
0x0000000000fce000 	/System/Library/Frameworks/CoreServices.framework/Versions/A/Frameworks/DictionaryServices.framework/Versions/A/DictionaryServices
0x0000000000fce000 	/System/Library/Frameworks/NetFS.framework/Versions/A/NetFS
0x0000000000fce000 	/System/Library/PrivateFrameworks/NetAuth.framework/Versions/A/NetAuth
0x0000000000fce000 	/System/Library/PrivateFrameworks/login.framework/Versions/A/Frameworks/loginsupport.framework/Versions/A/loginsupport
0x0000000000fce000 	/System/Library/PrivateFrameworks/TCC.framework/Versions/A/TCC
0x0000000000fce000 	/usr/lib/libmecabra.dylib
0x0000000000fce000 	/System/Library/Frameworks/ApplicationServices.framework/Versions/A/Frameworks/ATS.framework/Versions/A/ATS
0x0000000000fce000 	/System/Library/Frameworks/ApplicationServices.framework/Versions/A/Frameworks/ColorSync.framework/Versions/A/ColorSync
0x0000000000fce000 	/System/Library/Frameworks/ApplicationServices.framework/Versions/A/Frameworks/HIServices.framework/Versions/A/HIServices
0x0000000000fce000 	/System/Library/Frameworks/ApplicationServices.framework/Versions/A/Frameworks/LangAnalysis.framework/Versions/A/LangAnalysis
0x0000000000fce000 	/System/Library/Frameworks/ApplicationServices.framework/Versions/A/Frameworks/PrintCore.framework/Versions/A/PrintCore
0x0000000000fce000 	/System/Library/Frameworks/ApplicationServices.framework/Versions/A/Frameworks/QD.framework/Versions/A/QD
0x0000000000fce000 	/System/Library/Frameworks/ApplicationServices.framework/Versions/A/Frameworks/SpeechSynthesis.framework/Versions/A/SpeechSynthesis
0x0000000000fce000 	/System/Library/Frameworks/Accelerate.framework/Versions/A/Accelerate
0x0000000000fce000 	/System/Library/Frameworks/Accelerate.framework/Versions/A/Frameworks/vImage.framework/Versions/A/vImage
0x0000000000fce000 	/System/Library/Frameworks/Accelerate.framework/Versions/A/Frameworks/vecLib.framework/Versions/A/vecLib
0x0000000000fce000 	/System/Library/Frameworks/Accelerate.framework/Versions/A/Frameworks/vecLib.framework/Versions/A/libvDSP.dylib
0x0000000000fce000 	/System/Library/Frameworks/Accelerate.framework/Versions/A/Frameworks/vecLib.framework/Versions/A/libvMisc.dylib
0x0000000000fce000 	/System/Library/Frameworks/Accelerate.framework/Versions/A/Frameworks/vecLib.framework/Versions/A/libLAPACK.dylib
0x0000000000fce000 	/System/Library/Frameworks/Accelerate.framework/Versions/A/Frameworks/vecLib.framework/Versions/A/libBLAS.dylib
0x0000000000fce000 	/System/Library/Frameworks/Accelerate.framework/Versions/A/Frameworks/vecLib.framework/Versions/A/libLinearAlgebra.dylib
0x0000000000fce000 	/System/Library/Frameworks/ApplicationServices.framework/Versions/A/Frameworks/ATS.framework/Versions/A/Resources/libFontParser.dylib
0x0000000000fce000 	/System/Library/Frameworks/ApplicationServices.framework/Versions/A/Frameworks/ATS.framework/Versions/A/Resources/libFontRegistry.dylib
0x0000000000fce000 	/System/Library/PrivateFrameworks/AppleVPA.framework/Versions/A/AppleVPA
0x0000000000fce000 	/System/Library/PrivateFrameworks/AppleJPEG.framework/Versions/A/AppleJPEG
0x0000000000fce000 	/System/Library/Frameworks/ImageIO.framework/Versions/A/Resources/libJPEG.dylib
0x0000000000fce000 	/System/Library/Frameworks/ImageIO.framework/Versions/A/Resources/libTIFF.dylib
0x0000000000fce000 	/System/Library/Frameworks/ImageIO.framework/Versions/A/Resources/libPng.dylib
0x0000000000fce000 	/System/Library/Frameworks/ImageIO.framework/Versions/A/Resources/libGIF.dylib
0x0000000000fce000 	/System/Library/Frameworks/ImageIO.framework/Versions/A/Resources/libJP2.dylib
0x0000000000fce000 	/System/Library/Frameworks/ImageIO.framework/Versions/A/Resources/libRadiance.dylib
0x0000000000fce000 	/System/Library/Frameworks/CoreVideo.framework/Versions/A/CoreVideo
0x0000000000fce000 	/System/Library/Frameworks/OpenGL.framework/Versions/A/Libraries/libGLU.dylib
0x0000000000fce000 	/System/Library/Frameworks/OpenGL.framework/Versions/A/Libraries/libGFXShared.dylib
0x0000000000fce000 	/System/Library/Frameworks/OpenGL.framework/Versions/A/Libraries/libGL.dylib
0x0000000000fce000 	/System/Library/Frameworks/OpenGL.framework/Versions/A/Libraries/libGLImage.dylib
0x0000000000fce000 	/System/Library/Frameworks/OpenGL.framework/Versions/A/Libraries/libCVMSPluginSupport.dylib
0x0000000000fce000 	/System/Library/Frameworks/OpenGL.framework/Versions/A/Libraries/libCoreVMClient.dylib
0x0000000000fce000 	/usr/lib/libcups.2.dylib
0x0000000000fce000 	/System/Library/Frameworks/Kerberos.framework/Versions/A/Kerberos
0x0000000000fce000 	/System/Library/Frameworks/GSS.framework/Versions/A/GSS
0x0000000000fce000 	/usr/lib/libresolv.9.dylib
0x0000000000fce000 	/usr/lib/libiconv.2.dylib
0x0000000000fce000 	/System/Library/PrivateFrameworks/Heimdal.framework/Versions/A/Heimdal
0x0000000000fce000 	/usr/lib/libheimdal-asn1.dylib
0x0000000000fce000 	/System/Library/Frameworks/OpenDirectory.framework/Versions/A/OpenDirectory
0x0000000000fce000 	/System/Library/PrivateFrameworks/CommonAuth.framework/Versions/A/CommonAuth
0x0000000000fce000 	/System/Library/Frameworks/OpenDirectory.framework/Versions/A/Frameworks/CFOpenDirectory.framework/Versions/A/CFOpenDirectory
0x0000000000fce000 	/System/Library/Frameworks/SecurityFoundation.framework/Versions/A/SecurityFoundation
0x0000000000fce000 	/System/Library/PrivateFrameworks/LanguageModeling.framework/Versions/A/LanguageModeling
0x0000000000fce000 	/usr/lib/libcmph.dylib
0x0000000000fce000 	/System/Library/Frameworks/ServiceManagement.framework/Versions/A/ServiceManagement
0x0000000000fce000 	/usr/lib/libxslt.1.dylib
0x0000000000fce000 	/System/Library/Frameworks/Carbon.framework/Versions/A/Frameworks/Ink.framework/Versions/A/Ink
0x0000000000fce000 	/System/Library/Frameworks/QuartzCore.framework/Versions/A/Frameworks/CoreImage.framework/Versions/A/CoreImage
0x0000000000fce000 	/System/Library/PrivateFrameworks/CrashReporterSupport.framework/Versions/A/CrashReporterSupport
0x0000000000fce000 	/System/Library/Frameworks/OpenCL.framework/Versions/A/OpenCL
0x0000000000fce000 	/System/Library/PrivateFrameworks/FaceCore.framework/Versions/A/FaceCore
0x0000000000fce000 	/System/Library/PrivateFrameworks/Ubiquity.framework/Versions/A/Ubiquity
0x0000000000fce000 	/System/Library/PrivateFrameworks/IconServices.framework/Versions/A/IconServices
0x0000000000fce000 	/System/Library/PrivateFrameworks/ChunkingLibrary.framework/Versions/A/ChunkingLibrary
0x0000000000fce000 	/System/Library/PrivateFrameworks/Apple80211.framework/Versions/A/Apple80211
0x0000000000fce000 	/System/Library/Frameworks/CoreWLAN.framework/Versions/A/CoreWLAN
0x0000000000fce000 	/System/Library/Frameworks/IOBluetooth.framework/Versions/A/IOBluetooth
0x0000000000fce000 	/System/Library/PrivateFrameworks/CoreWiFi.framework/Versions/A/CoreWiFi
0x0000000000fce000 	/System/Library/Frameworks/CoreBluetooth.framework/Versions/A/CoreBluetooth
0x0000000000fce000 	/System/Library/PrivateFrameworks/DebugSymbols.framework/Versions/A/DebugSymbols
0x0000000000fce000 	/System/Library/PrivateFrameworks/CoreSymbolication.framework/Versions/A/CoreSymbolication
0x0000000000fce000 	/System/Library/PrivateFrameworks/Symbolication.framework/Versions/A/Symbolication
0x0000000000fce000 	/System/Library/PrivateFrameworks/SpeechRecognitionCore.framework/Versions/A/SpeechRecognitionCore
0x0000000107da4000 	/Library/Java/JavaVirtualMachines/jdk1.8.0_73.jdk/Contents/Home/jre/lib/server/libjvm.dylib
0x0000000000fce000 	/usr/lib/libstdc++.6.dylib
0x0000000108e4b000 	/Library/Java/JavaVirtualMachines/jdk1.8.0_73.jdk/Contents/Home/jre/lib/libverify.dylib
0x0000000108e59000 	/Library/Java/JavaVirtualMachines/jdk1.8.0_73.jdk/Contents/Home/jre/lib/libjava.dylib
0x0000000108e98000 	/Library/Java/JavaVirtualMachines/jdk1.8.0_73.jdk/Contents/Home/jre/lib/libzip.dylib
0x000000011d1b8000 	/System/Library/Frameworks/JavaVM.framework/Frameworks/JavaRuntimeSupport.framework/JavaRuntimeSupport
0x000000011d1d0000 	/System/Library/Frameworks/JavaVM.framework/Versions/A/Frameworks/JavaNativeFoundation.framework/Versions/A/JavaNativeFoundation
0x000000011d1e5000 	/System/Library/Frameworks/JavaVM.framework/Versions/A/JavaVM
0x0000000000fce000 	/System/Library/Frameworks/Carbon.framework/Versions/A/Carbon
0x000000011d1f2000 	/System/Library/PrivateFrameworks/JavaLaunching.framework/Versions/A/JavaLaunching
0x0000000000fce000 	/System/Library/Frameworks/Carbon.framework/Versions/A/Frameworks/CommonPanels.framework/Versions/A/CommonPanels
0x0000000000fce000 	/System/Library/Frameworks/Carbon.framework/Versions/A/Frameworks/Help.framework/Versions/A/Help
0x0000000000fce000 	/System/Library/Frameworks/Carbon.framework/Versions/A/Frameworks/ImageCapture.framework/Versions/A/ImageCapture
0x0000000000fce000 	/System/Library/Frameworks/Carbon.framework/Versions/A/Frameworks/OpenScripting.framework/Versions/A/OpenScripting
0x0000000000fce000 	/System/Library/Frameworks/Carbon.framework/Versions/A/Frameworks/Print.framework/Versions/A/Print
0x0000000000fce000 	/System/Library/Frameworks/Carbon.framework/Versions/A/Frameworks/SecurityHI.framework/Versions/A/SecurityHI
0x000000011f0ea000 	/Library/Java/JavaVirtualMachines/jdk1.8.0_73.jdk/Contents/Home/jre/lib/libawt.dylib
0x000000011f192000 	/Library/Java/JavaVirtualMachines/jdk1.8.0_73.jdk/Contents/Home/jre/lib/./libmlib_image.dylib
0x000000011f25e000 	/Library/Java/JavaVirtualMachines/jdk1.8.0_73.jdk/Contents/Home/jre/lib/libawt_lwawt.dylib
0x000000011f313000 	/Library/Java/JavaVirtualMachines/jdk1.8.0_73.jdk/Contents/Home/jre/lib/./libosxapp.dylib
0x0000000000fce000 	/System/Library/Frameworks/ExceptionHandling.framework/Versions/A/ExceptionHandling
0x0000000000fce000 	/System/Library/PrivateFrameworks/CoreServicesInternal.framework/Versions/A/CoreServicesInternal
0x0000000000fce000 	/System/Library/PrivateFrameworks/CloudDocs.framework/Versions/A/CloudDocs
0x0000000000fce000 	/System/Library/PrivateFrameworks/CoreDuet.framework/Versions/A/CoreDuet
0x0000000000fce000 	/System/Library/Frameworks/CloudKit.framework/Versions/A/CloudKit
0x0000000000fce000 	/System/Library/PrivateFrameworks/ProtocolBuffer.framework/Versions/A/ProtocolBuffer
0x0000000000fce000 	/System/Library/PrivateFrameworks/CoreDuetDaemonProtocol.framework/Versions/A/CoreDuetDaemonProtocol
0x0000000000fce000 	/System/Library/PrivateFrameworks/CoreDuetDebugLogging.framework/Versions/A/CoreDuetDebugLogging
0x0000000000fce000 	/System/Library/PrivateFrameworks/MMCS.framework/Versions/A/MMCS
0x0000000000fce000 	/System/Library/Frameworks/CoreLocation.framework/Versions/A/CoreLocation
0x0000000000fce000 	/System/Library/PrivateFrameworks/ProtectedCloudStorage.framework/Versions/A/ProtectedCloudStorage
0x0000000000fce000 	/System/Library/PrivateFrameworks/GeoServices.framework/Versions/A/GeoServices
0x0000000000fce000 	/System/Library/Frameworks/CoreGraphics.framework/Versions/A/Resources/libCGCMS.A.dylib
0x0000000000fce000 	/System/Library/Frameworks/CoreGraphics.framework/Versions/A/Resources/libRIP.A.dylib
0x0000000000fce000 	/System/Library/Frameworks/CoreGraphics.framework/Versions/A/Resources/libCGXType.A.dylib
0x0000000000fce000 	/System/Library/Frameworks/OpenCL.framework/Versions/A/Libraries/libcldcpuengine.dylib
0x0000000000fce000 	/System/Library/PrivateFrameworks/DiskImages.framework/Versions/A/DiskImages
0x0000000000fce000 	/System/Library/Frameworks/DiscRecording.framework/Versions/A/DiscRecording
0x0000000000fce000 	/usr/lib/libcsfde.dylib
0x0000000000fce000 	/usr/lib/libcurl.4.dylib
0x0000000000fce000 	/System/Library/PrivateFrameworks/MediaKit.framework/Versions/A/MediaKit
0x0000000000fce000 	/usr/lib/libCoreStorage.dylib
0x0000000000fce000 	/System/Library/PrivateFrameworks/EFILogin.framework/Versions/A/EFILogin
0x0000000000fce000 	/usr/lib/libutil.dylib
0x0000000000fce000 	/System/Library/PrivateFrameworks/FindMyDevice.framework/Versions/A/FindMyDevice
0x0000000000fce000 	/System/Library/Frameworks/LDAP.framework/Versions/A/LDAP
0x0000000000fce000 	/usr/lib/libsasl2.2.dylib
0x0000000000fce000 	/System/Library/PrivateFrameworks/CoreDaemon.framework/Versions/B/CoreDaemon
0x0000000000fce000 	/usr/lib/libcrypto.0.9.8.dylib
0x0000000000fce000 	/System/Library/PrivateFrameworks/AppleSRP.framework/Versions/A/AppleSRP
0x0000000000fce000 	/System/Library/PrivateFrameworks/TrustEvaluationAgent.framework/Versions/A/TrustEvaluationAgent
0x000000012260f000 	cl_kernels
0x0000000122611000 	/System/Library/Frameworks/OpenCL.framework/Versions/A/Libraries/ImageFormats/unorm8_bgra.dylib
0x0000000122600000 	cl_kernels
0x0000000000fce000 	/System/Library/PrivateFrameworks/FamilyControls.framework/Versions/A/FamilyControls
0x0000000000fce000 	/System/Library/PrivateFrameworks/CommerceKit.framework/Versions/A/Frameworks/CommerceCore.framework/Versions/A/CommerceCore
0x0000000000fce000 	/System/Library/PrivateFrameworks/SystemAdministration.framework/Versions/A/SystemAdministration
0x0000000000fce000 	/System/Library/PrivateFrameworks/AppContainer.framework/Versions/A/AppContainer
0x0000000000fce000 	/System/Library/PrivateFrameworks/SecCodeWrapper.framework/Versions/A/SecCodeWrapper
0x0000000000fce000 	/System/Library/Frameworks/DirectoryService.framework/Versions/A/DirectoryService
0x0000000000fce000 	/System/Library/PrivateFrameworks/LoginUIKit.framework/Versions/A/Frameworks/LoginUICore.framework/Versions/A/LoginUICore
0x0000000000fce000 	/usr/lib/libodfde.dylib
0x0000000000fce000 	/System/Library/Frameworks/OpenGL.framework/Versions/A/Resources/GLEngine.bundle/GLEngine
0x0000000000fce000 	/System/Library/Frameworks/OpenGL.framework/Versions/A/Libraries/libGLProgrammability.dylib
0x00000001238fa000 	/System/Library/Extensions/AppleIntelHD4000GraphicsGLDriver.bundle/Contents/MacOS/AppleIntelHD4000GraphicsGLDriver
0x0000000000fce000 	/System/Library/PrivateFrameworks/IOAccelerator.framework/Versions/A/IOAccelerator
0x0000000000fce000 	/System/Library/PrivateFrameworks/GPUSupport.framework/Versions/A/Libraries/libGPUSupportMercury.dylib
0x0000000000fce000 	/System/Library/Frameworks/OpenGL.framework/Versions/A/Resources/GLRendererFloat.bundle/GLRendererFloat
0x00000001248ef000 	/Library/Java/JavaVirtualMachines/jdk1.8.0_73.jdk/Contents/Home/jre/lib/libfontmanager.dylib
0x0000000125b73000 	/Library/Java/JavaVirtualMachines/jdk1.8.0_73.jdk/Contents/Home/jre/lib/libosxui.dylib
0x0000000125c3b000 	/Library/Java/JavaVirtualMachines/jdk1.8.0_73.jdk/Contents/Home/jre/lib/libnet.dylib
0x0000000125c52000 	/Library/Java/JavaVirtualMachines/jdk1.8.0_73.jdk/Contents/Home/jre/lib/libnio.dylib
0x0000000000fce000 	/System/Library/Frameworks/ApplicationServices.framework/Versions/A/Frameworks/ATS.framework/Versions/A/Resources/libTrueTypeScaler.dylib
0x0000000192296000 	/private/var/folders/gx/lpn_2smn21b5jx4mf4ptd0z40000gn/T/jogamp_0000/file_cache/jln8035060121225872739/jln6190648009970408618/libgluegen-rt.jnilib
0x0000000127b8f000 	/private/var/folders/gx/lpn_2smn21b5jx4mf4ptd0z40000gn/T/jogamp_0000/file_cache/jln8035060121225872739/jln6190648009970408618/libnativewindow_awt.jnilib
0x000000019229a000 	/Library/Java/JavaVirtualMachines/jdk1.8.0_73.jdk/Contents/Home/jre/lib/libjawt.dylib
0x000000019229d000 	/private/var/folders/gx/lpn_2smn21b5jx4mf4ptd0z40000gn/T/jogamp_0000/file_cache/jln8035060121225872739/jln6190648009970408618/libnativewindow_macosx.jnilib
0x00000001943a6000 	/private/var/folders/gx/lpn_2smn21b5jx4mf4ptd0z40000gn/T/jogamp_0000/file_cache/jln8035060121225872739/jln6190648009970408618/libjogl_desktop.jnilib
0x0000000194129000 	/Library/Java/JavaVirtualMachines/jdk1.8.0_73.jdk/Contents/Home/jre/lib/libt2k.dylib
0x0000000000fce000 	/System/Library/Frameworks/Accelerate.framework/Versions/A/Frameworks/vImage.framework/Versions/A/Libraries/libCGInterfaces.dylib

VM Arguments:
jvm_args: -Djava.security.policy=java.policy.applet -Dfile.encoding=UTF-8 
java_command: sun.applet.AppletViewer module6.EarthquakeCityMap1458449455634.html
java_class_path (initial): /Volumes/Other/ComputerScience/Java/Coursera/Java Programming Object-Oriented Design of Data Structures Specialization/UCSDUnfoldingMaps/build:/Volumes/Other/ComputerScience/Java/Coursera/Java Programming Object-Oriented Design of Data Structures Specialization/UCSDUnfoldingMaps/lib/core.jar:/Volumes/Other/ComputerScience/Java/Coursera/Java Programming Object-Oriented Design of Data Structures Specialization/UCSDUnfoldingMaps/lib/gluegen-rt.jar:/Volumes/Other/ComputerScience/Java/Coursera/Java Programming Object-Oriented Design of Data Structures Specialization/UCSDUnfoldingMaps/lib/jogl-all.jar:/Volumes/Other/ComputerScience/Java/Coursera/Java Programming Object-Oriented Design of Data Structures Specialization/UCSDUnfoldingMaps/lib/log4j-1.2.15.jar:/Volumes/Other/ComputerScience/Java/Coursera/Java Programming Object-Oriented Design of Data Structures Specialization/UCSDUnfoldingMaps/lib/sqlite-jdbc-3.7.2.jar:/Volumes/Other/ComputerScience/Java/Coursera/Java Programming Object-Oriented Design of Data Structures Specialization/UCSDUnfoldingMaps/lib/json4processing.jar:/Volumes/Other/ComputerScience/Java/Coursera/Java Programming Object-Oriented Design of Data Structures Specialization/UCSDUnfoldingMaps/lib/libTUIO.jar:/Volumes/Other/ComputerScience/Java/Coursera/Java Programming Object-Oriented Design of Data Structures Specialization/UCSDUnfoldingMaps/lib/unfolding.0.9.7-uscd.jar:/Volumes/Other/ComputerScience/Java/Coursera/Java Programming Object-Oriented Design of Data Structures Specialization/UCSDUnfoldingMaps/lib/controlP5/library/controlP5.jar:/Users/zhihuixie/Downloads/geonames-source-1.1.13.jar:/Users/zhihuixie/Downloads/jdom/build/jdom-1.1.3.jar
Launcher Type: SUN_STANDARD

Environment Variables:
PATH=/usr/bin:/bin:/usr/sbin:/sbin
SHELL=/bin/bash

Signal Handlers:
SIGSEGV: [libjvm.dylib+0x5a71a5], sa_mask[0]=11111111011111110111111111111111, sa_flags=SA_ONSTACK|SA_RESTART|SA_SIGINFO
SIGBUS: [libjvm.dylib+0x5a71a5], sa_mask[0]=11111111011111110111111111111111, sa_flags=SA_RESTART|SA_SIGINFO
SIGFPE: [libjvm.dylib+0x480eb4], sa_mask[0]=11111111011111110111111111111111, sa_flags=SA_RESTART|SA_SIGINFO
SIGPIPE: [libjvm.dylib+0x480eb4], sa_mask[0]=11111111011111110111111111111111, sa_flags=SA_RESTART|SA_SIGINFO
SIGXFSZ: [libjvm.dylib+0x480eb4], sa_mask[0]=11111111011111110111111111111111, sa_flags=SA_RESTART|SA_SIGINFO
SIGILL: [libjvm.dylib+0x480eb4], sa_mask[0]=11111111011111110111111111111111, sa_flags=SA_RESTART|SA_SIGINFO
SIGUSR1: SIG_DFL, sa_mask[0]=00000000000000000000000000000000, sa_flags=none
SIGUSR2: [libjvm.dylib+0x4809d2], sa_mask[0]=00100000000000000000000000000000, sa_flags=SA_RESTART|SA_SIGINFO
SIGHUP: [libjvm.dylib+0x47efa9], sa_mask[0]=11111111011111110111111111111111, sa_flags=SA_RESTART|SA_SIGINFO
SIGINT: [libjvm.dylib+0x47efa9], sa_mask[0]=11111111011111110111111111111111, sa_flags=SA_RESTART|SA_SIGINFO
SIGTERM: [libjvm.dylib+0x47efa9], sa_mask[0]=11111111011111110111111111111111, sa_flags=SA_RESTART|SA_SIGINFO
SIGQUIT: [libjvm.dylib+0x47efa9], sa_mask[0]=11111111011111110111111111111111, sa_flags=SA_RESTART|SA_SIGINFO


---------------  S Y S T E M  ---------------

OS:Bsduname:Darwin 14.5.0 Darwin Kernel Version 14.5.0: Wed Jul 29 02:26:53 PDT 2015; root:xnu-2782.40.9~1/RELEASE_X86_64 x86_64
rlimit: STACK 8192k, CORE 0k, NPROC 709, NOFILE 10240, AS infinity
load average:2.68 2.29 2.07

CPU:total 4 (2 cores per cpu, 2 threads per core) family 6 model 58 stepping 9, cmov, cx8, fxsr, mmx, sse, sse2, sse3, ssse3, sse4.1, sse4.2, popcnt, avx, aes, clmul, erms, ht, tsc, tscinvbit, tscinv

Memory: 4k page, physical 4194304k(173408k free)

/proc/meminfo:


vm_info: Java HotSpot(TM) 64-Bit Server VM (25.73-b02) for bsd-amd64 JRE (1.8.0_73-b02), built on Jan 29 2016 15:02:00 by "java_re" with gcc 4.2.1 (Based on Apple Inc. build 5658) (LLVM build 2336.11.00)

time: Sat Mar 19 21:51:14 2016
elapsed time: 19 seconds (0d 0h 0m 19s)

