#
# A fatal error has been detected by the Java Runtime Environment:
#
#  SIGSEGV (0xb) at pc=0x00007fff858ad0dd, pid=5193, tid=1811
#
# JRE version: Java(TM) SE Runtime Environment (8.0_73-b02) (build 1.8.0_73-b02)
# Java VM: Java HotSpot(TM) 64-Bit Server VM (25.73-b02 mixed mode bsd-amd64 compressed oops)
# Problematic frame:
# C  [libobjc.A.dylib+0x10dd]  objc_msgSend+0x1d
#
# Failed to write core dump. Core dumps have been disabled. To enable core dumping, try "ulimit -c unlimited" before starting Java again
#
# If you would like to submit a bug report, please visit:
#   http://bugreport.java.com/bugreport/crash.jsp
# The crash happened outside the Java Virtual Machine in native code.
# See problematic frame for where to report the bug.
#

---------------  T H R E A D  ---------------

Current thread (0x00007fd4031e3800):  JavaThread "AWT-AppKit" daemon [_thread_in_native, id=1811, stack(0x00007fff535e9000,0x00007fff53de9000)]

siginfo: si_signo: 11 (SIGSEGV), si_code: 1 (SEGV_MAPERR), si_addr: 0x0000000000000018

Registers:
RAX=0x00007fd406f8f280, RBX=0x0000000196437450, RCX=0x0000000129b56dc0, RDX=0x0000000128bcea20
RSP=0x00007fff53de40c8, RBP=0x00007fff53de4180, RSI=0x00007fff8692740f, RDI=0x00007fd406f8c7a0
R8 =0x0000000000000000, R9 =0x0000000000000f50, R10=0x00007fff8692740f, R11=0x0000000000000000
R12=0x0000000000000000, R13=0x00000001981b6ff8, R14=0x0000000196437440, R15=0x00007fd4031e3800
RIP=0x00007fff858ad0dd, EFLAGS=0x0000000000010246, ERR=0x0000000000000004
  TRAPNO=0x000000000000000e

Top of Stack: (sp=0x00007fff53de40c8)
0x00007fff53de40c8:   0000000196435157 00007fff53de4120
0x00007fff53de40d8:   0000000000000003 00007fff53de4100
0x00007fff53de40e8:   000000010c9f1646 00000001981b6ff8
0x00007fff53de40f8:   00000001981b6ff8 00007fd406f8f280
0x00007fff53de4108:   00000001964376a0 0000000196437710
0x00007fff53de4118:   00007fff72e88550 00007fff72d2cc80
0x00007fff53de4128:   0000000196437450 0000000196437690
0x00007fff53de4138:   00007fd406f8f280 00007fd406f8c7a0
0x00007fff53de4148:   00007fd40256e8e0 00007fd406f8f280
0x00007fff53de4158:   00007fd406f8c7a0 00007fff53de4208
0x00007fff53de4168:   00007fd4031e39f8 00000001981b6ff8
0x00007fff53de4178:   00007fff53de4230 00007fff53de41f8
0x00007fff53de4188:   000000010d8a5954 00000001981b6ff8
0x00007fff53de4198:   00007fff53de4230 00007fff53de41f8
0x00007fff53de41a8:   000000010d8a56e7 000000010d8a56a2
0x00007fff53de41b8:   00007fff53de41b8 00000001981b6ff8
0x00007fff53de41c8:   00007fff53de4230 00000001981b9c30
0x00007fff53de41d8:   0000000000000000 00000001981b6ff8
0x00007fff53de41e8:   0000000000000000 00007fff53de4218
0x00007fff53de41f8:   00007fff53de4278 000000010d897c4d
0x00007fff53de4208:   0000000780c08c50 000000010d89f578
0x00007fff53de4218:   00007fd406f8f280 00007fff53de4278
0x00007fff53de4228:   00007fd406f8c7a0 000000010d8a0d82
0x00007fff53de4238:   00007fff53de4238 00000001981b71c2
0x00007fff53de4248:   00007fff53de42a0 00000001981b9c30
0x00007fff53de4258:   0000000000000000 00000001981b71d0
0x00007fff53de4268:   00007fff53de4218 00007fff53de4288
0x00007fff53de4278:   00007fff53de42e8 000000010d897c4d
0x00007fff53de4288:   00007fd406f8f280 0000000780cc8f78
0x00007fff53de4298:   00007fd406f8c7a0 0000000780cc8f78
0x00007fff53de42a8:   00007fff53de42a8 00000001a08d26fe
0x00007fff53de42b8:   00007fff53de42f8 00000001a08d27b8 

Instructions: (pc=0x00007fff858ad0dd)
0x00007fff858ad0bd:   00 00 00 48 85 ff 2e 74 7a 40 f6 c7 01 2e 75 7e
0x00007fff858ad0cd:   49 bb f8 ff ff ff ff 7f 00 00 4c 23 1f 49 89 f2
0x00007fff858ad0dd:   45 23 53 18 49 c1 e2 04 4d 03 53 10 49 3b 32 75
0x00007fff858ad0ed:   04 41 ff 62 08 49 83 3a 00 74 6a 4d 3b 53 10 74 

Register to memory mapping:

RAX=0x00007fd406f8f280 is an unknown value
RBX=0x0000000196437450: Java_jogamp_nativewindow_macosx_OSXUtil_GetScreenRefreshRate0+0x1cf0 in /private/var/folders/gx/lpn_2smn21b5jx4mf4ptd0z40000gn/T/jogamp_0000/file_cache/jln2341250660350120971/jln6553664764527449105/libnativewindow_macosx.jnilib at 0x0000000196430000
RCX=0x0000000129b56dc0 is an unknown value
RDX=0x0000000128bcea20 is an unknown value
RSP=0x00007fff53de40c8 is pointing into the stack for thread: 0x00007fd4031e3800
RBP=0x00007fff53de4180 is pointing into the stack for thread: 0x00007fd4031e3800
RSI=0x00007fff8692740f is an unknown value
RDI=0x00007fd406f8c7a0 is an unknown value
R8 =0x0000000000000000 is an unknown value
R9 =0x0000000000000f50 is an unknown value
R10=0x00007fff8692740f is an unknown value
R11=0x0000000000000000 is an unknown value
R12=0x0000000000000000 is an unknown value
R13={method} {0x00000001981b6ff8} 'UnsetJAWTRootSurfaceLayer0' '(JJ)V' in 'jogamp/nativewindow/jawt/macosx/MacOSXJAWTWindow'
R14=0x0000000196437440: Java_jogamp_nativewindow_macosx_OSXUtil_GetScreenRefreshRate0+0x1ce0 in /private/var/folders/gx/lpn_2smn21b5jx4mf4ptd0z40000gn/T/jogamp_0000/file_cache/jln2341250660350120971/jln6553664764527449105/libnativewindow_macosx.jnilib at 0x0000000196430000
R15=0x00007fd4031e3800 is a thread


Stack: [0x00007fff535e9000,0x00007fff53de9000],  sp=0x00007fff53de40c8,  free space=8172k
Native frames: (J=compiled Java code, j=interpreted, Vv=VM code, C=native code)
C  [libobjc.A.dylib+0x10dd]  objc_msgSend+0x1d
j  jogamp.nativewindow.jawt.macosx.MacOSXJAWTWindow.UnsetJAWTRootSurfaceLayer0(JJ)V+0
j  jogamp.nativewindow.jawt.macosx.MacOSXJAWTWindow.access$200(JJ)V+2
j  jogamp.nativewindow.jawt.macosx.MacOSXJAWTWindow$1.run()V+38
J 2389 C1 com.jogamp.common.util.RunnableTask.run()V (345 bytes) @ 0x000000010dea7094 [0x000000010dea6f00+0x194]
v  ~StubRoutines::call_stub
V  [libjvm.dylib+0x2eae7a]
V  [libjvm.dylib+0x321f83]
V  [libjvm.dylib+0x314757]
C  [libnativewindow_macosx.jnilib+0x5326]  Java_jogamp_nativewindow_jawt_macosx_MacOSXJAWTWindow_UnsetJAWTRootSurfaceLayer0+0x2b6
C  [Foundation+0x92dd0]  __NSThreadPerformPerform+0x125
C  [CoreFoundation+0x80a01]  __CFRUNLOOP_IS_CALLING_OUT_TO_A_SOURCE0_PERFORM_FUNCTION__+0x11
C  [CoreFoundation+0x72c5c]  __CFRunLoopDoSources0+0x1dc
C  [CoreFoundation+0x721bf]  __CFRunLoopRun+0x39f
C  [CoreFoundation+0x71bd8]  CFRunLoopRunSpecific+0x128
C  [HIToolbox+0x3256f]  RunCurrentEventLoopInMode+0xeb
C  [HIToolbox+0x321ee]  ReceiveNextEventCommon+0xb3
C  [HIToolbox+0x3212b]  _BlockUntilNextEventMatchingListInModeWithFilter+0x47
C  [AppKit+0x918ab]  _DPSNextEvent+0x3d2
C  [AppKit+0x90e58]  -[NSApplication nextEventMatchingMask:untilDate:inMode:dequeue:]+0x15a
C  [libosxapp.dylib+0x23aa]  -[NSApplicationAWT nextEventMatchingMask:untilDate:inMode:dequeue:]+0x7c
C  [AppKit+0x86af3]  -[NSApplication run]+0x252
C  [libosxapp.dylib+0x214d]  +[NSApplicationAWT runAWTLoopWithApp:]+0x9c
C  [libawt_lwawt.dylib+0x4455b]  -[AWTStarter starter:]+0x389
C  [Foundation+0x92dd0]  __NSThreadPerformPerform+0x125
C  [CoreFoundation+0x80a01]  __CFRUNLOOP_IS_CALLING_OUT_TO_A_SOURCE0_PERFORM_FUNCTION__+0x11
C  [CoreFoundation+0x72b8d]  __CFRunLoopDoSources0+0x10d
C  [CoreFoundation+0x721bf]  __CFRunLoopRun+0x39f
C  [CoreFoundation+0x71bd8]  CFRunLoopRunSpecific+0x128
C  [java+0x6463]  CreateExecutionEnvironment+0x367
C  [java+0x21ac]  JLI_Launch+0x7a0
C  [java+0x84c0]  main+0x65
C  [java+0x1a04]  start+0x34
C  0x0000000000000007

Java frames: (J=compiled Java code, j=interpreted, Vv=VM code)
j  jogamp.nativewindow.jawt.macosx.MacOSXJAWTWindow.UnsetJAWTRootSurfaceLayer0(JJ)V+0
j  jogamp.nativewindow.jawt.macosx.MacOSXJAWTWindow.access$200(JJ)V+2
j  jogamp.nativewindow.jawt.macosx.MacOSXJAWTWindow$1.run()V+38
J 2389 C1 com.jogamp.common.util.RunnableTask.run()V (345 bytes) @ 0x000000010dea7094 [0x000000010dea6f00+0x194]
v  ~StubRoutines::call_stub

---------------  P R O C E S S  ---------------

Java Threads: ( => current thread )
  0x00007fd402c51800 JavaThread "Thread-79" [_thread_blocked, id=62895, stack(0x00000001a0ccb000,0x00000001a0dcb000)]
  0x00007fd402d05800 JavaThread "TimerQueue" daemon [_thread_blocked, id=61759, stack(0x00000001a344e000,0x00000001a354e000)]
  0x00007fd40465b000 JavaThread "AWT-EventQueue-1" [_thread_in_native, id=57115, stack(0x0000000196a88000,0x0000000196b88000)]
  0x00007fd402900800 JavaThread "DestroyJavaVM" [_thread_blocked, id=4867, stack(0x000000010d78e000,0x000000010d88e000)]
  0x00007fd40422b000 JavaThread "AWT-EventQueue-0" [_thread_blocked, id=54791, stack(0x0000000129be3000,0x0000000129ce3000)]
  0x00007fd403236800 JavaThread "Java2D Disposer" daemon [_thread_blocked, id=50967, stack(0x000000012895f000,0x0000000128a5f000)]
  0x00007fd4031fb800 JavaThread "Java2D Queue Flusher" daemon [_thread_blocked, id=49415, stack(0x000000012796a000,0x0000000127a6a000)]
  0x00007fd4031e0000 JavaThread "AWT-Shutdown" [_thread_blocked, id=28179, stack(0x000000012501a000,0x000000012511a000)]
=>0x00007fd4031e3800 JavaThread "AWT-AppKit" daemon [_thread_in_native, id=1811, stack(0x00007fff535e9000,0x00007fff53de9000)]
  0x00007fd403837800 JavaThread "Service Thread" daemon [_thread_blocked, id=17923, stack(0x0000000122fd2000,0x00000001230d2000)]
  0x00007fd403836800 JavaThread "C1 CompilerThread2" daemon [_thread_blocked, id=17411, stack(0x0000000122ecf000,0x0000000122fcf000)]
  0x00007fd403836000 JavaThread "C2 CompilerThread1" daemon [_thread_in_native, id=16899, stack(0x0000000122dcc000,0x0000000122ecc000)]
  0x00007fd403024000 JavaThread "C2 CompilerThread0" daemon [_thread_blocked, id=16143, stack(0x0000000122cc9000,0x0000000122dc9000)]
  0x00007fd404019000 JavaThread "Signal Dispatcher" daemon [_thread_blocked, id=12307, stack(0x0000000122bc6000,0x0000000122cc6000)]
  0x00007fd40400e800 JavaThread "Finalizer" daemon [_thread_blocked, id=11523, stack(0x0000000121220000,0x0000000121320000)]
  0x00007fd403801000 JavaThread "Reference Handler" daemon [_thread_blocked, id=11011, stack(0x000000012111d000,0x000000012121d000)]

Other Threads:
  0x00007fd403018800 VMThread [stack: 0x000000012101a000,0x000000012111a000] [id=10499]
  0x00007fd404033000 WatcherThread [stack: 0x00000001230d5000,0x00000001231d5000] [id=18435]

VM state:not at safepoint (normal execution)

VM Mutex/Monitor currently owned by a thread: None

Heap:
 PSYoungGen      total 61952K, used 25492K [0x00000007aab00000, 0x00000007afc00000, 0x00000007c0000000)
  eden space 49152K, 26% used [0x00000007aab00000,0x00000007ab7c4dc0,0x00000007adb00000)
  from space 12800K, 97% used [0x00000007adc80000,0x00000007ae8a0290,0x00000007ae900000)
  to   space 16896K, 0% used [0x00000007aeb80000,0x00000007aeb80000,0x00000007afc00000)
 ParOldGen       total 45056K, used 25530K [0x0000000780000000, 0x0000000782c00000, 0x00000007aab00000)
  object space 45056K, 56% used [0x0000000780000000,0x00000007818ee9c0,0x0000000782c00000)
 Metaspace       used 24049K, capacity 24363K, committed 24576K, reserved 1071104K
  class space    used 2404K, capacity 2492K, committed 2560K, reserved 1048576K

Card table byte_map: [0x000000011cc50000,0x000000011ce51000] byte_map_base: 0x0000000119050000

Marking Bits: (ParMarkBitMap*) 0x000000010d0e3ea0
 Begin Bits: [0x000000011d3b3000, 0x000000011e3b3000)
 End Bits:   [0x000000011e3b3000, 0x000000011f3b3000)

Polling page: 0x000000010bf70000

CodeCache: size=245760Kb used=11679Kb max_used=11708Kb free=234080Kb
 bounds [0x000000010d890000, 0x000000010e420000, 0x000000011c890000]
 total_blobs=4381 nmethods=3439 adapters=854
 compilation: enabled

Compilation events (10 events):
Event: 59.934 Thread 0x00007fd403024000 4101       4       processing.core.PGraphics::colorCalc (35 bytes)
Event: 59.938 Thread 0x00007fd403024000 nmethod 4101 0x000000010e3e9210 code [0x000000010e3e93c0, 0x000000010e3e9858]
Event: 60.019 Thread 0x00007fd403836800 4102       3       java.util.WeakHashMap::get (77 bytes)
Event: 60.020 Thread 0x00007fd403836800 nmethod 4102 0x000000010db3d150 code [0x000000010db3d340, 0x000000010db3dbe8]
Event: 60.052 Thread 0x00007fd403024000 4103       4       java.lang.CharacterDataLatin1::toUpperCase (53 bytes)
Event: 60.053 Thread 0x00007fd403024000 nmethod 4103 0x000000010e40e2d0 code [0x000000010e40e420, 0x000000010e40e4f8]
Event: 60.055 Thread 0x00007fd403836800 4104       3       sun.lwawt.LWComponentPeer::computeVisibleRect (75 bytes)
Event: 60.057 Thread 0x00007fd403836800 nmethod 4104 0x000000010e40f8d0 code [0x000000010e40fb20, 0x000000010e410cb8]
Event: 60.057 Thread 0x00007fd403836800 4105   !   3       sun.java2d.opengl.OGLRenderQueue::flushNow (24 bytes)
Event: 60.058 Thread 0x00007fd403836800 nmethod 4105 0x000000010d9905d0 code [0x000000010d9907c0, 0x000000010d990f28]

GC Heap History (10 events):
Event: 31.849 GC heap before
{Heap before GC invocations=14 (full 1):
 PSYoungGen      total 67072K, used 67040K [0x00000007aab00000, 0x00000007af880000, 0x00000007c0000000)
  eden space 57344K, 100% used [0x00000007aab00000,0x00000007ae300000,0x00000007ae300000)
  from space 9728K, 99% used [0x00000007aed80000,0x00000007af6f8280,0x00000007af700000)
  to   space 10752K, 0% used [0x00000007ae300000,0x00000007ae300000,0x00000007aed80000)
 ParOldGen       total 45056K, used 18594K [0x0000000780000000, 0x0000000782c00000, 0x00000007aab00000)
  object space 45056K, 41% used [0x0000000780000000,0x0000000781228810,0x0000000782c00000)
 Metaspace       used 23830K, capacity 24093K, committed 24320K, reserved 1071104K
  class space    used 2388K, capacity 2491K, committed 2560K, reserved 1048576K
Event: 31.856 GC heap after
Heap after GC invocations=14 (full 1):
 PSYoungGen      total 66048K, used 10736K [0x00000007aab00000, 0x00000007af900000, 0x00000007c0000000)
  eden space 55296K, 0% used [0x00000007aab00000,0x00000007aab00000,0x00000007ae100000)
  from space 10752K, 99% used [0x00000007ae300000,0x00000007aed7c270,0x00000007aed80000)
  to   space 11776K, 0% used [0x00000007aed80000,0x00000007aed80000,0x00000007af900000)
 ParOldGen       total 45056K, used 23722K [0x0000000780000000, 0x0000000782c00000, 0x00000007aab00000)
  object space 45056K, 52% used [0x0000000780000000,0x000000078172a950,0x0000000782c00000)
 Metaspace       used 23830K, capacity 24093K, committed 24320K, reserved 1071104K
  class space    used 2388K, capacity 2491K, committed 2560K, reserved 1048576K
}
Event: 38.150 GC heap before
{Heap before GC invocations=15 (full 1):
 PSYoungGen      total 66048K, used 66032K [0x00000007aab00000, 0x00000007af900000, 0x00000007c0000000)
  eden space 55296K, 100% used [0x00000007aab00000,0x00000007ae100000,0x00000007ae100000)
  from space 10752K, 99% used [0x00000007ae300000,0x00000007aed7c270,0x00000007aed80000)
  to   space 11776K, 0% used [0x00000007aed80000,0x00000007aed80000,0x00000007af900000)
 ParOldGen       total 45056K, used 23722K [0x0000000780000000, 0x0000000782c00000, 0x00000007aab00000)
  object space 45056K, 52% used [0x0000000780000000,0x000000078172a950,0x0000000782c00000)
 Metaspace       used 23896K, capacity 24171K, committed 24320K, reserved 1071104K
  class space    used 2388K, capacity 2492K, committed 2560K, reserved 1048576K
Event: 38.154 GC heap after
Heap after GC invocations=15 (full 1):
 PSYoungGen      total 65536K, used 11584K [0x00000007aab00000, 0x00000007af980000, 0x00000007c0000000)
  eden space 53760K, 0% used [0x00000007aab00000,0x00000007aab00000,0x00000007adf80000)
  from space 11776K, 98% used [0x00000007aed80000,0x00000007af8d02a0,0x00000007af900000)
  to   space 13312K, 0% used [0x00000007adf80000,0x00000007adf80000,0x00000007aec80000)
 ParOldGen       total 45056K, used 25522K [0x0000000780000000, 0x0000000782c00000, 0x00000007aab00000)
  object space 45056K, 56% used [0x0000000780000000,0x00000007818ec9c0,0x0000000782c00000)
 Metaspace       used 23896K, capacity 24171K, committed 24320K, reserved 1071104K
  class space    used 2388K, capacity 2492K, committed 2560K, reserved 1048576K
}
Event: 43.980 GC heap before
{Heap before GC invocations=16 (full 1):
 PSYoungGen      total 65536K, used 65344K [0x00000007aab00000, 0x00000007af980000, 0x00000007c0000000)
  eden space 53760K, 100% used [0x00000007aab00000,0x00000007adf80000,0x00000007adf80000)
  from space 11776K, 98% used [0x00000007aed80000,0x00000007af8d02a0,0x00000007af900000)
  to   space 13312K, 0% used [0x00000007adf80000,0x00000007adf80000,0x00000007aec80000)
 ParOldGen       total 45056K, used 25522K [0x0000000780000000, 0x0000000782c00000, 0x00000007aab00000)
  object space 45056K, 56% used [0x0000000780000000,0x00000007818ec9c0,0x0000000782c00000)
 Metaspace       used 23956K, capacity 24171K, committed 24320K, reserved 1071104K
  class space    used 2400K, capacity 2492K, committed 2560K, reserved 1048576K
Event: 43.985 GC heap after
Heap after GC invocations=16 (full 1):
 PSYoungGen      total 65536K, used 11872K [0x00000007aab00000, 0x00000007afb00000, 0x00000007c0000000)
  eden space 52224K, 0% used [0x00000007aab00000,0x00000007aab00000,0x00000007ade00000)
  from space 13312K, 89% used [0x00000007adf80000,0x00000007aeb182d0,0x00000007aec80000)
  to   space 14848K, 0% used [0x00000007aec80000,0x00000007aec80000,0x00000007afb00000)
 ParOldGen       total 45056K, used 25522K [0x0000000780000000, 0x0000000782c00000, 0x00000007aab00000)
  object space 45056K, 56% used [0x0000000780000000,0x00000007818ec9c0,0x0000000782c00000)
 Metaspace       used 23956K, capacity 24171K, committed 24320K, reserved 1071104K
  class space    used 2400K, capacity 2492K, committed 2560K, reserved 1048576K
}
Event: 52.799 GC heap before
{Heap before GC invocations=17 (full 1):
 PSYoungGen      total 65536K, used 64096K [0x00000007aab00000, 0x00000007afb00000, 0x00000007c0000000)
  eden space 52224K, 100% used [0x00000007aab00000,0x00000007ade00000,0x00000007ade00000)
  from space 13312K, 89% used [0x00000007adf80000,0x00000007aeb182d0,0x00000007aec80000)
  to   space 14848K, 0% used [0x00000007aec80000,0x00000007aec80000,0x00000007afb00000)
 ParOldGen       total 45056K, used 25522K [0x0000000780000000, 0x0000000782c00000, 0x00000007aab00000)
  object space 45056K, 56% used [0x0000000780000000,0x00000007818ec9c0,0x0000000782c00000)
 Metaspace       used 24027K, capacity 24299K, committed 24576K, reserved 1071104K
  class space    used 2400K, capacity 2492K, committed 2560K, reserved 1048576K
Event: 52.802 GC heap after
Heap after GC invocations=17 (full 1):
 PSYoungGen      total 65536K, used 12400K [0x00000007aab00000, 0x00000007afb80000, 0x00000007c0000000)
  eden space 50688K, 0% used [0x00000007aab00000,0x00000007aab00000,0x00000007adc80000)
  from space 14848K, 83% used [0x00000007aec80000,0x00000007af89c280,0x00000007afb00000)
  to   space 15872K, 0% used [0x00000007adc80000,0x00000007adc80000,0x00000007aec00000)
 ParOldGen       total 45056K, used 25530K [0x0000000780000000, 0x0000000782c00000, 0x00000007aab00000)
  object space 45056K, 56% used [0x0000000780000000,0x00000007818ee9c0,0x0000000782c00000)
 Metaspace       used 24027K, capacity 24299K, committed 24576K, reserved 1071104K
  class space    used 2400K, capacity 2492K, committed 2560K, reserved 1048576K
}
Event: 58.603 GC heap before
{Heap before GC invocations=18 (full 1):
 PSYoungGen      total 65536K, used 63088K [0x00000007aab00000, 0x00000007afb80000, 0x00000007c0000000)
  eden space 50688K, 100% used [0x00000007aab00000,0x00000007adc80000,0x00000007adc80000)
  from space 14848K, 83% used [0x00000007aec80000,0x00000007af89c280,0x00000007afb00000)
  to   space 15872K, 0% used [0x00000007adc80000,0x00000007adc80000,0x00000007aec00000)
 ParOldGen       total 45056K, used 25530K [0x0000000780000000, 0x0000000782c00000, 0x00000007aab00000)
  object space 45056K, 56% used [0x0000000780000000,0x00000007818ee9c0,0x0000000782c00000)
 Metaspace       used 24028K, capacity 24299K, committed 24576K, reserved 1071104K
  class space    used 2400K, capacity 2492K, committed 2560K, reserved 1048576K
Event: 58.607 GC heap after
Heap after GC invocations=18 (full 1):
 PSYoungGen      total 61952K, used 12416K [0x00000007aab00000, 0x00000007afc00000, 0x00000007c0000000)
  eden space 49152K, 0% used [0x00000007aab00000,0x00000007aab00000,0x00000007adb00000)
  from space 12800K, 97% used [0x00000007adc80000,0x00000007ae8a0290,0x00000007ae900000)
  to   space 16896K, 0% used [0x00000007aeb80000,0x00000007aeb80000,0x00000007afc00000)
 ParOldGen       total 45056K, used 25530K [0x0000000780000000, 0x0000000782c00000, 0x00000007aab00000)
  object space 45056K, 56% used [0x0000000780000000,0x00000007818ee9c0,0x0000000782c00000)
 Metaspace       used 24028K, capacity 24299K, committed 24576K, reserved 1071104K
  class space    used 2400K, capacity 2492K, committed 2560K, reserved 1048576K
}

Deoptimization events (10 events):
Event: 55.277 Thread 0x00007fd40465b000 Uncommon trap: reason=unstable_if action=reinterpret pc=0x000000010e05b248 method=processing.core.PApplet.constrain(III)I @ 11
Event: 56.662 Thread 0x00007fd40465b000 Uncommon trap: reason=unstable_if action=reinterpret pc=0x000000010df50030 method=sun.misc.FloatingDecimal$BinaryToASCIIBuffer.dtoa(IJIZ)V @ 522
Event: 58.915 Thread 0x00007fd4031e3800 Uncommon trap: reason=unstable_if action=reinterpret pc=0x000000010e0f7d1c method=sun.java2d.pipe.Region.contains(II)Z @ 21
Event: 60.014 Thread 0x00007fd40465b000 Uncommon trap: reason=unstable_if action=reinterpret pc=0x000000010ddc9048 method=java.lang.ref.ReferenceQueue.poll()Ljava/lang/ref/Reference; @ 4
Event: 60.015 Thread 0x00007fd40422b000 Uncommon trap: reason=unstable_if action=reinterpret pc=0x000000010e412928 method=sun.lwawt.LWContainerPeer.cutChildren(Lsun/java2d/pipe/Region;Lsun/lwawt/LWComponentPeer;)Lsun/java2d/pipe/Region; @ 67
Event: 60.017 Thread 0x00007fd40422b000 Uncommon trap: reason=unstable_if action=reinterpret pc=0x000000010e3736a0 method=sun.java2d.pipe.Region.isInsideQuickCheck(Lsun/java2d/pipe/Region;)Z @ 48
Event: 60.017 Thread 0x00007fd40422b000 Uncommon trap: reason=unstable_if action=reinterpret pc=0x000000010e1f6650 method=sun.java2d.pipe.Region.isInsideQuickCheck(Lsun/java2d/pipe/Region;)Z @ 48
Event: 60.046 Thread 0x00007fd403285800 Uncommon trap: reason=unstable_if action=reinterpret pc=0x000000010dd7cca8 method=java.util.HashMap.putVal(ILjava/lang/Object;Ljava/lang/Object;ZZ)Ljava/lang/Object; @ 81
Event: 60.047 Thread 0x00007fd403285800 Uncommon trap: reason=unstable_if action=reinterpret pc=0x000000010e2da20c method=java.util.Vector.removeElement(Ljava/lang/Object;)Z @ 17
Event: 60.047 Thread 0x00007fd403285800 Uncommon trap: reason=unstable_if action=reinterpret pc=0x000000010e310dcc method=java.util.Vector.removeElement(Ljava/lang/Object;)Z @ 17

Internal exceptions (10 events):
Event: 0.796 Thread 0x00007fd40300a000 Exception <a 'java/io/FileNotFoundException'> (0x00000007aad8b3a0) thrown at [/HUDSON3/workspace/8-2-build-macosx-x86_64/jdk8u73/6086/hotspot/src/share/vm/prims/jni.cpp, line 709]
Event: 0.805 Thread 0x00007fd40300a000 Implicit null exception at 0x000000010d9f28e6 to 0x000000010d9f2ad9
Event: 1.042 Thread 0x00007fd40300a000 Exception <a 'java/io/FileNotFoundException'> (0x00000007aaee0430) thrown at [/HUDSON3/workspace/8-2-build-macosx-x86_64/jdk8u73/6086/hotspot/src/share/vm/prims/jni.cpp, line 709]
Event: 3.430 Thread 0x00007fd40400e800 Exception <a 'java/lang/NullPointerException'> (0x00000007aaba4070) thrown at [/HUDSON3/workspace/8-2-build-macosx-x86_64/jdk8u73/6086/hotspot/src/share/vm/interpreter/linkResolver.cpp, line 1178]
Event: 3.547 Thread 0x00007fd40300a000 Exception <a 'java/lang/UnsatisfiedLinkError': com.jogamp.common.util.JarUtil.fixNativeLibAttribs(Ljava/lang/String;)Z> (0x00000007ab0ed730) thrown at [/HUDSON3/workspace/8-2-build-macosx-x86_64/jdk8u73/6086/hotspot/src/share/vm/prims/nativeLookup.cpp, li
Event: 4.599 Thread 0x00007fd40465b000 Exception <a 'java/io/FileNotFoundException'> (0x00000007ab459a80) thrown at [/HUDSON3/workspace/8-2-build-macosx-x86_64/jdk8u73/6086/hotspot/src/share/vm/prims/jni.cpp, line 709]
Event: 4.600 Thread 0x00007fd40465b000 Exception <a 'java/io/FileNotFoundException'> (0x00000007ab4662b0) thrown at [/HUDSON3/workspace/8-2-build-macosx-x86_64/jdk8u73/6086/hotspot/src/share/vm/prims/jni.cpp, line 709]
Event: 4.600 Thread 0x00007fd40465b000 Implicit null exception at 0x000000010da3f435 to 0x000000010da3f799
Event: 6.426 Thread 0x00007fd40465b000 Implicit null exception at 0x000000010de04a25 to 0x000000010de04b79
Event: 29.941 Thread 0x00007fd40465b000 Implicit null exception at 0x000000010da47a35 to 0x000000010da47da5

Events (10 events):
Event: 60.055 Thread 0x00007fd403285800 Thread exited: 0x00007fd403285800
Event: 60.057 Thread 0x00007fd403836800 flushing nmethod 0x000000010d9903d0
Event: 60.057 Thread 0x00007fd403836800 flushing nmethod 0x000000010d9ac950
Event: 60.057 Thread 0x00007fd403836800 flushing nmethod 0x000000010d9ba7d0
Event: 60.057 Thread 0x00007fd403836800 flushing nmethod 0x000000010d9c8d50
Event: 60.058 Thread 0x00007fd403836800 flushing nmethod 0x000000010d9f7790
Event: 60.058 Thread 0x00007fd403836800 flushing nmethod 0x000000010da15690
Event: 60.058 Thread 0x00007fd403836800 flushing nmethod 0x000000010da31810
Event: 60.058 Thread 0x00007fd403836800 flushing nmethod 0x000000010da47890
Event: 60.058 Thread 0x00007fd403836800 flushing nmethod 0x000000010da5c2d0


Dynamic libraries:
0x0000000000fce000 	/System/Library/Frameworks/Cocoa.framework/Versions/A/Cocoa
0x0000000000fce000 	/System/Library/Frameworks/Security.framework/Versions/A/Security
0x0000000000fce000 	/System/Library/Frameworks/ApplicationServices.framework/Versions/A/ApplicationServices
0x0000000000fce000 	/usr/lib/libz.1.dylib
0x0000000000fce000 	/usr/lib/libSystem.B.dylib
0x0000000000fce000 	/usr/lib/libobjc.A.dylib
0x0000000000fce000 	/System/Library/Frameworks/CoreFoundation.framework/Versions/A/CoreFoundation
0x0000000000fce000 	/System/Library/Frameworks/Foundation.framework/Versions/C/Foundation
0x0000000000fce000 	/System/Library/Frameworks/AppKit.framework/Versions/C/AppKit
0x0000000000fce000 	/System/Library/Frameworks/CoreData.framework/Versions/A/CoreData
0x0000000000fce000 	/System/Library/PrivateFrameworks/RemoteViewServices.framework/Versions/A/RemoteViewServices
0x0000000000fce000 	/System/Library/PrivateFrameworks/UIFoundation.framework/Versions/A/UIFoundation
0x0000000000fce000 	/System/Library/Frameworks/IOSurface.framework/Versions/A/IOSurface
0x0000000000fce000 	/System/Library/Frameworks/AudioToolbox.framework/Versions/A/AudioToolbox
0x0000000000fce000 	/System/Library/Frameworks/AudioUnit.framework/Versions/A/AudioUnit
0x0000000000fce000 	/System/Library/PrivateFrameworks/DataDetectorsCore.framework/Versions/A/DataDetectorsCore
0x0000000000fce000 	/System/Library/PrivateFrameworks/DesktopServicesPriv.framework/Versions/A/DesktopServicesPriv
0x0000000000fce000 	/System/Library/Frameworks/Carbon.framework/Versions/A/Frameworks/HIToolbox.framework/Versions/A/HIToolbox
0x0000000000fce000 	/System/Library/Frameworks/QuartzCore.framework/Versions/A/QuartzCore
0x0000000000fce000 	/System/Library/Frameworks/Carbon.framework/Versions/A/Frameworks/SpeechRecognition.framework/Versions/A/SpeechRecognition
0x0000000000fce000 	/usr/lib/libauto.dylib
0x0000000000fce000 	/usr/lib/libicucore.A.dylib
0x0000000000fce000 	/usr/lib/libxml2.2.dylib
0x0000000000fce000 	/System/Library/PrivateFrameworks/CoreUI.framework/Versions/A/CoreUI
0x0000000000fce000 	/System/Library/Frameworks/CoreAudio.framework/Versions/A/CoreAudio
0x0000000000fce000 	/System/Library/Frameworks/DiskArbitration.framework/Versions/A/DiskArbitration
0x0000000000fce000 	/usr/lib/liblangid.dylib
0x0000000000fce000 	/System/Library/PrivateFrameworks/MultitouchSupport.framework/Versions/A/MultitouchSupport
0x0000000000fce000 	/System/Library/Frameworks/IOKit.framework/Versions/A/IOKit
0x0000000000fce000 	/usr/lib/libDiagnosticMessagesClient.dylib
0x0000000000fce000 	/System/Library/Frameworks/CoreServices.framework/Versions/A/CoreServices
0x0000000000fce000 	/System/Library/PrivateFrameworks/PerformanceAnalysis.framework/Versions/A/PerformanceAnalysis
0x0000000000fce000 	/System/Library/PrivateFrameworks/GenerationalStorage.framework/Versions/A/GenerationalStorage
0x0000000000fce000 	/System/Library/Frameworks/OpenGL.framework/Versions/A/OpenGL
0x0000000000fce000 	/System/Library/PrivateFrameworks/Sharing.framework/Versions/A/Sharing
0x0000000000fce000 	/System/Library/Frameworks/CoreGraphics.framework/Versions/A/CoreGraphics
0x0000000000fce000 	/System/Library/Frameworks/CoreText.framework/Versions/A/CoreText
0x0000000000fce000 	/System/Library/Frameworks/ImageIO.framework/Versions/A/ImageIO
0x0000000000fce000 	/usr/lib/libextension.dylib
0x0000000000fce000 	/System/Library/PrivateFrameworks/Backup.framework/Versions/A/Backup
0x0000000000fce000 	/usr/lib/libarchive.2.dylib
0x0000000000fce000 	/System/Library/Frameworks/CFNetwork.framework/Versions/A/CFNetwork
0x0000000000fce000 	/System/Library/Frameworks/SystemConfiguration.framework/Versions/A/SystemConfiguration
0x0000000000fce000 	/usr/lib/libCRFSuite.dylib
0x0000000000fce000 	/usr/lib/libc++.1.dylib
0x0000000000fce000 	/usr/lib/libc++abi.dylib
0x0000000000fce000 	/usr/lib/system/libcache.dylib
0x0000000000fce000 	/usr/lib/system/libcommonCrypto.dylib
0x0000000000fce000 	/usr/lib/system/libcompiler_rt.dylib
0x0000000000fce000 	/usr/lib/system/libcopyfile.dylib
0x0000000000fce000 	/usr/lib/system/libcorecrypto.dylib
0x0000000000fce000 	/usr/lib/system/libdispatch.dylib
0x0000000000fce000 	/usr/lib/system/libdyld.dylib
0x0000000000fce000 	/usr/lib/system/libkeymgr.dylib
0x0000000000fce000 	/usr/lib/system/liblaunch.dylib
0x0000000000fce000 	/usr/lib/system/libmacho.dylib
0x0000000000fce000 	/usr/lib/system/libquarantine.dylib
0x0000000000fce000 	/usr/lib/system/libremovefile.dylib
0x0000000000fce000 	/usr/lib/system/libsystem_asl.dylib
0x0000000000fce000 	/usr/lib/system/libsystem_blocks.dylib
0x0000000000fce000 	/usr/lib/system/libsystem_c.dylib
0x0000000000fce000 	/usr/lib/system/libsystem_configuration.dylib
0x0000000000fce000 	/usr/lib/system/libsystem_coreservices.dylib
0x0000000000fce000 	/usr/lib/system/libsystem_coretls.dylib
0x0000000000fce000 	/usr/lib/system/libsystem_dnssd.dylib
0x0000000000fce000 	/usr/lib/system/libsystem_info.dylib
0x0000000000fce000 	/usr/lib/system/libsystem_kernel.dylib
0x0000000000fce000 	/usr/lib/system/libsystem_m.dylib
0x0000000000fce000 	/usr/lib/system/libsystem_malloc.dylib
0x0000000000fce000 	/usr/lib/system/libsystem_network.dylib
0x0000000000fce000 	/usr/lib/system/libsystem_networkextension.dylib
0x0000000000fce000 	/usr/lib/system/libsystem_notify.dylib
0x0000000000fce000 	/usr/lib/system/libsystem_platform.dylib
0x0000000000fce000 	/usr/lib/system/libsystem_pthread.dylib
0x0000000000fce000 	/usr/lib/system/libsystem_sandbox.dylib
0x0000000000fce000 	/usr/lib/system/libsystem_secinit.dylib
0x0000000000fce000 	/usr/lib/system/libsystem_stats.dylib
0x0000000000fce000 	/usr/lib/system/libsystem_trace.dylib
0x0000000000fce000 	/usr/lib/system/libunc.dylib
0x0000000000fce000 	/usr/lib/system/libunwind.dylib
0x0000000000fce000 	/usr/lib/system/libxpc.dylib
0x0000000000fce000 	/usr/lib/libbz2.1.0.dylib
0x0000000000fce000 	/usr/lib/liblzma.5.dylib
0x0000000000fce000 	/usr/lib/libbsm.0.dylib
0x0000000000fce000 	/usr/lib/libsqlite3.dylib
0x0000000000fce000 	/usr/lib/system/libkxld.dylib
0x0000000000fce000 	/usr/lib/libxar.1.dylib
0x0000000000fce000 	/usr/lib/libpam.2.dylib
0x0000000000fce000 	/usr/lib/libOpenScriptingUtil.dylib
0x0000000000fce000 	/System/Library/Frameworks/CoreServices.framework/Versions/A/Frameworks/FSEvents.framework/Versions/A/FSEvents
0x0000000000fce000 	/System/Library/Frameworks/CoreServices.framework/Versions/A/Frameworks/CarbonCore.framework/Versions/A/CarbonCore
0x0000000000fce000 	/System/Library/Frameworks/CoreServices.framework/Versions/A/Frameworks/Metadata.framework/Versions/A/Metadata
0x0000000000fce000 	/System/Library/Frameworks/CoreServices.framework/Versions/A/Frameworks/OSServices.framework/Versions/A/OSServices
0x0000000000fce000 	/System/Library/Frameworks/CoreServices.framework/Versions/A/Frameworks/SearchKit.framework/Versions/A/SearchKit
0x0000000000fce000 	/System/Library/Frameworks/CoreServices.framework/Versions/A/Frameworks/AE.framework/Versions/A/AE
0x0000000000fce000 	/System/Library/Frameworks/CoreServices.framework/Versions/A/Frameworks/LaunchServices.framework/Versions/A/LaunchServices
0x0000000000fce000 	/System/Library/Frameworks/CoreServices.framework/Versions/A/Frameworks/DictionaryServices.framework/Versions/A/DictionaryServices
0x0000000000fce000 	/System/Library/Frameworks/NetFS.framework/Versions/A/NetFS
0x0000000000fce000 	/System/Library/PrivateFrameworks/NetAuth.framework/Versions/A/NetAuth
0x0000000000fce000 	/System/Library/PrivateFrameworks/login.framework/Versions/A/Frameworks/loginsupport.framework/Versions/A/loginsupport
0x0000000000fce000 	/System/Library/PrivateFrameworks/TCC.framework/Versions/A/TCC
0x0000000000fce000 	/usr/lib/libmecabra.dylib
0x0000000000fce000 	/System/Library/Frameworks/ApplicationServices.framework/Versions/A/Frameworks/ATS.framework/Versions/A/ATS
0x0000000000fce000 	/System/Library/Frameworks/ApplicationServices.framework/Versions/A/Frameworks/ColorSync.framework/Versions/A/ColorSync
0x0000000000fce000 	/System/Library/Frameworks/ApplicationServices.framework/Versions/A/Frameworks/HIServices.framework/Versions/A/HIServices
0x0000000000fce000 	/System/Library/Frameworks/ApplicationServices.framework/Versions/A/Frameworks/LangAnalysis.framework/Versions/A/LangAnalysis
0x0000000000fce000 	/System/Library/Frameworks/ApplicationServices.framework/Versions/A/Frameworks/PrintCore.framework/Versions/A/PrintCore
0x0000000000fce000 	/System/Library/Frameworks/ApplicationServices.framework/Versions/A/Frameworks/QD.framework/Versions/A/QD
0x0000000000fce000 	/System/Library/Frameworks/ApplicationServices.framework/Versions/A/Frameworks/SpeechSynthesis.framework/Versions/A/SpeechSynthesis
0x0000000000fce000 	/System/Library/Frameworks/Accelerate.framework/Versions/A/Accelerate
0x0000000000fce000 	/System/Library/Frameworks/Accelerate.framework/Versions/A/Frameworks/vImage.framework/Versions/A/vImage
0x0000000000fce000 	/System/Library/Frameworks/Accelerate.framework/Versions/A/Frameworks/vecLib.framework/Versions/A/vecLib
0x0000000000fce000 	/System/Library/Frameworks/Accelerate.framework/Versions/A/Frameworks/vecLib.framework/Versions/A/libvDSP.dylib
0x0000000000fce000 	/System/Library/Frameworks/Accelerate.framework/Versions/A/Frameworks/vecLib.framework/Versions/A/libvMisc.dylib
0x0000000000fce000 	/System/Library/Frameworks/Accelerate.framework/Versions/A/Frameworks/vecLib.framework/Versions/A/libLAPACK.dylib
0x0000000000fce000 	/System/Library/Frameworks/Accelerate.framework/Versions/A/Frameworks/vecLib.framework/Versions/A/libBLAS.dylib
0x0000000000fce000 	/System/Library/Frameworks/Accelerate.framework/Versions/A/Frameworks/vecLib.framework/Versions/A/libLinearAlgebra.dylib
0x0000000000fce000 	/System/Library/Frameworks/ApplicationServices.framework/Versions/A/Frameworks/ATS.framework/Versions/A/Resources/libFontParser.dylib
0x0000000000fce000 	/System/Library/Frameworks/ApplicationServices.framework/Versions/A/Frameworks/ATS.framework/Versions/A/Resources/libFontRegistry.dylib
0x0000000000fce000 	/System/Library/PrivateFrameworks/AppleVPA.framework/Versions/A/AppleVPA
0x0000000000fce000 	/System/Library/PrivateFrameworks/AppleJPEG.framework/Versions/A/AppleJPEG
0x0000000000fce000 	/System/Library/Frameworks/ImageIO.framework/Versions/A/Resources/libJPEG.dylib
0x0000000000fce000 	/System/Library/Frameworks/ImageIO.framework/Versions/A/Resources/libTIFF.dylib
0x0000000000fce000 	/System/Library/Frameworks/ImageIO.framework/Versions/A/Resources/libPng.dylib
0x0000000000fce000 	/System/Library/Frameworks/ImageIO.framework/Versions/A/Resources/libGIF.dylib
0x0000000000fce000 	/System/Library/Frameworks/ImageIO.framework/Versions/A/Resources/libJP2.dylib
0x0000000000fce000 	/System/Library/Frameworks/ImageIO.framework/Versions/A/Resources/libRadiance.dylib
0x0000000000fce000 	/System/Library/Frameworks/CoreVideo.framework/Versions/A/CoreVideo
0x0000000000fce000 	/System/Library/Frameworks/OpenGL.framework/Versions/A/Libraries/libGLU.dylib
0x0000000000fce000 	/System/Library/Frameworks/OpenGL.framework/Versions/A/Libraries/libGFXShared.dylib
0x0000000000fce000 	/System/Library/Frameworks/OpenGL.framework/Versions/A/Libraries/libGL.dylib
0x0000000000fce000 	/System/Library/Frameworks/OpenGL.framework/Versions/A/Libraries/libGLImage.dylib
0x0000000000fce000 	/System/Library/Frameworks/OpenGL.framework/Versions/A/Libraries/libCVMSPluginSupport.dylib
0x0000000000fce000 	/System/Library/Frameworks/OpenGL.framework/Versions/A/Libraries/libCoreVMClient.dylib
0x0000000000fce000 	/usr/lib/libcups.2.dylib
0x0000000000fce000 	/System/Library/Frameworks/Kerberos.framework/Versions/A/Kerberos
0x0000000000fce000 	/System/Library/Frameworks/GSS.framework/Versions/A/GSS
0x0000000000fce000 	/usr/lib/libresolv.9.dylib
0x0000000000fce000 	/usr/lib/libiconv.2.dylib
0x0000000000fce000 	/System/Library/PrivateFrameworks/Heimdal.framework/Versions/A/Heimdal
0x0000000000fce000 	/usr/lib/libheimdal-asn1.dylib
0x0000000000fce000 	/System/Library/Frameworks/OpenDirectory.framework/Versions/A/OpenDirectory
0x0000000000fce000 	/System/Library/PrivateFrameworks/CommonAuth.framework/Versions/A/CommonAuth
0x0000000000fce000 	/System/Library/Frameworks/OpenDirectory.framework/Versions/A/Frameworks/CFOpenDirectory.framework/Versions/A/CFOpenDirectory
0x0000000000fce000 	/System/Library/Frameworks/SecurityFoundation.framework/Versions/A/SecurityFoundation
0x0000000000fce000 	/System/Library/PrivateFrameworks/LanguageModeling.framework/Versions/A/LanguageModeling
0x0000000000fce000 	/usr/lib/libcmph.dylib
0x0000000000fce000 	/System/Library/Frameworks/ServiceManagement.framework/Versions/A/ServiceManagement
0x0000000000fce000 	/usr/lib/libxslt.1.dylib
0x0000000000fce000 	/System/Library/Frameworks/Carbon.framework/Versions/A/Frameworks/Ink.framework/Versions/A/Ink
0x0000000000fce000 	/System/Library/Frameworks/QuartzCore.framework/Versions/A/Frameworks/CoreImage.framework/Versions/A/CoreImage
0x0000000000fce000 	/System/Library/PrivateFrameworks/CrashReporterSupport.framework/Versions/A/CrashReporterSupport
0x0000000000fce000 	/System/Library/Frameworks/OpenCL.framework/Versions/A/OpenCL
0x0000000000fce000 	/System/Library/PrivateFrameworks/FaceCore.framework/Versions/A/FaceCore
0x0000000000fce000 	/System/Library/PrivateFrameworks/Ubiquity.framework/Versions/A/Ubiquity
0x0000000000fce000 	/System/Library/PrivateFrameworks/IconServices.framework/Versions/A/IconServices
0x0000000000fce000 	/System/Library/PrivateFrameworks/ChunkingLibrary.framework/Versions/A/ChunkingLibrary
0x0000000000fce000 	/System/Library/PrivateFrameworks/Apple80211.framework/Versions/A/Apple80211
0x0000000000fce000 	/System/Library/Frameworks/CoreWLAN.framework/Versions/A/CoreWLAN
0x0000000000fce000 	/System/Library/Frameworks/IOBluetooth.framework/Versions/A/IOBluetooth
0x0000000000fce000 	/System/Library/PrivateFrameworks/CoreWiFi.framework/Versions/A/CoreWiFi
0x0000000000fce000 	/System/Library/Frameworks/CoreBluetooth.framework/Versions/A/CoreBluetooth
0x0000000000fce000 	/System/Library/PrivateFrameworks/DebugSymbols.framework/Versions/A/DebugSymbols
0x0000000000fce000 	/System/Library/PrivateFrameworks/CoreSymbolication.framework/Versions/A/CoreSymbolication
0x0000000000fce000 	/System/Library/PrivateFrameworks/Symbolication.framework/Versions/A/Symbolication
0x0000000000fce000 	/System/Library/PrivateFrameworks/SpeechRecognitionCore.framework/Versions/A/SpeechRecognitionCore
0x000000010c800000 	/Library/Java/JavaVirtualMachines/jdk1.8.0_73.jdk/Contents/Home/jre/lib/server/libjvm.dylib
0x0000000000fce000 	/usr/lib/libstdc++.6.dylib
0x000000010bf2d000 	/Library/Java/JavaVirtualMachines/jdk1.8.0_73.jdk/Contents/Home/jre/lib/libverify.dylib
0x000000010bf3b000 	/Library/Java/JavaVirtualMachines/jdk1.8.0_73.jdk/Contents/Home/jre/lib/libjava.dylib
0x000000010bf7a000 	/Library/Java/JavaVirtualMachines/jdk1.8.0_73.jdk/Contents/Home/jre/lib/libzip.dylib
0x0000000121322000 	/System/Library/Frameworks/JavaVM.framework/Frameworks/JavaRuntimeSupport.framework/JavaRuntimeSupport
0x000000012133a000 	/System/Library/Frameworks/JavaVM.framework/Versions/A/Frameworks/JavaNativeFoundation.framework/Versions/A/JavaNativeFoundation
0x000000012134f000 	/System/Library/Frameworks/JavaVM.framework/Versions/A/JavaVM
0x0000000000fce000 	/System/Library/Frameworks/Carbon.framework/Versions/A/Carbon
0x000000012135c000 	/System/Library/PrivateFrameworks/JavaLaunching.framework/Versions/A/JavaLaunching
0x0000000000fce000 	/System/Library/Frameworks/Carbon.framework/Versions/A/Frameworks/CommonPanels.framework/Versions/A/CommonPanels
0x0000000000fce000 	/System/Library/Frameworks/Carbon.framework/Versions/A/Frameworks/Help.framework/Versions/A/Help
0x0000000000fce000 	/System/Library/Frameworks/Carbon.framework/Versions/A/Frameworks/ImageCapture.framework/Versions/A/ImageCapture
0x0000000000fce000 	/System/Library/Frameworks/Carbon.framework/Versions/A/Frameworks/OpenScripting.framework/Versions/A/OpenScripting
0x0000000000fce000 	/System/Library/Frameworks/Carbon.framework/Versions/A/Frameworks/Print.framework/Versions/A/Print
0x0000000000fce000 	/System/Library/Frameworks/Carbon.framework/Versions/A/Frameworks/SecurityHI.framework/Versions/A/SecurityHI
0x00000001231d7000 	/Library/Java/JavaVirtualMachines/jdk1.8.0_73.jdk/Contents/Home/jre/lib/libawt.dylib
0x000000012327f000 	/Library/Java/JavaVirtualMachines/jdk1.8.0_73.jdk/Contents/Home/jre/lib/./libmlib_image.dylib
0x000000012334b000 	/Library/Java/JavaVirtualMachines/jdk1.8.0_73.jdk/Contents/Home/jre/lib/libawt_lwawt.dylib
0x0000000123400000 	/Library/Java/JavaVirtualMachines/jdk1.8.0_73.jdk/Contents/Home/jre/lib/./libosxapp.dylib
0x0000000000fce000 	/System/Library/Frameworks/ExceptionHandling.framework/Versions/A/ExceptionHandling
0x0000000000fce000 	/System/Library/PrivateFrameworks/CoreServicesInternal.framework/Versions/A/CoreServicesInternal
0x0000000000fce000 	/System/Library/PrivateFrameworks/CloudDocs.framework/Versions/A/CloudDocs
0x0000000000fce000 	/System/Library/PrivateFrameworks/CoreDuet.framework/Versions/A/CoreDuet
0x0000000000fce000 	/System/Library/Frameworks/CloudKit.framework/Versions/A/CloudKit
0x0000000000fce000 	/System/Library/PrivateFrameworks/ProtocolBuffer.framework/Versions/A/ProtocolBuffer
0x0000000000fce000 	/System/Library/PrivateFrameworks/CoreDuetDaemonProtocol.framework/Versions/A/CoreDuetDaemonProtocol
0x0000000000fce000 	/System/Library/PrivateFrameworks/CoreDuetDebugLogging.framework/Versions/A/CoreDuetDebugLogging
0x0000000000fce000 	/System/Library/PrivateFrameworks/MMCS.framework/Versions/A/MMCS
0x0000000000fce000 	/System/Library/Frameworks/CoreLocation.framework/Versions/A/CoreLocation
0x0000000000fce000 	/System/Library/PrivateFrameworks/ProtectedCloudStorage.framework/Versions/A/ProtectedCloudStorage
0x0000000000fce000 	/System/Library/PrivateFrameworks/GeoServices.framework/Versions/A/GeoServices
0x0000000000fce000 	/System/Library/Frameworks/CoreGraphics.framework/Versions/A/Resources/libCGCMS.A.dylib
0x0000000000fce000 	/System/Library/Frameworks/CoreGraphics.framework/Versions/A/Resources/libRIP.A.dylib
0x0000000000fce000 	/System/Library/Frameworks/CoreGraphics.framework/Versions/A/Resources/libCGXType.A.dylib
0x0000000000fce000 	/System/Library/Frameworks/OpenCL.framework/Versions/A/Libraries/libcldcpuengine.dylib
0x0000000000fce000 	/System/Library/PrivateFrameworks/DiskImages.framework/Versions/A/DiskImages
0x0000000000fce000 	/System/Library/Frameworks/DiscRecording.framework/Versions/A/DiscRecording
0x0000000000fce000 	/usr/lib/libcsfde.dylib
0x0000000000fce000 	/usr/lib/libcurl.4.dylib
0x0000000000fce000 	/System/Library/PrivateFrameworks/MediaKit.framework/Versions/A/MediaKit
0x0000000000fce000 	/usr/lib/libCoreStorage.dylib
0x0000000000fce000 	/System/Library/PrivateFrameworks/EFILogin.framework/Versions/A/EFILogin
0x0000000000fce000 	/usr/lib/libutil.dylib
0x0000000000fce000 	/System/Library/PrivateFrameworks/FindMyDevice.framework/Versions/A/FindMyDevice
0x0000000000fce000 	/System/Library/Frameworks/LDAP.framework/Versions/A/LDAP
0x0000000000fce000 	/usr/lib/libsasl2.2.dylib
0x0000000000fce000 	/System/Library/PrivateFrameworks/CoreDaemon.framework/Versions/B/CoreDaemon
0x0000000000fce000 	/usr/lib/libcrypto.0.9.8.dylib
0x0000000000fce000 	/System/Library/PrivateFrameworks/AppleSRP.framework/Versions/A/AppleSRP
0x0000000000fce000 	/System/Library/PrivateFrameworks/TrustEvaluationAgent.framework/Versions/A/TrustEvaluationAgent
0x0000000126781000 	cl_kernels
0x0000000126783000 	/System/Library/Frameworks/OpenCL.framework/Versions/A/Libraries/ImageFormats/unorm8_bgra.dylib
0x0000000126772000 	cl_kernels
0x0000000000fce000 	/System/Library/PrivateFrameworks/FamilyControls.framework/Versions/A/FamilyControls
0x0000000000fce000 	/System/Library/PrivateFrameworks/CommerceKit.framework/Versions/A/Frameworks/CommerceCore.framework/Versions/A/CommerceCore
0x0000000000fce000 	/System/Library/PrivateFrameworks/SystemAdministration.framework/Versions/A/SystemAdministration
0x0000000000fce000 	/System/Library/PrivateFrameworks/AppContainer.framework/Versions/A/AppContainer
0x0000000000fce000 	/System/Library/PrivateFrameworks/SecCodeWrapper.framework/Versions/A/SecCodeWrapper
0x0000000000fce000 	/System/Library/Frameworks/DirectoryService.framework/Versions/A/DirectoryService
0x0000000000fce000 	/System/Library/PrivateFrameworks/LoginUIKit.framework/Versions/A/Frameworks/LoginUICore.framework/Versions/A/LoginUICore
0x0000000000fce000 	/usr/lib/libodfde.dylib
0x0000000000fce000 	/System/Library/Frameworks/OpenGL.framework/Versions/A/Resources/GLEngine.bundle/GLEngine
0x0000000000fce000 	/System/Library/Frameworks/OpenGL.framework/Versions/A/Libraries/libGLProgrammability.dylib
0x0000000127a6c000 	/System/Library/Extensions/AppleIntelHD4000GraphicsGLDriver.bundle/Contents/MacOS/AppleIntelHD4000GraphicsGLDriver
0x0000000000fce000 	/System/Library/PrivateFrameworks/IOAccelerator.framework/Versions/A/IOAccelerator
0x0000000000fce000 	/System/Library/PrivateFrameworks/GPUSupport.framework/Versions/A/Libraries/libGPUSupportMercury.dylib
0x0000000000fce000 	/System/Library/Frameworks/OpenGL.framework/Versions/A/Resources/GLRendererFloat.bundle/GLRendererFloat
0x0000000128a61000 	/Library/Java/JavaVirtualMachines/jdk1.8.0_73.jdk/Contents/Home/jre/lib/libfontmanager.dylib
0x0000000129d06000 	/Library/Java/JavaVirtualMachines/jdk1.8.0_73.jdk/Contents/Home/jre/lib/libosxui.dylib
0x0000000129dce000 	/Library/Java/JavaVirtualMachines/jdk1.8.0_73.jdk/Contents/Home/jre/lib/libnet.dylib
0x0000000129de5000 	/Library/Java/JavaVirtualMachines/jdk1.8.0_73.jdk/Contents/Home/jre/lib/libnio.dylib
0x0000000000fce000 	/System/Library/Frameworks/ApplicationServices.framework/Versions/A/Frameworks/ATS.framework/Versions/A/Resources/libTrueTypeScaler.dylib
0x0000000196429000 	/private/var/folders/gx/lpn_2smn21b5jx4mf4ptd0z40000gn/T/jogamp_0000/file_cache/jln2341250660350120971/jln6553664764527449105/libgluegen-rt.jnilib
0x000000012bd22000 	/private/var/folders/gx/lpn_2smn21b5jx4mf4ptd0z40000gn/T/jogamp_0000/file_cache/jln2341250660350120971/jln6553664764527449105/libnativewindow_awt.jnilib
0x000000019642d000 	/Library/Java/JavaVirtualMachines/jdk1.8.0_73.jdk/Contents/Home/jre/lib/libjawt.dylib
0x0000000196430000 	/private/var/folders/gx/lpn_2smn21b5jx4mf4ptd0z40000gn/T/jogamp_0000/file_cache/jln2341250660350120971/jln6553664764527449105/libnativewindow_macosx.jnilib
0x0000000198069000 	/private/var/folders/gx/lpn_2smn21b5jx4mf4ptd0z40000gn/T/jogamp_0000/file_cache/jln2341250660350120971/jln6553664764527449105/libjogl_desktop.jnilib
0x000000019af5b000 	/Library/Java/JavaVirtualMachines/jdk1.8.0_73.jdk/Contents/Home/jre/lib/libt2k.dylib
0x0000000000fce000 	/System/Library/Frameworks/Accelerate.framework/Versions/A/Frameworks/vImage.framework/Versions/A/Libraries/libCGInterfaces.dylib

VM Arguments:
jvm_args: -Djava.security.policy=java.policy.applet -Dfile.encoding=UTF-8 
java_command: sun.applet.AppletViewer module6.EarthquakeCityMap1458449235419.html
java_class_path (initial): /Volumes/Other/ComputerScience/Java/Coursera/Java Programming Object-Oriented Design of Data Structures Specialization/UCSDUnfoldingMaps/build:/Volumes/Other/ComputerScience/Java/Coursera/Java Programming Object-Oriented Design of Data Structures Specialization/UCSDUnfoldingMaps/lib/core.jar:/Volumes/Other/ComputerScience/Java/Coursera/Java Programming Object-Oriented Design of Data Structures Specialization/UCSDUnfoldingMaps/lib/gluegen-rt.jar:/Volumes/Other/ComputerScience/Java/Coursera/Java Programming Object-Oriented Design of Data Structures Specialization/UCSDUnfoldingMaps/lib/jogl-all.jar:/Volumes/Other/ComputerScience/Java/Coursera/Java Programming Object-Oriented Design of Data Structures Specialization/UCSDUnfoldingMaps/lib/log4j-1.2.15.jar:/Volumes/Other/ComputerScience/Java/Coursera/Java Programming Object-Oriented Design of Data Structures Specialization/UCSDUnfoldingMaps/lib/sqlite-jdbc-3.7.2.jar:/Volumes/Other/ComputerScience/Java/Coursera/Java Programming Object-Oriented Design of Data Structures Specialization/UCSDUnfoldingMaps/lib/json4processing.jar:/Volumes/Other/ComputerScience/Java/Coursera/Java Programming Object-Oriented Design of Data Structures Specialization/UCSDUnfoldingMaps/lib/libTUIO.jar:/Volumes/Other/ComputerScience/Java/Coursera/Java Programming Object-Oriented Design of Data Structures Specialization/UCSDUnfoldingMaps/lib/unfolding.0.9.7-uscd.jar:/Volumes/Other/ComputerScience/Java/Coursera/Java Programming Object-Oriented Design of Data Structures Specialization/UCSDUnfoldingMaps/lib/controlP5/library/controlP5.jar:/Users/zhihuixie/Downloads/geonames-source-1.1.13.jar:/Users/zhihuixie/Downloads/jdom/build/jdom-1.1.3.jar
Launcher Type: SUN_STANDARD

Environment Variables:
PATH=/usr/bin:/bin:/usr/sbin:/sbin
SHELL=/bin/bash

Signal Handlers:
SIGSEGV: [libjvm.dylib+0x5a71a5], sa_mask[0]=11111111011111110111111111111111, sa_flags=SA_ONSTACK|SA_RESTART|SA_SIGINFO
SIGBUS: [libjvm.dylib+0x5a71a5], sa_mask[0]=11111111011111110111111111111111, sa_flags=SA_RESTART|SA_SIGINFO
SIGFPE: [libjvm.dylib+0x480eb4], sa_mask[0]=11111111011111110111111111111111, sa_flags=SA_RESTART|SA_SIGINFO
SIGPIPE: [libjvm.dylib+0x480eb4], sa_mask[0]=11111111011111110111111111111111, sa_flags=SA_RESTART|SA_SIGINFO
SIGXFSZ: [libjvm.dylib+0x480eb4], sa_mask[0]=11111111011111110111111111111111, sa_flags=SA_RESTART|SA_SIGINFO
SIGILL: [libjvm.dylib+0x480eb4], sa_mask[0]=11111111011111110111111111111111, sa_flags=SA_RESTART|SA_SIGINFO
SIGUSR1: SIG_DFL, sa_mask[0]=00000000000000000000000000000000, sa_flags=none
SIGUSR2: [libjvm.dylib+0x4809d2], sa_mask[0]=00100000000000000000000000000000, sa_flags=SA_RESTART|SA_SIGINFO
SIGHUP: [libjvm.dylib+0x47efa9], sa_mask[0]=11111111011111110111111111111111, sa_flags=SA_RESTART|SA_SIGINFO
SIGINT: [libjvm.dylib+0x47efa9], sa_mask[0]=11111111011111110111111111111111, sa_flags=SA_RESTART|SA_SIGINFO
SIGTERM: [libjvm.dylib+0x47efa9], sa_mask[0]=11111111011111110111111111111111, sa_flags=SA_RESTART|SA_SIGINFO
SIGQUIT: [libjvm.dylib+0x47efa9], sa_mask[0]=11111111011111110111111111111111, sa_flags=SA_RESTART|SA_SIGINFO


---------------  S Y S T E M  ---------------

OS:Bsduname:Darwin 14.5.0 Darwin Kernel Version 14.5.0: Wed Jul 29 02:26:53 PDT 2015; root:xnu-2782.40.9~1/RELEASE_X86_64 x86_64
rlimit: STACK 8192k, CORE 0k, NPROC 709, NOFILE 10240, AS infinity
load average:2.03 2.14 1.99

CPU:total 4 (2 cores per cpu, 2 threads per core) family 6 model 58 stepping 9, cmov, cx8, fxsr, mmx, sse, sse2, sse3, ssse3, sse4.1, sse4.2, popcnt, avx, aes, clmul, erms, ht, tsc, tscinvbit, tscinv

Memory: 4k page, physical 4194304k(216208k free)

/proc/meminfo:


vm_info: Java HotSpot(TM) 64-Bit Server VM (25.73-b02) for bsd-amd64 JRE (1.8.0_73-b02), built on Jan 29 2016 15:02:00 by "java_re" with gcc 4.2.1 (Based on Apple Inc. build 5658) (LLVM build 2336.11.00)

time: Sat Mar 19 21:48:15 2016
elapsed time: 60 seconds (0d 0h 1m 0s)

