#
# A fatal error has been detected by the Java Runtime Environment:
#
#  SIGSEGV (0xb) at pc=0x00007fff8aa050dd, pid=2521, tid=1811
#
# JRE version: Java(TM) SE Runtime Environment (8.0_73-b02) (build 1.8.0_73-b02)
# Java VM: Java HotSpot(TM) 64-Bit Server VM (25.73-b02 mixed mode bsd-amd64 compressed oops)
# Problematic frame:
# C  [libobjc.A.dylib+0x10dd]  objc_msgSend+0x1d
#
# Failed to write core dump. Core dumps have been disabled. To enable core dumping, try "ulimit -c unlimited" before starting Java again
#
# If you would like to submit a bug report, please visit:
#   http://bugreport.java.com/bugreport/crash.jsp
# The crash happened outside the Java Virtual Machine in native code.
# See problematic frame for where to report the bug.
#

---------------  T H R E A D  ---------------

Current thread (0x00007fccc39dc000):  JavaThread "AWT-AppKit" daemon [_thread_in_native, id=1811, stack(0x00007fff57458000,0x00007fff57c58000)]

siginfo: si_signo: 11 (SIGSEGV), si_code: 1 (SEGV_MAPERR), si_addr: 0x0000000000000018

Registers:
RAX=0x00007fccc6fdf220, RBX=0x00000001924c7450, RCX=0x000000011f826260, RDX=0x0000000124de2c00
RSP=0x00007fff57c530f8, RBP=0x00007fff57c531b0, RSI=0x00007fff8ba7f40f, RDI=0x00007fccc6fdc100
R8 =0x0000000000000000, R9 =0x0000000000000f50, R10=0x00007fff8ba7f40f, R11=0x0000000000000000
R12=0x0000000000000000, R13=0x000000019464eff8, R14=0x00000001924c7440, R15=0x00007fccc39dc000
RIP=0x00007fff8aa050dd, EFLAGS=0x0000000000010246, ERR=0x0000000000000004
  TRAPNO=0x000000000000000e

Top of Stack: (sp=0x00007fff57c530f8)
0x00007fff57c530f8:   00000001924c5157 00007fff57c53150
0x00007fff57c53108:   0000000000000003 00007fff57c53130
0x00007fff57c53118:   0000000108bf1646 000000019464eff8
0x00007fff57c53128:   000000019464eff8 00007fccc6fdf220
0x00007fff57c53138:   00000001924c76a0 00000001924c7710
0x00007fff57c53148:   00007fff77fe0550 00007fff77e84c80
0x00007fff57c53158:   00000001924c7450 00000001924c7690
0x00007fff57c53168:   00007fccc6fdf220 00007fccc6fdc100
0x00007fff57c53178:   00007fccc2459c80 00007fccc6fdf220
0x00007fff57c53188:   00007fccc6fdc100 00007fff57c53238
0x00007fff57c53198:   00007fccc39dc1f8 000000019464eff8
0x00007fff57c531a8:   00007fff57c53260 00007fff57c53228
0x00007fff57c531b8:   00000001099d7954 000000019464eff8
0x00007fff57c531c8:   00007fff57c53260 00007fff57c53228
0x00007fff57c531d8:   00000001099d76e7 00000001099d76a2
0x00007fff57c531e8:   00007fff57c531e8 000000019464eff8
0x00007fff57c531f8:   00007fff57c53260 0000000194651c30
0x00007fff57c53208:   0000000000000000 000000019464eff8
0x00007fff57c53218:   0000000000000000 00007fff57c53248
0x00007fff57c53228:   00007fff57c532a8 00000001099c9c4d
0x00007fff57c53238:   0000000780d1a9c0 00000001099d1578
0x00007fff57c53248:   00007fccc6fdf220 00007fff57c532a8
0x00007fff57c53258:   00007fccc6fdc100 00000001099d2d82
0x00007fff57c53268:   00007fff57c53268 000000019464f1c2
0x00007fff57c53278:   00007fff57c532d0 0000000194651c30
0x00007fff57c53288:   0000000000000000 000000019464f1d0
0x00007fff57c53298:   00007fff57c53248 00007fff57c532b8
0x00007fff57c532a8:   00007fff57c53318 00000001099c9c4d
0x00007fff57c532b8:   00007fccc6fdf220 0000000780ca28d0
0x00007fff57c532c8:   00007fccc6fdc100 0000000780ca28d0
0x00007fff57c532d8:   00007fff57c532d8 000000019b216ade
0x00007fff57c532e8:   00007fff57c53328 000000019b216b98 

Instructions: (pc=0x00007fff8aa050dd)
0x00007fff8aa050bd:   00 00 00 48 85 ff 2e 74 7a 40 f6 c7 01 2e 75 7e
0x00007fff8aa050cd:   49 bb f8 ff ff ff ff 7f 00 00 4c 23 1f 49 89 f2
0x00007fff8aa050dd:   45 23 53 18 49 c1 e2 04 4d 03 53 10 49 3b 32 75
0x00007fff8aa050ed:   04 41 ff 62 08 49 83 3a 00 74 6a 4d 3b 53 10 74 

Register to memory mapping:

RAX=0x00007fccc6fdf220 is an unknown value
RBX=0x00000001924c7450: Java_jogamp_nativewindow_macosx_OSXUtil_GetScreenRefreshRate0+0x1cf0 in /private/var/folders/gx/lpn_2smn21b5jx4mf4ptd0z40000gn/T/jogamp_0000/file_cache/jln2062332391559610204/jln6428053567026733305/libnativewindow_macosx.jnilib at 0x00000001924c0000
RCX=0x000000011f826260 is an unknown value
RDX=0x0000000124de2c00 is an unknown value
RSP=0x00007fff57c530f8 is pointing into the stack for thread: 0x00007fccc39dc000
RBP=0x00007fff57c531b0 is pointing into the stack for thread: 0x00007fccc39dc000
RSI=0x00007fff8ba7f40f is an unknown value
RDI=0x00007fccc6fdc100 is an unknown value
R8 =0x0000000000000000 is an unknown value
R9 =0x0000000000000f50 is an unknown value
R10=0x00007fff8ba7f40f is an unknown value
R11=0x0000000000000000 is an unknown value
R12=0x0000000000000000 is an unknown value
R13={method} {0x000000019464eff8} 'UnsetJAWTRootSurfaceLayer0' '(JJ)V' in 'jogamp/nativewindow/jawt/macosx/MacOSXJAWTWindow'
R14=0x00000001924c7440: Java_jogamp_nativewindow_macosx_OSXUtil_GetScreenRefreshRate0+0x1ce0 in /private/var/folders/gx/lpn_2smn21b5jx4mf4ptd0z40000gn/T/jogamp_0000/file_cache/jln2062332391559610204/jln6428053567026733305/libnativewindow_macosx.jnilib at 0x00000001924c0000
R15=0x00007fccc39dc000 is a thread


Stack: [0x00007fff57458000,0x00007fff57c58000],  sp=0x00007fff57c530f8,  free space=8172k
Native frames: (J=compiled Java code, j=interpreted, Vv=VM code, C=native code)
C  [libobjc.A.dylib+0x10dd]  objc_msgSend+0x1d
j  jogamp.nativewindow.jawt.macosx.MacOSXJAWTWindow.UnsetJAWTRootSurfaceLayer0(JJ)V+0
j  jogamp.nativewindow.jawt.macosx.MacOSXJAWTWindow.access$200(JJ)V+2
j  jogamp.nativewindow.jawt.macosx.MacOSXJAWTWindow$1.run()V+38
J 3395 C1 com.jogamp.common.util.RunnableTask.run()V (345 bytes) @ 0x000000010a413834 [0x000000010a4136a0+0x194]
v  ~StubRoutines::call_stub
V  [libjvm.dylib+0x2eae7a]  JavaCalls::call_helper(JavaValue*, methodHandle*, JavaCallArguments*, Thread*)+0x6ae
V  [libjvm.dylib+0x321f83]  jni_invoke_nonstatic(JNIEnv_*, JavaValue*, _jobject*, JNICallType, _jmethodID*, JNI_ArgumentPusher*, Thread*)+0x2ec
V  [libjvm.dylib+0x314757]  jni_CallVoidMethod+0x16b
C  [libnativewindow_macosx.jnilib+0x5326]  Java_jogamp_nativewindow_jawt_macosx_MacOSXJAWTWindow_UnsetJAWTRootSurfaceLayer0+0x2b6
C  [Foundation+0x92dd0]  __NSThreadPerformPerform+0x125
C  [CoreFoundation+0x80a01]  __CFRUNLOOP_IS_CALLING_OUT_TO_A_SOURCE0_PERFORM_FUNCTION__+0x11
C  [CoreFoundation+0x72c5c]  __CFRunLoopDoSources0+0x1dc
C  [CoreFoundation+0x721bf]  __CFRunLoopRun+0x39f
C  [CoreFoundation+0x71bd8]  CFRunLoopRunSpecific+0x128
C  [HIToolbox+0x3256f]  RunCurrentEventLoopInMode+0xeb
C  [HIToolbox+0x321ee]  ReceiveNextEventCommon+0xb3
C  [HIToolbox+0x3212b]  _BlockUntilNextEventMatchingListInModeWithFilter+0x47
C  [AppKit+0x918ab]  _DPSNextEvent+0x3d2
C  [AppKit+0x90e58]  -[NSApplication nextEventMatchingMask:untilDate:inMode:dequeue:]+0x15a
C  [libosxapp.dylib+0x23aa]  -[NSApplicationAWT nextEventMatchingMask:untilDate:inMode:dequeue:]+0x7c
C  [AppKit+0x86af3]  -[NSApplication run]+0x252
C  [libosxapp.dylib+0x214d]  +[NSApplicationAWT runAWTLoopWithApp:]+0x9c
C  [libawt_lwawt.dylib+0x4455b]  -[AWTStarter starter:]+0x389
C  [Foundation+0x92dd0]  __NSThreadPerformPerform+0x125
C  [CoreFoundation+0x80a01]  __CFRUNLOOP_IS_CALLING_OUT_TO_A_SOURCE0_PERFORM_FUNCTION__+0x11
C  [CoreFoundation+0x72b8d]  __CFRunLoopDoSources0+0x10d
C  [CoreFoundation+0x721bf]  __CFRunLoopRun+0x39f
C  [CoreFoundation+0x71bd8]  CFRunLoopRunSpecific+0x128
C  [java+0x6463]  CreateExecutionEnvironment+0x367
C  [java+0x21ac]  JLI_Launch+0x7a0
C  [java+0x84c0]  main+0x65
C  [java+0x1a04]  start+0x34
C  0x0000000000000007

Java frames: (J=compiled Java code, j=interpreted, Vv=VM code)
j  jogamp.nativewindow.jawt.macosx.MacOSXJAWTWindow.UnsetJAWTRootSurfaceLayer0(JJ)V+0
j  jogamp.nativewindow.jawt.macosx.MacOSXJAWTWindow.access$200(JJ)V+2
j  jogamp.nativewindow.jawt.macosx.MacOSXJAWTWindow$1.run()V+38
J 3395 C1 com.jogamp.common.util.RunnableTask.run()V (345 bytes) @ 0x000000010a413834 [0x000000010a4136a0+0x194]
v  ~StubRoutines::call_stub

---------------  P R O C E S S  ---------------

Java Threads: ( => current thread )
  0x00007fccc8edc800 JavaThread "Thread-20" [_thread_blocked, id=61415, stack(0x000000019cb8e000,0x000000019cc8e000)]
  0x00007fccc91df000 JavaThread "TimerQueue" daemon [_thread_blocked, id=59179, stack(0x000000019c874000,0x000000019c974000)]
  0x00007fccc358e800 JavaThread "AWT-EventQueue-1" [_thread_in_native, id=26671, stack(0x0000000192a3e000,0x0000000192b3e000)]
  0x00007fccc3134800 JavaThread "DestroyJavaVM" [_thread_blocked, id=4867, stack(0x00000001080bf000,0x00000001081bf000)]
  0x00007fccc321c800 JavaThread "AWT-EventQueue-0" [_thread_blocked, id=54787, stack(0x0000000125df7000,0x0000000125ef7000)]
  0x00007fccc31b3800 JavaThread "Java2D Disposer" daemon [_thread_blocked, id=49443, stack(0x0000000124b73000,0x0000000124c73000)]
  0x00007fccc3a1a800 JavaThread "Java2D Queue Flusher" daemon [_thread_blocked, id=50183, stack(0x0000000123b7e000,0x0000000123c7e000)]
  0x00007fccc3002800 JavaThread "AWT-Shutdown" [_thread_blocked, id=28691, stack(0x000000012122e000,0x000000012132e000)]
=>0x00007fccc39dc000 JavaThread "AWT-AppKit" daemon [_thread_in_native, id=1811, stack(0x00007fff57458000,0x00007fff57c58000)]
  0x00007fccc4010800 JavaThread "Service Thread" daemon [_thread_blocked, id=17923, stack(0x000000011f164000,0x000000011f264000)]
  0x00007fccc3027800 JavaThread "C1 CompilerThread2" daemon [_thread_blocked, id=17411, stack(0x000000011f061000,0x000000011f161000)]
  0x00007fccc3026800 JavaThread "C2 CompilerThread1" daemon [_thread_blocked, id=16899, stack(0x000000011ef5e000,0x000000011f05e000)]
  0x00007fccc301f000 JavaThread "C2 CompilerThread0" daemon [_thread_blocked, id=16147, stack(0x000000011ee5b000,0x000000011ef5b000)]
  0x00007fccc301e800 JavaThread "Signal Dispatcher" daemon [_thread_blocked, id=12307, stack(0x000000011ed58000,0x000000011ee58000)]
  0x00007fccc3013000 JavaThread "Finalizer" daemon [_thread_blocked, id=11523, stack(0x000000011d3ba000,0x000000011d4ba000)]
  0x00007fccc383a000 JavaThread "Reference Handler" daemon [_thread_blocked, id=11011, stack(0x000000011d2b7000,0x000000011d3b7000)]

Other Threads:
  0x00007fccc3839000 VMThread [stack: 0x000000011d1b4000,0x000000011d2b4000] [id=10499]
  0x00007fccc301c000 WatcherThread [stack: 0x000000011f267000,0x000000011f367000] [id=18435]

VM state:not at safepoint (normal execution)

VM Mutex/Monitor currently owned by a thread: None

Heap:
 PSYoungGen      total 19968K, used 15055K [0x00000007aab00000, 0x00000007ac980000, 0x00000007c0000000)
  eden space 15872K, 69% used [0x00000007aab00000,0x00000007ab5bbdd0,0x00000007aba80000)
  from space 4096K, 99% used [0x00000007aba80000,0x00000007abe78000,0x00000007abe80000)
  to   space 7680K, 0% used [0x00000007ac200000,0x00000007ac200000,0x00000007ac980000)
 ParOldGen       total 40960K, used 23928K [0x0000000780000000, 0x0000000782800000, 0x00000007aab00000)
  object space 40960K, 58% used [0x0000000780000000,0x000000078175e058,0x0000000782800000)
 Metaspace       used 24658K, capacity 24935K, committed 25088K, reserved 1071104K
  class space    used 2448K, capacity 2550K, committed 2560K, reserved 1048576K

Card table byte_map: [0x0000000118d82000,0x0000000118f83000] byte_map_base: 0x0000000115182000

Marking Bits: (ParMarkBitMap*) 0x00000001092e3ea0
 Begin Bits: [0x00000001194e5000, 0x000000011a4e5000)
 End Bits:   [0x000000011a4e5000, 0x000000011b4e5000)

Polling page: 0x00000001081cf000

CodeCache: size=245760Kb used=12063Kb max_used=12233Kb free=233696Kb
 bounds [0x00000001099c2000, 0x000000010a5d2000, 0x00000001189c2000]
 total_blobs=4490 nmethods=3552 adapters=850
 compilation: enabled

Compilation events (10 events):
Event: 313.624 Thread 0x00007fccc3027800 4084       3       sun.java2d.pipe.ValidatePipe::drawString (23 bytes)
Event: 313.625 Thread 0x00007fccc3027800 nmethod 4084 0x000000010a1d56d0 code [0x000000010a1d5880, 0x000000010a1d5ea8]
Event: 313.626 Thread 0x00007fccc3027800 4085       3       sun.java2d.opengl.OGLSurfaceData::canRenderLCDText (64 bytes)
Event: 313.627 Thread 0x00007fccc3027800 nmethod 4085 0x0000000109f9d8d0 code [0x0000000109f9da80, 0x0000000109f9df48]
Event: 313.656 Thread 0x00007fccc3027800 4086       3       sun.reflect.NativeMethodAccessorImpl::invoke (104 bytes)
Event: 313.659 Thread 0x00007fccc3027800 nmethod 4086 0x000000010a0e37d0 code [0x000000010a0e3a40, 0x000000010a0e4ef8]
Event: 313.659 Thread 0x00007fccc3027800 4089       3       sun.lwawt.LWComponentPeer::getVisibleRegion (9 bytes)
Event: 313.660 Thread 0x00007fccc3027800 nmethod 4089 0x0000000109bfc890 code [0x0000000109bfca00, 0x0000000109bfcc38]
Event: 313.660 Thread 0x00007fccc3027800 4088       3       javax.swing.JComponent::revalidate (53 bytes)
Event: 313.664 Thread 0x00007fccc3027800 nmethod 4088 0x000000010a088190 code [0x000000010a088500, 0x000000010a08a398]

GC Heap History (10 events):
Event: 68.120 GC heap before
{Heap before GC invocations=18 (full 1):
 PSYoungGen      total 25600K, used 17392K [0x00000007aab00000, 0x00000007acd80000, 0x00000007c0000000)
  eden space 15872K, 100% used [0x00000007aab00000,0x00000007aba80000,0x00000007aba80000)
  from space 9728K, 15% used [0x00000007ac400000,0x00000007ac57c010,0x00000007acd80000)
  to   space 9728K, 0% used [0x00000007aba80000,0x00000007aba80000,0x00000007ac400000)
 ParOldGen       total 40960K, used 23896K [0x0000000780000000, 0x0000000782800000, 0x00000007aab00000)
  object space 40960K, 58% used [0x0000000780000000,0x0000000781756058,0x0000000782800000)
 Metaspace       used 24440K, capacity 24729K, committed 24832K, reserved 1071104K
  class space    used 2445K, capacity 2549K, committed 2560K, reserved 1048576K
Event: 68.122 GC heap after
Heap after GC invocations=18 (full 1):
 PSYoungGen      total 17920K, used 1552K [0x00000007aab00000, 0x00000007acc80000, 0x00000007c0000000)
  eden space 15872K, 0% used [0x00000007aab00000,0x00000007aab00000,0x00000007aba80000)
  from space 2048K, 75% used [0x00000007aba80000,0x00000007abc04010,0x00000007abc80000)
  to   space 9216K, 0% used [0x00000007ac380000,0x00000007ac380000,0x00000007acc80000)
 ParOldGen       total 40960K, used 23904K [0x0000000780000000, 0x0000000782800000, 0x00000007aab00000)
  object space 40960K, 58% used [0x0000000780000000,0x0000000781758058,0x0000000782800000)
 Metaspace       used 24440K, capacity 24729K, committed 24832K, reserved 1071104K
  class space    used 2445K, capacity 2549K, committed 2560K, reserved 1048576K
}
Event: 69.969 GC heap before
{Heap before GC invocations=19 (full 1):
 PSYoungGen      total 17920K, used 17424K [0x00000007aab00000, 0x00000007acc80000, 0x00000007c0000000)
  eden space 15872K, 100% used [0x00000007aab00000,0x00000007aba80000,0x00000007aba80000)
  from space 2048K, 75% used [0x00000007aba80000,0x00000007abc04010,0x00000007abc80000)
  to   space 9216K, 0% used [0x00000007ac380000,0x00000007ac380000,0x00000007acc80000)
 ParOldGen       total 40960K, used 23904K [0x0000000780000000, 0x0000000782800000, 0x00000007aab00000)
  object space 40960K, 58% used [0x0000000780000000,0x0000000781758058,0x0000000782800000)
 Metaspace       used 24440K, capacity 24729K, committed 24832K, reserved 1071104K
  class space    used 2445K, capacity 2549K, committed 2560K, reserved 1048576K
Event: 69.971 GC heap after
Heap after GC invocations=19 (full 1):
 PSYoungGen      total 24064K, used 1568K [0x00000007aab00000, 0x00000007acb80000, 0x00000007c0000000)
  eden space 15872K, 0% used [0x00000007aab00000,0x00000007aab00000,0x00000007aba80000)
  from space 8192K, 19% used [0x00000007ac380000,0x00000007ac508000,0x00000007acb80000)
  to   space 8704K, 0% used [0x00000007aba80000,0x00000007aba80000,0x00000007ac300000)
 ParOldGen       total 40960K, used 23904K [0x0000000780000000, 0x0000000782800000, 0x00000007aab00000)
  object space 40960K, 58% used [0x0000000780000000,0x0000000781758058,0x0000000782800000)
 Metaspace       used 24440K, capacity 24729K, committed 24832K, reserved 1071104K
  class space    used 2445K, capacity 2549K, committed 2560K, reserved 1048576K
}
Event: 74.389 GC heap before
{Heap before GC invocations=20 (full 1):
 PSYoungGen      total 24064K, used 17440K [0x00000007aab00000, 0x00000007acb80000, 0x00000007c0000000)
  eden space 15872K, 100% used [0x00000007aab00000,0x00000007aba80000,0x00000007aba80000)
  from space 8192K, 19% used [0x00000007ac380000,0x00000007ac508000,0x00000007acb80000)
  to   space 8704K, 0% used [0x00000007aba80000,0x00000007aba80000,0x00000007ac300000)
 ParOldGen       total 40960K, used 23904K [0x0000000780000000, 0x0000000782800000, 0x00000007aab00000)
  object space 40960K, 58% used [0x0000000780000000,0x0000000781758058,0x0000000782800000)
 Metaspace       used 24559K, capacity 24865K, committed 25088K, reserved 1071104K
  class space    used 2445K, capacity 2549K, committed 2560K, reserved 1048576K
Event: 74.391 GC heap after
Heap after GC invocations=20 (full 1):
 PSYoungGen      total 18432K, used 2448K [0x00000007aab00000, 0x00000007aca80000, 0x00000007c0000000)
  eden space 15872K, 0% used [0x00000007aab00000,0x00000007aab00000,0x00000007aba80000)
  from space 2560K, 95% used [0x00000007aba80000,0x00000007abce4010,0x00000007abd00000)
  to   space 8192K, 0% used [0x00000007ac280000,0x00000007ac280000,0x00000007aca80000)
 ParOldGen       total 40960K, used 23912K [0x0000000780000000, 0x0000000782800000, 0x00000007aab00000)
  object space 40960K, 58% used [0x0000000780000000,0x000000078175a058,0x0000000782800000)
 Metaspace       used 24559K, capacity 24865K, committed 25088K, reserved 1071104K
  class space    used 2445K, capacity 2549K, committed 2560K, reserved 1048576K
}
Event: 76.233 GC heap before
{Heap before GC invocations=21 (full 1):
 PSYoungGen      total 18432K, used 18320K [0x00000007aab00000, 0x00000007aca80000, 0x00000007c0000000)
  eden space 15872K, 100% used [0x00000007aab00000,0x00000007aba80000,0x00000007aba80000)
  from space 2560K, 95% used [0x00000007aba80000,0x00000007abce4010,0x00000007abd00000)
  to   space 8192K, 0% used [0x00000007ac280000,0x00000007ac280000,0x00000007aca80000)
 ParOldGen       total 40960K, used 23912K [0x0000000780000000, 0x0000000782800000, 0x00000007aab00000)
  object space 40960K, 58% used [0x0000000780000000,0x000000078175a058,0x0000000782800000)
 Metaspace       used 24559K, capacity 24865K, committed 25088K, reserved 1071104K
  class space    used 2445K, capacity 2549K, committed 2560K, reserved 1048576K
Event: 76.236 GC heap after
Heap after GC invocations=21 (full 1):
 PSYoungGen      total 24064K, used 2448K [0x00000007aab00000, 0x00000007aca80000, 0x00000007c0000000)
  eden space 15872K, 0% used [0x00000007aab00000,0x00000007aab00000,0x00000007aba80000)
  from space 8192K, 29% used [0x00000007ac280000,0x00000007ac4e4010,0x00000007aca80000)
  to   space 8192K, 0% used [0x00000007aba80000,0x00000007aba80000,0x00000007ac280000)
 ParOldGen       total 40960K, used 23920K [0x0000000780000000, 0x0000000782800000, 0x00000007aab00000)
  object space 40960K, 58% used [0x0000000780000000,0x000000078175c058,0x0000000782800000)
 Metaspace       used 24559K, capacity 24865K, committed 25088K, reserved 1071104K
  class space    used 2445K, capacity 2549K, committed 2560K, reserved 1048576K
}
Event: 312.415 GC heap before
{Heap before GC invocations=22 (full 1):
 PSYoungGen      total 24064K, used 18320K [0x00000007aab00000, 0x00000007aca80000, 0x00000007c0000000)
  eden space 15872K, 100% used [0x00000007aab00000,0x00000007aba80000,0x00000007aba80000)
  from space 8192K, 29% used [0x00000007ac280000,0x00000007ac4e4010,0x00000007aca80000)
  to   space 8192K, 0% used [0x00000007aba80000,0x00000007aba80000,0x00000007ac280000)
 ParOldGen       total 40960K, used 23920K [0x0000000780000000, 0x0000000782800000, 0x00000007aab00000)
  object space 40960K, 58% used [0x0000000780000000,0x000000078175c058,0x0000000782800000)
 Metaspace       used 24624K, capacity 24935K, committed 25088K, reserved 1071104K
  class space    used 2445K, capacity 2550K, committed 2560K, reserved 1048576K
Event: 312.428 GC heap after
Heap after GC invocations=22 (full 1):
 PSYoungGen      total 19968K, used 4064K [0x00000007aab00000, 0x00000007ac980000, 0x00000007c0000000)
  eden space 15872K, 0% used [0x00000007aab00000,0x00000007aab00000,0x00000007aba80000)
  from space 4096K, 99% used [0x00000007aba80000,0x00000007abe78000,0x00000007abe80000)
  to   space 7680K, 0% used [0x00000007ac200000,0x00000007ac200000,0x00000007ac980000)
 ParOldGen       total 40960K, used 23928K [0x0000000780000000, 0x0000000782800000, 0x00000007aab00000)
  object space 40960K, 58% used [0x0000000780000000,0x000000078175e058,0x0000000782800000)
 Metaspace       used 24624K, capacity 24935K, committed 25088K, reserved 1071104K
  class space    used 2445K, capacity 2550K, committed 2560K, reserved 1048576K
}

Deoptimization events (10 events):
Event: 58.148 Thread 0x00007fccc358e800 Uncommon trap: reason=unstable_if action=reinterpret pc=0x000000010a2709a8 method=org.jdom.ContentList$FilterListIterator.<init>(Lorg/jdom/ContentList;Lorg/jdom/filter/Filter;I)V @ 135
Event: 58.156 Thread 0x00007fccc358e800 Uncommon trap: reason=class_check action=maybe_recompile pc=0x0000000109f6c260 method=java.util.regex.Matcher.search(I)Z @ 86
Event: 58.157 Thread 0x00007fccc358e800 Uncommon trap: reason=class_check action=maybe_recompile pc=0x0000000109f6c260 method=java.util.regex.Matcher.search(I)Z @ 86
Event: 70.687 Thread 0x00007fccc358e800 Uncommon trap: reason=unstable_if action=reinterpret pc=0x000000010a5a1f2c method=com.sun.org.apache.xerces.internal.impl.XMLDocumentFragmentScannerImpl$FragmentContentDriver.next()I @ 815
Event: 312.411 Thread 0x00007fccc358e800 Uncommon trap: reason=class_check action=maybe_recompile pc=0x000000010a13d1d8 method=module6.CommonMarker.draw(Lprocessing/core/PGraphics;FF)V @ 25
Event: 313.606 Thread 0x00007fccc358e800 Uncommon trap: reason=unstable_if action=reinterpret pc=0x0000000109ebc708 method=java.lang.ref.ReferenceQueue.poll()Ljava/lang/ref/Reference; @ 4
Event: 313.615 Thread 0x00007fccc321c800 Uncommon trap: reason=unstable_if action=reinterpret pc=0x0000000109e67010 method=sun.java2d.pipe.Region.isInsideQuickCheck(Lsun/java2d/pipe/Region;)Z @ 48
Event: 313.615 Thread 0x00007fccc321c800 Uncommon trap: reason=unstable_if action=reinterpret pc=0x000000010a4a9cc8 method=sun.java2d.pipe.Region.isInsideQuickCheck(Lsun/java2d/pipe/Region;)Z @ 48
Event: 313.655 Thread 0x00007fccc31c9800 Uncommon trap: reason=unstable_if action=reinterpret pc=0x0000000109e9bc94 method=java.util.HashMap.putVal(ILjava/lang/Object;Ljava/lang/Object;ZZ)Ljava/lang/Object; @ 81
Event: 313.656 Thread 0x00007fccc31c9800 Uncommon trap: reason=unstable_if action=reinterpret pc=0x0000000109db8034 method=java.util.Vector.removeElement(Ljava/lang/Object;)Z @ 17

Internal exceptions (10 events):
Event: 1.500 Thread 0x00007fccc2807000 Exception <a 'java/io/FileNotFoundException'> (0x00000007aad8a838) thrown at [/HUDSON3/workspace/8-2-build-macosx-x86_64/jdk8u73/6086/hotspot/src/share/vm/prims/jni.cpp, line 709]
Event: 1.500 Thread 0x00007fccc2807000 Exception <a 'java/io/FileNotFoundException'> (0x00000007aad8b3a0) thrown at [/HUDSON3/workspace/8-2-build-macosx-x86_64/jdk8u73/6086/hotspot/src/share/vm/prims/jni.cpp, line 709]
Event: 1.652 Thread 0x00007fccc2807000 Implicit null exception at 0x0000000109b26bdc to 0x0000000109b26dc1
Event: 2.929 Thread 0x00007fccc2807000 Exception <a 'java/io/FileNotFoundException'> (0x00000007aaee0430) thrown at [/HUDSON3/workspace/8-2-build-macosx-x86_64/jdk8u73/6086/hotspot/src/share/vm/prims/jni.cpp, line 709]
Event: 20.249 Thread 0x00007fccc3013000 Exception <a 'java/lang/NullPointerException'> (0x00000007aab812e0) thrown at [/HUDSON3/workspace/8-2-build-macosx-x86_64/jdk8u73/6086/hotspot/src/share/vm/interpreter/linkResolver.cpp, line 1178]
Event: 20.538 Thread 0x00007fccc35d8000 Exception <a 'java/lang/UnsatisfiedLinkError': com.jogamp.common.util.JarUtil.fixNativeLibAttribs(Ljava/lang/String;)Z> (0x00000007ab09cb10) thrown at [/HUDSON3/workspace/8-2-build-macosx-x86_64/jdk8u73/6086/hotspot/src/share/vm/prims/nativeLookup.cpp, li
Event: 22.848 Thread 0x00007fccc358e800 Exception <a 'java/io/FileNotFoundException'> (0x00000007ab3f60b0) thrown at [/HUDSON3/workspace/8-2-build-macosx-x86_64/jdk8u73/6086/hotspot/src/share/vm/prims/jni.cpp, line 709]
Event: 22.849 Thread 0x00007fccc358e800 Exception <a 'java/io/FileNotFoundException'> (0x00000007ab4028f0) thrown at [/HUDSON3/workspace/8-2-build-macosx-x86_64/jdk8u73/6086/hotspot/src/share/vm/prims/jni.cpp, line 709]
Event: 22.849 Thread 0x00007fccc358e800 Implicit null exception at 0x0000000109b76af5 to 0x0000000109b76e59
Event: 36.710 Thread 0x00007fccc358e800 Implicit null exception at 0x0000000109b761b5 to 0x0000000109b76525

Events (10 events):
Event: 313.683 loading class com/jogamp/nativewindow/awt/JAWTWindow$JAWTComponentListener$2 done
Event: 313.684 Executing VM operation: RevokeBias
Event: 313.684 Executing VM operation: RevokeBias done
Event: 313.684 loading class jogamp/nativewindow/jawt/macosx/MacOSXJAWTWindow$1
Event: 313.684 loading class jogamp/nativewindow/jawt/macosx/MacOSXJAWTWindow$1 done
Event: 313.685 Executing VM operation: RevokeBias
Event: 313.685 Executing VM operation: RevokeBias done
Event: 313.685 Executing VM operation: RevokeBias
Event: 313.686 Executing VM operation: RevokeBias done
Event: 313.686 Thread 0x00007fccc31c9800 Thread exited: 0x00007fccc31c9800


Dynamic libraries:
0x0000000006126000 	/System/Library/Frameworks/Cocoa.framework/Versions/A/Cocoa
0x0000000006126000 	/System/Library/Frameworks/Security.framework/Versions/A/Security
0x0000000006126000 	/System/Library/Frameworks/ApplicationServices.framework/Versions/A/ApplicationServices
0x0000000006126000 	/usr/lib/libz.1.dylib
0x0000000006126000 	/usr/lib/libSystem.B.dylib
0x0000000006126000 	/usr/lib/libobjc.A.dylib
0x0000000006126000 	/System/Library/Frameworks/CoreFoundation.framework/Versions/A/CoreFoundation
0x0000000006126000 	/System/Library/Frameworks/Foundation.framework/Versions/C/Foundation
0x0000000006126000 	/System/Library/Frameworks/AppKit.framework/Versions/C/AppKit
0x0000000006126000 	/System/Library/Frameworks/CoreData.framework/Versions/A/CoreData
0x0000000006126000 	/System/Library/PrivateFrameworks/RemoteViewServices.framework/Versions/A/RemoteViewServices
0x0000000006126000 	/System/Library/PrivateFrameworks/UIFoundation.framework/Versions/A/UIFoundation
0x0000000006126000 	/System/Library/Frameworks/IOSurface.framework/Versions/A/IOSurface
0x0000000006126000 	/System/Library/Frameworks/AudioToolbox.framework/Versions/A/AudioToolbox
0x0000000006126000 	/System/Library/Frameworks/AudioUnit.framework/Versions/A/AudioUnit
0x0000000006126000 	/System/Library/PrivateFrameworks/DataDetectorsCore.framework/Versions/A/DataDetectorsCore
0x0000000006126000 	/System/Library/PrivateFrameworks/DesktopServicesPriv.framework/Versions/A/DesktopServicesPriv
0x0000000006126000 	/System/Library/Frameworks/Carbon.framework/Versions/A/Frameworks/HIToolbox.framework/Versions/A/HIToolbox
0x0000000006126000 	/System/Library/Frameworks/QuartzCore.framework/Versions/A/QuartzCore
0x0000000006126000 	/System/Library/Frameworks/Carbon.framework/Versions/A/Frameworks/SpeechRecognition.framework/Versions/A/SpeechRecognition
0x0000000006126000 	/usr/lib/libauto.dylib
0x0000000006126000 	/usr/lib/libicucore.A.dylib
0x0000000006126000 	/usr/lib/libxml2.2.dylib
0x0000000006126000 	/System/Library/PrivateFrameworks/CoreUI.framework/Versions/A/CoreUI
0x0000000006126000 	/System/Library/Frameworks/CoreAudio.framework/Versions/A/CoreAudio
0x0000000006126000 	/System/Library/Frameworks/DiskArbitration.framework/Versions/A/DiskArbitration
0x0000000006126000 	/usr/lib/liblangid.dylib
0x0000000006126000 	/System/Library/PrivateFrameworks/MultitouchSupport.framework/Versions/A/MultitouchSupport
0x0000000006126000 	/System/Library/Frameworks/IOKit.framework/Versions/A/IOKit
0x0000000006126000 	/usr/lib/libDiagnosticMessagesClient.dylib
0x0000000006126000 	/System/Library/Frameworks/CoreServices.framework/Versions/A/CoreServices
0x0000000006126000 	/System/Library/PrivateFrameworks/PerformanceAnalysis.framework/Versions/A/PerformanceAnalysis
0x0000000006126000 	/System/Library/PrivateFrameworks/GenerationalStorage.framework/Versions/A/GenerationalStorage
0x0000000006126000 	/System/Library/Frameworks/OpenGL.framework/Versions/A/OpenGL
0x0000000006126000 	/System/Library/PrivateFrameworks/Sharing.framework/Versions/A/Sharing
0x0000000006126000 	/System/Library/Frameworks/CoreGraphics.framework/Versions/A/CoreGraphics
0x0000000006126000 	/System/Library/Frameworks/CoreText.framework/Versions/A/CoreText
0x0000000006126000 	/System/Library/Frameworks/ImageIO.framework/Versions/A/ImageIO
0x0000000006126000 	/usr/lib/libextension.dylib
0x0000000006126000 	/System/Library/PrivateFrameworks/Backup.framework/Versions/A/Backup
0x0000000006126000 	/usr/lib/libarchive.2.dylib
0x0000000006126000 	/System/Library/Frameworks/CFNetwork.framework/Versions/A/CFNetwork
0x0000000006126000 	/System/Library/Frameworks/SystemConfiguration.framework/Versions/A/SystemConfiguration
0x0000000006126000 	/usr/lib/libCRFSuite.dylib
0x0000000006126000 	/usr/lib/libc++.1.dylib
0x0000000006126000 	/usr/lib/libc++abi.dylib
0x0000000006126000 	/usr/lib/system/libcache.dylib
0x0000000006126000 	/usr/lib/system/libcommonCrypto.dylib
0x0000000006126000 	/usr/lib/system/libcompiler_rt.dylib
0x0000000006126000 	/usr/lib/system/libcopyfile.dylib
0x0000000006126000 	/usr/lib/system/libcorecrypto.dylib
0x0000000006126000 	/usr/lib/system/libdispatch.dylib
0x0000000006126000 	/usr/lib/system/libdyld.dylib
0x0000000006126000 	/usr/lib/system/libkeymgr.dylib
0x0000000006126000 	/usr/lib/system/liblaunch.dylib
0x0000000006126000 	/usr/lib/system/libmacho.dylib
0x0000000006126000 	/usr/lib/system/libquarantine.dylib
0x0000000006126000 	/usr/lib/system/libremovefile.dylib
0x0000000006126000 	/usr/lib/system/libsystem_asl.dylib
0x0000000006126000 	/usr/lib/system/libsystem_blocks.dylib
0x0000000006126000 	/usr/lib/system/libsystem_c.dylib
0x0000000006126000 	/usr/lib/system/libsystem_configuration.dylib
0x0000000006126000 	/usr/lib/system/libsystem_coreservices.dylib
0x0000000006126000 	/usr/lib/system/libsystem_coretls.dylib
0x0000000006126000 	/usr/lib/system/libsystem_dnssd.dylib
0x0000000006126000 	/usr/lib/system/libsystem_info.dylib
0x0000000006126000 	/usr/lib/system/libsystem_kernel.dylib
0x0000000006126000 	/usr/lib/system/libsystem_m.dylib
0x0000000006126000 	/usr/lib/system/libsystem_malloc.dylib
0x0000000006126000 	/usr/lib/system/libsystem_network.dylib
0x0000000006126000 	/usr/lib/system/libsystem_networkextension.dylib
0x0000000006126000 	/usr/lib/system/libsystem_notify.dylib
0x0000000006126000 	/usr/lib/system/libsystem_platform.dylib
0x0000000006126000 	/usr/lib/system/libsystem_pthread.dylib
0x0000000006126000 	/usr/lib/system/libsystem_sandbox.dylib
0x0000000006126000 	/usr/lib/system/libsystem_secinit.dylib
0x0000000006126000 	/usr/lib/system/libsystem_stats.dylib
0x0000000006126000 	/usr/lib/system/libsystem_trace.dylib
0x0000000006126000 	/usr/lib/system/libunc.dylib
0x0000000006126000 	/usr/lib/system/libunwind.dylib
0x0000000006126000 	/usr/lib/system/libxpc.dylib
0x0000000006126000 	/usr/lib/libbz2.1.0.dylib
0x0000000006126000 	/usr/lib/liblzma.5.dylib
0x0000000006126000 	/usr/lib/libbsm.0.dylib
0x0000000006126000 	/usr/lib/libsqlite3.dylib
0x0000000006126000 	/usr/lib/system/libkxld.dylib
0x0000000006126000 	/usr/lib/libxar.1.dylib
0x0000000006126000 	/usr/lib/libpam.2.dylib
0x0000000006126000 	/usr/lib/libOpenScriptingUtil.dylib
0x0000000006126000 	/System/Library/Frameworks/CoreServices.framework/Versions/A/Frameworks/FSEvents.framework/Versions/A/FSEvents
0x0000000006126000 	/System/Library/Frameworks/CoreServices.framework/Versions/A/Frameworks/CarbonCore.framework/Versions/A/CarbonCore
0x0000000006126000 	/System/Library/Frameworks/CoreServices.framework/Versions/A/Frameworks/Metadata.framework/Versions/A/Metadata
0x0000000006126000 	/System/Library/Frameworks/CoreServices.framework/Versions/A/Frameworks/OSServices.framework/Versions/A/OSServices
0x0000000006126000 	/System/Library/Frameworks/CoreServices.framework/Versions/A/Frameworks/SearchKit.framework/Versions/A/SearchKit
0x0000000006126000 	/System/Library/Frameworks/CoreServices.framework/Versions/A/Frameworks/AE.framework/Versions/A/AE
0x0000000006126000 	/System/Library/Frameworks/CoreServices.framework/Versions/A/Frameworks/LaunchServices.framework/Versions/A/LaunchServices
0x0000000006126000 	/System/Library/Frameworks/CoreServices.framework/Versions/A/Frameworks/DictionaryServices.framework/Versions/A/DictionaryServices
0x0000000006126000 	/System/Library/Frameworks/NetFS.framework/Versions/A/NetFS
0x0000000006126000 	/System/Library/PrivateFrameworks/NetAuth.framework/Versions/A/NetAuth
0x0000000006126000 	/System/Library/PrivateFrameworks/login.framework/Versions/A/Frameworks/loginsupport.framework/Versions/A/loginsupport
0x0000000006126000 	/System/Library/PrivateFrameworks/TCC.framework/Versions/A/TCC
0x0000000006126000 	/usr/lib/libmecabra.dylib
0x0000000006126000 	/System/Library/Frameworks/ApplicationServices.framework/Versions/A/Frameworks/ATS.framework/Versions/A/ATS
0x0000000006126000 	/System/Library/Frameworks/ApplicationServices.framework/Versions/A/Frameworks/ColorSync.framework/Versions/A/ColorSync
0x0000000006126000 	/System/Library/Frameworks/ApplicationServices.framework/Versions/A/Frameworks/HIServices.framework/Versions/A/HIServices
0x0000000006126000 	/System/Library/Frameworks/ApplicationServices.framework/Versions/A/Frameworks/LangAnalysis.framework/Versions/A/LangAnalysis
0x0000000006126000 	/System/Library/Frameworks/ApplicationServices.framework/Versions/A/Frameworks/PrintCore.framework/Versions/A/PrintCore
0x0000000006126000 	/System/Library/Frameworks/ApplicationServices.framework/Versions/A/Frameworks/QD.framework/Versions/A/QD
0x0000000006126000 	/System/Library/Frameworks/ApplicationServices.framework/Versions/A/Frameworks/SpeechSynthesis.framework/Versions/A/SpeechSynthesis
0x0000000006126000 	/System/Library/Frameworks/Accelerate.framework/Versions/A/Accelerate
0x0000000006126000 	/System/Library/Frameworks/Accelerate.framework/Versions/A/Frameworks/vImage.framework/Versions/A/vImage
0x0000000006126000 	/System/Library/Frameworks/Accelerate.framework/Versions/A/Frameworks/vecLib.framework/Versions/A/vecLib
0x0000000006126000 	/System/Library/Frameworks/Accelerate.framework/Versions/A/Frameworks/vecLib.framework/Versions/A/libvDSP.dylib
0x0000000006126000 	/System/Library/Frameworks/Accelerate.framework/Versions/A/Frameworks/vecLib.framework/Versions/A/libvMisc.dylib
0x0000000006126000 	/System/Library/Frameworks/Accelerate.framework/Versions/A/Frameworks/vecLib.framework/Versions/A/libLAPACK.dylib
0x0000000006126000 	/System/Library/Frameworks/Accelerate.framework/Versions/A/Frameworks/vecLib.framework/Versions/A/libBLAS.dylib
0x0000000006126000 	/System/Library/Frameworks/Accelerate.framework/Versions/A/Frameworks/vecLib.framework/Versions/A/libLinearAlgebra.dylib
0x0000000006126000 	/System/Library/Frameworks/ApplicationServices.framework/Versions/A/Frameworks/ATS.framework/Versions/A/Resources/libFontParser.dylib
0x0000000006126000 	/System/Library/Frameworks/ApplicationServices.framework/Versions/A/Frameworks/ATS.framework/Versions/A/Resources/libFontRegistry.dylib
0x0000000006126000 	/System/Library/PrivateFrameworks/AppleVPA.framework/Versions/A/AppleVPA
0x0000000006126000 	/System/Library/PrivateFrameworks/AppleJPEG.framework/Versions/A/AppleJPEG
0x0000000006126000 	/System/Library/Frameworks/ImageIO.framework/Versions/A/Resources/libJPEG.dylib
0x0000000006126000 	/System/Library/Frameworks/ImageIO.framework/Versions/A/Resources/libTIFF.dylib
0x0000000006126000 	/System/Library/Frameworks/ImageIO.framework/Versions/A/Resources/libPng.dylib
0x0000000006126000 	/System/Library/Frameworks/ImageIO.framework/Versions/A/Resources/libGIF.dylib
0x0000000006126000 	/System/Library/Frameworks/ImageIO.framework/Versions/A/Resources/libJP2.dylib
0x0000000006126000 	/System/Library/Frameworks/ImageIO.framework/Versions/A/Resources/libRadiance.dylib
0x0000000006126000 	/System/Library/Frameworks/CoreVideo.framework/Versions/A/CoreVideo
0x0000000006126000 	/System/Library/Frameworks/OpenGL.framework/Versions/A/Libraries/libGLU.dylib
0x0000000006126000 	/System/Library/Frameworks/OpenGL.framework/Versions/A/Libraries/libGFXShared.dylib
0x0000000006126000 	/System/Library/Frameworks/OpenGL.framework/Versions/A/Libraries/libGL.dylib
0x0000000006126000 	/System/Library/Frameworks/OpenGL.framework/Versions/A/Libraries/libGLImage.dylib
0x0000000006126000 	/System/Library/Frameworks/OpenGL.framework/Versions/A/Libraries/libCVMSPluginSupport.dylib
0x0000000006126000 	/System/Library/Frameworks/OpenGL.framework/Versions/A/Libraries/libCoreVMClient.dylib
0x0000000006126000 	/usr/lib/libcups.2.dylib
0x0000000006126000 	/System/Library/Frameworks/Kerberos.framework/Versions/A/Kerberos
0x0000000006126000 	/System/Library/Frameworks/GSS.framework/Versions/A/GSS
0x0000000006126000 	/usr/lib/libresolv.9.dylib
0x0000000006126000 	/usr/lib/libiconv.2.dylib
0x0000000006126000 	/System/Library/PrivateFrameworks/Heimdal.framework/Versions/A/Heimdal
0x0000000006126000 	/usr/lib/libheimdal-asn1.dylib
0x0000000006126000 	/System/Library/Frameworks/OpenDirectory.framework/Versions/A/OpenDirectory
0x0000000006126000 	/System/Library/PrivateFrameworks/CommonAuth.framework/Versions/A/CommonAuth
0x0000000006126000 	/System/Library/Frameworks/OpenDirectory.framework/Versions/A/Frameworks/CFOpenDirectory.framework/Versions/A/CFOpenDirectory
0x0000000006126000 	/System/Library/Frameworks/SecurityFoundation.framework/Versions/A/SecurityFoundation
0x0000000006126000 	/System/Library/PrivateFrameworks/LanguageModeling.framework/Versions/A/LanguageModeling
0x0000000006126000 	/usr/lib/libcmph.dylib
0x0000000006126000 	/System/Library/Frameworks/ServiceManagement.framework/Versions/A/ServiceManagement
0x0000000006126000 	/usr/lib/libxslt.1.dylib
0x0000000006126000 	/System/Library/Frameworks/Carbon.framework/Versions/A/Frameworks/Ink.framework/Versions/A/Ink
0x0000000006126000 	/System/Library/Frameworks/QuartzCore.framework/Versions/A/Frameworks/CoreImage.framework/Versions/A/CoreImage
0x0000000006126000 	/System/Library/PrivateFrameworks/CrashReporterSupport.framework/Versions/A/CrashReporterSupport
0x0000000006126000 	/System/Library/Frameworks/OpenCL.framework/Versions/A/OpenCL
0x0000000006126000 	/System/Library/PrivateFrameworks/FaceCore.framework/Versions/A/FaceCore
0x0000000006126000 	/System/Library/PrivateFrameworks/Ubiquity.framework/Versions/A/Ubiquity
0x0000000006126000 	/System/Library/PrivateFrameworks/IconServices.framework/Versions/A/IconServices
0x0000000006126000 	/System/Library/PrivateFrameworks/ChunkingLibrary.framework/Versions/A/ChunkingLibrary
0x0000000006126000 	/System/Library/PrivateFrameworks/Apple80211.framework/Versions/A/Apple80211
0x0000000006126000 	/System/Library/Frameworks/CoreWLAN.framework/Versions/A/CoreWLAN
0x0000000006126000 	/System/Library/Frameworks/IOBluetooth.framework/Versions/A/IOBluetooth
0x0000000006126000 	/System/Library/PrivateFrameworks/CoreWiFi.framework/Versions/A/CoreWiFi
0x0000000006126000 	/System/Library/Frameworks/CoreBluetooth.framework/Versions/A/CoreBluetooth
0x0000000006126000 	/System/Library/PrivateFrameworks/DebugSymbols.framework/Versions/A/DebugSymbols
0x0000000006126000 	/System/Library/PrivateFrameworks/CoreSymbolication.framework/Versions/A/CoreSymbolication
0x0000000006126000 	/System/Library/PrivateFrameworks/Symbolication.framework/Versions/A/Symbolication
0x0000000006126000 	/System/Library/PrivateFrameworks/SpeechRecognitionCore.framework/Versions/A/SpeechRecognitionCore
0x0000000108a00000 	/Library/Java/JavaVirtualMachines/jdk1.8.0_73.jdk/Contents/Home/jre/lib/server/libjvm.dylib
0x0000000006126000 	/usr/lib/libstdc++.6.dylib
0x00000001081c1000 	/Library/Java/JavaVirtualMachines/jdk1.8.0_73.jdk/Contents/Home/jre/lib/libverify.dylib
0x000000010998d000 	/Library/Java/JavaVirtualMachines/jdk1.8.0_73.jdk/Contents/Home/jre/lib/libjava.dylib
0x00000001081d9000 	/Library/Java/JavaVirtualMachines/jdk1.8.0_73.jdk/Contents/Home/jre/lib/libzip.dylib
0x000000011d4bc000 	/System/Library/Frameworks/JavaVM.framework/Frameworks/JavaRuntimeSupport.framework/JavaRuntimeSupport
0x000000011d4d4000 	/System/Library/Frameworks/JavaVM.framework/Versions/A/Frameworks/JavaNativeFoundation.framework/Versions/A/JavaNativeFoundation
0x000000011d4e9000 	/System/Library/Frameworks/JavaVM.framework/Versions/A/JavaVM
0x0000000006126000 	/System/Library/Frameworks/Carbon.framework/Versions/A/Carbon
0x000000011d4f6000 	/System/Library/PrivateFrameworks/JavaLaunching.framework/Versions/A/JavaLaunching
0x0000000006126000 	/System/Library/Frameworks/Carbon.framework/Versions/A/Frameworks/CommonPanels.framework/Versions/A/CommonPanels
0x0000000006126000 	/System/Library/Frameworks/Carbon.framework/Versions/A/Frameworks/Help.framework/Versions/A/Help
0x0000000006126000 	/System/Library/Frameworks/Carbon.framework/Versions/A/Frameworks/ImageCapture.framework/Versions/A/ImageCapture
0x0000000006126000 	/System/Library/Frameworks/Carbon.framework/Versions/A/Frameworks/OpenScripting.framework/Versions/A/OpenScripting
0x0000000006126000 	/System/Library/Frameworks/Carbon.framework/Versions/A/Frameworks/Print.framework/Versions/A/Print
0x0000000006126000 	/System/Library/Frameworks/Carbon.framework/Versions/A/Frameworks/SecurityHI.framework/Versions/A/SecurityHI
0x000000011f369000 	/Library/Java/JavaVirtualMachines/jdk1.8.0_73.jdk/Contents/Home/jre/lib/libawt.dylib
0x000000011f411000 	/Library/Java/JavaVirtualMachines/jdk1.8.0_73.jdk/Contents/Home/jre/lib/./libmlib_image.dylib
0x000000011f4dd000 	/Library/Java/JavaVirtualMachines/jdk1.8.0_73.jdk/Contents/Home/jre/lib/libawt_lwawt.dylib
0x000000011f592000 	/Library/Java/JavaVirtualMachines/jdk1.8.0_73.jdk/Contents/Home/jre/lib/./libosxapp.dylib
0x0000000006126000 	/System/Library/Frameworks/ExceptionHandling.framework/Versions/A/ExceptionHandling
0x0000000006126000 	/System/Library/PrivateFrameworks/CoreServicesInternal.framework/Versions/A/CoreServicesInternal
0x0000000006126000 	/System/Library/PrivateFrameworks/CloudDocs.framework/Versions/A/CloudDocs
0x0000000006126000 	/System/Library/PrivateFrameworks/CoreDuet.framework/Versions/A/CoreDuet
0x0000000006126000 	/System/Library/Frameworks/CloudKit.framework/Versions/A/CloudKit
0x0000000006126000 	/System/Library/PrivateFrameworks/ProtocolBuffer.framework/Versions/A/ProtocolBuffer
0x0000000006126000 	/System/Library/PrivateFrameworks/CoreDuetDaemonProtocol.framework/Versions/A/CoreDuetDaemonProtocol
0x0000000006126000 	/System/Library/PrivateFrameworks/CoreDuetDebugLogging.framework/Versions/A/CoreDuetDebugLogging
0x0000000006126000 	/System/Library/PrivateFrameworks/MMCS.framework/Versions/A/MMCS
0x0000000006126000 	/System/Library/Frameworks/CoreLocation.framework/Versions/A/CoreLocation
0x0000000006126000 	/System/Library/PrivateFrameworks/ProtectedCloudStorage.framework/Versions/A/ProtectedCloudStorage
0x0000000006126000 	/System/Library/PrivateFrameworks/GeoServices.framework/Versions/A/GeoServices
0x0000000006126000 	/System/Library/Frameworks/CoreGraphics.framework/Versions/A/Resources/libCGCMS.A.dylib
0x0000000006126000 	/System/Library/Frameworks/CoreGraphics.framework/Versions/A/Resources/libRIP.A.dylib
0x0000000006126000 	/System/Library/Frameworks/CoreGraphics.framework/Versions/A/Resources/libCGXType.A.dylib
0x0000000006126000 	/System/Library/Frameworks/OpenCL.framework/Versions/A/Libraries/libcldcpuengine.dylib
0x0000000006126000 	/System/Library/PrivateFrameworks/DiskImages.framework/Versions/A/DiskImages
0x0000000006126000 	/System/Library/Frameworks/DiscRecording.framework/Versions/A/DiscRecording
0x0000000006126000 	/usr/lib/libcsfde.dylib
0x0000000006126000 	/usr/lib/libcurl.4.dylib
0x0000000006126000 	/System/Library/PrivateFrameworks/MediaKit.framework/Versions/A/MediaKit
0x0000000006126000 	/usr/lib/libCoreStorage.dylib
0x0000000006126000 	/System/Library/PrivateFrameworks/EFILogin.framework/Versions/A/EFILogin
0x0000000006126000 	/usr/lib/libutil.dylib
0x0000000006126000 	/System/Library/PrivateFrameworks/FindMyDevice.framework/Versions/A/FindMyDevice
0x0000000006126000 	/System/Library/Frameworks/LDAP.framework/Versions/A/LDAP
0x0000000006126000 	/usr/lib/libsasl2.2.dylib
0x0000000006126000 	/System/Library/PrivateFrameworks/CoreDaemon.framework/Versions/B/CoreDaemon
0x0000000006126000 	/usr/lib/libcrypto.0.9.8.dylib
0x0000000006126000 	/System/Library/PrivateFrameworks/AppleSRP.framework/Versions/A/AppleSRP
0x0000000006126000 	/System/Library/PrivateFrameworks/TrustEvaluationAgent.framework/Versions/A/TrustEvaluationAgent
0x0000000122995000 	cl_kernels
0x0000000122997000 	/System/Library/Frameworks/OpenCL.framework/Versions/A/Libraries/ImageFormats/unorm8_bgra.dylib
0x0000000122986000 	cl_kernels
0x0000000006126000 	/System/Library/PrivateFrameworks/FamilyControls.framework/Versions/A/FamilyControls
0x0000000006126000 	/System/Library/PrivateFrameworks/CommerceKit.framework/Versions/A/Frameworks/CommerceCore.framework/Versions/A/CommerceCore
0x0000000006126000 	/System/Library/PrivateFrameworks/SystemAdministration.framework/Versions/A/SystemAdministration
0x0000000006126000 	/System/Library/PrivateFrameworks/AppContainer.framework/Versions/A/AppContainer
0x0000000006126000 	/System/Library/PrivateFrameworks/SecCodeWrapper.framework/Versions/A/SecCodeWrapper
0x0000000006126000 	/System/Library/Frameworks/DirectoryService.framework/Versions/A/DirectoryService
0x0000000006126000 	/System/Library/PrivateFrameworks/LoginUIKit.framework/Versions/A/Frameworks/LoginUICore.framework/Versions/A/LoginUICore
0x0000000006126000 	/usr/lib/libodfde.dylib
0x0000000006126000 	/System/Library/Frameworks/OpenGL.framework/Versions/A/Resources/GLEngine.bundle/GLEngine
0x0000000006126000 	/System/Library/Frameworks/OpenGL.framework/Versions/A/Libraries/libGLProgrammability.dylib
0x0000000123c80000 	/System/Library/Extensions/AppleIntelHD4000GraphicsGLDriver.bundle/Contents/MacOS/AppleIntelHD4000GraphicsGLDriver
0x0000000006126000 	/System/Library/PrivateFrameworks/IOAccelerator.framework/Versions/A/IOAccelerator
0x0000000006126000 	/System/Library/PrivateFrameworks/GPUSupport.framework/Versions/A/Libraries/libGPUSupportMercury.dylib
0x0000000006126000 	/System/Library/Frameworks/OpenGL.framework/Versions/A/Resources/GLRendererFloat.bundle/GLRendererFloat
0x0000000124c75000 	/Library/Java/JavaVirtualMachines/jdk1.8.0_73.jdk/Contents/Home/jre/lib/libfontmanager.dylib
0x0000000125f1a000 	/Library/Java/JavaVirtualMachines/jdk1.8.0_73.jdk/Contents/Home/jre/lib/libosxui.dylib
0x00000001261bd000 	/Library/Java/JavaVirtualMachines/jdk1.8.0_73.jdk/Contents/Home/jre/lib/libnet.dylib
0x000000012621c000 	/Library/Java/JavaVirtualMachines/jdk1.8.0_73.jdk/Contents/Home/jre/lib/libnio.dylib
0x0000000006126000 	/System/Library/Frameworks/ApplicationServices.framework/Versions/A/Frameworks/ATS.framework/Versions/A/Resources/libTrueTypeScaler.dylib
0x00000001923aa000 	/private/var/folders/gx/lpn_2smn21b5jx4mf4ptd0z40000gn/T/jogamp_0000/file_cache/jln2062332391559610204/jln6428053567026733305/libgluegen-rt.jnilib
0x00000001923ae000 	/private/var/folders/gx/lpn_2smn21b5jx4mf4ptd0z40000gn/T/jogamp_0000/file_cache/jln2062332391559610204/jln6428053567026733305/libnativewindow_awt.jnilib
0x00000001923b1000 	/Library/Java/JavaVirtualMachines/jdk1.8.0_73.jdk/Contents/Home/jre/lib/libjawt.dylib
0x00000001924c0000 	/private/var/folders/gx/lpn_2smn21b5jx4mf4ptd0z40000gn/T/jogamp_0000/file_cache/jln2062332391559610204/jln6428053567026733305/libnativewindow_macosx.jnilib
0x0000000194511000 	/private/var/folders/gx/lpn_2smn21b5jx4mf4ptd0z40000gn/T/jogamp_0000/file_cache/jln2062332391559610204/jln6428053567026733305/libjogl_desktop.jnilib
0x00000001962ee000 	/Library/Java/JavaVirtualMachines/jdk1.8.0_73.jdk/Contents/Home/jre/lib/libt2k.dylib
0x0000000006126000 	/System/Library/Frameworks/Accelerate.framework/Versions/A/Frameworks/vImage.framework/Versions/A/Libraries/libCGInterfaces.dylib

VM Arguments:
jvm_args: -Djava.security.policy=java.policy.applet -Dfile.encoding=UTF-8 
java_command: sun.applet.AppletViewer module6.EarthquakeCityMap1458258998017.html
java_class_path (initial): /Volumes/Other/ComputerScience/Java/Coursera/Java Programming Object-Oriented Design of Data Structures Specialization/UCSDUnfoldingMaps/build:/Volumes/Other/ComputerScience/Java/Coursera/Java Programming Object-Oriented Design of Data Structures Specialization/UCSDUnfoldingMaps/lib/core.jar:/Volumes/Other/ComputerScience/Java/Coursera/Java Programming Object-Oriented Design of Data Structures Specialization/UCSDUnfoldingMaps/lib/gluegen-rt.jar:/Volumes/Other/ComputerScience/Java/Coursera/Java Programming Object-Oriented Design of Data Structures Specialization/UCSDUnfoldingMaps/lib/jogl-all.jar:/Volumes/Other/ComputerScience/Java/Coursera/Java Programming Object-Oriented Design of Data Structures Specialization/UCSDUnfoldingMaps/lib/log4j-1.2.15.jar:/Volumes/Other/ComputerScience/Java/Coursera/Java Programming Object-Oriented Design of Data Structures Specialization/UCSDUnfoldingMaps/lib/sqlite-jdbc-3.7.2.jar:/Volumes/Other/ComputerScience/Java/Coursera/Java Programming Object-Oriented Design of Data Structures Specialization/UCSDUnfoldingMaps/lib/json4processing.jar:/Volumes/Other/ComputerScience/Java/Coursera/Java Programming Object-Oriented Design of Data Structures Specialization/UCSDUnfoldingMaps/lib/libTUIO.jar:/Volumes/Other/ComputerScience/Java/Coursera/Java Programming Object-Oriented Design of Data Structures Specialization/UCSDUnfoldingMaps/lib/unfolding.0.9.7-uscd.jar:/Volumes/Other/ComputerScience/Java/Coursera/Java Programming Object-Oriented Design of Data Structures Specialization/UCSDUnfoldingMaps/lib/controlP5/library/controlP5.jar:/Users/zhihuixie/Downloads/geonames-source-1.1.13.jar:/Users/zhihuixie/Downloads/jdom/build/jdom-1.1.3.jar
Launcher Type: SUN_STANDARD

Environment Variables:
PATH=/usr/bin:/bin:/usr/sbin:/sbin
SHELL=/bin/bash

Signal Handlers:
SIGSEGV: [libjvm.dylib+0x5a71a5], sa_mask[0]=11111111011111110111111111111111, sa_flags=SA_ONSTACK|SA_RESTART|SA_SIGINFO
SIGBUS: [libjvm.dylib+0x5a71a5], sa_mask[0]=11111111011111110111111111111111, sa_flags=SA_RESTART|SA_SIGINFO
SIGFPE: [libjvm.dylib+0x480eb4], sa_mask[0]=11111111011111110111111111111111, sa_flags=SA_RESTART|SA_SIGINFO
SIGPIPE: [libjvm.dylib+0x480eb4], sa_mask[0]=11111111011111110111111111111111, sa_flags=SA_RESTART|SA_SIGINFO
SIGXFSZ: [libjvm.dylib+0x480eb4], sa_mask[0]=11111111011111110111111111111111, sa_flags=SA_RESTART|SA_SIGINFO
SIGILL: [libjvm.dylib+0x480eb4], sa_mask[0]=11111111011111110111111111111111, sa_flags=SA_RESTART|SA_SIGINFO
SIGUSR1: SIG_DFL, sa_mask[0]=00000000000000000000000000000000, sa_flags=none
SIGUSR2: [libjvm.dylib+0x4809d2], sa_mask[0]=00100000000000000000000000000000, sa_flags=SA_RESTART|SA_SIGINFO
SIGHUP: [libjvm.dylib+0x47efa9], sa_mask[0]=11111111011111110111111111111111, sa_flags=SA_RESTART|SA_SIGINFO
SIGINT: [libjvm.dylib+0x47efa9], sa_mask[0]=11111111011111110111111111111111, sa_flags=SA_RESTART|SA_SIGINFO
SIGTERM: [libjvm.dylib+0x47efa9], sa_mask[0]=11111111011111110111111111111111, sa_flags=SA_RESTART|SA_SIGINFO
SIGQUIT: [libjvm.dylib+0x47efa9], sa_mask[0]=11111111011111110111111111111111, sa_flags=SA_RESTART|SA_SIGINFO


---------------  S Y S T E M  ---------------

OS:Bsduname:Darwin 14.5.0 Darwin Kernel Version 14.5.0: Wed Jul 29 02:26:53 PDT 2015; root:xnu-2782.40.9~1/RELEASE_X86_64 x86_64
rlimit: STACK 8192k, CORE 0k, NPROC 709, NOFILE 10240, AS infinity
load average:1.41 1.58 1.53

CPU:total 4 (2 cores per cpu, 2 threads per core) family 6 model 58 stepping 9, cmov, cx8, fxsr, mmx, sse, sse2, sse3, ssse3, sse4.1, sse4.2, popcnt, avx, aes, clmul, erms, ht, tsc, tscinvbit, tscinv

Memory: 4k page, physical 4194304k(104444k free)

/proc/meminfo:


vm_info: Java HotSpot(TM) 64-Bit Server VM (25.73-b02) for bsd-amd64 JRE (1.8.0_73-b02), built on Jan 29 2016 15:02:00 by "java_re" with gcc 4.2.1 (Based on Apple Inc. build 5658) (LLVM build 2336.11.00)

time: Thu Mar 17 17:01:52 2016
elapsed time: 313 seconds (0d 0h 5m 13s)

