#
# A fatal error has been detected by the Java Runtime Environment:
#
#  SIGSEGV (0xb) at pc=0x00007fff8aa050dd, pid=2698, tid=1811
#
# JRE version: Java(TM) SE Runtime Environment (8.0_73-b02) (build 1.8.0_73-b02)
# Java VM: Java HotSpot(TM) 64-Bit Server VM (25.73-b02 mixed mode bsd-amd64 compressed oops)
# Problematic frame:
# C  [libobjc.A.dylib+0x10dd]  objc_msgSend+0x1d
#
# Failed to write core dump. Core dumps have been disabled. To enable core dumping, try "ulimit -c unlimited" before starting Java again
#
# If you would like to submit a bug report, please visit:
#   http://bugreport.java.com/bugreport/crash.jsp
# The crash happened outside the Java Virtual Machine in native code.
# See problematic frame for where to report the bug.
#

---------------  T H R E A D  ---------------

Current thread (0x00007f95f98b8000):  JavaThread "AWT-AppKit" daemon [_thread_in_native, id=1811, stack(0x00007fff4fcc7000,0x00007fff504c7000)]

siginfo: si_signo: 11 (SIGSEGV), si_code: 1 (SEGV_MAPERR), si_addr: 0x0000000000000018

Registers:
RAX=0x00007f95fdfdc030, RBX=0x0000000199d52450, RCX=0x000000012c4f0400, RDX=0x000000012d43f180
RSP=0x00007fff504c20f8, RBP=0x00007fff504c21b0, RSI=0x00007fff8ba7f40f, RDI=0x00007f95fdfd6fb0
R8 =0x0000000000000000, R9 =0x0000000000000f50, R10=0x00007fff8ba7f40f, R11=0x0000000000000000
R12=0x0000000000000000, R13=0x000000019bc73358, R14=0x0000000199d52440, R15=0x00007f95f98b8000
RIP=0x00007fff8aa050dd, EFLAGS=0x0000000000010246, ERR=0x0000000000000004
  TRAPNO=0x000000000000000e

Top of Stack: (sp=0x00007fff504c20f8)
0x00007fff504c20f8:   0000000199d50157 00007fff504c2150
0x00007fff504c2108:   0000000000000003 00007fff504c2130
0x00007fff504c2118:   00000001103f1646 000000019bc73358
0x00007fff504c2128:   000000019bc73358 00007f95fdfdc030
0x00007fff504c2138:   0000000199d526a0 0000000199d52710
0x00007fff504c2148:   00007fff77fe0550 00007fff77e84c80
0x00007fff504c2158:   0000000199d52450 0000000199d52690
0x00007fff504c2168:   00007f95fdfdc030 00007f95fdfd6fb0
0x00007fff504c2178:   00007f95f952bcb0 00007f95fdfdc030
0x00007fff504c2188:   00007f95fdfd6fb0 00007fff504c2238
0x00007fff504c2198:   00007f95f98b81f8 000000019bc73358
0x00007fff504c21a8:   00007fff504c2260 00007fff504c2228
0x00007fff504c21b8:   00000001111a2954 000000019bc73358
0x00007fff504c21c8:   00007fff504c2260 00007fff504c2228
0x00007fff504c21d8:   00000001111a26e7 00000001111a26a2
0x00007fff504c21e8:   00007fff504c21e8 000000019bc73358
0x00007fff504c21f8:   00007fff504c2260 000000019bc75f90
0x00007fff504c2208:   0000000000000000 000000019bc73358
0x00007fff504c2218:   0000000000000000 00007fff504c2248
0x00007fff504c2228:   00007fff504c22a8 0000000111194c4d
0x00007fff504c2238:   0000000780c5b0a0 000000011119c578
0x00007fff504c2248:   00007f95fdfdc030 00007fff504c22a8
0x00007fff504c2258:   00007f95fdfd6fb0 000000011119dd82
0x00007fff504c2268:   00007fff504c2268 000000019bc73522
0x00007fff504c2278:   00007fff504c22d0 000000019bc75f90
0x00007fff504c2288:   0000000000000000 000000019bc73530
0x00007fff504c2298:   00007fff504c2248 00007fff504c22b8
0x00007fff504c22a8:   00007fff504c2318 0000000111194c4d
0x00007fff504c22b8:   00007f95fdfdc030 00000007806effa0
0x00007fff504c22c8:   00007f95fdfd6fb0 00000007806effa0
0x00007fff504c22d8:   00007fff504c22d8 000000019d6ed5c6
0x00007fff504c22e8:   00007fff504c2328 000000019d6ed680 

Instructions: (pc=0x00007fff8aa050dd)
0x00007fff8aa050bd:   00 00 00 48 85 ff 2e 74 7a 40 f6 c7 01 2e 75 7e
0x00007fff8aa050cd:   49 bb f8 ff ff ff ff 7f 00 00 4c 23 1f 49 89 f2
0x00007fff8aa050dd:   45 23 53 18 49 c1 e2 04 4d 03 53 10 49 3b 32 75
0x00007fff8aa050ed:   04 41 ff 62 08 49 83 3a 00 74 6a 4d 3b 53 10 74 

Register to memory mapping:

RAX=0x00007f95fdfdc030 is an unknown value
RBX=0x0000000199d52450: Java_jogamp_nativewindow_macosx_OSXUtil_GetScreenRefreshRate0+0x1cf0 in /private/var/folders/gx/lpn_2smn21b5jx4mf4ptd0z40000gn/T/jogamp_0000/file_cache/jln2965241058514383700/jln6730519246176443560/libnativewindow_macosx.jnilib at 0x0000000199d4b000
RCX=0x000000012c4f0400 is an unknown value
RDX=0x000000012d43f180 is an unknown value
RSP=0x00007fff504c20f8 is pointing into the stack for thread: 0x00007f95f98b8000
RBP=0x00007fff504c21b0 is pointing into the stack for thread: 0x00007f95f98b8000
RSI=0x00007fff8ba7f40f is an unknown value
RDI=0x00007f95fdfd6fb0 is an unknown value
R8 =0x0000000000000000 is an unknown value
R9 =0x0000000000000f50 is an unknown value
R10=0x00007fff8ba7f40f is an unknown value
R11=0x0000000000000000 is an unknown value
R12=0x0000000000000000 is an unknown value
R13={method} {0x000000019bc73358} 'UnsetJAWTRootSurfaceLayer0' '(JJ)V' in 'jogamp/nativewindow/jawt/macosx/MacOSXJAWTWindow'
R14=0x0000000199d52440: Java_jogamp_nativewindow_macosx_OSXUtil_GetScreenRefreshRate0+0x1ce0 in /private/var/folders/gx/lpn_2smn21b5jx4mf4ptd0z40000gn/T/jogamp_0000/file_cache/jln2965241058514383700/jln6730519246176443560/libnativewindow_macosx.jnilib at 0x0000000199d4b000
R15=0x00007f95f98b8000 is a thread


Stack: [0x00007fff4fcc7000,0x00007fff504c7000],  sp=0x00007fff504c20f8,  free space=8172k
Native frames: (J=compiled Java code, j=interpreted, Vv=VM code, C=native code)
C  [libobjc.A.dylib+0x10dd]  objc_msgSend+0x1d
j  jogamp.nativewindow.jawt.macosx.MacOSXJAWTWindow.UnsetJAWTRootSurfaceLayer0(JJ)V+0
j  jogamp.nativewindow.jawt.macosx.MacOSXJAWTWindow.access$200(JJ)V+2
j  jogamp.nativewindow.jawt.macosx.MacOSXJAWTWindow$1.run()V+38
J 3751 C1 com.jogamp.common.util.RunnableTask.run()V (345 bytes) @ 0x0000000111d2b8b4 [0x0000000111d2b720+0x194]
v  ~StubRoutines::call_stub
V  [libjvm.dylib+0x2eae7a]
V  [libjvm.dylib+0x321f83]
V  [libjvm.dylib+0x314757]
C  [libnativewindow_macosx.jnilib+0x5326]  Java_jogamp_nativewindow_jawt_macosx_MacOSXJAWTWindow_UnsetJAWTRootSurfaceLayer0+0x2b6
C  [Foundation+0x92dd0]  __NSThreadPerformPerform+0x125
C  [CoreFoundation+0x80a01]  __CFRUNLOOP_IS_CALLING_OUT_TO_A_SOURCE0_PERFORM_FUNCTION__+0x11
C  [CoreFoundation+0x72c5c]  __CFRunLoopDoSources0+0x1dc
C  [CoreFoundation+0x721bf]  __CFRunLoopRun+0x39f
C  [CoreFoundation+0x71bd8]  CFRunLoopRunSpecific+0x128
C  [HIToolbox+0x3256f]  RunCurrentEventLoopInMode+0xeb
C  [HIToolbox+0x321ee]  ReceiveNextEventCommon+0xb3
C  [HIToolbox+0x3212b]  _BlockUntilNextEventMatchingListInModeWithFilter+0x47
C  [AppKit+0x918ab]  _DPSNextEvent+0x3d2
C  [AppKit+0x90e58]  -[NSApplication nextEventMatchingMask:untilDate:inMode:dequeue:]+0x15a
C  [libosxapp.dylib+0x23aa]  -[NSApplicationAWT nextEventMatchingMask:untilDate:inMode:dequeue:]+0x7c
C  [AppKit+0x86af3]  -[NSApplication run]+0x252
C  [libosxapp.dylib+0x214d]  +[NSApplicationAWT runAWTLoopWithApp:]+0x9c
C  [libawt_lwawt.dylib+0x4455b]  -[AWTStarter starter:]+0x389
C  [Foundation+0x92dd0]  __NSThreadPerformPerform+0x125
C  [CoreFoundation+0x80a01]  __CFRUNLOOP_IS_CALLING_OUT_TO_A_SOURCE0_PERFORM_FUNCTION__+0x11
C  [CoreFoundation+0x72b8d]  __CFRunLoopDoSources0+0x10d
C  [CoreFoundation+0x721bf]  __CFRunLoopRun+0x39f
C  [CoreFoundation+0x71bd8]  CFRunLoopRunSpecific+0x128
C  [java+0x6463]  CreateExecutionEnvironment+0x367
C  [java+0x21ac]  JLI_Launch+0x7a0
C  [java+0x84c0]  main+0x65
C  [java+0x1a04]  start+0x34
C  0x0000000000000007

Java frames: (J=compiled Java code, j=interpreted, Vv=VM code)
j  jogamp.nativewindow.jawt.macosx.MacOSXJAWTWindow.UnsetJAWTRootSurfaceLayer0(JJ)V+0
j  jogamp.nativewindow.jawt.macosx.MacOSXJAWTWindow.access$200(JJ)V+2
j  jogamp.nativewindow.jawt.macosx.MacOSXJAWTWindow$1.run()V+38
J 3751 C1 com.jogamp.common.util.RunnableTask.run()V (345 bytes) @ 0x0000000111d2b8b4 [0x0000000111d2b720+0x194]
v  ~StubRoutines::call_stub

---------------  P R O C E S S  ---------------

Java Threads: ( => current thread )
  0x00007f95fa2c5000 JavaThread "Thread-20" [_thread_blocked, id=64647, stack(0x00000001a4bbc000,0x00000001a4cbc000)]
  0x00007f95fa357000 JavaThread "TimerQueue" daemon [_thread_blocked, id=63543, stack(0x00000001a4ab9000,0x00000001a4bb9000)]
  0x00007f95fae30000 JavaThread "AWT-EventQueue-1" [_thread_in_native, id=57363, stack(0x000000019a2d2000,0x000000019a3d2000)]
  0x00007f95fb147000 JavaThread "DestroyJavaVM" [_thread_blocked, id=4867, stack(0x000000010f850000,0x000000010f950000)]
  0x00007f95fb115000 JavaThread "AWT-EventQueue-0" [_thread_blocked, id=55559, stack(0x000000012d524000,0x000000012d624000)]
  0x00007f95fb101800 JavaThread "Java2D Disposer" daemon [_thread_blocked, id=51735, stack(0x000000012c281000,0x000000012c381000)]
  0x00007f95faa48000 JavaThread "Java2D Queue Flusher" daemon [_thread_blocked, id=50183, stack(0x000000012b28c000,0x000000012b38c000)]
  0x00007f95fa9c9000 JavaThread "AWT-Shutdown" [_thread_blocked, id=27923, stack(0x000000012893c000,0x0000000128a3c000)]
=>0x00007f95f98b8000 JavaThread "AWT-AppKit" daemon [_thread_in_native, id=1811, stack(0x00007fff4fcc7000,0x00007fff504c7000)]
  0x00007f95f985a000 JavaThread "Service Thread" daemon [_thread_blocked, id=17923, stack(0x00000001268f1000,0x00000001269f1000)]
  0x00007f95fb006000 JavaThread "C1 CompilerThread2" daemon [_thread_blocked, id=17411, stack(0x00000001267ee000,0x00000001268ee000)]
  0x00007f95f9859000 JavaThread "C2 CompilerThread1" daemon [_thread_blocked, id=16899, stack(0x00000001266eb000,0x00000001267eb000)]
  0x00007f95f985f000 JavaThread "C2 CompilerThread0" daemon [_thread_blocked, id=16143, stack(0x00000001265e8000,0x00000001266e8000)]
  0x00007f95fa01a000 JavaThread "Signal Dispatcher" daemon [_thread_blocked, id=13583, stack(0x00000001264e5000,0x00000001265e5000)]
  0x00007f95f983a000 JavaThread "Finalizer" daemon [_thread_blocked, id=11523, stack(0x0000000124b5d000,0x0000000124c5d000)]
  0x00007f95fa805800 JavaThread "Reference Handler" daemon [_thread_blocked, id=11011, stack(0x0000000124a5a000,0x0000000124b5a000)]

Other Threads:
  0x00007f95fb003000 VMThread [stack: 0x0000000124957000,0x0000000124a57000] [id=10499]
  0x00007f95fa831000 WatcherThread [stack: 0x00000001269f4000,0x0000000126af4000] [id=18435]

VM state:not at safepoint (normal execution)

VM Mutex/Monitor currently owned by a thread: None

Heap:
 PSYoungGen      total 54272K, used 14730K [0x00000007aab00000, 0x00000007af800000, 0x00000007c0000000)
  eden space 45056K, 14% used [0x00000007aab00000,0x00000007ab182958,0x00000007ad700000)
  from space 9216K, 87% used [0x00000007ad700000,0x00000007adee0190,0x00000007ae000000)
  to   space 9728K, 0% used [0x00000007aee80000,0x00000007aee80000,0x00000007af800000)
 ParOldGen       total 41984K, used 16678K [0x0000000780000000, 0x0000000782900000, 0x00000007aab00000)
  object space 41984K, 39% used [0x0000000780000000,0x0000000781049ab0,0x0000000782900000)
 Metaspace       used 24424K, capacity 24627K, committed 24832K, reserved 1071104K
  class space    used 2438K, capacity 2516K, committed 2560K, reserved 1048576K

Card table byte_map: [0x000000012054d000,0x000000012074e000] byte_map_base: 0x000000011c94d000

Marking Bits: (ParMarkBitMap*) 0x0000000110ae3ea0
 Begin Bits: [0x0000000120cb0000, 0x0000000121cb0000)
 End Bits:   [0x0000000121cb0000, 0x0000000122cb0000)

Polling page: 0x000000010f995000

CodeCache: size=245760Kb used=11887Kb max_used=11951Kb free=233872Kb
 bounds [0x000000011118d000, 0x0000000111d4d000, 0x000000012018d000]
 total_blobs=4433 nmethods=3495 adapters=850
 compilation: enabled

Compilation events (10 events):
Event: 106.236 Thread 0x00007f95fb006000 3775   !   3       processing.core.PGraphicsJava2D::endDraw (70 bytes)
Event: 106.236 Thread 0x00007f95fb006000 nmethod 3775 0x0000000111d30350 code [0x0000000111d30500, 0x0000000111d30bf8]
Event: 106.236 Thread 0x00007f95fb006000 3776       3       processing.core.PImage::setModified (32 bytes)
Event: 106.236 Thread 0x00007f95fb006000 nmethod 3776 0x0000000111792550 code [0x00000001117926a0, 0x0000000111792810]
Event: 106.266 Thread 0x00007f95f9859000 3777       4       processing.opengl.PGraphicsOpenGL$Tessellator::addBevel3D (291 bytes)
Event: 106.273 Thread 0x00007f95f9859000 nmethod 3777 0x0000000111d43250 code [0x0000000111d43400, 0x0000000111d43b08]
Event: 107.013 Thread 0x00007f95fb006000 3778       1       java.beans.PropertyChangeEvent::getOldValue (5 bytes)
Event: 107.013 Thread 0x00007f95fb006000 nmethod 3778 0x0000000111d25150 code [0x0000000111d252a0, 0x0000000111d253b0]
Event: 107.031 Thread 0x00007f95fb006000 3779       3       java.lang.Boolean::valueOf (14 bytes)
Event: 107.032 Thread 0x00007f95fb006000 nmethod 3779 0x00000001112c1c50 code [0x00000001112c1dc0, 0x00000001112c1f50]

GC Heap History (10 events):
Event: 6.700 GC heap before
{Heap before GC invocations=6 (full 1):
 PSYoungGen      total 18944K, used 2545K [0x00000007aab00000, 0x00000007ade00000, 0x00000007c0000000)
  eden space 16384K, 0% used [0x00000007aab00000,0x00000007aab00000,0x00000007abb00000)
  from space 2560K, 99% used [0x00000007abb00000,0x00000007abd7c4d8,0x00000007abd80000)
  to   space 9728K, 0% used [0x00000007ad480000,0x00000007ad480000,0x00000007ade00000)
 ParOldGen       total 44032K, used 16842K [0x0000000780000000, 0x0000000782b00000, 0x00000007aab00000)
  object space 44032K, 38% used [0x0000000780000000,0x0000000781072b28,0x0000000782b00000)
 Metaspace       used 20968K, capacity 21197K, committed 21296K, reserved 1069056K
  class space    used 2118K, capacity 2175K, committed 2176K, reserved 1048576K
Event: 6.745 GC heap after
Heap after GC invocations=6 (full 1):
 PSYoungGen      total 18944K, used 0K [0x00000007aab00000, 0x00000007ade00000, 0x00000007c0000000)
  eden space 16384K, 0% used [0x00000007aab00000,0x00000007aab00000,0x00000007abb00000)
  from space 2560K, 0% used [0x00000007abb00000,0x00000007abb00000,0x00000007abd80000)
  to   space 9728K, 0% used [0x00000007ad480000,0x00000007ad480000,0x00000007ade00000)
 ParOldGen       total 41984K, used 13669K [0x0000000780000000, 0x0000000782900000, 0x00000007aab00000)
  object space 41984K, 32% used [0x0000000780000000,0x0000000780d59650,0x0000000782900000)
 Metaspace       used 20968K, capacity 21197K, committed 21296K, reserved 1069056K
  class space    used 2118K, capacity 2175K, committed 2176K, reserved 1048576K
}
Event: 7.342 GC heap before
{Heap before GC invocations=7 (full 1):
 PSYoungGen      total 18944K, used 16299K [0x00000007aab00000, 0x00000007ade00000, 0x00000007c0000000)
  eden space 16384K, 99% used [0x00000007aab00000,0x00000007abaead50,0x00000007abb00000)
  from space 2560K, 0% used [0x00000007abb00000,0x00000007abb00000,0x00000007abd80000)
  to   space 9728K, 0% used [0x00000007ad480000,0x00000007ad480000,0x00000007ade00000)
 ParOldGen       total 41984K, used 13669K [0x0000000780000000, 0x0000000782900000, 0x00000007aab00000)
  object space 41984K, 32% used [0x0000000780000000,0x0000000780d59650,0x0000000782900000)
 Metaspace       used 21420K, capacity 21635K, committed 21936K, reserved 1069056K
  class space    used 2142K, capacity 2210K, committed 2304K, reserved 1048576K
Event: 7.347 GC heap after
Heap after GC invocations=7 (full 1):
 PSYoungGen      total 33280K, used 4176K [0x00000007aab00000, 0x00000007ad980000, 0x00000007c0000000)
  eden space 28160K, 0% used [0x00000007aab00000,0x00000007aab00000,0x00000007ac680000)
  from space 5120K, 81% used [0x00000007ad480000,0x00000007ad894130,0x00000007ad980000)
  to   space 9728K, 0% used [0x00000007ac680000,0x00000007ac680000,0x00000007ad000000)
 ParOldGen       total 41984K, used 13677K [0x0000000780000000, 0x0000000782900000, 0x00000007aab00000)
  object space 41984K, 32% used [0x0000000780000000,0x0000000780d5b650,0x0000000782900000)
 Metaspace       used 21420K, capacity 21635K, committed 21936K, reserved 1069056K
  class space    used 2142K, capacity 2210K, committed 2304K, reserved 1048576K
}
Event: 11.042 GC heap before
{Heap before GC invocations=8 (full 1):
 PSYoungGen      total 33280K, used 32336K [0x00000007aab00000, 0x00000007ad980000, 0x00000007c0000000)
  eden space 28160K, 100% used [0x00000007aab00000,0x00000007ac680000,0x00000007ac680000)
  from space 5120K, 81% used [0x00000007ad480000,0x00000007ad894130,0x00000007ad980000)
  to   space 9728K, 0% used [0x00000007ac680000,0x00000007ac680000,0x00000007ad000000)
 ParOldGen       total 41984K, used 13677K [0x0000000780000000, 0x0000000782900000, 0x00000007aab00000)
  object space 41984K, 32% used [0x0000000780000000,0x0000000780d5b650,0x0000000782900000)
 Metaspace       used 21779K, capacity 21961K, committed 22192K, reserved 1069056K
  class space    used 2143K, capacity 2211K, committed 2304K, reserved 1048576K
Event: 11.045 GC heap after
Heap after GC invocations=8 (full 1):
 PSYoungGen      total 37888K, used 4672K [0x00000007aab00000, 0x00000007aea80000, 0x00000007c0000000)
  eden space 28160K, 0% used [0x00000007aab00000,0x00000007aab00000,0x00000007ac680000)
  from space 9728K, 48% used [0x00000007ac680000,0x00000007acb10140,0x00000007ad000000)
  to   space 9216K, 0% used [0x00000007ae180000,0x00000007ae180000,0x00000007aea80000)
 ParOldGen       total 41984K, used 13685K [0x0000000780000000, 0x0000000782900000, 0x00000007aab00000)
  object space 41984K, 32% used [0x0000000780000000,0x0000000780d5d650,0x0000000782900000)
 Metaspace       used 21779K, capacity 21961K, committed 22192K, reserved 1069056K
  class space    used 2143K, capacity 2211K, committed 2304K, reserved 1048576K
}
Event: 14.299 GC heap before
{Heap before GC invocations=9 (full 1):
 PSYoungGen      total 37888K, used 32832K [0x00000007aab00000, 0x00000007aea80000, 0x00000007c0000000)
  eden space 28160K, 100% used [0x00000007aab00000,0x00000007ac680000,0x00000007ac680000)
  from space 9728K, 48% used [0x00000007ac680000,0x00000007acb10140,0x00000007ad000000)
  to   space 9216K, 0% used [0x00000007ae180000,0x00000007ae180000,0x00000007aea80000)
 ParOldGen       total 41984K, used 13685K [0x0000000780000000, 0x0000000782900000, 0x00000007aab00000)
  object space 41984K, 32% used [0x0000000780000000,0x0000000780d5d650,0x0000000782900000)
 Metaspace       used 22318K, capacity 22549K, committed 22704K, reserved 1069056K
  class space    used 2189K, capacity 2277K, committed 2304K, reserved 1048576K
Event: 14.303 GC heap after
Heap after GC invocations=9 (full 1):
 PSYoungGen      total 52736K, used 5010K [0x00000007aab00000, 0x00000007ae900000, 0x00000007c0000000)
  eden space 45056K, 0% used [0x00000007aab00000,0x00000007aab00000,0x00000007ad700000)
  from space 7680K, 65% used [0x00000007ae180000,0x00000007ae664a48,0x00000007ae900000)
  to   space 9216K, 0% used [0x00000007ad700000,0x00000007ad700000,0x00000007ae000000)
 ParOldGen       total 41984K, used 13693K [0x0000000780000000, 0x0000000782900000, 0x00000007aab00000)
  object space 41984K, 32% used [0x0000000780000000,0x0000000780d5f650,0x0000000782900000)
 Metaspace       used 22318K, capacity 22549K, committed 22704K, reserved 1069056K
  class space    used 2189K, capacity 2277K, committed 2304K, reserved 1048576K
}
Event: 105.798 GC heap before
{Heap before GC invocations=10 (full 1):
 PSYoungGen      total 52736K, used 50066K [0x00000007aab00000, 0x00000007ae900000, 0x00000007c0000000)
  eden space 45056K, 100% used [0x00000007aab00000,0x00000007ad700000,0x00000007ad700000)
  from space 7680K, 65% used [0x00000007ae180000,0x00000007ae664a48,0x00000007ae900000)
  to   space 9216K, 0% used [0x00000007ad700000,0x00000007ad700000,0x00000007ae000000)
 ParOldGen       total 41984K, used 13693K [0x0000000780000000, 0x0000000782900000, 0x00000007aab00000)
  object space 41984K, 32% used [0x0000000780000000,0x0000000780d5f650,0x0000000782900000)
 Metaspace       used 24370K, capacity 24627K, committed 24832K, reserved 1071104K
  class space    used 2434K, capacity 2516K, committed 2560K, reserved 1048576K
Event: 105.805 GC heap after
Heap after GC invocations=10 (full 1):
 PSYoungGen      total 54272K, used 8064K [0x00000007aab00000, 0x00000007af800000, 0x00000007c0000000)
  eden space 45056K, 0% used [0x00000007aab00000,0x00000007aab00000,0x00000007ad700000)
  from space 9216K, 87% used [0x00000007ad700000,0x00000007adee0190,0x00000007ae000000)
  to   space 9728K, 0% used [0x00000007aee80000,0x00000007aee80000,0x00000007af800000)
 ParOldGen       total 41984K, used 16678K [0x0000000780000000, 0x0000000782900000, 0x00000007aab00000)
  object space 41984K, 39% used [0x0000000780000000,0x0000000781049ab0,0x0000000782900000)
 Metaspace       used 24370K, capacity 24627K, committed 24832K, reserved 1071104K
  class space    used 2434K, capacity 2516K, committed 2560K, reserved 1048576K
}

Deoptimization events (10 events):
Event: 19.060 Thread 0x00007f95fae30000 Uncommon trap: reason=class_check action=maybe_recompile pc=0x00000001112fb01c method=java.lang.String.equals(Ljava/lang/Object;)Z @ 8
Event: 19.067 Thread 0x00007f95fae30000 Uncommon trap: reason=class_check action=maybe_recompile pc=0x00000001112fb01c method=java.lang.String.equals(Ljava/lang/Object;)Z @ 8
Event: 19.067 Thread 0x00007f95fae30000 Uncommon trap: reason=class_check action=maybe_recompile pc=0x00000001112fb01c method=java.lang.String.equals(Ljava/lang/Object;)Z @ 8
Event: 19.190 Thread 0x00007f95fae30000 Uncommon trap: reason=class_check action=maybe_recompile pc=0x0000000111b666e8 method=java.util.concurrent.locks.AbstractQueuedSynchronizer.release(I)Z @ 2
Event: 19.191 Thread 0x00007f95fae30000 Uncommon trap: reason=null_check action=make_not_entrant pc=0x0000000111a3df68 method=sun.font.FontDesignMetrics.getMetrics(Ljava/awt/Font;Ljava/awt/font/FontRenderContext;)Lsun/font/FontDesignMetrics; @ 85
Event: 19.201 Thread 0x00007f95fae30000 Uncommon trap: reason=class_check action=maybe_recompile pc=0x0000000111b666e8 method=java.util.concurrent.locks.AbstractQueuedSynchronizer.release(I)Z @ 2
Event: 19.202 Thread 0x00007f95fae30000 Uncommon trap: reason=class_check action=maybe_recompile pc=0x0000000111b666e8 method=java.util.concurrent.locks.AbstractQueuedSynchronizer.release(I)Z @ 2
Event: 19.209 Thread 0x00007f95fae30000 Uncommon trap: reason=unstable_if action=reinterpret pc=0x0000000111bb78e4 method=java.util.concurrent.locks.ReentrantLock$Sync.tryRelease(I)Z @ 28
Event: 19.215 Thread 0x00007f95fae30000 Uncommon trap: reason=class_check action=maybe_recompile pc=0x0000000111b666e8 method=java.util.concurrent.locks.AbstractQueuedSynchronizer.release(I)Z @ 2
Event: 107.011 Thread 0x00007f95faa5b800 Uncommon trap: reason=unstable_if action=reinterpret pc=0x000000011167b6e8 method=java.util.HashMap.putVal(ILjava/lang/Object;Ljava/lang/Object;ZZ)Ljava/lang/Object; @ 81

Internal exceptions (10 events):
Event: 1.691 Thread 0x00007f95fa809000 Implicit null exception at 0x00000001112f11dc to 0x00000001112f13c1
Event: 1.998 Thread 0x00007f95fa809000 Exception <a 'java/io/FileNotFoundException'> (0x00000007aaee0410) thrown at [/HUDSON3/workspace/8-2-build-macosx-x86_64/jdk8u73/6086/hotspot/src/share/vm/prims/jni.cpp, line 709]
Event: 4.191 Thread 0x00007f95f983a000 Exception <a 'java/lang/NullPointerException'> (0x00000007aab81730) thrown at [/HUDSON3/workspace/8-2-build-macosx-x86_64/jdk8u73/6086/hotspot/src/share/vm/interpreter/linkResolver.cpp, line 1178]
Event: 4.328 Thread 0x00007f95f9d89000 Exception <a 'java/lang/UnsatisfiedLinkError': com.jogamp.common.util.JarUtil.fixNativeLibAttribs(Ljava/lang/String;)Z> (0x00000007ab0d6130) thrown at [/HUDSON3/workspace/8-2-build-macosx-x86_64/jdk8u73/6086/hotspot/src/share/vm/prims/nativeLookup.cpp, li
Event: 5.267 Thread 0x00007f95fae30000 Exception <a 'java/io/FileNotFoundException'> (0x00000007ab405c88) thrown at [/HUDSON3/workspace/8-2-build-macosx-x86_64/jdk8u73/6086/hotspot/src/share/vm/prims/jni.cpp, line 709]
Event: 5.268 Thread 0x00007f95fae30000 Exception <a 'java/io/FileNotFoundException'> (0x00000007ab4124b8) thrown at [/HUDSON3/workspace/8-2-build-macosx-x86_64/jdk8u73/6086/hotspot/src/share/vm/prims/jni.cpp, line 709]
Event: 5.268 Thread 0x00007f95fae30000 Implicit null exception at 0x000000011133fdf5 to 0x0000000111340159
Event: 6.885 Thread 0x00007f95fae30000 Implicit null exception at 0x00000001117046a5 to 0x00000001117047f9
Event: 19.059 Thread 0x00007f95fae30000 Implicit null exception at 0x00000001113483f5 to 0x0000000111348765
Event: 19.191 Thread 0x00007f95fae30000 Implicit null exception at 0x0000000111a3d353 to 0x0000000111a3df5d

Events (10 events):
Event: 107.029 loading class jogamp/nativewindow/jawt/macosx/MacOSXJAWTWindow$1 done
Event: 107.030 Executing VM operation: RevokeBias
Event: 107.030 Executing VM operation: RevokeBias done
Event: 107.030 Executing VM operation: RevokeBias
Event: 107.030 Executing VM operation: RevokeBias done
Event: 107.031 Thread 0x00007f95faa5b800 Thread exited: 0x00007f95faa5b800
Event: 107.032 Thread 0x00007f95fb006000 flushing nmethod 0x00000001112fcc10
Event: 107.032 Thread 0x00007f95fb006000 flushing nmethod 0x0000000111312310
Event: 107.032 Thread 0x00007f95fb006000 flushing nmethod 0x000000011131b450
Event: 107.032 Thread 0x00007f95fb006000 flushing nmethod 0x0000000111375710


Dynamic libraries:
0x0000000006126000 	/System/Library/Frameworks/Cocoa.framework/Versions/A/Cocoa
0x0000000006126000 	/System/Library/Frameworks/Security.framework/Versions/A/Security
0x0000000006126000 	/System/Library/Frameworks/ApplicationServices.framework/Versions/A/ApplicationServices
0x0000000006126000 	/usr/lib/libz.1.dylib
0x0000000006126000 	/usr/lib/libSystem.B.dylib
0x0000000006126000 	/usr/lib/libobjc.A.dylib
0x0000000006126000 	/System/Library/Frameworks/CoreFoundation.framework/Versions/A/CoreFoundation
0x0000000006126000 	/System/Library/Frameworks/Foundation.framework/Versions/C/Foundation
0x0000000006126000 	/System/Library/Frameworks/AppKit.framework/Versions/C/AppKit
0x0000000006126000 	/System/Library/Frameworks/CoreData.framework/Versions/A/CoreData
0x0000000006126000 	/System/Library/PrivateFrameworks/RemoteViewServices.framework/Versions/A/RemoteViewServices
0x0000000006126000 	/System/Library/PrivateFrameworks/UIFoundation.framework/Versions/A/UIFoundation
0x0000000006126000 	/System/Library/Frameworks/IOSurface.framework/Versions/A/IOSurface
0x0000000006126000 	/System/Library/Frameworks/AudioToolbox.framework/Versions/A/AudioToolbox
0x0000000006126000 	/System/Library/Frameworks/AudioUnit.framework/Versions/A/AudioUnit
0x0000000006126000 	/System/Library/PrivateFrameworks/DataDetectorsCore.framework/Versions/A/DataDetectorsCore
0x0000000006126000 	/System/Library/PrivateFrameworks/DesktopServicesPriv.framework/Versions/A/DesktopServicesPriv
0x0000000006126000 	/System/Library/Frameworks/Carbon.framework/Versions/A/Frameworks/HIToolbox.framework/Versions/A/HIToolbox
0x0000000006126000 	/System/Library/Frameworks/QuartzCore.framework/Versions/A/QuartzCore
0x0000000006126000 	/System/Library/Frameworks/Carbon.framework/Versions/A/Frameworks/SpeechRecognition.framework/Versions/A/SpeechRecognition
0x0000000006126000 	/usr/lib/libauto.dylib
0x0000000006126000 	/usr/lib/libicucore.A.dylib
0x0000000006126000 	/usr/lib/libxml2.2.dylib
0x0000000006126000 	/System/Library/PrivateFrameworks/CoreUI.framework/Versions/A/CoreUI
0x0000000006126000 	/System/Library/Frameworks/CoreAudio.framework/Versions/A/CoreAudio
0x0000000006126000 	/System/Library/Frameworks/DiskArbitration.framework/Versions/A/DiskArbitration
0x0000000006126000 	/usr/lib/liblangid.dylib
0x0000000006126000 	/System/Library/PrivateFrameworks/MultitouchSupport.framework/Versions/A/MultitouchSupport
0x0000000006126000 	/System/Library/Frameworks/IOKit.framework/Versions/A/IOKit
0x0000000006126000 	/usr/lib/libDiagnosticMessagesClient.dylib
0x0000000006126000 	/System/Library/Frameworks/CoreServices.framework/Versions/A/CoreServices
0x0000000006126000 	/System/Library/PrivateFrameworks/PerformanceAnalysis.framework/Versions/A/PerformanceAnalysis
0x0000000006126000 	/System/Library/PrivateFrameworks/GenerationalStorage.framework/Versions/A/GenerationalStorage
0x0000000006126000 	/System/Library/Frameworks/OpenGL.framework/Versions/A/OpenGL
0x0000000006126000 	/System/Library/PrivateFrameworks/Sharing.framework/Versions/A/Sharing
0x0000000006126000 	/System/Library/Frameworks/CoreGraphics.framework/Versions/A/CoreGraphics
0x0000000006126000 	/System/Library/Frameworks/CoreText.framework/Versions/A/CoreText
0x0000000006126000 	/System/Library/Frameworks/ImageIO.framework/Versions/A/ImageIO
0x0000000006126000 	/usr/lib/libextension.dylib
0x0000000006126000 	/System/Library/PrivateFrameworks/Backup.framework/Versions/A/Backup
0x0000000006126000 	/usr/lib/libarchive.2.dylib
0x0000000006126000 	/System/Library/Frameworks/CFNetwork.framework/Versions/A/CFNetwork
0x0000000006126000 	/System/Library/Frameworks/SystemConfiguration.framework/Versions/A/SystemConfiguration
0x0000000006126000 	/usr/lib/libCRFSuite.dylib
0x0000000006126000 	/usr/lib/libc++.1.dylib
0x0000000006126000 	/usr/lib/libc++abi.dylib
0x0000000006126000 	/usr/lib/system/libcache.dylib
0x0000000006126000 	/usr/lib/system/libcommonCrypto.dylib
0x0000000006126000 	/usr/lib/system/libcompiler_rt.dylib
0x0000000006126000 	/usr/lib/system/libcopyfile.dylib
0x0000000006126000 	/usr/lib/system/libcorecrypto.dylib
0x0000000006126000 	/usr/lib/system/libdispatch.dylib
0x0000000006126000 	/usr/lib/system/libdyld.dylib
0x0000000006126000 	/usr/lib/system/libkeymgr.dylib
0x0000000006126000 	/usr/lib/system/liblaunch.dylib
0x0000000006126000 	/usr/lib/system/libmacho.dylib
0x0000000006126000 	/usr/lib/system/libquarantine.dylib
0x0000000006126000 	/usr/lib/system/libremovefile.dylib
0x0000000006126000 	/usr/lib/system/libsystem_asl.dylib
0x0000000006126000 	/usr/lib/system/libsystem_blocks.dylib
0x0000000006126000 	/usr/lib/system/libsystem_c.dylib
0x0000000006126000 	/usr/lib/system/libsystem_configuration.dylib
0x0000000006126000 	/usr/lib/system/libsystem_coreservices.dylib
0x0000000006126000 	/usr/lib/system/libsystem_coretls.dylib
0x0000000006126000 	/usr/lib/system/libsystem_dnssd.dylib
0x0000000006126000 	/usr/lib/system/libsystem_info.dylib
0x0000000006126000 	/usr/lib/system/libsystem_kernel.dylib
0x0000000006126000 	/usr/lib/system/libsystem_m.dylib
0x0000000006126000 	/usr/lib/system/libsystem_malloc.dylib
0x0000000006126000 	/usr/lib/system/libsystem_network.dylib
0x0000000006126000 	/usr/lib/system/libsystem_networkextension.dylib
0x0000000006126000 	/usr/lib/system/libsystem_notify.dylib
0x0000000006126000 	/usr/lib/system/libsystem_platform.dylib
0x0000000006126000 	/usr/lib/system/libsystem_pthread.dylib
0x0000000006126000 	/usr/lib/system/libsystem_sandbox.dylib
0x0000000006126000 	/usr/lib/system/libsystem_secinit.dylib
0x0000000006126000 	/usr/lib/system/libsystem_stats.dylib
0x0000000006126000 	/usr/lib/system/libsystem_trace.dylib
0x0000000006126000 	/usr/lib/system/libunc.dylib
0x0000000006126000 	/usr/lib/system/libunwind.dylib
0x0000000006126000 	/usr/lib/system/libxpc.dylib
0x0000000006126000 	/usr/lib/libbz2.1.0.dylib
0x0000000006126000 	/usr/lib/liblzma.5.dylib
0x0000000006126000 	/usr/lib/libbsm.0.dylib
0x0000000006126000 	/usr/lib/libsqlite3.dylib
0x0000000006126000 	/usr/lib/system/libkxld.dylib
0x0000000006126000 	/usr/lib/libxar.1.dylib
0x0000000006126000 	/usr/lib/libpam.2.dylib
0x0000000006126000 	/usr/lib/libOpenScriptingUtil.dylib
0x0000000006126000 	/System/Library/Frameworks/CoreServices.framework/Versions/A/Frameworks/FSEvents.framework/Versions/A/FSEvents
0x0000000006126000 	/System/Library/Frameworks/CoreServices.framework/Versions/A/Frameworks/CarbonCore.framework/Versions/A/CarbonCore
0x0000000006126000 	/System/Library/Frameworks/CoreServices.framework/Versions/A/Frameworks/Metadata.framework/Versions/A/Metadata
0x0000000006126000 	/System/Library/Frameworks/CoreServices.framework/Versions/A/Frameworks/OSServices.framework/Versions/A/OSServices
0x0000000006126000 	/System/Library/Frameworks/CoreServices.framework/Versions/A/Frameworks/SearchKit.framework/Versions/A/SearchKit
0x0000000006126000 	/System/Library/Frameworks/CoreServices.framework/Versions/A/Frameworks/AE.framework/Versions/A/AE
0x0000000006126000 	/System/Library/Frameworks/CoreServices.framework/Versions/A/Frameworks/LaunchServices.framework/Versions/A/LaunchServices
0x0000000006126000 	/System/Library/Frameworks/CoreServices.framework/Versions/A/Frameworks/DictionaryServices.framework/Versions/A/DictionaryServices
0x0000000006126000 	/System/Library/Frameworks/NetFS.framework/Versions/A/NetFS
0x0000000006126000 	/System/Library/PrivateFrameworks/NetAuth.framework/Versions/A/NetAuth
0x0000000006126000 	/System/Library/PrivateFrameworks/login.framework/Versions/A/Frameworks/loginsupport.framework/Versions/A/loginsupport
0x0000000006126000 	/System/Library/PrivateFrameworks/TCC.framework/Versions/A/TCC
0x0000000006126000 	/usr/lib/libmecabra.dylib
0x0000000006126000 	/System/Library/Frameworks/ApplicationServices.framework/Versions/A/Frameworks/ATS.framework/Versions/A/ATS
0x0000000006126000 	/System/Library/Frameworks/ApplicationServices.framework/Versions/A/Frameworks/ColorSync.framework/Versions/A/ColorSync
0x0000000006126000 	/System/Library/Frameworks/ApplicationServices.framework/Versions/A/Frameworks/HIServices.framework/Versions/A/HIServices
0x0000000006126000 	/System/Library/Frameworks/ApplicationServices.framework/Versions/A/Frameworks/LangAnalysis.framework/Versions/A/LangAnalysis
0x0000000006126000 	/System/Library/Frameworks/ApplicationServices.framework/Versions/A/Frameworks/PrintCore.framework/Versions/A/PrintCore
0x0000000006126000 	/System/Library/Frameworks/ApplicationServices.framework/Versions/A/Frameworks/QD.framework/Versions/A/QD
0x0000000006126000 	/System/Library/Frameworks/ApplicationServices.framework/Versions/A/Frameworks/SpeechSynthesis.framework/Versions/A/SpeechSynthesis
0x0000000006126000 	/System/Library/Frameworks/Accelerate.framework/Versions/A/Accelerate
0x0000000006126000 	/System/Library/Frameworks/Accelerate.framework/Versions/A/Frameworks/vImage.framework/Versions/A/vImage
0x0000000006126000 	/System/Library/Frameworks/Accelerate.framework/Versions/A/Frameworks/vecLib.framework/Versions/A/vecLib
0x0000000006126000 	/System/Library/Frameworks/Accelerate.framework/Versions/A/Frameworks/vecLib.framework/Versions/A/libvDSP.dylib
0x0000000006126000 	/System/Library/Frameworks/Accelerate.framework/Versions/A/Frameworks/vecLib.framework/Versions/A/libvMisc.dylib
0x0000000006126000 	/System/Library/Frameworks/Accelerate.framework/Versions/A/Frameworks/vecLib.framework/Versions/A/libLAPACK.dylib
0x0000000006126000 	/System/Library/Frameworks/Accelerate.framework/Versions/A/Frameworks/vecLib.framework/Versions/A/libBLAS.dylib
0x0000000006126000 	/System/Library/Frameworks/Accelerate.framework/Versions/A/Frameworks/vecLib.framework/Versions/A/libLinearAlgebra.dylib
0x0000000006126000 	/System/Library/Frameworks/ApplicationServices.framework/Versions/A/Frameworks/ATS.framework/Versions/A/Resources/libFontParser.dylib
0x0000000006126000 	/System/Library/Frameworks/ApplicationServices.framework/Versions/A/Frameworks/ATS.framework/Versions/A/Resources/libFontRegistry.dylib
0x0000000006126000 	/System/Library/PrivateFrameworks/AppleVPA.framework/Versions/A/AppleVPA
0x0000000006126000 	/System/Library/PrivateFrameworks/AppleJPEG.framework/Versions/A/AppleJPEG
0x0000000006126000 	/System/Library/Frameworks/ImageIO.framework/Versions/A/Resources/libJPEG.dylib
0x0000000006126000 	/System/Library/Frameworks/ImageIO.framework/Versions/A/Resources/libTIFF.dylib
0x0000000006126000 	/System/Library/Frameworks/ImageIO.framework/Versions/A/Resources/libPng.dylib
0x0000000006126000 	/System/Library/Frameworks/ImageIO.framework/Versions/A/Resources/libGIF.dylib
0x0000000006126000 	/System/Library/Frameworks/ImageIO.framework/Versions/A/Resources/libJP2.dylib
0x0000000006126000 	/System/Library/Frameworks/ImageIO.framework/Versions/A/Resources/libRadiance.dylib
0x0000000006126000 	/System/Library/Frameworks/CoreVideo.framework/Versions/A/CoreVideo
0x0000000006126000 	/System/Library/Frameworks/OpenGL.framework/Versions/A/Libraries/libGLU.dylib
0x0000000006126000 	/System/Library/Frameworks/OpenGL.framework/Versions/A/Libraries/libGFXShared.dylib
0x0000000006126000 	/System/Library/Frameworks/OpenGL.framework/Versions/A/Libraries/libGL.dylib
0x0000000006126000 	/System/Library/Frameworks/OpenGL.framework/Versions/A/Libraries/libGLImage.dylib
0x0000000006126000 	/System/Library/Frameworks/OpenGL.framework/Versions/A/Libraries/libCVMSPluginSupport.dylib
0x0000000006126000 	/System/Library/Frameworks/OpenGL.framework/Versions/A/Libraries/libCoreVMClient.dylib
0x0000000006126000 	/usr/lib/libcups.2.dylib
0x0000000006126000 	/System/Library/Frameworks/Kerberos.framework/Versions/A/Kerberos
0x0000000006126000 	/System/Library/Frameworks/GSS.framework/Versions/A/GSS
0x0000000006126000 	/usr/lib/libresolv.9.dylib
0x0000000006126000 	/usr/lib/libiconv.2.dylib
0x0000000006126000 	/System/Library/PrivateFrameworks/Heimdal.framework/Versions/A/Heimdal
0x0000000006126000 	/usr/lib/libheimdal-asn1.dylib
0x0000000006126000 	/System/Library/Frameworks/OpenDirectory.framework/Versions/A/OpenDirectory
0x0000000006126000 	/System/Library/PrivateFrameworks/CommonAuth.framework/Versions/A/CommonAuth
0x0000000006126000 	/System/Library/Frameworks/OpenDirectory.framework/Versions/A/Frameworks/CFOpenDirectory.framework/Versions/A/CFOpenDirectory
0x0000000006126000 	/System/Library/Frameworks/SecurityFoundation.framework/Versions/A/SecurityFoundation
0x0000000006126000 	/System/Library/PrivateFrameworks/LanguageModeling.framework/Versions/A/LanguageModeling
0x0000000006126000 	/usr/lib/libcmph.dylib
0x0000000006126000 	/System/Library/Frameworks/ServiceManagement.framework/Versions/A/ServiceManagement
0x0000000006126000 	/usr/lib/libxslt.1.dylib
0x0000000006126000 	/System/Library/Frameworks/Carbon.framework/Versions/A/Frameworks/Ink.framework/Versions/A/Ink
0x0000000006126000 	/System/Library/Frameworks/QuartzCore.framework/Versions/A/Frameworks/CoreImage.framework/Versions/A/CoreImage
0x0000000006126000 	/System/Library/PrivateFrameworks/CrashReporterSupport.framework/Versions/A/CrashReporterSupport
0x0000000006126000 	/System/Library/Frameworks/OpenCL.framework/Versions/A/OpenCL
0x0000000006126000 	/System/Library/PrivateFrameworks/FaceCore.framework/Versions/A/FaceCore
0x0000000006126000 	/System/Library/PrivateFrameworks/Ubiquity.framework/Versions/A/Ubiquity
0x0000000006126000 	/System/Library/PrivateFrameworks/IconServices.framework/Versions/A/IconServices
0x0000000006126000 	/System/Library/PrivateFrameworks/ChunkingLibrary.framework/Versions/A/ChunkingLibrary
0x0000000006126000 	/System/Library/PrivateFrameworks/Apple80211.framework/Versions/A/Apple80211
0x0000000006126000 	/System/Library/Frameworks/CoreWLAN.framework/Versions/A/CoreWLAN
0x0000000006126000 	/System/Library/Frameworks/IOBluetooth.framework/Versions/A/IOBluetooth
0x0000000006126000 	/System/Library/PrivateFrameworks/CoreWiFi.framework/Versions/A/CoreWiFi
0x0000000006126000 	/System/Library/Frameworks/CoreBluetooth.framework/Versions/A/CoreBluetooth
0x0000000006126000 	/System/Library/PrivateFrameworks/DebugSymbols.framework/Versions/A/DebugSymbols
0x0000000006126000 	/System/Library/PrivateFrameworks/CoreSymbolication.framework/Versions/A/CoreSymbolication
0x0000000006126000 	/System/Library/PrivateFrameworks/Symbolication.framework/Versions/A/Symbolication
0x0000000006126000 	/System/Library/PrivateFrameworks/SpeechRecognitionCore.framework/Versions/A/SpeechRecognitionCore
0x0000000110200000 	/Library/Java/JavaVirtualMachines/jdk1.8.0_73.jdk/Contents/Home/jre/lib/server/libjvm.dylib
0x0000000006126000 	/usr/lib/libstdc++.6.dylib
0x000000010f952000 	/Library/Java/JavaVirtualMachines/jdk1.8.0_73.jdk/Contents/Home/jre/lib/libverify.dylib
0x000000010f960000 	/Library/Java/JavaVirtualMachines/jdk1.8.0_73.jdk/Contents/Home/jre/lib/libjava.dylib
0x000000010f99f000 	/Library/Java/JavaVirtualMachines/jdk1.8.0_73.jdk/Contents/Home/jre/lib/libzip.dylib
0x000000010f9e5000 	/System/Library/Frameworks/JavaVM.framework/Frameworks/JavaRuntimeSupport.framework/JavaRuntimeSupport
0x0000000124c5f000 	/System/Library/Frameworks/JavaVM.framework/Versions/A/Frameworks/JavaNativeFoundation.framework/Versions/A/JavaNativeFoundation
0x0000000124c74000 	/System/Library/Frameworks/JavaVM.framework/Versions/A/JavaVM
0x0000000006126000 	/System/Library/Frameworks/Carbon.framework/Versions/A/Carbon
0x0000000124c81000 	/System/Library/PrivateFrameworks/JavaLaunching.framework/Versions/A/JavaLaunching
0x0000000006126000 	/System/Library/Frameworks/Carbon.framework/Versions/A/Frameworks/CommonPanels.framework/Versions/A/CommonPanels
0x0000000006126000 	/System/Library/Frameworks/Carbon.framework/Versions/A/Frameworks/Help.framework/Versions/A/Help
0x0000000006126000 	/System/Library/Frameworks/Carbon.framework/Versions/A/Frameworks/ImageCapture.framework/Versions/A/ImageCapture
0x0000000006126000 	/System/Library/Frameworks/Carbon.framework/Versions/A/Frameworks/OpenScripting.framework/Versions/A/OpenScripting
0x0000000006126000 	/System/Library/Frameworks/Carbon.framework/Versions/A/Frameworks/Print.framework/Versions/A/Print
0x0000000006126000 	/System/Library/Frameworks/Carbon.framework/Versions/A/Frameworks/SecurityHI.framework/Versions/A/SecurityHI
0x0000000126af6000 	/Library/Java/JavaVirtualMachines/jdk1.8.0_73.jdk/Contents/Home/jre/lib/libawt.dylib
0x0000000126b9e000 	/Library/Java/JavaVirtualMachines/jdk1.8.0_73.jdk/Contents/Home/jre/lib/./libmlib_image.dylib
0x0000000126c6a000 	/Library/Java/JavaVirtualMachines/jdk1.8.0_73.jdk/Contents/Home/jre/lib/libawt_lwawt.dylib
0x0000000126d1f000 	/Library/Java/JavaVirtualMachines/jdk1.8.0_73.jdk/Contents/Home/jre/lib/./libosxapp.dylib
0x0000000006126000 	/System/Library/Frameworks/ExceptionHandling.framework/Versions/A/ExceptionHandling
0x0000000006126000 	/System/Library/PrivateFrameworks/CoreServicesInternal.framework/Versions/A/CoreServicesInternal
0x0000000006126000 	/System/Library/PrivateFrameworks/CloudDocs.framework/Versions/A/CloudDocs
0x0000000006126000 	/System/Library/PrivateFrameworks/CoreDuet.framework/Versions/A/CoreDuet
0x0000000006126000 	/System/Library/Frameworks/CloudKit.framework/Versions/A/CloudKit
0x0000000006126000 	/System/Library/PrivateFrameworks/ProtocolBuffer.framework/Versions/A/ProtocolBuffer
0x0000000006126000 	/System/Library/PrivateFrameworks/CoreDuetDaemonProtocol.framework/Versions/A/CoreDuetDaemonProtocol
0x0000000006126000 	/System/Library/PrivateFrameworks/CoreDuetDebugLogging.framework/Versions/A/CoreDuetDebugLogging
0x0000000006126000 	/System/Library/PrivateFrameworks/MMCS.framework/Versions/A/MMCS
0x0000000006126000 	/System/Library/Frameworks/CoreLocation.framework/Versions/A/CoreLocation
0x0000000006126000 	/System/Library/PrivateFrameworks/ProtectedCloudStorage.framework/Versions/A/ProtectedCloudStorage
0x0000000006126000 	/System/Library/PrivateFrameworks/GeoServices.framework/Versions/A/GeoServices
0x0000000006126000 	/System/Library/Frameworks/CoreGraphics.framework/Versions/A/Resources/libCGCMS.A.dylib
0x0000000006126000 	/System/Library/Frameworks/CoreGraphics.framework/Versions/A/Resources/libRIP.A.dylib
0x0000000006126000 	/System/Library/Frameworks/CoreGraphics.framework/Versions/A/Resources/libCGXType.A.dylib
0x0000000006126000 	/System/Library/Frameworks/OpenCL.framework/Versions/A/Libraries/libcldcpuengine.dylib
0x0000000006126000 	/System/Library/PrivateFrameworks/DiskImages.framework/Versions/A/DiskImages
0x0000000006126000 	/System/Library/Frameworks/DiscRecording.framework/Versions/A/DiscRecording
0x0000000006126000 	/usr/lib/libcsfde.dylib
0x0000000006126000 	/usr/lib/libcurl.4.dylib
0x0000000006126000 	/System/Library/PrivateFrameworks/MediaKit.framework/Versions/A/MediaKit
0x0000000006126000 	/usr/lib/libCoreStorage.dylib
0x0000000006126000 	/System/Library/PrivateFrameworks/EFILogin.framework/Versions/A/EFILogin
0x0000000006126000 	/usr/lib/libutil.dylib
0x0000000006126000 	/System/Library/PrivateFrameworks/FindMyDevice.framework/Versions/A/FindMyDevice
0x0000000006126000 	/System/Library/Frameworks/LDAP.framework/Versions/A/LDAP
0x0000000006126000 	/usr/lib/libsasl2.2.dylib
0x0000000006126000 	/System/Library/PrivateFrameworks/CoreDaemon.framework/Versions/B/CoreDaemon
0x0000000006126000 	/usr/lib/libcrypto.0.9.8.dylib
0x0000000006126000 	/System/Library/PrivateFrameworks/AppleSRP.framework/Versions/A/AppleSRP
0x0000000006126000 	/System/Library/PrivateFrameworks/TrustEvaluationAgent.framework/Versions/A/TrustEvaluationAgent
0x000000012a0a3000 	cl_kernels
0x000000012a0a5000 	/System/Library/Frameworks/OpenCL.framework/Versions/A/Libraries/ImageFormats/unorm8_bgra.dylib
0x000000012a094000 	cl_kernels
0x0000000006126000 	/System/Library/PrivateFrameworks/FamilyControls.framework/Versions/A/FamilyControls
0x0000000006126000 	/System/Library/PrivateFrameworks/CommerceKit.framework/Versions/A/Frameworks/CommerceCore.framework/Versions/A/CommerceCore
0x0000000006126000 	/System/Library/PrivateFrameworks/SystemAdministration.framework/Versions/A/SystemAdministration
0x0000000006126000 	/System/Library/PrivateFrameworks/AppContainer.framework/Versions/A/AppContainer
0x0000000006126000 	/System/Library/PrivateFrameworks/SecCodeWrapper.framework/Versions/A/SecCodeWrapper
0x0000000006126000 	/System/Library/Frameworks/DirectoryService.framework/Versions/A/DirectoryService
0x0000000006126000 	/System/Library/PrivateFrameworks/LoginUIKit.framework/Versions/A/Frameworks/LoginUICore.framework/Versions/A/LoginUICore
0x0000000006126000 	/usr/lib/libodfde.dylib
0x0000000006126000 	/System/Library/Frameworks/OpenGL.framework/Versions/A/Resources/GLEngine.bundle/GLEngine
0x0000000006126000 	/System/Library/Frameworks/OpenGL.framework/Versions/A/Libraries/libGLProgrammability.dylib
0x000000012b38e000 	/System/Library/Extensions/AppleIntelHD4000GraphicsGLDriver.bundle/Contents/MacOS/AppleIntelHD4000GraphicsGLDriver
0x0000000006126000 	/System/Library/PrivateFrameworks/IOAccelerator.framework/Versions/A/IOAccelerator
0x0000000006126000 	/System/Library/PrivateFrameworks/GPUSupport.framework/Versions/A/Libraries/libGPUSupportMercury.dylib
0x0000000006126000 	/System/Library/Frameworks/OpenGL.framework/Versions/A/Resources/GLRendererFloat.bundle/GLRendererFloat
0x000000012c383000 	/Library/Java/JavaVirtualMachines/jdk1.8.0_73.jdk/Contents/Home/jre/lib/libfontmanager.dylib
0x000000012d482000 	/Library/Java/JavaVirtualMachines/jdk1.8.0_73.jdk/Contents/Home/jre/lib/libosxui.dylib
0x000000012d701000 	/Library/Java/JavaVirtualMachines/jdk1.8.0_73.jdk/Contents/Home/jre/lib/libnet.dylib
0x000000012d48b000 	/Library/Java/JavaVirtualMachines/jdk1.8.0_73.jdk/Contents/Home/jre/lib/libnio.dylib
0x0000000006126000 	/System/Library/Frameworks/ApplicationServices.framework/Versions/A/Frameworks/ATS.framework/Versions/A/Resources/libTrueTypeScaler.dylib
0x0000000199d44000 	/private/var/folders/gx/lpn_2smn21b5jx4mf4ptd0z40000gn/T/jogamp_0000/file_cache/jln2965241058514383700/jln6730519246176443560/libgluegen-rt.jnilib
0x000000012d49f000 	/private/var/folders/gx/lpn_2smn21b5jx4mf4ptd0z40000gn/T/jogamp_0000/file_cache/jln2965241058514383700/jln6730519246176443560/libnativewindow_awt.jnilib
0x0000000199d48000 	/Library/Java/JavaVirtualMachines/jdk1.8.0_73.jdk/Contents/Home/jre/lib/libjawt.dylib
0x0000000199d4b000 	/private/var/folders/gx/lpn_2smn21b5jx4mf4ptd0z40000gn/T/jogamp_0000/file_cache/jln2965241058514383700/jln6730519246176443560/libnativewindow_macosx.jnilib
0x000000019bb25000 	/private/var/folders/gx/lpn_2smn21b5jx4mf4ptd0z40000gn/T/jogamp_0000/file_cache/jln2965241058514383700/jln6730519246176443560/libjogl_desktop.jnilib
0x00000001a1787000 	/Library/Java/JavaVirtualMachines/jdk1.8.0_73.jdk/Contents/Home/jre/lib/libt2k.dylib
0x0000000006126000 	/System/Library/Frameworks/Accelerate.framework/Versions/A/Frameworks/vImage.framework/Versions/A/Libraries/libCGInterfaces.dylib

VM Arguments:
jvm_args: -Djava.security.policy=java.policy.applet -Dfile.encoding=UTF-8 
java_command: sun.applet.AppletViewer module6.EarthquakeCityMap1458260033571.html
java_class_path (initial): /Volumes/Other/ComputerScience/Java/Coursera/Java Programming Object-Oriented Design of Data Structures Specialization/UCSDUnfoldingMaps/build:/Volumes/Other/ComputerScience/Java/Coursera/Java Programming Object-Oriented Design of Data Structures Specialization/UCSDUnfoldingMaps/lib/core.jar:/Volumes/Other/ComputerScience/Java/Coursera/Java Programming Object-Oriented Design of Data Structures Specialization/UCSDUnfoldingMaps/lib/gluegen-rt.jar:/Volumes/Other/ComputerScience/Java/Coursera/Java Programming Object-Oriented Design of Data Structures Specialization/UCSDUnfoldingMaps/lib/jogl-all.jar:/Volumes/Other/ComputerScience/Java/Coursera/Java Programming Object-Oriented Design of Data Structures Specialization/UCSDUnfoldingMaps/lib/log4j-1.2.15.jar:/Volumes/Other/ComputerScience/Java/Coursera/Java Programming Object-Oriented Design of Data Structures Specialization/UCSDUnfoldingMaps/lib/sqlite-jdbc-3.7.2.jar:/Volumes/Other/ComputerScience/Java/Coursera/Java Programming Object-Oriented Design of Data Structures Specialization/UCSDUnfoldingMaps/lib/json4processing.jar:/Volumes/Other/ComputerScience/Java/Coursera/Java Programming Object-Oriented Design of Data Structures Specialization/UCSDUnfoldingMaps/lib/libTUIO.jar:/Volumes/Other/ComputerScience/Java/Coursera/Java Programming Object-Oriented Design of Data Structures Specialization/UCSDUnfoldingMaps/lib/unfolding.0.9.7-uscd.jar:/Volumes/Other/ComputerScience/Java/Coursera/Java Programming Object-Oriented Design of Data Structures Specialization/UCSDUnfoldingMaps/lib/controlP5/library/controlP5.jar:/Users/zhihuixie/Downloads/geonames-source-1.1.13.jar:/Users/zhihuixie/Downloads/jdom/build/jdom-1.1.3.jar
Launcher Type: SUN_STANDARD

Environment Variables:
PATH=/usr/bin:/bin:/usr/sbin:/sbin
SHELL=/bin/bash

Signal Handlers:
SIGSEGV: [libjvm.dylib+0x5a71a5], sa_mask[0]=11111111011111110111111111111111, sa_flags=SA_ONSTACK|SA_RESTART|SA_SIGINFO
SIGBUS: [libjvm.dylib+0x5a71a5], sa_mask[0]=11111111011111110111111111111111, sa_flags=SA_RESTART|SA_SIGINFO
SIGFPE: [libjvm.dylib+0x480eb4], sa_mask[0]=11111111011111110111111111111111, sa_flags=SA_RESTART|SA_SIGINFO
SIGPIPE: [libjvm.dylib+0x480eb4], sa_mask[0]=11111111011111110111111111111111, sa_flags=SA_RESTART|SA_SIGINFO
SIGXFSZ: [libjvm.dylib+0x480eb4], sa_mask[0]=11111111011111110111111111111111, sa_flags=SA_RESTART|SA_SIGINFO
SIGILL: [libjvm.dylib+0x480eb4], sa_mask[0]=11111111011111110111111111111111, sa_flags=SA_RESTART|SA_SIGINFO
SIGUSR1: SIG_DFL, sa_mask[0]=00000000000000000000000000000000, sa_flags=none
SIGUSR2: [libjvm.dylib+0x4809d2], sa_mask[0]=00100000000000000000000000000000, sa_flags=SA_RESTART|SA_SIGINFO
SIGHUP: [libjvm.dylib+0x47efa9], sa_mask[0]=11111111011111110111111111111111, sa_flags=SA_RESTART|SA_SIGINFO
SIGINT: [libjvm.dylib+0x47efa9], sa_mask[0]=11111111011111110111111111111111, sa_flags=SA_RESTART|SA_SIGINFO
SIGTERM: [libjvm.dylib+0x47efa9], sa_mask[0]=11111111011111110111111111111111, sa_flags=SA_RESTART|SA_SIGINFO
SIGQUIT: [libjvm.dylib+0x47efa9], sa_mask[0]=11111111011111110111111111111111, sa_flags=SA_RESTART|SA_SIGINFO


---------------  S Y S T E M  ---------------

OS:Bsduname:Darwin 14.5.0 Darwin Kernel Version 14.5.0: Wed Jul 29 02:26:53 PDT 2015; root:xnu-2782.40.9~1/RELEASE_X86_64 x86_64
rlimit: STACK 8192k, CORE 0k, NPROC 709, NOFILE 10240, AS infinity
load average:1.78 1.70 1.59

CPU:total 4 (2 cores per cpu, 2 threads per core) family 6 model 58 stepping 9, cmov, cx8, fxsr, mmx, sse, sse2, sse3, ssse3, sse4.1, sse4.2, popcnt, avx, aes, clmul, erms, ht, tsc, tscinvbit, tscinv

Memory: 4k page, physical 4194304k(140512k free)

/proc/meminfo:


vm_info: Java HotSpot(TM) 64-Bit Server VM (25.73-b02) for bsd-amd64 JRE (1.8.0_73-b02), built on Jan 29 2016 15:02:00 by "java_re" with gcc 4.2.1 (Based on Apple Inc. build 5658) (LLVM build 2336.11.00)

time: Thu Mar 17 17:15:40 2016
elapsed time: 107 seconds (0d 0h 1m 47s)

