#
# A fatal error has been detected by the Java Runtime Environment:
#
#  SIGSEGV (0xb) at pc=0x00007fff8c9dc0dd, pid=1195, tid=1811
#
# JRE version: Java(TM) SE Runtime Environment (8.0_73-b02) (build 1.8.0_73-b02)
# Java VM: Java HotSpot(TM) 64-Bit Server VM (25.73-b02 mixed mode bsd-amd64 compressed oops)
# Problematic frame:
# C  [libobjc.A.dylib+0x10dd]  objc_msgSend+0x1d
#
# Failed to write core dump. Core dumps have been disabled. To enable core dumping, try "ulimit -c unlimited" before starting Java again
#
# If you would like to submit a bug report, please visit:
#   http://bugreport.java.com/bugreport/crash.jsp
# The crash happened outside the Java Virtual Machine in native code.
# See problematic frame for where to report the bug.
#

---------------  T H R E A D  ---------------

Current thread (0x00007fd72c034000):  JavaThread "AWT-AppKit" daemon [_thread_in_native, id=1811, stack(0x00007fff59ca7000,0x00007fff5a4a7000)]

siginfo: si_signo: 11 (SIGSEGV), si_code: 1 (SEGV_MAPERR), si_addr: 0x000007fd72f92810

Registers:
RAX=0x00007fd72f6715a0, RBX=0x000000018fd4d450, RCX=0x0000000122510600, RDX=0x0000000123498a60
RSP=0x00007fff5a4a20f8, RBP=0x00007fff5a4a21b0, RSI=0x00007fff8da5640f, RDI=0x00007fd72f7ec4a0
R8 =0x0000000000000000, R9 =0x0000000000000f50, R10=0x00007fff8da5640f, R11=0x000007fd72f927f8
R12=0x0000000000000000, R13=0x0000000191d454c0, R14=0x000000018fd4d440, R15=0x00007fd72c034000
RIP=0x00007fff8c9dc0dd, EFLAGS=0x0000000000010202, ERR=0x0000000000000004
  TRAPNO=0x000000000000000e

Top of Stack: (sp=0x00007fff5a4a20f8)
0x00007fff5a4a20f8:   000000018fd4b157 00007fff5a4a2150
0x00007fff5a4a2108:   0000000000000003 00007fff5a4a2130
0x00007fff5a4a2118:   00000001063f1646 0000000191d454c0
0x00007fff5a4a2128:   0000000191d454c0 00007fd72f6715a0
0x00007fff5a4a2138:   000000018fd4d6a0 000000018fd4d710
0x00007fff5a4a2148:   00007fff79fb7550 00007fff79e5bc80
0x00007fff5a4a2158:   000000018fd4d450 000000018fd4d690
0x00007fff5a4a2168:   00007fd72f6715a0 00007fd72f7ec4a0
0x00007fff5a4a2178:   00007fd72a5491f0 00007fd72f6715a0
0x00007fff5a4a2188:   00007fd72f7ec4a0 00007fff5a4a2238
0x00007fff5a4a2198:   00007fd72c0341f8 0000000191d454c0
0x00007fff5a4a21a8:   00007fff5a4a2260 00007fff5a4a2228
0x00007fff5a4a21b8:   00000001071a2954 0000000191d454c0
0x00007fff5a4a21c8:   00007fff5a4a2260 00007fff5a4a2228
0x00007fff5a4a21d8:   00000001071a26e7 00000001071a26a2
0x00007fff5a4a21e8:   00007fff5a4a21e8 0000000191d454c0
0x00007fff5a4a21f8:   00007fff5a4a2260 0000000191d480f8
0x00007fff5a4a2208:   0000000000000000 0000000191d454c0
0x00007fff5a4a2218:   0000000000000000 00007fff5a4a2248
0x00007fff5a4a2228:   00007fff5a4a22a8 0000000107194c4d
0x00007fff5a4a2238:   0000000780b4f4e0 000000010719c578
0x00007fff5a4a2248:   00007fd72f6715a0 00007fff5a4a22a8
0x00007fff5a4a2258:   00007fd72f7ec4a0 000000010719dd82
0x00007fff5a4a2268:   00007fff5a4a2268 0000000191d4568a
0x00007fff5a4a2278:   00007fff5a4a22d0 0000000191d480f8
0x00007fff5a4a2288:   0000000000000000 0000000191d45698
0x00007fff5a4a2298:   00007fff5a4a2248 00007fff5a4a22b8
0x00007fff5a4a22a8:   00007fff5a4a2318 0000000107194c4d
0x00007fff5a4a22b8:   00007fd72f6715a0 0000000780cd0cd0
0x00007fff5a4a22c8:   00007fd72f7ec4a0 0000000780cd0cd0
0x00007fff5a4a22d8:   00007fff5a4a22d8 00000001995cdfd6
0x00007fff5a4a22e8:   00007fff5a4a2328 00000001995ce090 

Instructions: (pc=0x00007fff8c9dc0dd)
0x00007fff8c9dc0bd:   00 00 00 48 85 ff 2e 74 7a 40 f6 c7 01 2e 75 7e
0x00007fff8c9dc0cd:   49 bb f8 ff ff ff ff 7f 00 00 4c 23 1f 49 89 f2
0x00007fff8c9dc0dd:   45 23 53 18 49 c1 e2 04 4d 03 53 10 49 3b 32 75
0x00007fff8c9dc0ed:   04 41 ff 62 08 49 83 3a 00 74 6a 4d 3b 53 10 74 

Register to memory mapping:

RAX=0x00007fd72f6715a0 is an unknown value
RBX=0x000000018fd4d450: Java_jogamp_nativewindow_macosx_OSXUtil_GetScreenRefreshRate0+0x1cf0 in /private/var/folders/gx/lpn_2smn21b5jx4mf4ptd0z40000gn/T/jogamp_0000/file_cache/jln680207659844740354/jln1403763237721472597/libnativewindow_macosx.jnilib at 0x000000018fd46000
RCX=0x0000000122510600 is an unknown value
RDX=0x0000000123498a60 is an unknown value
RSP=0x00007fff5a4a20f8 is pointing into the stack for thread: 0x00007fd72c034000
RBP=0x00007fff5a4a21b0 is pointing into the stack for thread: 0x00007fd72c034000
RSI=0x00007fff8da5640f is an unknown value
RDI=0x00007fd72f7ec4a0 is an unknown value
R8 =0x0000000000000000 is an unknown value
R9 =0x0000000000000f50 is an unknown value
R10=0x00007fff8da5640f is an unknown value
R11=0x000007fd72f927f8 is an unknown value
R12=0x0000000000000000 is an unknown value
R13={method} {0x0000000191d454c0} 'UnsetJAWTRootSurfaceLayer0' '(JJ)V' in 'jogamp/nativewindow/jawt/macosx/MacOSXJAWTWindow'
R14=0x000000018fd4d440: Java_jogamp_nativewindow_macosx_OSXUtil_GetScreenRefreshRate0+0x1ce0 in /private/var/folders/gx/lpn_2smn21b5jx4mf4ptd0z40000gn/T/jogamp_0000/file_cache/jln680207659844740354/jln1403763237721472597/libnativewindow_macosx.jnilib at 0x000000018fd46000
R15=0x00007fd72c034000 is a thread


Stack: [0x00007fff59ca7000,0x00007fff5a4a7000],  sp=0x00007fff5a4a20f8,  free space=8172k
Native frames: (J=compiled Java code, j=interpreted, Vv=VM code, C=native code)
C  [libobjc.A.dylib+0x10dd]  objc_msgSend+0x1d
j  jogamp.nativewindow.jawt.macosx.MacOSXJAWTWindow.UnsetJAWTRootSurfaceLayer0(JJ)V+0
j  jogamp.nativewindow.jawt.macosx.MacOSXJAWTWindow.access$200(JJ)V+2
j  jogamp.nativewindow.jawt.macosx.MacOSXJAWTWindow$1.run()V+38
J 3335 C1 com.jogamp.common.util.RunnableTask.run()V (345 bytes) @ 0x0000000107b5c874 [0x0000000107b5c6e0+0x194]
v  ~StubRoutines::call_stub
V  [libjvm.dylib+0x2eae7a]
V  [libjvm.dylib+0x321f83]
V  [libjvm.dylib+0x314757]
C  [libnativewindow_macosx.jnilib+0x5326]  Java_jogamp_nativewindow_jawt_macosx_MacOSXJAWTWindow_UnsetJAWTRootSurfaceLayer0+0x2b6
C  [Foundation+0x92dd0]  __NSThreadPerformPerform+0x125
C  [CoreFoundation+0x80a01]  __CFRUNLOOP_IS_CALLING_OUT_TO_A_SOURCE0_PERFORM_FUNCTION__+0x11
C  [CoreFoundation+0x72c5c]  __CFRunLoopDoSources0+0x1dc
C  [CoreFoundation+0x721bf]  __CFRunLoopRun+0x39f
C  [CoreFoundation+0x71bd8]  CFRunLoopRunSpecific+0x128
C  [HIToolbox+0x3256f]  RunCurrentEventLoopInMode+0xeb
C  [HIToolbox+0x321ee]  ReceiveNextEventCommon+0xb3
C  [HIToolbox+0x3212b]  _BlockUntilNextEventMatchingListInModeWithFilter+0x47
C  [AppKit+0x918ab]  _DPSNextEvent+0x3d2
C  [AppKit+0x90e58]  -[NSApplication nextEventMatchingMask:untilDate:inMode:dequeue:]+0x15a
C  [libosxapp.dylib+0x23aa]  -[NSApplicationAWT nextEventMatchingMask:untilDate:inMode:dequeue:]+0x7c
C  [AppKit+0x86af3]  -[NSApplication run]+0x252
C  [libosxapp.dylib+0x214d]  +[NSApplicationAWT runAWTLoopWithApp:]+0x9c
C  [libawt_lwawt.dylib+0x4455b]  -[AWTStarter starter:]+0x389
C  [Foundation+0x92dd0]  __NSThreadPerformPerform+0x125
C  [CoreFoundation+0x80a01]  __CFRUNLOOP_IS_CALLING_OUT_TO_A_SOURCE0_PERFORM_FUNCTION__+0x11
C  [CoreFoundation+0x72b8d]  __CFRunLoopDoSources0+0x10d
C  [CoreFoundation+0x721bf]  __CFRunLoopRun+0x39f
C  [CoreFoundation+0x71bd8]  CFRunLoopRunSpecific+0x128
C  [java+0x6463]  CreateExecutionEnvironment+0x367
C  [java+0x21ac]  JLI_Launch+0x7a0
C  [java+0x84c0]  main+0x65
C  [java+0x1a04]  start+0x34
C  0x0000000000000007

Java frames: (J=compiled Java code, j=interpreted, Vv=VM code)
j  jogamp.nativewindow.jawt.macosx.MacOSXJAWTWindow.UnsetJAWTRootSurfaceLayer0(JJ)V+0
j  jogamp.nativewindow.jawt.macosx.MacOSXJAWTWindow.access$200(JJ)V+2
j  jogamp.nativewindow.jawt.macosx.MacOSXJAWTWindow$1.run()V+38
J 3335 C1 com.jogamp.common.util.RunnableTask.run()V (345 bytes) @ 0x0000000107b5c874 [0x0000000107b5c6e0+0x194]
v  ~StubRoutines::call_stub

---------------  P R O C E S S  ---------------

Java Threads: ( => current thread )
  0x00007fd72afd2800 JavaThread "Thread-20" [_thread_blocked, id=35143, stack(0x000000019850f000,0x000000019860f000)]
  0x00007fd72c645000 JavaThread "TimerQueue" daemon [_thread_blocked, id=62623, stack(0x0000000199f71000,0x000000019a071000)]
  0x00007fd72ac4c000 JavaThread "AWT-EventQueue-1" [_thread_in_native, id=57107, stack(0x000000019038f000,0x000000019048f000)]
  0x00007fd72b9d7800 JavaThread "DestroyJavaVM" [_thread_blocked, id=4867, stack(0x0000000105870000,0x0000000105970000)]
  0x00007fd72a9b2000 JavaThread "AWT-EventQueue-0" [_thread_blocked, id=54019, stack(0x0000000123525000,0x0000000123625000)]
  0x00007fd72b9a2000 JavaThread "Java2D Disposer" daemon [_thread_blocked, id=50967, stack(0x00000001222a1000,0x00000001223a1000)]
  0x00007fd72b99e800 JavaThread "Java2D Queue Flusher" daemon [_thread_blocked, id=49671, stack(0x00000001212ac000,0x00000001213ac000)]
  0x00007fd72b094800 JavaThread "AWT-Shutdown" [_thread_blocked, id=28179, stack(0x000000011e94a000,0x000000011ea4a000)]
=>0x00007fd72c034000 JavaThread "AWT-AppKit" daemon [_thread_in_native, id=1811, stack(0x00007fff59ca7000,0x00007fff5a4a7000)]
  0x00007fd72c00e800 JavaThread "Service Thread" daemon [_thread_blocked, id=18179, stack(0x000000011c99a000,0x000000011ca9a000)]
  0x00007fd72b80c000 JavaThread "C1 CompilerThread2" daemon [_thread_blocked, id=17667, stack(0x000000011c897000,0x000000011c997000)]
  0x00007fd72a858800 JavaThread "C2 CompilerThread1" daemon [_thread_blocked, id=17155, stack(0x000000011c794000,0x000000011c894000)]
  0x00007fd72a856800 JavaThread "C2 CompilerThread0" daemon [_thread_blocked, id=16643, stack(0x000000011c691000,0x000000011c791000)]
  0x00007fd72a81a800 JavaThread "Signal Dispatcher" daemon [_thread_blocked, id=13335, stack(0x000000011c58e000,0x000000011c68e000)]
  0x00007fd72b808000 JavaThread "Finalizer" daemon [_thread_blocked, id=11523, stack(0x000000011ab65000,0x000000011ac65000)]
  0x00007fd72b02d800 JavaThread "Reference Handler" daemon [_thread_blocked, id=11011, stack(0x000000011aa62000,0x000000011ab62000)]

Other Threads:
  0x00007fd72b02b000 VMThread [stack: 0x000000011a95f000,0x000000011aa5f000] [id=10499]
  0x00007fd72a80b000 WatcherThread [stack: 0x000000011ca9d000,0x000000011cb9d000] [id=18691]

VM state:not at safepoint (normal execution)

VM Mutex/Monitor currently owned by a thread: None

Heap:
 PSYoungGen      total 52224K, used 37415K [0x00000007aab00000, 0x00000007ae980000, 0x00000007c0000000)
  eden space 45568K, 68% used [0x00000007aab00000,0x00000007ac959ae0,0x00000007ad780000)
  from space 6656K, 95% used [0x00000007ad900000,0x00000007adf30140,0x00000007adf80000)
  to   space 9216K, 0% used [0x00000007ae080000,0x00000007ae080000,0x00000007ae980000)
 ParOldGen       total 44032K, used 15422K [0x0000000780000000, 0x0000000782b00000, 0x00000007aab00000)
  object space 44032K, 35% used [0x0000000780000000,0x0000000780f0f948,0x0000000782b00000)
 Metaspace       used 24193K, capacity 24527K, committed 24832K, reserved 1071104K
  class space    used 2431K, capacity 2526K, committed 2560K, reserved 1048576K

Card table byte_map: [0x000000011654d000,0x000000011674e000] byte_map_base: 0x000000011294d000

Marking Bits: (ParMarkBitMap*) 0x0000000106ae3ea0
 Begin Bits: [0x0000000116cb0000, 0x0000000117cb0000)
 End Bits:   [0x0000000117cb0000, 0x0000000118cb0000)

Polling page: 0x00000001059b5000

CodeCache: size=245760Kb used=10949Kb max_used=11175Kb free=234810Kb
 bounds [0x000000010718d000, 0x0000000107c9d000, 0x000000011618d000]
 total_blobs=4137 nmethods=3197 adapters=852
 compilation: enabled

Compilation events (10 events):
Event: 78.744 Thread 0x00007fd72b80c000 3677       3       java.awt.Toolkit::notifyAWTEventListeners (36 bytes)
Event: 78.744 Thread 0x00007fd72b80c000 nmethod 3677 0x0000000107338a10 code [0x0000000107338bc0, 0x00000001073391a8]
Event: 78.758 Thread 0x00007fd72b80c000 3678       3       sun.lwawt.macosx.CPlatformWindow::getTopmostPlatformWindowUnderMouse (4 bytes)
Event: 78.758 Thread 0x00007fd72b80c000 nmethod 3678 0x00000001072f8b50 code [0x00000001072f8cc0, 0x00000001072f8e48]
Event: 78.760 Thread 0x00007fd72b80c000 3680       3       sun.lwawt.LWWindowPeer::generateMouseEnterExitEventsForComponents (141 bytes)
Event: 78.761 Thread 0x00007fd72b80c000 nmethod 3680 0x000000010776eb90 code [0x000000010776eda0, 0x0000000107770018]
Event: 78.806 Thread 0x00007fd72b80c000 3681       3       java.awt.EventQueue::coalescePeerEvent (66 bytes)
Event: 78.807 Thread 0x00007fd72b80c000 nmethod 3681 0x000000010730ded0 code [0x000000010730e080, 0x000000010730e748]
Event: 79.458 Thread 0x00007fd72b80c000 3682       3       sun.java2d.pipe.BufferedPaints::setColor (25 bytes)
Event: 79.459 Thread 0x00007fd72b80c000 nmethod 3682 0x000000010783b550 code [0x000000010783b6e0, 0x000000010783bda8]

GC Heap History (10 events):
Event: 44.958 GC heap before
{Heap before GC invocations=12 (full 1):
 PSYoungGen      total 52736K, used 50352K [0x00000007aab00000, 0x00000007aea00000, 0x00000007c0000000)
  eden space 44032K, 100% used [0x00000007aab00000,0x00000007ad600000,0x00000007ad600000)
  from space 8704K, 72% used [0x00000007ae180000,0x00000007ae7ac130,0x00000007aea00000)
  to   space 10240K, 0% used [0x00000007ad600000,0x00000007ad600000,0x00000007ae000000)
 ParOldGen       total 44032K, used 15422K [0x0000000780000000, 0x0000000782b00000, 0x00000007aab00000)
  object space 44032K, 35% used [0x0000000780000000,0x0000000780f0f948,0x0000000782b00000)
 Metaspace       used 24143K, capacity 24399K, committed 24576K, reserved 1071104K
  class space    used 2428K, capacity 2526K, committed 2560K, reserved 1048576K
Event: 44.962 GC heap after
Heap after GC invocations=12 (full 1):
 PSYoungGen      total 54272K, used 6288K [0x00000007aab00000, 0x00000007af000000, 0x00000007c0000000)
  eden space 44032K, 0% used [0x00000007aab00000,0x00000007aab00000,0x00000007ad600000)
  from space 10240K, 61% used [0x00000007ad600000,0x00000007adc24150,0x00000007ae000000)
  to   space 9728K, 0% used [0x00000007ae680000,0x00000007ae680000,0x00000007af000000)
 ParOldGen       total 44032K, used 15422K [0x0000000780000000, 0x0000000782b00000, 0x00000007aab00000)
  object space 44032K, 35% used [0x0000000780000000,0x0000000780f0f948,0x0000000782b00000)
 Metaspace       used 24143K, capacity 24399K, committed 24576K, reserved 1071104K
  class space    used 2428K, capacity 2526K, committed 2560K, reserved 1048576K
}
Event: 51.925 GC heap before
{Heap before GC invocations=13 (full 1):
 PSYoungGen      total 54272K, used 50320K [0x00000007aab00000, 0x00000007af000000, 0x00000007c0000000)
  eden space 44032K, 100% used [0x00000007aab00000,0x00000007ad600000,0x00000007ad600000)
  from space 10240K, 61% used [0x00000007ad600000,0x00000007adc24150,0x00000007ae000000)
  to   space 9728K, 0% used [0x00000007ae680000,0x00000007ae680000,0x00000007af000000)
 ParOldGen       total 44032K, used 15422K [0x0000000780000000, 0x0000000782b00000, 0x00000007aab00000)
  object space 44032K, 35% used [0x0000000780000000,0x0000000780f0f948,0x0000000782b00000)
 Metaspace       used 24143K, capacity 24399K, committed 24576K, reserved 1071104K
  class space    used 2428K, capacity 2526K, committed 2560K, reserved 1048576K
Event: 51.930 GC heap after
Heap after GC invocations=13 (full 1):
 PSYoungGen      total 58880K, used 6352K [0x00000007aab00000, 0x00000007aef00000, 0x00000007c0000000)
  eden space 50176K, 0% used [0x00000007aab00000,0x00000007aab00000,0x00000007adc00000)
  from space 8704K, 72% used [0x00000007ae680000,0x00000007aecb4130,0x00000007aef00000)
  to   space 9728K, 0% used [0x00000007adc00000,0x00000007adc00000,0x00000007ae580000)
 ParOldGen       total 44032K, used 15422K [0x0000000780000000, 0x0000000782b00000, 0x00000007aab00000)
  object space 44032K, 35% used [0x0000000780000000,0x0000000780f0f948,0x0000000782b00000)
 Metaspace       used 24143K, capacity 24399K, committed 24576K, reserved 1071104K
  class space    used 2428K, capacity 2526K, committed 2560K, reserved 1048576K
}
Event: 59.855 GC heap before
{Heap before GC invocations=14 (full 1):
 PSYoungGen      total 58880K, used 56528K [0x00000007aab00000, 0x00000007aef00000, 0x00000007c0000000)
  eden space 50176K, 100% used [0x00000007aab00000,0x00000007adc00000,0x00000007adc00000)
  from space 8704K, 72% used [0x00000007ae680000,0x00000007aecb4130,0x00000007aef00000)
  to   space 9728K, 0% used [0x00000007adc00000,0x00000007adc00000,0x00000007ae580000)
 ParOldGen       total 44032K, used 15422K [0x0000000780000000, 0x0000000782b00000, 0x00000007aab00000)
  object space 44032K, 35% used [0x0000000780000000,0x0000000780f0f948,0x0000000782b00000)
 Metaspace       used 24143K, capacity 24399K, committed 24576K, reserved 1071104K
  class space    used 2428K, capacity 2526K, committed 2560K, reserved 1048576K
Event: 59.857 GC heap after
Heap after GC invocations=14 (full 1):
 PSYoungGen      total 55296K, used 6336K [0x00000007aab00000, 0x00000007aed80000, 0x00000007c0000000)
  eden space 48640K, 0% used [0x00000007aab00000,0x00000007aab00000,0x00000007ada80000)
  from space 6656K, 95% used [0x00000007adc00000,0x00000007ae230140,0x00000007ae280000)
  to   space 9728K, 0% used [0x00000007ae400000,0x00000007ae400000,0x00000007aed80000)
 ParOldGen       total 44032K, used 15422K [0x0000000780000000, 0x0000000782b00000, 0x00000007aab00000)
  object space 44032K, 35% used [0x0000000780000000,0x0000000780f0f948,0x0000000782b00000)
 Metaspace       used 24143K, capacity 24399K, committed 24576K, reserved 1071104K
  class space    used 2428K, capacity 2526K, committed 2560K, reserved 1048576K
}
Event: 67.584 GC heap before
{Heap before GC invocations=15 (full 1):
 PSYoungGen      total 55296K, used 54976K [0x00000007aab00000, 0x00000007aed80000, 0x00000007c0000000)
  eden space 48640K, 100% used [0x00000007aab00000,0x00000007ada80000,0x00000007ada80000)
  from space 6656K, 95% used [0x00000007adc00000,0x00000007ae230140,0x00000007ae280000)
  to   space 9728K, 0% used [0x00000007ae400000,0x00000007ae400000,0x00000007aed80000)
 ParOldGen       total 44032K, used 15422K [0x0000000780000000, 0x0000000782b00000, 0x00000007aab00000)
  object space 44032K, 35% used [0x0000000780000000,0x0000000780f0f948,0x0000000782b00000)
 Metaspace       used 24143K, capacity 24399K, committed 24576K, reserved 1071104K
  class space    used 2428K, capacity 2526K, committed 2560K, reserved 1048576K
Event: 67.588 GC heap after
Heap after GC invocations=15 (full 1):
 PSYoungGen      total 55296K, used 6336K [0x00000007aab00000, 0x00000007aec00000, 0x00000007c0000000)
  eden space 47104K, 0% used [0x00000007aab00000,0x00000007aab00000,0x00000007ad900000)
  from space 8192K, 77% used [0x00000007ae400000,0x00000007aea30140,0x00000007aec00000)
  to   space 9728K, 0% used [0x00000007ad900000,0x00000007ad900000,0x00000007ae280000)
 ParOldGen       total 44032K, used 15422K [0x0000000780000000, 0x0000000782b00000, 0x00000007aab00000)
  object space 44032K, 35% used [0x0000000780000000,0x0000000780f0f948,0x0000000782b00000)
 Metaspace       used 24143K, capacity 24399K, committed 24576K, reserved 1071104K
  class space    used 2428K, capacity 2526K, committed 2560K, reserved 1048576K
}
Event: 75.038 GC heap before
{Heap before GC invocations=16 (full 1):
 PSYoungGen      total 55296K, used 53440K [0x00000007aab00000, 0x00000007aec00000, 0x00000007c0000000)
  eden space 47104K, 100% used [0x00000007aab00000,0x00000007ad900000,0x00000007ad900000)
  from space 8192K, 77% used [0x00000007ae400000,0x00000007aea30140,0x00000007aec00000)
  to   space 9728K, 0% used [0x00000007ad900000,0x00000007ad900000,0x00000007ae280000)
 ParOldGen       total 44032K, used 15422K [0x0000000780000000, 0x0000000782b00000, 0x00000007aab00000)
  object space 44032K, 35% used [0x0000000780000000,0x0000000780f0f948,0x0000000782b00000)
 Metaspace       used 24143K, capacity 24399K, committed 24576K, reserved 1071104K
  class space    used 2428K, capacity 2526K, committed 2560K, reserved 1048576K
Event: 75.042 GC heap after
Heap after GC invocations=16 (full 1):
 PSYoungGen      total 52224K, used 6336K [0x00000007aab00000, 0x00000007ae980000, 0x00000007c0000000)
  eden space 45568K, 0% used [0x00000007aab00000,0x00000007aab00000,0x00000007ad780000)
  from space 6656K, 95% used [0x00000007ad900000,0x00000007adf30140,0x00000007adf80000)
  to   space 9216K, 0% used [0x00000007ae080000,0x00000007ae080000,0x00000007ae980000)
 ParOldGen       total 44032K, used 15422K [0x0000000780000000, 0x0000000782b00000, 0x00000007aab00000)
  object space 44032K, 35% used [0x0000000780000000,0x0000000780f0f948,0x0000000782b00000)
 Metaspace       used 24143K, capacity 24399K, committed 24576K, reserved 1071104K
  class space    used 2428K, capacity 2526K, committed 2560K, reserved 1048576K
}

Deoptimization events (10 events):
Event: 11.632 Thread 0x00007fd72ac4c000 Uncommon trap: reason=class_check action=maybe_recompile pc=0x00000001072f8d1c method=java.lang.String.equals(Ljava/lang/Object;)Z @ 8
Event: 77.415 Thread 0x00007fd72ac4c000 Uncommon trap: reason=unstable_if action=reinterpret pc=0x000000010783c910 method=controlP5.Tab.inside()Z @ 36
Event: 77.415 Thread 0x00007fd72ac4c000 Uncommon trap: reason=unstable_if action=reinterpret pc=0x000000010790937c method=controlP5.Tab.inside()Z @ 36
Event: 78.177 Thread 0x00007fd72ac4c000 Uncommon trap: reason=unstable_if action=reinterpret pc=0x00000001077a4dd4 method=de.fhpotsdam.unfolding.mapdisplay.Java2DMapDisplay.getTransformedPosition(FFZ)[F @ 1
Event: 79.409 Thread 0x00007fd72a9b2000 Uncommon trap: reason=unstable_if action=reinterpret pc=0x0000000107c6dd58 method=sun.lwawt.LWContainerPeer.cutChildren(Lsun/java2d/pipe/Region;Lsun/lwawt/LWComponentPeer;)Lsun/java2d/pipe/Region; @ 67
Event: 79.426 Thread 0x00007fd72a9b2000 Uncommon trap: reason=unstable_if action=reinterpret pc=0x0000000107c600bc method=sun.java2d.pipe.Region.isInsideQuickCheck(Lsun/java2d/pipe/Region;)Z @ 48
Event: 79.426 Thread 0x00007fd72a9b2000 Uncommon trap: reason=unstable_if action=reinterpret pc=0x00000001079608d0 method=sun.java2d.pipe.Region.isInsideQuickCheck(Lsun/java2d/pipe/Region;)Z @ 48
Event: 79.455 Thread 0x00007fd72a93b000 Uncommon trap: reason=unstable_if action=reinterpret pc=0x0000000107682ae4 method=java.util.HashMap.putVal(ILjava/lang/Object;Ljava/lang/Object;ZZ)Ljava/lang/Object; @ 81
Event: 79.456 Thread 0x00007fd72a93b000 Uncommon trap: reason=unstable_if action=reinterpret pc=0x00000001074fbf8c method=java.util.Vector.removeElement(Ljava/lang/Object;)Z @ 17
Event: 79.457 Thread 0x00007fd72a9b2000 Uncommon trap: reason=unstable_if action=reinterpret pc=0x00000001072c3d88 method=sun.java2d.pipe.Region.isInsideQuickCheck(Lsun/java2d/pipe/Region;)Z @ 48

Internal exceptions (10 events):
Event: 0.389 Thread 0x00007fd72a80d800 Exception <a 'java/io/FileNotFoundException'> (0x00000007aad8a820) thrown at [/HUDSON3/workspace/8-2-build-macosx-x86_64/jdk8u73/6086/hotspot/src/share/vm/prims/jni.cpp, line 709]
Event: 0.389 Thread 0x00007fd72a80d800 Exception <a 'java/io/FileNotFoundException'> (0x00000007aad8b388) thrown at [/HUDSON3/workspace/8-2-build-macosx-x86_64/jdk8u73/6086/hotspot/src/share/vm/prims/jni.cpp, line 709]
Event: 0.401 Thread 0x00007fd72a80d800 Implicit null exception at 0x00000001072e4e26 to 0x00000001072e5019
Event: 0.518 Thread 0x00007fd72a80d800 Exception <a 'java/io/FileNotFoundException'> (0x00000007aaee04b0) thrown at [/HUDSON3/workspace/8-2-build-macosx-x86_64/jdk8u73/6086/hotspot/src/share/vm/prims/jni.cpp, line 709]
Event: 2.461 Thread 0x00007fd72ac4b000 Exception <a 'java/lang/UnsatisfiedLinkError': com.jogamp.common.util.JarUtil.fixNativeLibAttribs(Ljava/lang/String;)Z> (0x00000007ab104ca0) thrown at [/HUDSON3/workspace/8-2-build-macosx-x86_64/jdk8u73/6086/hotspot/src/share/vm/prims/nativeLookup.cpp, li
Event: 3.398 Thread 0x00007fd72ac4c000 Exception <a 'java/io/FileNotFoundException'> (0x00000007ab407b90) thrown at [/HUDSON3/workspace/8-2-build-macosx-x86_64/jdk8u73/6086/hotspot/src/share/vm/prims/jni.cpp, line 709]
Event: 3.398 Thread 0x00007fd72ac4c000 Exception <a 'java/io/FileNotFoundException'> (0x00000007ab4143c0) thrown at [/HUDSON3/workspace/8-2-build-macosx-x86_64/jdk8u73/6086/hotspot/src/share/vm/prims/jni.cpp, line 709]
Event: 3.399 Thread 0x00007fd72ac4c000 Implicit null exception at 0x0000000107337cf5 to 0x0000000107338059
Event: 4.862 Thread 0x00007fd72b808000 Exception <a 'java/lang/NullPointerException'> (0x00000007aab3a440) thrown at [/HUDSON3/workspace/8-2-build-macosx-x86_64/jdk8u73/6086/hotspot/src/share/vm/interpreter/linkResolver.cpp, line 1178]
Event: 11.626 Thread 0x00007fd72ac4c000 Implicit null exception at 0x0000000107338bb5 to 0x0000000107338f25

Events (10 events):
Event: 79.457 Thread 0x00007fd72a9b2000 DEOPT UNPACKING pc=0x0000000107192229 sp=0x0000000123622740 mode 2
Event: 79.459 loading class jogamp/opengl/macosx/cgl/MacOSXCGLContext$NSOpenGLImpl$DetachGLLayerCmd
Event: 79.459 loading class jogamp/opengl/macosx/cgl/MacOSXCGLContext$NSOpenGLImpl$DetachGLLayerCmd done
Event: 79.460 loading class jogamp/nativewindow/jawt/macosx/MacOSXJAWTWindow$4
Event: 79.460 loading class jogamp/nativewindow/jawt/macosx/MacOSXJAWTWindow$4 done
Event: 79.462 loading class com/jogamp/nativewindow/awt/JAWTWindow$JAWTComponentListener$2
Event: 79.462 loading class com/jogamp/nativewindow/awt/JAWTWindow$JAWTComponentListener$2 done
Event: 79.463 loading class jogamp/nativewindow/jawt/macosx/MacOSXJAWTWindow$1
Event: 79.463 loading class jogamp/nativewindow/jawt/macosx/MacOSXJAWTWindow$1 done
Event: 79.464 Thread 0x00007fd72a93b000 Thread exited: 0x00007fd72a93b000


Dynamic libraries:
0x00000000080fd000 	/System/Library/Frameworks/Cocoa.framework/Versions/A/Cocoa
0x00000000080fd000 	/System/Library/Frameworks/Security.framework/Versions/A/Security
0x00000000080fd000 	/System/Library/Frameworks/ApplicationServices.framework/Versions/A/ApplicationServices
0x00000000080fd000 	/usr/lib/libz.1.dylib
0x00000000080fd000 	/usr/lib/libSystem.B.dylib
0x00000000080fd000 	/usr/lib/libobjc.A.dylib
0x00000000080fd000 	/System/Library/Frameworks/CoreFoundation.framework/Versions/A/CoreFoundation
0x00000000080fd000 	/System/Library/Frameworks/Foundation.framework/Versions/C/Foundation
0x00000000080fd000 	/System/Library/Frameworks/AppKit.framework/Versions/C/AppKit
0x00000000080fd000 	/System/Library/Frameworks/CoreData.framework/Versions/A/CoreData
0x00000000080fd000 	/System/Library/PrivateFrameworks/RemoteViewServices.framework/Versions/A/RemoteViewServices
0x00000000080fd000 	/System/Library/PrivateFrameworks/UIFoundation.framework/Versions/A/UIFoundation
0x00000000080fd000 	/System/Library/Frameworks/IOSurface.framework/Versions/A/IOSurface
0x00000000080fd000 	/System/Library/Frameworks/AudioToolbox.framework/Versions/A/AudioToolbox
0x00000000080fd000 	/System/Library/Frameworks/AudioUnit.framework/Versions/A/AudioUnit
0x00000000080fd000 	/System/Library/PrivateFrameworks/DataDetectorsCore.framework/Versions/A/DataDetectorsCore
0x00000000080fd000 	/System/Library/PrivateFrameworks/DesktopServicesPriv.framework/Versions/A/DesktopServicesPriv
0x00000000080fd000 	/System/Library/Frameworks/Carbon.framework/Versions/A/Frameworks/HIToolbox.framework/Versions/A/HIToolbox
0x00000000080fd000 	/System/Library/Frameworks/QuartzCore.framework/Versions/A/QuartzCore
0x00000000080fd000 	/System/Library/Frameworks/Carbon.framework/Versions/A/Frameworks/SpeechRecognition.framework/Versions/A/SpeechRecognition
0x00000000080fd000 	/usr/lib/libauto.dylib
0x00000000080fd000 	/usr/lib/libicucore.A.dylib
0x00000000080fd000 	/usr/lib/libxml2.2.dylib
0x00000000080fd000 	/System/Library/PrivateFrameworks/CoreUI.framework/Versions/A/CoreUI
0x00000000080fd000 	/System/Library/Frameworks/CoreAudio.framework/Versions/A/CoreAudio
0x00000000080fd000 	/System/Library/Frameworks/DiskArbitration.framework/Versions/A/DiskArbitration
0x00000000080fd000 	/usr/lib/liblangid.dylib
0x00000000080fd000 	/System/Library/PrivateFrameworks/MultitouchSupport.framework/Versions/A/MultitouchSupport
0x00000000080fd000 	/System/Library/Frameworks/IOKit.framework/Versions/A/IOKit
0x00000000080fd000 	/usr/lib/libDiagnosticMessagesClient.dylib
0x00000000080fd000 	/System/Library/Frameworks/CoreServices.framework/Versions/A/CoreServices
0x00000000080fd000 	/System/Library/PrivateFrameworks/PerformanceAnalysis.framework/Versions/A/PerformanceAnalysis
0x00000000080fd000 	/System/Library/PrivateFrameworks/GenerationalStorage.framework/Versions/A/GenerationalStorage
0x00000000080fd000 	/System/Library/Frameworks/OpenGL.framework/Versions/A/OpenGL
0x00000000080fd000 	/System/Library/PrivateFrameworks/Sharing.framework/Versions/A/Sharing
0x00000000080fd000 	/System/Library/Frameworks/CoreGraphics.framework/Versions/A/CoreGraphics
0x00000000080fd000 	/System/Library/Frameworks/CoreText.framework/Versions/A/CoreText
0x00000000080fd000 	/System/Library/Frameworks/ImageIO.framework/Versions/A/ImageIO
0x00000000080fd000 	/usr/lib/libextension.dylib
0x00000000080fd000 	/System/Library/PrivateFrameworks/Backup.framework/Versions/A/Backup
0x00000000080fd000 	/usr/lib/libarchive.2.dylib
0x00000000080fd000 	/System/Library/Frameworks/CFNetwork.framework/Versions/A/CFNetwork
0x00000000080fd000 	/System/Library/Frameworks/SystemConfiguration.framework/Versions/A/SystemConfiguration
0x00000000080fd000 	/usr/lib/libCRFSuite.dylib
0x00000000080fd000 	/usr/lib/libc++.1.dylib
0x00000000080fd000 	/usr/lib/libc++abi.dylib
0x00000000080fd000 	/usr/lib/system/libcache.dylib
0x00000000080fd000 	/usr/lib/system/libcommonCrypto.dylib
0x00000000080fd000 	/usr/lib/system/libcompiler_rt.dylib
0x00000000080fd000 	/usr/lib/system/libcopyfile.dylib
0x00000000080fd000 	/usr/lib/system/libcorecrypto.dylib
0x00000000080fd000 	/usr/lib/system/libdispatch.dylib
0x00000000080fd000 	/usr/lib/system/libdyld.dylib
0x00000000080fd000 	/usr/lib/system/libkeymgr.dylib
0x00000000080fd000 	/usr/lib/system/liblaunch.dylib
0x00000000080fd000 	/usr/lib/system/libmacho.dylib
0x00000000080fd000 	/usr/lib/system/libquarantine.dylib
0x00000000080fd000 	/usr/lib/system/libremovefile.dylib
0x00000000080fd000 	/usr/lib/system/libsystem_asl.dylib
0x00000000080fd000 	/usr/lib/system/libsystem_blocks.dylib
0x00000000080fd000 	/usr/lib/system/libsystem_c.dylib
0x00000000080fd000 	/usr/lib/system/libsystem_configuration.dylib
0x00000000080fd000 	/usr/lib/system/libsystem_coreservices.dylib
0x00000000080fd000 	/usr/lib/system/libsystem_coretls.dylib
0x00000000080fd000 	/usr/lib/system/libsystem_dnssd.dylib
0x00000000080fd000 	/usr/lib/system/libsystem_info.dylib
0x00000000080fd000 	/usr/lib/system/libsystem_kernel.dylib
0x00000000080fd000 	/usr/lib/system/libsystem_m.dylib
0x00000000080fd000 	/usr/lib/system/libsystem_malloc.dylib
0x00000000080fd000 	/usr/lib/system/libsystem_network.dylib
0x00000000080fd000 	/usr/lib/system/libsystem_networkextension.dylib
0x00000000080fd000 	/usr/lib/system/libsystem_notify.dylib
0x00000000080fd000 	/usr/lib/system/libsystem_platform.dylib
0x00000000080fd000 	/usr/lib/system/libsystem_pthread.dylib
0x00000000080fd000 	/usr/lib/system/libsystem_sandbox.dylib
0x00000000080fd000 	/usr/lib/system/libsystem_secinit.dylib
0x00000000080fd000 	/usr/lib/system/libsystem_stats.dylib
0x00000000080fd000 	/usr/lib/system/libsystem_trace.dylib
0x00000000080fd000 	/usr/lib/system/libunc.dylib
0x00000000080fd000 	/usr/lib/system/libunwind.dylib
0x00000000080fd000 	/usr/lib/system/libxpc.dylib
0x00000000080fd000 	/usr/lib/libbz2.1.0.dylib
0x00000000080fd000 	/usr/lib/liblzma.5.dylib
0x00000000080fd000 	/usr/lib/libbsm.0.dylib
0x00000000080fd000 	/usr/lib/libsqlite3.dylib
0x00000000080fd000 	/usr/lib/system/libkxld.dylib
0x00000000080fd000 	/usr/lib/libxar.1.dylib
0x00000000080fd000 	/usr/lib/libpam.2.dylib
0x00000000080fd000 	/usr/lib/libOpenScriptingUtil.dylib
0x00000000080fd000 	/System/Library/Frameworks/CoreServices.framework/Versions/A/Frameworks/FSEvents.framework/Versions/A/FSEvents
0x00000000080fd000 	/System/Library/Frameworks/CoreServices.framework/Versions/A/Frameworks/CarbonCore.framework/Versions/A/CarbonCore
0x00000000080fd000 	/System/Library/Frameworks/CoreServices.framework/Versions/A/Frameworks/Metadata.framework/Versions/A/Metadata
0x00000000080fd000 	/System/Library/Frameworks/CoreServices.framework/Versions/A/Frameworks/OSServices.framework/Versions/A/OSServices
0x00000000080fd000 	/System/Library/Frameworks/CoreServices.framework/Versions/A/Frameworks/SearchKit.framework/Versions/A/SearchKit
0x00000000080fd000 	/System/Library/Frameworks/CoreServices.framework/Versions/A/Frameworks/AE.framework/Versions/A/AE
0x00000000080fd000 	/System/Library/Frameworks/CoreServices.framework/Versions/A/Frameworks/LaunchServices.framework/Versions/A/LaunchServices
0x00000000080fd000 	/System/Library/Frameworks/CoreServices.framework/Versions/A/Frameworks/DictionaryServices.framework/Versions/A/DictionaryServices
0x00000000080fd000 	/System/Library/Frameworks/NetFS.framework/Versions/A/NetFS
0x00000000080fd000 	/System/Library/PrivateFrameworks/NetAuth.framework/Versions/A/NetAuth
0x00000000080fd000 	/System/Library/PrivateFrameworks/login.framework/Versions/A/Frameworks/loginsupport.framework/Versions/A/loginsupport
0x00000000080fd000 	/System/Library/PrivateFrameworks/TCC.framework/Versions/A/TCC
0x00000000080fd000 	/usr/lib/libmecabra.dylib
0x00000000080fd000 	/System/Library/Frameworks/ApplicationServices.framework/Versions/A/Frameworks/ATS.framework/Versions/A/ATS
0x00000000080fd000 	/System/Library/Frameworks/ApplicationServices.framework/Versions/A/Frameworks/ColorSync.framework/Versions/A/ColorSync
0x00000000080fd000 	/System/Library/Frameworks/ApplicationServices.framework/Versions/A/Frameworks/HIServices.framework/Versions/A/HIServices
0x00000000080fd000 	/System/Library/Frameworks/ApplicationServices.framework/Versions/A/Frameworks/LangAnalysis.framework/Versions/A/LangAnalysis
0x00000000080fd000 	/System/Library/Frameworks/ApplicationServices.framework/Versions/A/Frameworks/PrintCore.framework/Versions/A/PrintCore
0x00000000080fd000 	/System/Library/Frameworks/ApplicationServices.framework/Versions/A/Frameworks/QD.framework/Versions/A/QD
0x00000000080fd000 	/System/Library/Frameworks/ApplicationServices.framework/Versions/A/Frameworks/SpeechSynthesis.framework/Versions/A/SpeechSynthesis
0x00000000080fd000 	/System/Library/Frameworks/Accelerate.framework/Versions/A/Accelerate
0x00000000080fd000 	/System/Library/Frameworks/Accelerate.framework/Versions/A/Frameworks/vImage.framework/Versions/A/vImage
0x00000000080fd000 	/System/Library/Frameworks/Accelerate.framework/Versions/A/Frameworks/vecLib.framework/Versions/A/vecLib
0x00000000080fd000 	/System/Library/Frameworks/Accelerate.framework/Versions/A/Frameworks/vecLib.framework/Versions/A/libvDSP.dylib
0x00000000080fd000 	/System/Library/Frameworks/Accelerate.framework/Versions/A/Frameworks/vecLib.framework/Versions/A/libvMisc.dylib
0x00000000080fd000 	/System/Library/Frameworks/Accelerate.framework/Versions/A/Frameworks/vecLib.framework/Versions/A/libLAPACK.dylib
0x00000000080fd000 	/System/Library/Frameworks/Accelerate.framework/Versions/A/Frameworks/vecLib.framework/Versions/A/libBLAS.dylib
0x00000000080fd000 	/System/Library/Frameworks/Accelerate.framework/Versions/A/Frameworks/vecLib.framework/Versions/A/libLinearAlgebra.dylib
0x00000000080fd000 	/System/Library/Frameworks/ApplicationServices.framework/Versions/A/Frameworks/ATS.framework/Versions/A/Resources/libFontParser.dylib
0x00000000080fd000 	/System/Library/Frameworks/ApplicationServices.framework/Versions/A/Frameworks/ATS.framework/Versions/A/Resources/libFontRegistry.dylib
0x00000000080fd000 	/System/Library/PrivateFrameworks/AppleVPA.framework/Versions/A/AppleVPA
0x00000000080fd000 	/System/Library/PrivateFrameworks/AppleJPEG.framework/Versions/A/AppleJPEG
0x00000000080fd000 	/System/Library/Frameworks/ImageIO.framework/Versions/A/Resources/libJPEG.dylib
0x00000000080fd000 	/System/Library/Frameworks/ImageIO.framework/Versions/A/Resources/libTIFF.dylib
0x00000000080fd000 	/System/Library/Frameworks/ImageIO.framework/Versions/A/Resources/libPng.dylib
0x00000000080fd000 	/System/Library/Frameworks/ImageIO.framework/Versions/A/Resources/libGIF.dylib
0x00000000080fd000 	/System/Library/Frameworks/ImageIO.framework/Versions/A/Resources/libJP2.dylib
0x00000000080fd000 	/System/Library/Frameworks/ImageIO.framework/Versions/A/Resources/libRadiance.dylib
0x00000000080fd000 	/System/Library/Frameworks/CoreVideo.framework/Versions/A/CoreVideo
0x00000000080fd000 	/System/Library/Frameworks/OpenGL.framework/Versions/A/Libraries/libGLU.dylib
0x00000000080fd000 	/System/Library/Frameworks/OpenGL.framework/Versions/A/Libraries/libGFXShared.dylib
0x00000000080fd000 	/System/Library/Frameworks/OpenGL.framework/Versions/A/Libraries/libGL.dylib
0x00000000080fd000 	/System/Library/Frameworks/OpenGL.framework/Versions/A/Libraries/libGLImage.dylib
0x00000000080fd000 	/System/Library/Frameworks/OpenGL.framework/Versions/A/Libraries/libCVMSPluginSupport.dylib
0x00000000080fd000 	/System/Library/Frameworks/OpenGL.framework/Versions/A/Libraries/libCoreVMClient.dylib
0x00000000080fd000 	/usr/lib/libcups.2.dylib
0x00000000080fd000 	/System/Library/Frameworks/Kerberos.framework/Versions/A/Kerberos
0x00000000080fd000 	/System/Library/Frameworks/GSS.framework/Versions/A/GSS
0x00000000080fd000 	/usr/lib/libresolv.9.dylib
0x00000000080fd000 	/usr/lib/libiconv.2.dylib
0x00000000080fd000 	/System/Library/PrivateFrameworks/Heimdal.framework/Versions/A/Heimdal
0x00000000080fd000 	/usr/lib/libheimdal-asn1.dylib
0x00000000080fd000 	/System/Library/Frameworks/OpenDirectory.framework/Versions/A/OpenDirectory
0x00000000080fd000 	/System/Library/PrivateFrameworks/CommonAuth.framework/Versions/A/CommonAuth
0x00000000080fd000 	/System/Library/Frameworks/OpenDirectory.framework/Versions/A/Frameworks/CFOpenDirectory.framework/Versions/A/CFOpenDirectory
0x00000000080fd000 	/System/Library/Frameworks/SecurityFoundation.framework/Versions/A/SecurityFoundation
0x00000000080fd000 	/System/Library/PrivateFrameworks/LanguageModeling.framework/Versions/A/LanguageModeling
0x00000000080fd000 	/usr/lib/libcmph.dylib
0x00000000080fd000 	/System/Library/Frameworks/ServiceManagement.framework/Versions/A/ServiceManagement
0x00000000080fd000 	/usr/lib/libxslt.1.dylib
0x00000000080fd000 	/System/Library/Frameworks/Carbon.framework/Versions/A/Frameworks/Ink.framework/Versions/A/Ink
0x00000000080fd000 	/System/Library/Frameworks/QuartzCore.framework/Versions/A/Frameworks/CoreImage.framework/Versions/A/CoreImage
0x00000000080fd000 	/System/Library/PrivateFrameworks/CrashReporterSupport.framework/Versions/A/CrashReporterSupport
0x00000000080fd000 	/System/Library/Frameworks/OpenCL.framework/Versions/A/OpenCL
0x00000000080fd000 	/System/Library/PrivateFrameworks/FaceCore.framework/Versions/A/FaceCore
0x00000000080fd000 	/System/Library/PrivateFrameworks/Ubiquity.framework/Versions/A/Ubiquity
0x00000000080fd000 	/System/Library/PrivateFrameworks/IconServices.framework/Versions/A/IconServices
0x00000000080fd000 	/System/Library/PrivateFrameworks/ChunkingLibrary.framework/Versions/A/ChunkingLibrary
0x00000000080fd000 	/System/Library/PrivateFrameworks/Apple80211.framework/Versions/A/Apple80211
0x00000000080fd000 	/System/Library/Frameworks/CoreWLAN.framework/Versions/A/CoreWLAN
0x00000000080fd000 	/System/Library/Frameworks/IOBluetooth.framework/Versions/A/IOBluetooth
0x00000000080fd000 	/System/Library/PrivateFrameworks/CoreWiFi.framework/Versions/A/CoreWiFi
0x00000000080fd000 	/System/Library/Frameworks/CoreBluetooth.framework/Versions/A/CoreBluetooth
0x00000000080fd000 	/System/Library/PrivateFrameworks/DebugSymbols.framework/Versions/A/DebugSymbols
0x00000000080fd000 	/System/Library/PrivateFrameworks/CoreSymbolication.framework/Versions/A/CoreSymbolication
0x00000000080fd000 	/System/Library/PrivateFrameworks/Symbolication.framework/Versions/A/Symbolication
0x00000000080fd000 	/System/Library/PrivateFrameworks/SpeechRecognitionCore.framework/Versions/A/SpeechRecognitionCore
0x0000000106200000 	/Library/Java/JavaVirtualMachines/jdk1.8.0_73.jdk/Contents/Home/jre/lib/server/libjvm.dylib
0x00000000080fd000 	/usr/lib/libstdc++.6.dylib
0x0000000105972000 	/Library/Java/JavaVirtualMachines/jdk1.8.0_73.jdk/Contents/Home/jre/lib/libverify.dylib
0x0000000105980000 	/Library/Java/JavaVirtualMachines/jdk1.8.0_73.jdk/Contents/Home/jre/lib/libjava.dylib
0x00000001059bf000 	/Library/Java/JavaVirtualMachines/jdk1.8.0_73.jdk/Contents/Home/jre/lib/libzip.dylib
0x000000011ac67000 	/System/Library/Frameworks/JavaVM.framework/Frameworks/JavaRuntimeSupport.framework/JavaRuntimeSupport
0x000000011ac7f000 	/System/Library/Frameworks/JavaVM.framework/Versions/A/Frameworks/JavaNativeFoundation.framework/Versions/A/JavaNativeFoundation
0x000000011ac94000 	/System/Library/Frameworks/JavaVM.framework/Versions/A/JavaVM
0x00000000080fd000 	/System/Library/Frameworks/Carbon.framework/Versions/A/Carbon
0x000000011aca1000 	/System/Library/PrivateFrameworks/JavaLaunching.framework/Versions/A/JavaLaunching
0x00000000080fd000 	/System/Library/Frameworks/Carbon.framework/Versions/A/Frameworks/CommonPanels.framework/Versions/A/CommonPanels
0x00000000080fd000 	/System/Library/Frameworks/Carbon.framework/Versions/A/Frameworks/Help.framework/Versions/A/Help
0x00000000080fd000 	/System/Library/Frameworks/Carbon.framework/Versions/A/Frameworks/ImageCapture.framework/Versions/A/ImageCapture
0x00000000080fd000 	/System/Library/Frameworks/Carbon.framework/Versions/A/Frameworks/OpenScripting.framework/Versions/A/OpenScripting
0x00000000080fd000 	/System/Library/Frameworks/Carbon.framework/Versions/A/Frameworks/Print.framework/Versions/A/Print
0x00000000080fd000 	/System/Library/Frameworks/Carbon.framework/Versions/A/Frameworks/SecurityHI.framework/Versions/A/SecurityHI
0x000000011cb9f000 	/Library/Java/JavaVirtualMachines/jdk1.8.0_73.jdk/Contents/Home/jre/lib/libawt.dylib
0x000000011cc47000 	/Library/Java/JavaVirtualMachines/jdk1.8.0_73.jdk/Contents/Home/jre/lib/./libmlib_image.dylib
0x000000011cd13000 	/Library/Java/JavaVirtualMachines/jdk1.8.0_73.jdk/Contents/Home/jre/lib/libawt_lwawt.dylib
0x000000011cdc8000 	/Library/Java/JavaVirtualMachines/jdk1.8.0_73.jdk/Contents/Home/jre/lib/./libosxapp.dylib
0x00000000080fd000 	/System/Library/Frameworks/ExceptionHandling.framework/Versions/A/ExceptionHandling
0x00000000080fd000 	/System/Library/PrivateFrameworks/CoreServicesInternal.framework/Versions/A/CoreServicesInternal
0x00000000080fd000 	/System/Library/PrivateFrameworks/CloudDocs.framework/Versions/A/CloudDocs
0x00000000080fd000 	/System/Library/PrivateFrameworks/CoreDuet.framework/Versions/A/CoreDuet
0x00000000080fd000 	/System/Library/Frameworks/CloudKit.framework/Versions/A/CloudKit
0x00000000080fd000 	/System/Library/PrivateFrameworks/ProtocolBuffer.framework/Versions/A/ProtocolBuffer
0x00000000080fd000 	/System/Library/PrivateFrameworks/CoreDuetDaemonProtocol.framework/Versions/A/CoreDuetDaemonProtocol
0x00000000080fd000 	/System/Library/PrivateFrameworks/CoreDuetDebugLogging.framework/Versions/A/CoreDuetDebugLogging
0x00000000080fd000 	/System/Library/PrivateFrameworks/MMCS.framework/Versions/A/MMCS
0x00000000080fd000 	/System/Library/Frameworks/CoreLocation.framework/Versions/A/CoreLocation
0x00000000080fd000 	/System/Library/PrivateFrameworks/ProtectedCloudStorage.framework/Versions/A/ProtectedCloudStorage
0x00000000080fd000 	/System/Library/PrivateFrameworks/GeoServices.framework/Versions/A/GeoServices
0x00000000080fd000 	/System/Library/Frameworks/CoreGraphics.framework/Versions/A/Resources/libCGCMS.A.dylib
0x00000000080fd000 	/System/Library/Frameworks/CoreGraphics.framework/Versions/A/Resources/libRIP.A.dylib
0x00000000080fd000 	/System/Library/Frameworks/CoreGraphics.framework/Versions/A/Resources/libCGXType.A.dylib
0x00000000080fd000 	/System/Library/Frameworks/OpenCL.framework/Versions/A/Libraries/libcldcpuengine.dylib
0x00000000080fd000 	/System/Library/PrivateFrameworks/DiskImages.framework/Versions/A/DiskImages
0x00000000080fd000 	/System/Library/Frameworks/DiscRecording.framework/Versions/A/DiscRecording
0x00000000080fd000 	/usr/lib/libcsfde.dylib
0x00000000080fd000 	/usr/lib/libcurl.4.dylib
0x00000000080fd000 	/System/Library/PrivateFrameworks/MediaKit.framework/Versions/A/MediaKit
0x00000000080fd000 	/usr/lib/libCoreStorage.dylib
0x00000000080fd000 	/System/Library/PrivateFrameworks/EFILogin.framework/Versions/A/EFILogin
0x00000000080fd000 	/usr/lib/libutil.dylib
0x00000000080fd000 	/System/Library/PrivateFrameworks/FindMyDevice.framework/Versions/A/FindMyDevice
0x00000000080fd000 	/System/Library/Frameworks/LDAP.framework/Versions/A/LDAP
0x00000000080fd000 	/usr/lib/libsasl2.2.dylib
0x00000000080fd000 	/System/Library/PrivateFrameworks/CoreDaemon.framework/Versions/B/CoreDaemon
0x00000000080fd000 	/usr/lib/libcrypto.0.9.8.dylib
0x00000000080fd000 	/System/Library/PrivateFrameworks/AppleSRP.framework/Versions/A/AppleSRP
0x00000000080fd000 	/System/Library/PrivateFrameworks/TrustEvaluationAgent.framework/Versions/A/TrustEvaluationAgent
0x00000001200c3000 	cl_kernels
0x00000001200c5000 	/System/Library/Frameworks/OpenCL.framework/Versions/A/Libraries/ImageFormats/unorm8_bgra.dylib
0x00000001200b4000 	cl_kernels
0x00000000080fd000 	/System/Library/PrivateFrameworks/FamilyControls.framework/Versions/A/FamilyControls
0x00000000080fd000 	/System/Library/PrivateFrameworks/CommerceKit.framework/Versions/A/Frameworks/CommerceCore.framework/Versions/A/CommerceCore
0x00000000080fd000 	/System/Library/PrivateFrameworks/SystemAdministration.framework/Versions/A/SystemAdministration
0x00000000080fd000 	/System/Library/PrivateFrameworks/AppContainer.framework/Versions/A/AppContainer
0x00000000080fd000 	/System/Library/PrivateFrameworks/SecCodeWrapper.framework/Versions/A/SecCodeWrapper
0x00000000080fd000 	/System/Library/Frameworks/DirectoryService.framework/Versions/A/DirectoryService
0x00000000080fd000 	/System/Library/PrivateFrameworks/LoginUIKit.framework/Versions/A/Frameworks/LoginUICore.framework/Versions/A/LoginUICore
0x00000000080fd000 	/usr/lib/libodfde.dylib
0x00000000080fd000 	/System/Library/Frameworks/OpenGL.framework/Versions/A/Resources/GLEngine.bundle/GLEngine
0x00000000080fd000 	/System/Library/Frameworks/OpenGL.framework/Versions/A/Libraries/libGLProgrammability.dylib
0x00000001213ae000 	/System/Library/Extensions/AppleIntelHD4000GraphicsGLDriver.bundle/Contents/MacOS/AppleIntelHD4000GraphicsGLDriver
0x00000000080fd000 	/System/Library/PrivateFrameworks/IOAccelerator.framework/Versions/A/IOAccelerator
0x00000000080fd000 	/System/Library/PrivateFrameworks/GPUSupport.framework/Versions/A/Libraries/libGPUSupportMercury.dylib
0x00000000080fd000 	/System/Library/Frameworks/OpenGL.framework/Versions/A/Resources/GLRendererFloat.bundle/GLRendererFloat
0x00000001223a3000 	/Library/Java/JavaVirtualMachines/jdk1.8.0_73.jdk/Contents/Home/jre/lib/libfontmanager.dylib
0x0000000123627000 	/Library/Java/JavaVirtualMachines/jdk1.8.0_73.jdk/Contents/Home/jre/lib/libosxui.dylib
0x00000001236e2000 	/Library/Java/JavaVirtualMachines/jdk1.8.0_73.jdk/Contents/Home/jre/lib/libnet.dylib
0x00000001236f9000 	/Library/Java/JavaVirtualMachines/jdk1.8.0_73.jdk/Contents/Home/jre/lib/libnio.dylib
0x00000000080fd000 	/System/Library/Frameworks/ApplicationServices.framework/Versions/A/Frameworks/ATS.framework/Versions/A/Resources/libTrueTypeScaler.dylib
0x000000018fd3c000 	/private/var/folders/gx/lpn_2smn21b5jx4mf4ptd0z40000gn/T/jogamp_0000/file_cache/jln680207659844740354/jln1403763237721472597/libgluegen-rt.jnilib
0x000000018fd40000 	/private/var/folders/gx/lpn_2smn21b5jx4mf4ptd0z40000gn/T/jogamp_0000/file_cache/jln680207659844740354/jln1403763237721472597/libnativewindow_awt.jnilib
0x000000018fd43000 	/Library/Java/JavaVirtualMachines/jdk1.8.0_73.jdk/Contents/Home/jre/lib/libjawt.dylib
0x000000018fd46000 	/private/var/folders/gx/lpn_2smn21b5jx4mf4ptd0z40000gn/T/jogamp_0000/file_cache/jln680207659844740354/jln1403763237721472597/libnativewindow_macosx.jnilib
0x0000000191be7000 	/private/var/folders/gx/lpn_2smn21b5jx4mf4ptd0z40000gn/T/jogamp_0000/file_cache/jln680207659844740354/jln1403763237721472597/libjogl_desktop.jnilib
0x0000000193912000 	/Library/Java/JavaVirtualMachines/jdk1.8.0_73.jdk/Contents/Home/jre/lib/libt2k.dylib
0x00000000080fd000 	/System/Library/Frameworks/Accelerate.framework/Versions/A/Frameworks/vImage.framework/Versions/A/Libraries/libCGInterfaces.dylib

VM Arguments:
jvm_args: -Djava.security.policy=java.policy.applet -Dfile.encoding=UTF-8 
java_command: sun.applet.AppletViewer module6.EarthquakeCityMap1458271810334.html
java_class_path (initial): /Volumes/Other/ComputerScience/Java/Coursera/Java Programming Object-Oriented Design of Data Structures Specialization/UCSDUnfoldingMaps/build:/Volumes/Other/ComputerScience/Java/Coursera/Java Programming Object-Oriented Design of Data Structures Specialization/UCSDUnfoldingMaps/lib/core.jar:/Volumes/Other/ComputerScience/Java/Coursera/Java Programming Object-Oriented Design of Data Structures Specialization/UCSDUnfoldingMaps/lib/gluegen-rt.jar:/Volumes/Other/ComputerScience/Java/Coursera/Java Programming Object-Oriented Design of Data Structures Specialization/UCSDUnfoldingMaps/lib/jogl-all.jar:/Volumes/Other/ComputerScience/Java/Coursera/Java Programming Object-Oriented Design of Data Structures Specialization/UCSDUnfoldingMaps/lib/log4j-1.2.15.jar:/Volumes/Other/ComputerScience/Java/Coursera/Java Programming Object-Oriented Design of Data Structures Specialization/UCSDUnfoldingMaps/lib/sqlite-jdbc-3.7.2.jar:/Volumes/Other/ComputerScience/Java/Coursera/Java Programming Object-Oriented Design of Data Structures Specialization/UCSDUnfoldingMaps/lib/json4processing.jar:/Volumes/Other/ComputerScience/Java/Coursera/Java Programming Object-Oriented Design of Data Structures Specialization/UCSDUnfoldingMaps/lib/libTUIO.jar:/Volumes/Other/ComputerScience/Java/Coursera/Java Programming Object-Oriented Design of Data Structures Specialization/UCSDUnfoldingMaps/lib/unfolding.0.9.7-uscd.jar:/Volumes/Other/ComputerScience/Java/Coursera/Java Programming Object-Oriented Design of Data Structures Specialization/UCSDUnfoldingMaps/lib/controlP5/library/controlP5.jar:/Users/zhihuixie/Downloads/geonames-source-1.1.13.jar:/Users/zhihuixie/Downloads/jdom/build/jdom-1.1.3.jar
Launcher Type: SUN_STANDARD

Environment Variables:
PATH=/usr/bin:/bin:/usr/sbin:/sbin
SHELL=/bin/bash

Signal Handlers:
SIGSEGV: [libjvm.dylib+0x5a71a5], sa_mask[0]=11111111011111110111111111111111, sa_flags=SA_ONSTACK|SA_RESTART|SA_SIGINFO
SIGBUS: [libjvm.dylib+0x5a71a5], sa_mask[0]=11111111011111110111111111111111, sa_flags=SA_RESTART|SA_SIGINFO
SIGFPE: [libjvm.dylib+0x480eb4], sa_mask[0]=11111111011111110111111111111111, sa_flags=SA_RESTART|SA_SIGINFO
SIGPIPE: [libjvm.dylib+0x480eb4], sa_mask[0]=11111111011111110111111111111111, sa_flags=SA_RESTART|SA_SIGINFO
SIGXFSZ: [libjvm.dylib+0x480eb4], sa_mask[0]=11111111011111110111111111111111, sa_flags=SA_RESTART|SA_SIGINFO
SIGILL: [libjvm.dylib+0x480eb4], sa_mask[0]=11111111011111110111111111111111, sa_flags=SA_RESTART|SA_SIGINFO
SIGUSR1: SIG_DFL, sa_mask[0]=00000000000000000000000000000000, sa_flags=none
SIGUSR2: [libjvm.dylib+0x4809d2], sa_mask[0]=00100000000000000000000000000000, sa_flags=SA_RESTART|SA_SIGINFO
SIGHUP: [libjvm.dylib+0x47efa9], sa_mask[0]=11111111011111110111111111111111, sa_flags=SA_RESTART|SA_SIGINFO
SIGINT: [libjvm.dylib+0x47efa9], sa_mask[0]=11111111011111110111111111111111, sa_flags=SA_RESTART|SA_SIGINFO
SIGTERM: [libjvm.dylib+0x47efa9], sa_mask[0]=11111111011111110111111111111111, sa_flags=SA_RESTART|SA_SIGINFO
SIGQUIT: [libjvm.dylib+0x47efa9], sa_mask[0]=11111111011111110111111111111111, sa_flags=SA_RESTART|SA_SIGINFO


---------------  S Y S T E M  ---------------

OS:Bsduname:Darwin 14.5.0 Darwin Kernel Version 14.5.0: Wed Jul 29 02:26:53 PDT 2015; root:xnu-2782.40.9~1/RELEASE_X86_64 x86_64
rlimit: STACK 8192k, CORE 0k, NPROC 709, NOFILE 10240, AS infinity
load average:2.40 1.92 1.68

CPU:total 4 (2 cores per cpu, 2 threads per core) family 6 model 58 stepping 9, cmov, cx8, fxsr, mmx, sse, sse2, sse3, ssse3, sse4.1, sse4.2, popcnt, avx, aes, clmul, erms, ht, tsc, tscinvbit, tscinv

Memory: 4k page, physical 4194304k(289588k free)

/proc/meminfo:


vm_info: Java HotSpot(TM) 64-Bit Server VM (25.73-b02) for bsd-amd64 JRE (1.8.0_73-b02), built on Jan 29 2016 15:02:00 by "java_re" with gcc 4.2.1 (Based on Apple Inc. build 5658) (LLVM build 2336.11.00)

time: Thu Mar 17 20:31:29 2016
elapsed time: 79 seconds (0d 0h 1m 19s)

