#
# A fatal error has been detected by the Java Runtime Environment:
#
#  SIGSEGV (0xb) at pc=0x00007fff8c9dc0dd, pid=947, tid=1811
#
# JRE version: Java(TM) SE Runtime Environment (8.0_73-b02) (build 1.8.0_73-b02)
# Java VM: Java HotSpot(TM) 64-Bit Server VM (25.73-b02 mixed mode bsd-amd64 compressed oops)
# Problematic frame:
# C  [libobjc.A.dylib+0x10dd]  objc_msgSend+0x1d
#
# Failed to write core dump. Core dumps have been disabled. To enable core dumping, try "ulimit -c unlimited" before starting Java again
#
# If you would like to submit a bug report, please visit:
#   http://bugreport.java.com/bugreport/crash.jsp
# The crash happened outside the Java Virtual Machine in native code.
# See problematic frame for where to report the bug.
#

---------------  T H R E A D  ---------------

Current thread (0x00007fe0b4061800):  JavaThread "AWT-AppKit" daemon [_thread_in_native, id=1811, stack(0x00007fff51ee4000,0x00007fff526e4000)]

siginfo: si_signo: 11 (SIGSEGV), si_code: 1 (SEGV_MAPERR), si_addr: 0x0000000000000018

Registers:
RAX=0x00007fe0b8959620, RBX=0x0000000197a54450, RCX=0x000000012a356100, RDX=0x0000000124c70840
RSP=0x00007fff526df1b8, RBP=0x00007fff526df270, RSI=0x00007fff8da5640f, RDI=0x00007fe0b9118000
R8 =0x0000000000000000, R9 =0x0000000000000f50, R10=0x00007fff8da5640f, R11=0x0000000000000000
R12=0x0000000000000000, R13=0x0000000199c24278, R14=0x0000000197a54440, R15=0x00007fe0b4061800
RIP=0x00007fff8c9dc0dd, EFLAGS=0x0000000000010246, ERR=0x0000000000000004
  TRAPNO=0x000000000000000e

Top of Stack: (sp=0x00007fff526df1b8)
0x00007fff526df1b8:   0000000197a52157 00007fff526df210
0x00007fff526df1c8:   0000000000000003 00007fff526df1f0
0x00007fff526df1d8:   000000010e1f1646 0000000199c24278
0x00007fff526df1e8:   0000000199c24278 00007fe0b8959620
0x00007fff526df1f8:   0000000197a546a0 0000000197a54710
0x00007fff526df208:   00007fff79fb7550 00007fff79e5bc80
0x00007fff526df218:   0000000197a54450 0000000197a54690
0x00007fff526df228:   00007fe0b8959620 00007fe0b9118000
0x00007fff526df238:   00007fe0b8da8ec0 00007fe0b8959620
0x00007fff526df248:   00007fe0b9118000 00007fff526df2f8
0x00007fff526df258:   00007fe0b40619f8 0000000199c24278
0x00007fff526df268:   00007fff526df320 00007fff526df2e8
0x00007fff526df278:   000000010efa2954 0000000199c24278
0x00007fff526df288:   00007fff526df320 00007fff526df2e8
0x00007fff526df298:   000000010efa26e7 000000010efa26a2
0x00007fff526df2a8:   00007fff526df2a8 0000000199c24278
0x00007fff526df2b8:   00007fff526df320 0000000199c26eb0
0x00007fff526df2c8:   0000000000000000 0000000199c24278
0x00007fff526df2d8:   0000000000000000 00007fff526df308
0x00007fff526df2e8:   00007fff526df368 000000010ef94c4d
0x00007fff526df2f8:   0000000780bf5de8 000000010ef9c578
0x00007fff526df308:   00007fe0b8959620 00007fff526df368
0x00007fff526df318:   00007fe0b9118000 000000010ef9dd82
0x00007fff526df328:   00007fff526df328 0000000199c24442
0x00007fff526df338:   00007fff526df390 0000000199c26eb0
0x00007fff526df348:   0000000000000000 0000000199c24450
0x00007fff526df358:   00007fff526df308 00007fff526df378
0x00007fff526df368:   00007fff526df3d8 000000010ef94c4d
0x00007fff526df378:   00007fe0b8959620 00000007806d0a10
0x00007fff526df388:   00007fe0b9118000 00000007806d0a10
0x00007fff526df398:   00007fff526df398 00000001a2096a26
0x00007fff526df3a8:   00007fff526df3e8 00000001a2096ae0 

Instructions: (pc=0x00007fff8c9dc0dd)
0x00007fff8c9dc0bd:   00 00 00 48 85 ff 2e 74 7a 40 f6 c7 01 2e 75 7e
0x00007fff8c9dc0cd:   49 bb f8 ff ff ff ff 7f 00 00 4c 23 1f 49 89 f2
0x00007fff8c9dc0dd:   45 23 53 18 49 c1 e2 04 4d 03 53 10 49 3b 32 75
0x00007fff8c9dc0ed:   04 41 ff 62 08 49 83 3a 00 74 6a 4d 3b 53 10 74 

Register to memory mapping:

RAX=0x00007fe0b8959620 is an unknown value
RBX=0x0000000197a54450: Java_jogamp_nativewindow_macosx_OSXUtil_GetScreenRefreshRate0+0x1cf0 in /private/var/folders/gx/lpn_2smn21b5jx4mf4ptd0z40000gn/T/jogamp_0000/file_cache/jln1830884948070765220/jln8299215680069022454/libnativewindow_macosx.jnilib at 0x0000000197a4d000
RCX=0x000000012a356100 is an unknown value
RDX=0x0000000124c70840 is an unknown value
RSP=0x00007fff526df1b8 is pointing into the stack for thread: 0x00007fe0b4061800
RBP=0x00007fff526df270 is pointing into the stack for thread: 0x00007fe0b4061800
RSI=0x00007fff8da5640f is an unknown value
RDI=0x00007fe0b9118000 is an unknown value
R8 =0x0000000000000000 is an unknown value
R9 =0x0000000000000f50 is an unknown value
R10=0x00007fff8da5640f is an unknown value
R11=0x0000000000000000 is an unknown value
R12=0x0000000000000000 is an unknown value
R13={method} {0x0000000199c24278} 'UnsetJAWTRootSurfaceLayer0' '(JJ)V' in 'jogamp/nativewindow/jawt/macosx/MacOSXJAWTWindow'
R14=0x0000000197a54440: Java_jogamp_nativewindow_macosx_OSXUtil_GetScreenRefreshRate0+0x1ce0 in /private/var/folders/gx/lpn_2smn21b5jx4mf4ptd0z40000gn/T/jogamp_0000/file_cache/jln1830884948070765220/jln8299215680069022454/libnativewindow_macosx.jnilib at 0x0000000197a4d000
R15=0x00007fe0b4061800 is a thread


Stack: [0x00007fff51ee4000,0x00007fff526e4000],  sp=0x00007fff526df1b8,  free space=8172k
Native frames: (J=compiled Java code, j=interpreted, Vv=VM code, C=native code)
C  [libobjc.A.dylib+0x10dd]  objc_msgSend+0x1d
j  jogamp.nativewindow.jawt.macosx.MacOSXJAWTWindow.UnsetJAWTRootSurfaceLayer0(JJ)V+0
j  jogamp.nativewindow.jawt.macosx.MacOSXJAWTWindow.access$200(JJ)V+2
j  jogamp.nativewindow.jawt.macosx.MacOSXJAWTWindow$1.run()V+38
j  com.jogamp.common.util.RunnableTask.run()V+24
v  ~StubRoutines::call_stub
V  [libjvm.dylib+0x2eae7a]
V  [libjvm.dylib+0x321f83]
V  [libjvm.dylib+0x314757]
C  [libnativewindow_macosx.jnilib+0x5326]  Java_jogamp_nativewindow_jawt_macosx_MacOSXJAWTWindow_UnsetJAWTRootSurfaceLayer0+0x2b6
C  [Foundation+0x92dd0]  __NSThreadPerformPerform+0x125
C  [CoreFoundation+0x80a01]  __CFRUNLOOP_IS_CALLING_OUT_TO_A_SOURCE0_PERFORM_FUNCTION__+0x11
C  [CoreFoundation+0x72c5c]  __CFRunLoopDoSources0+0x1dc
C  [CoreFoundation+0x721bf]  __CFRunLoopRun+0x39f
C  [CoreFoundation+0x71bd8]  CFRunLoopRunSpecific+0x128
C  [HIToolbox+0x3256f]  RunCurrentEventLoopInMode+0xeb
C  [HIToolbox+0x321ee]  ReceiveNextEventCommon+0xb3
C  [HIToolbox+0x3212b]  _BlockUntilNextEventMatchingListInModeWithFilter+0x47
C  [AppKit+0x918ab]  _DPSNextEvent+0x3d2
C  [AppKit+0x90e58]  -[NSApplication nextEventMatchingMask:untilDate:inMode:dequeue:]+0x15a
C  [libosxapp.dylib+0x23aa]  -[NSApplicationAWT nextEventMatchingMask:untilDate:inMode:dequeue:]+0x7c
C  [AppKit+0x86af3]  -[NSApplication run]+0x252
C  [libosxapp.dylib+0x214d]  +[NSApplicationAWT runAWTLoopWithApp:]+0x9c
C  [libawt_lwawt.dylib+0x4455b]  -[AWTStarter starter:]+0x389
C  [Foundation+0x92dd0]  __NSThreadPerformPerform+0x125
C  [CoreFoundation+0x80a01]  __CFRUNLOOP_IS_CALLING_OUT_TO_A_SOURCE0_PERFORM_FUNCTION__+0x11
C  [CoreFoundation+0x72b8d]  __CFRunLoopDoSources0+0x10d
C  [CoreFoundation+0x721bf]  __CFRunLoopRun+0x39f
C  [CoreFoundation+0x71bd8]  CFRunLoopRunSpecific+0x128
C  [java+0x6463]  CreateExecutionEnvironment+0x367
C  [java+0x21ac]  JLI_Launch+0x7a0
C  [java+0x84c0]  main+0x65
C  [java+0x1a04]  start+0x34
C  0x0000000000000007

Java frames: (J=compiled Java code, j=interpreted, Vv=VM code)
j  jogamp.nativewindow.jawt.macosx.MacOSXJAWTWindow.UnsetJAWTRootSurfaceLayer0(JJ)V+0
j  jogamp.nativewindow.jawt.macosx.MacOSXJAWTWindow.access$200(JJ)V+2
j  jogamp.nativewindow.jawt.macosx.MacOSXJAWTWindow$1.run()V+38
j  com.jogamp.common.util.RunnableTask.run()V+24
v  ~StubRoutines::call_stub

---------------  P R O C E S S  ---------------

Java Threads: ( => current thread )
  0x00007fe0ba11a000 JavaThread "Thread-50" [_thread_blocked, id=25643, stack(0x00000001a2d7e000,0x00000001a2e7e000)]
  0x00007fe0b5746000 JavaThread "TimerQueue" daemon [_thread_blocked, id=61323, stack(0x00000001a2bab000,0x00000001a2cab000)]
  0x00007fe0b545f800 JavaThread "AWT-EventQueue-1" [_thread_in_native, id=48931, stack(0x0000000197f81000,0x0000000198081000)]
  0x00007fe0b5990800 JavaThread "DestroyJavaVM" [_thread_blocked, id=4867, stack(0x000000010d633000,0x000000010d733000)]
  0x00007fe0b4974000 JavaThread "AWT-EventQueue-0" [_thread_blocked, id=55299, stack(0x000000012b36b000,0x000000012b46b000)]
  0x00007fe0b5a45000 JavaThread "Java2D Disposer" daemon [_thread_blocked, id=52247, stack(0x000000012a0e7000,0x000000012a1e7000)]
  0x00007fe0b515c800 JavaThread "Java2D Queue Flusher" daemon [_thread_blocked, id=49675, stack(0x00000001290f2000,0x00000001291f2000)]
  0x00007fe0b595f800 JavaThread "AWT-Shutdown" [_thread_blocked, id=28947, stack(0x00000001267a2000,0x00000001268a2000)]
=>0x00007fe0b4061800 JavaThread "AWT-AppKit" daemon [_thread_in_native, id=1811, stack(0x00007fff51ee4000,0x00007fff526e4000)]
  0x00007fe0b50b2800 JavaThread "Service Thread" daemon [_thread_blocked, id=18179, stack(0x000000012475c000,0x000000012485c000)]
  0x00007fe0b4006000 JavaThread "C1 CompilerThread2" daemon [_thread_blocked, id=17667, stack(0x0000000124659000,0x0000000124759000)]
  0x00007fe0b5059800 JavaThread "C2 CompilerThread1" daemon [_thread_blocked, id=17155, stack(0x0000000124556000,0x0000000124656000)]
  0x00007fe0b504a800 JavaThread "C2 CompilerThread0" daemon [_thread_blocked, id=16643, stack(0x0000000124453000,0x0000000124553000)]
  0x00007fe0b4008000 JavaThread "Signal Dispatcher" daemon [_thread_blocked, id=13579, stack(0x0000000124350000,0x0000000124450000)]
  0x00007fe0b5047800 JavaThread "Finalizer" daemon [_thread_blocked, id=11523, stack(0x000000012293d000,0x0000000122a3d000)]
  0x00007fe0b4815000 JavaThread "Reference Handler" daemon [_thread_blocked, id=11011, stack(0x000000012283a000,0x000000012293a000)]

Other Threads:
  0x00007fe0b5813000 VMThread [stack: 0x0000000122737000,0x0000000122837000] [id=10499]
  0x00007fe0b5817800 WatcherThread [stack: 0x000000012485f000,0x000000012495f000] [id=18691]

VM state:not at safepoint (normal execution)

VM Mutex/Monitor currently owned by a thread: None

Heap:
 PSYoungGen      total 12288K, used 9400K [0x00000007aab00000, 0x00000007ab900000, 0x00000007c0000000)
  eden space 10240K, 82% used [0x00000007aab00000,0x00000007ab33e370,0x00000007ab500000)
  from space 2048K, 46% used [0x00000007ab700000,0x00000007ab7f0000,0x00000007ab900000)
  to   space 2048K, 0% used [0x00000007ab500000,0x00000007ab500000,0x00000007ab700000)
 ParOldGen       total 37376K, used 31201K [0x0000000780000000, 0x0000000782480000, 0x00000007aab00000)
  object space 37376K, 83% used [0x0000000780000000,0x0000000781e784a0,0x0000000782480000)
 Metaspace       used 24453K, capacity 24697K, committed 24832K, reserved 1071104K
  class space    used 2449K, capacity 2517K, committed 2560K, reserved 1048576K

Card table byte_map: [0x000000011e34d000,0x000000011e54e000] byte_map_base: 0x000000011a74d000

Marking Bits: (ParMarkBitMap*) 0x000000010e8e3ea0
 Begin Bits: [0x000000011eab0000, 0x000000011fab0000)
 End Bits:   [0x000000011fab0000, 0x0000000120ab0000)

Polling page: 0x000000010d778000

CodeCache: size=245760Kb used=11543Kb max_used=11641Kb free=234216Kb
 bounds [0x000000010ef8d000, 0x000000010fb2d000, 0x000000011df8d000]
 total_blobs=4258 nmethods=3320 adapters=850
 compilation: enabled

Compilation events (10 events):
Event: 157.887 Thread 0x00007fe0b504a800 4126  s    4       sun.font.FontManagerFactory::getInstance (25 bytes)
Event: 157.888 Thread 0x00007fe0b4006000 4125       1       java.awt.Font::isTransformed (5 bytes)
Event: 157.888 Thread 0x00007fe0b4006000 nmethod 4125 0x000000010f2206d0 code [0x000000010f220820, 0x000000010f220930]
Event: 157.888 Thread 0x00007fe0b4006000 4127       1       java.awt.Font::getStyle (5 bytes)
Event: 157.888 Thread 0x00007fe0b4006000 nmethod 4127 0x000000010f854d50 code [0x000000010f854ea0, 0x000000010f854fb0]
Event: 157.889 Thread 0x00007fe0b504a800 nmethod 4126 0x000000010f528ed0 code [0x000000010f529020, 0x000000010f529278]
Event: 157.932 Thread 0x00007fe0b4006000 4128   !   3       javax.swing.JComponent::paintComponent (44 bytes)
Event: 157.933 Thread 0x00007fe0b4006000 nmethod 4128 0x000000010f6c3c90 code [0x000000010f6c3e40, 0x000000010f6c4398]
Event: 157.933 Thread 0x00007fe0b4006000 4129       3       sun.lwawt.LWComponentPeer::getLocationOnScreen (41 bytes)
Event: 157.934 Thread 0x00007fe0b4006000 nmethod 4129 0x000000010fae6590 code [0x000000010fae6780, 0x000000010fae7108]

GC Heap History (10 events):
Event: 152.646 GC heap before
{Heap before GC invocations=95 (full 1):
 PSYoungGen      total 11776K, used 11232K [0x00000007aab00000, 0x00000007ab900000, 0x00000007c0000000)
  eden space 10240K, 100% used [0x00000007aab00000,0x00000007ab500000,0x00000007ab500000)
  from space 1536K, 64% used [0x00000007ab500000,0x00000007ab5f8000,0x00000007ab680000)
  to   space 2048K, 0% used [0x00000007ab700000,0x00000007ab700000,0x00000007ab900000)
 ParOldGen       total 37376K, used 31193K [0x0000000780000000, 0x0000000782480000, 0x00000007aab00000)
  object space 37376K, 83% used [0x0000000780000000,0x0000000781e764a0,0x0000000782480000)
 Metaspace       used 24431K, capacity 24697K, committed 24832K, reserved 1071104K
  class space    used 2446K, capacity 2517K, committed 2560K, reserved 1048576K
Event: 152.648 GC heap after
Heap after GC invocations=95 (full 1):
 PSYoungGen      total 12288K, used 992K [0x00000007aab00000, 0x00000007ab900000, 0x00000007c0000000)
  eden space 10240K, 0% used [0x00000007aab00000,0x00000007aab00000,0x00000007ab500000)
  from space 2048K, 48% used [0x00000007ab700000,0x00000007ab7f8000,0x00000007ab900000)
  to   space 2048K, 0% used [0x00000007ab500000,0x00000007ab500000,0x00000007ab700000)
 ParOldGen       total 37376K, used 31193K [0x0000000780000000, 0x0000000782480000, 0x00000007aab00000)
  object space 37376K, 83% used [0x0000000780000000,0x0000000781e764a0,0x0000000782480000)
 Metaspace       used 24431K, capacity 24697K, committed 24832K, reserved 1071104K
  class space    used 2446K, capacity 2517K, committed 2560K, reserved 1048576K
}
Event: 153.763 GC heap before
{Heap before GC invocations=96 (full 1):
 PSYoungGen      total 12288K, used 11232K [0x00000007aab00000, 0x00000007ab900000, 0x00000007c0000000)
  eden space 10240K, 100% used [0x00000007aab00000,0x00000007ab500000,0x00000007ab500000)
  from space 2048K, 48% used [0x00000007ab700000,0x00000007ab7f8000,0x00000007ab900000)
  to   space 2048K, 0% used [0x00000007ab500000,0x00000007ab500000,0x00000007ab700000)
 ParOldGen       total 37376K, used 31193K [0x0000000780000000, 0x0000000782480000, 0x00000007aab00000)
  object space 37376K, 83% used [0x0000000780000000,0x0000000781e764a0,0x0000000782480000)
 Metaspace       used 24431K, capacity 24697K, committed 24832K, reserved 1071104K
  class space    used 2446K, capacity 2517K, committed 2560K, reserved 1048576K
Event: 153.764 GC heap after
Heap after GC invocations=96 (full 1):
 PSYoungGen      total 12288K, used 960K [0x00000007aab00000, 0x00000007ab900000, 0x00000007c0000000)
  eden space 10240K, 0% used [0x00000007aab00000,0x00000007aab00000,0x00000007ab500000)
  from space 2048K, 46% used [0x00000007ab500000,0x00000007ab5f0000,0x00000007ab700000)
  to   space 2048K, 0% used [0x00000007ab700000,0x00000007ab700000,0x00000007ab900000)
 ParOldGen       total 37376K, used 31201K [0x0000000780000000, 0x0000000782480000, 0x00000007aab00000)
  object space 37376K, 83% used [0x0000000780000000,0x0000000781e784a0,0x0000000782480000)
 Metaspace       used 24431K, capacity 24697K, committed 24832K, reserved 1071104K
  class space    used 2446K, capacity 2517K, committed 2560K, reserved 1048576K
}
Event: 154.877 GC heap before
{Heap before GC invocations=97 (full 1):
 PSYoungGen      total 12288K, used 11200K [0x00000007aab00000, 0x00000007ab900000, 0x00000007c0000000)
  eden space 10240K, 100% used [0x00000007aab00000,0x00000007ab500000,0x00000007ab500000)
  from space 2048K, 46% used [0x00000007ab500000,0x00000007ab5f0000,0x00000007ab700000)
  to   space 2048K, 0% used [0x00000007ab700000,0x00000007ab700000,0x00000007ab900000)
 ParOldGen       total 37376K, used 31201K [0x0000000780000000, 0x0000000782480000, 0x00000007aab00000)
  object space 37376K, 83% used [0x0000000780000000,0x0000000781e784a0,0x0000000782480000)
 Metaspace       used 24431K, capacity 24697K, committed 24832K, reserved 1071104K
  class space    used 2446K, capacity 2517K, committed 2560K, reserved 1048576K
Event: 154.878 GC heap after
Heap after GC invocations=97 (full 1):
 PSYoungGen      total 12288K, used 1024K [0x00000007aab00000, 0x00000007ab900000, 0x00000007c0000000)
  eden space 10240K, 0% used [0x00000007aab00000,0x00000007aab00000,0x00000007ab500000)
  from space 2048K, 50% used [0x00000007ab700000,0x00000007ab800000,0x00000007ab900000)
  to   space 2048K, 0% used [0x00000007ab500000,0x00000007ab500000,0x00000007ab700000)
 ParOldGen       total 37376K, used 31201K [0x0000000780000000, 0x0000000782480000, 0x00000007aab00000)
  object space 37376K, 83% used [0x0000000780000000,0x0000000781e784a0,0x0000000782480000)
 Metaspace       used 24431K, capacity 24697K, committed 24832K, reserved 1071104K
  class space    used 2446K, capacity 2517K, committed 2560K, reserved 1048576K
}
Event: 155.922 GC heap before
{Heap before GC invocations=98 (full 1):
 PSYoungGen      total 12288K, used 11264K [0x00000007aab00000, 0x00000007ab900000, 0x00000007c0000000)
  eden space 10240K, 100% used [0x00000007aab00000,0x00000007ab500000,0x00000007ab500000)
  from space 2048K, 50% used [0x00000007ab700000,0x00000007ab800000,0x00000007ab900000)
  to   space 2048K, 0% used [0x00000007ab500000,0x00000007ab500000,0x00000007ab700000)
 ParOldGen       total 37376K, used 31201K [0x0000000780000000, 0x0000000782480000, 0x00000007aab00000)
  object space 37376K, 83% used [0x0000000780000000,0x0000000781e784a0,0x0000000782480000)
 Metaspace       used 24431K, capacity 24697K, committed 24832K, reserved 1071104K
  class space    used 2446K, capacity 2517K, committed 2560K, reserved 1048576K
Event: 155.924 GC heap after
Heap after GC invocations=98 (full 1):
 PSYoungGen      total 12288K, used 960K [0x00000007aab00000, 0x00000007ab900000, 0x00000007c0000000)
  eden space 10240K, 0% used [0x00000007aab00000,0x00000007aab00000,0x00000007ab500000)
  from space 2048K, 46% used [0x00000007ab500000,0x00000007ab5f0000,0x00000007ab700000)
  to   space 2048K, 0% used [0x00000007ab700000,0x00000007ab700000,0x00000007ab900000)
 ParOldGen       total 37376K, used 31201K [0x0000000780000000, 0x0000000782480000, 0x00000007aab00000)
  object space 37376K, 83% used [0x0000000780000000,0x0000000781e784a0,0x0000000782480000)
 Metaspace       used 24431K, capacity 24697K, committed 24832K, reserved 1071104K
  class space    used 2446K, capacity 2517K, committed 2560K, reserved 1048576K
}
Event: 157.004 GC heap before
{Heap before GC invocations=99 (full 1):
 PSYoungGen      total 12288K, used 11200K [0x00000007aab00000, 0x00000007ab900000, 0x00000007c0000000)
  eden space 10240K, 100% used [0x00000007aab00000,0x00000007ab500000,0x00000007ab500000)
  from space 2048K, 46% used [0x00000007ab500000,0x00000007ab5f0000,0x00000007ab700000)
  to   space 2048K, 0% used [0x00000007ab700000,0x00000007ab700000,0x00000007ab900000)
 ParOldGen       total 37376K, used 31201K [0x0000000780000000, 0x0000000782480000, 0x00000007aab00000)
  object space 37376K, 83% used [0x0000000780000000,0x0000000781e784a0,0x0000000782480000)
 Metaspace       used 24432K, capacity 24697K, committed 24832K, reserved 1071104K
  class space    used 2446K, capacity 2517K, committed 2560K, reserved 1048576K
Event: 157.005 GC heap after
Heap after GC invocations=99 (full 1):
 PSYoungGen      total 12288K, used 960K [0x00000007aab00000, 0x00000007ab900000, 0x00000007c0000000)
  eden space 10240K, 0% used [0x00000007aab00000,0x00000007aab00000,0x00000007ab500000)
  from space 2048K, 46% used [0x00000007ab700000,0x00000007ab7f0000,0x00000007ab900000)
  to   space 2048K, 0% used [0x00000007ab500000,0x00000007ab500000,0x00000007ab700000)
 ParOldGen       total 37376K, used 31201K [0x0000000780000000, 0x0000000782480000, 0x00000007aab00000)
  object space 37376K, 83% used [0x0000000780000000,0x0000000781e784a0,0x0000000782480000)
 Metaspace       used 24432K, capacity 24697K, committed 24832K, reserved 1071104K
  class space    used 2446K, capacity 2517K, committed 2560K, reserved 1048576K
}

Deoptimization events (10 events):
Event: 157.915 Thread 0x00007fe0b5a51800 Uncommon trap: reason=unstable_if action=reinterpret pc=0x000000010f4c19ac method=java.util.HashMap.putVal(ILjava/lang/Object;Ljava/lang/Object;ZZ)Ljava/lang/Object; @ 81
Event: 157.916 Thread 0x00007fe0b5a51800 Uncommon trap: reason=unstable_if action=reinterpret pc=0x000000010f93fe4c method=java.util.Vector.removeElement(Ljava/lang/Object;)Z @ 17
Event: 157.917 Thread 0x00007fe0b4974000 Uncommon trap: reason=bimorphic action=maybe_recompile pc=0x000000010fa505b0 method=java.awt.Component.getGraphics()Ljava/awt/Graphics; @ 114
Event: 157.917 Thread 0x00007fe0b4974000 Uncommon trap: reason=unstable_if action=reinterpret pc=0x000000010f977808 method=sun.java2d.pipe.Region.isInsideQuickCheck(Lsun/java2d/pipe/Region;)Z @ 48
Event: 157.917 Thread 0x00007fe0b545f800 Uncommon trap: reason=class_check action=maybe_recompile pc=0x000000010f3147f4 method=java.awt.event.InvocationEvent.dispatch()V @ 11
Event: 157.919 Thread 0x00007fe0b4061800 Uncommon trap: reason=class_check action=maybe_recompile pc=0x000000010f628180 method=com.jogamp.common.util.RunnableTask.run()V @ 24
Event: 157.930 Thread 0x00007fe0b545f800 Uncommon trap: reason=unstable_if action=reinterpret pc=0x000000010f721ff0 method=jogamp.opengl.GLContextImpl.release(Z)V @ 161
Event: 157.933 Thread 0x00007fe0b4974000 Uncommon trap: reason=bimorphic action=maybe_recompile pc=0x000000010fa505b0 method=java.awt.Component.getGraphics()Ljava/awt/Graphics; @ 114
Event: 157.934 Thread 0x00007fe0b545f800 Uncommon trap: reason=class_check action=maybe_recompile pc=0x000000010f3147f4 method=java.awt.event.InvocationEvent.dispatch()V @ 11
Event: 157.942 Thread 0x00007fe0b4061800 Uncommon trap: reason=class_check action=maybe_recompile pc=0x000000010f628180 method=com.jogamp.common.util.RunnableTask.run()V @ 24

Internal exceptions (10 events):
Event: 16.223 Thread 0x00007fe0b5047800 Exception <a 'java/lang/NullPointerException'> (0x00000007aab82498) thrown at [/HUDSON3/workspace/8-2-build-macosx-x86_64/jdk8u73/6086/hotspot/src/share/vm/interpreter/linkResolver.cpp, line 1178]
Event: 16.419 Thread 0x00007fe0b5dfb000 Exception <a 'java/lang/UnsatisfiedLinkError': com.jogamp.common.util.JarUtil.fixNativeLibAttribs(Ljava/lang/String;)Z> (0x00000007ab056c08) thrown at [/HUDSON3/workspace/8-2-build-macosx-x86_64/jdk8u73/6086/hotspot/src/share/vm/prims/nativeLookup.cpp, li
Event: 19.107 Thread 0x00007fe0b545f800 Exception <a 'java/io/FileNotFoundException'> (0x00000007ab3a3fa8) thrown at [/HUDSON3/workspace/8-2-build-macosx-x86_64/jdk8u73/6086/hotspot/src/share/vm/prims/jni.cpp, line 709]
Event: 19.107 Thread 0x00007fe0b545f800 Exception <a 'java/io/FileNotFoundException'> (0x00000007ab3b07d8) thrown at [/HUDSON3/workspace/8-2-build-macosx-x86_64/jdk8u73/6086/hotspot/src/share/vm/prims/jni.cpp, line 709]
Event: 19.108 Thread 0x00007fe0b545f800 Implicit null exception at 0x000000010f146735 to 0x000000010f146abd
Event: 21.558 Thread 0x00007fe0b545f800 Implicit null exception at 0x000000010f5087e5 to 0x000000010f508939
Event: 36.207 Thread 0x00007fe0b545f800 Implicit null exception at 0x000000010f8acfbd to 0x000000010f8ad4cd
Event: 74.569 Thread 0x00007fe0b545f800 Implicit null exception at 0x000000010fa0eb37 to 0x000000010fa0ecf5
Event: 74.569 Thread 0x00007fe0b545f800 Implicit null exception at 0x000000010f977678 to 0x000000010f977729
Event: 79.162 Thread 0x00007fe0b545f800 Implicit null exception at 0x000000010f145df5 to 0x000000010f146165

Events (10 events):
Event: 157.933 Thread 0x00007fe0b5a51800 Thread exited: 0x00007fe0b5a51800
Event: 157.933 Thread 0x00007fe0b4974000 Uncommon trap: trap_request=0xffffffc6 fr.pc=0x000000010fa505b0
Event: 157.933 Thread 0x00007fe0b4974000 DEOPT PACKING pc=0x000000010fa505b0 sp=0x000000012b468c20
Event: 157.933 Thread 0x00007fe0b4974000 DEOPT UNPACKING pc=0x000000010ef92229 sp=0x000000012b468c60 mode 2
Event: 157.934 Thread 0x00007fe0b545f800 Uncommon trap: trap_request=0xffffffde fr.pc=0x000000010f3147f4
Event: 157.934 Thread 0x00007fe0b545f800 DEOPT PACKING pc=0x000000010f3147f4 sp=0x000000019807eed0
Event: 157.934 Thread 0x00007fe0b545f800 DEOPT UNPACKING pc=0x000000010ef92229 sp=0x000000019807eed0 mode 2
Event: 157.942 Thread 0x00007fe0b4061800 Uncommon trap: trap_request=0xffffffde fr.pc=0x000000010f628180
Event: 157.942 Thread 0x00007fe0b4061800 DEOPT PACKING pc=0x000000010f628180 sp=0x00007fff526df430
Event: 157.942 Thread 0x00007fe0b4061800 DEOPT UNPACKING pc=0x000000010ef92229 sp=0x00007fff526df3d8 mode 2


Dynamic libraries:
0x00000000080fd000 	/System/Library/Frameworks/Cocoa.framework/Versions/A/Cocoa
0x00000000080fd000 	/System/Library/Frameworks/Security.framework/Versions/A/Security
0x00000000080fd000 	/System/Library/Frameworks/ApplicationServices.framework/Versions/A/ApplicationServices
0x00000000080fd000 	/usr/lib/libz.1.dylib
0x00000000080fd000 	/usr/lib/libSystem.B.dylib
0x00000000080fd000 	/usr/lib/libobjc.A.dylib
0x00000000080fd000 	/System/Library/Frameworks/CoreFoundation.framework/Versions/A/CoreFoundation
0x00000000080fd000 	/System/Library/Frameworks/Foundation.framework/Versions/C/Foundation
0x00000000080fd000 	/System/Library/Frameworks/AppKit.framework/Versions/C/AppKit
0x00000000080fd000 	/System/Library/Frameworks/CoreData.framework/Versions/A/CoreData
0x00000000080fd000 	/System/Library/PrivateFrameworks/RemoteViewServices.framework/Versions/A/RemoteViewServices
0x00000000080fd000 	/System/Library/PrivateFrameworks/UIFoundation.framework/Versions/A/UIFoundation
0x00000000080fd000 	/System/Library/Frameworks/IOSurface.framework/Versions/A/IOSurface
0x00000000080fd000 	/System/Library/Frameworks/AudioToolbox.framework/Versions/A/AudioToolbox
0x00000000080fd000 	/System/Library/Frameworks/AudioUnit.framework/Versions/A/AudioUnit
0x00000000080fd000 	/System/Library/PrivateFrameworks/DataDetectorsCore.framework/Versions/A/DataDetectorsCore
0x00000000080fd000 	/System/Library/PrivateFrameworks/DesktopServicesPriv.framework/Versions/A/DesktopServicesPriv
0x00000000080fd000 	/System/Library/Frameworks/Carbon.framework/Versions/A/Frameworks/HIToolbox.framework/Versions/A/HIToolbox
0x00000000080fd000 	/System/Library/Frameworks/QuartzCore.framework/Versions/A/QuartzCore
0x00000000080fd000 	/System/Library/Frameworks/Carbon.framework/Versions/A/Frameworks/SpeechRecognition.framework/Versions/A/SpeechRecognition
0x00000000080fd000 	/usr/lib/libauto.dylib
0x00000000080fd000 	/usr/lib/libicucore.A.dylib
0x00000000080fd000 	/usr/lib/libxml2.2.dylib
0x00000000080fd000 	/System/Library/PrivateFrameworks/CoreUI.framework/Versions/A/CoreUI
0x00000000080fd000 	/System/Library/Frameworks/CoreAudio.framework/Versions/A/CoreAudio
0x00000000080fd000 	/System/Library/Frameworks/DiskArbitration.framework/Versions/A/DiskArbitration
0x00000000080fd000 	/usr/lib/liblangid.dylib
0x00000000080fd000 	/System/Library/PrivateFrameworks/MultitouchSupport.framework/Versions/A/MultitouchSupport
0x00000000080fd000 	/System/Library/Frameworks/IOKit.framework/Versions/A/IOKit
0x00000000080fd000 	/usr/lib/libDiagnosticMessagesClient.dylib
0x00000000080fd000 	/System/Library/Frameworks/CoreServices.framework/Versions/A/CoreServices
0x00000000080fd000 	/System/Library/PrivateFrameworks/PerformanceAnalysis.framework/Versions/A/PerformanceAnalysis
0x00000000080fd000 	/System/Library/PrivateFrameworks/GenerationalStorage.framework/Versions/A/GenerationalStorage
0x00000000080fd000 	/System/Library/Frameworks/OpenGL.framework/Versions/A/OpenGL
0x00000000080fd000 	/System/Library/PrivateFrameworks/Sharing.framework/Versions/A/Sharing
0x00000000080fd000 	/System/Library/Frameworks/CoreGraphics.framework/Versions/A/CoreGraphics
0x00000000080fd000 	/System/Library/Frameworks/CoreText.framework/Versions/A/CoreText
0x00000000080fd000 	/System/Library/Frameworks/ImageIO.framework/Versions/A/ImageIO
0x00000000080fd000 	/usr/lib/libextension.dylib
0x00000000080fd000 	/System/Library/PrivateFrameworks/Backup.framework/Versions/A/Backup
0x00000000080fd000 	/usr/lib/libarchive.2.dylib
0x00000000080fd000 	/System/Library/Frameworks/CFNetwork.framework/Versions/A/CFNetwork
0x00000000080fd000 	/System/Library/Frameworks/SystemConfiguration.framework/Versions/A/SystemConfiguration
0x00000000080fd000 	/usr/lib/libCRFSuite.dylib
0x00000000080fd000 	/usr/lib/libc++.1.dylib
0x00000000080fd000 	/usr/lib/libc++abi.dylib
0x00000000080fd000 	/usr/lib/system/libcache.dylib
0x00000000080fd000 	/usr/lib/system/libcommonCrypto.dylib
0x00000000080fd000 	/usr/lib/system/libcompiler_rt.dylib
0x00000000080fd000 	/usr/lib/system/libcopyfile.dylib
0x00000000080fd000 	/usr/lib/system/libcorecrypto.dylib
0x00000000080fd000 	/usr/lib/system/libdispatch.dylib
0x00000000080fd000 	/usr/lib/system/libdyld.dylib
0x00000000080fd000 	/usr/lib/system/libkeymgr.dylib
0x00000000080fd000 	/usr/lib/system/liblaunch.dylib
0x00000000080fd000 	/usr/lib/system/libmacho.dylib
0x00000000080fd000 	/usr/lib/system/libquarantine.dylib
0x00000000080fd000 	/usr/lib/system/libremovefile.dylib
0x00000000080fd000 	/usr/lib/system/libsystem_asl.dylib
0x00000000080fd000 	/usr/lib/system/libsystem_blocks.dylib
0x00000000080fd000 	/usr/lib/system/libsystem_c.dylib
0x00000000080fd000 	/usr/lib/system/libsystem_configuration.dylib
0x00000000080fd000 	/usr/lib/system/libsystem_coreservices.dylib
0x00000000080fd000 	/usr/lib/system/libsystem_coretls.dylib
0x00000000080fd000 	/usr/lib/system/libsystem_dnssd.dylib
0x00000000080fd000 	/usr/lib/system/libsystem_info.dylib
0x00000000080fd000 	/usr/lib/system/libsystem_kernel.dylib
0x00000000080fd000 	/usr/lib/system/libsystem_m.dylib
0x00000000080fd000 	/usr/lib/system/libsystem_malloc.dylib
0x00000000080fd000 	/usr/lib/system/libsystem_network.dylib
0x00000000080fd000 	/usr/lib/system/libsystem_networkextension.dylib
0x00000000080fd000 	/usr/lib/system/libsystem_notify.dylib
0x00000000080fd000 	/usr/lib/system/libsystem_platform.dylib
0x00000000080fd000 	/usr/lib/system/libsystem_pthread.dylib
0x00000000080fd000 	/usr/lib/system/libsystem_sandbox.dylib
0x00000000080fd000 	/usr/lib/system/libsystem_secinit.dylib
0x00000000080fd000 	/usr/lib/system/libsystem_stats.dylib
0x00000000080fd000 	/usr/lib/system/libsystem_trace.dylib
0x00000000080fd000 	/usr/lib/system/libunc.dylib
0x00000000080fd000 	/usr/lib/system/libunwind.dylib
0x00000000080fd000 	/usr/lib/system/libxpc.dylib
0x00000000080fd000 	/usr/lib/libbz2.1.0.dylib
0x00000000080fd000 	/usr/lib/liblzma.5.dylib
0x00000000080fd000 	/usr/lib/libbsm.0.dylib
0x00000000080fd000 	/usr/lib/libsqlite3.dylib
0x00000000080fd000 	/usr/lib/system/libkxld.dylib
0x00000000080fd000 	/usr/lib/libxar.1.dylib
0x00000000080fd000 	/usr/lib/libpam.2.dylib
0x00000000080fd000 	/usr/lib/libOpenScriptingUtil.dylib
0x00000000080fd000 	/System/Library/Frameworks/CoreServices.framework/Versions/A/Frameworks/FSEvents.framework/Versions/A/FSEvents
0x00000000080fd000 	/System/Library/Frameworks/CoreServices.framework/Versions/A/Frameworks/CarbonCore.framework/Versions/A/CarbonCore
0x00000000080fd000 	/System/Library/Frameworks/CoreServices.framework/Versions/A/Frameworks/Metadata.framework/Versions/A/Metadata
0x00000000080fd000 	/System/Library/Frameworks/CoreServices.framework/Versions/A/Frameworks/OSServices.framework/Versions/A/OSServices
0x00000000080fd000 	/System/Library/Frameworks/CoreServices.framework/Versions/A/Frameworks/SearchKit.framework/Versions/A/SearchKit
0x00000000080fd000 	/System/Library/Frameworks/CoreServices.framework/Versions/A/Frameworks/AE.framework/Versions/A/AE
0x00000000080fd000 	/System/Library/Frameworks/CoreServices.framework/Versions/A/Frameworks/LaunchServices.framework/Versions/A/LaunchServices
0x00000000080fd000 	/System/Library/Frameworks/CoreServices.framework/Versions/A/Frameworks/DictionaryServices.framework/Versions/A/DictionaryServices
0x00000000080fd000 	/System/Library/Frameworks/NetFS.framework/Versions/A/NetFS
0x00000000080fd000 	/System/Library/PrivateFrameworks/NetAuth.framework/Versions/A/NetAuth
0x00000000080fd000 	/System/Library/PrivateFrameworks/login.framework/Versions/A/Frameworks/loginsupport.framework/Versions/A/loginsupport
0x00000000080fd000 	/System/Library/PrivateFrameworks/TCC.framework/Versions/A/TCC
0x00000000080fd000 	/usr/lib/libmecabra.dylib
0x00000000080fd000 	/System/Library/Frameworks/ApplicationServices.framework/Versions/A/Frameworks/ATS.framework/Versions/A/ATS
0x00000000080fd000 	/System/Library/Frameworks/ApplicationServices.framework/Versions/A/Frameworks/ColorSync.framework/Versions/A/ColorSync
0x00000000080fd000 	/System/Library/Frameworks/ApplicationServices.framework/Versions/A/Frameworks/HIServices.framework/Versions/A/HIServices
0x00000000080fd000 	/System/Library/Frameworks/ApplicationServices.framework/Versions/A/Frameworks/LangAnalysis.framework/Versions/A/LangAnalysis
0x00000000080fd000 	/System/Library/Frameworks/ApplicationServices.framework/Versions/A/Frameworks/PrintCore.framework/Versions/A/PrintCore
0x00000000080fd000 	/System/Library/Frameworks/ApplicationServices.framework/Versions/A/Frameworks/QD.framework/Versions/A/QD
0x00000000080fd000 	/System/Library/Frameworks/ApplicationServices.framework/Versions/A/Frameworks/SpeechSynthesis.framework/Versions/A/SpeechSynthesis
0x00000000080fd000 	/System/Library/Frameworks/Accelerate.framework/Versions/A/Accelerate
0x00000000080fd000 	/System/Library/Frameworks/Accelerate.framework/Versions/A/Frameworks/vImage.framework/Versions/A/vImage
0x00000000080fd000 	/System/Library/Frameworks/Accelerate.framework/Versions/A/Frameworks/vecLib.framework/Versions/A/vecLib
0x00000000080fd000 	/System/Library/Frameworks/Accelerate.framework/Versions/A/Frameworks/vecLib.framework/Versions/A/libvDSP.dylib
0x00000000080fd000 	/System/Library/Frameworks/Accelerate.framework/Versions/A/Frameworks/vecLib.framework/Versions/A/libvMisc.dylib
0x00000000080fd000 	/System/Library/Frameworks/Accelerate.framework/Versions/A/Frameworks/vecLib.framework/Versions/A/libLAPACK.dylib
0x00000000080fd000 	/System/Library/Frameworks/Accelerate.framework/Versions/A/Frameworks/vecLib.framework/Versions/A/libBLAS.dylib
0x00000000080fd000 	/System/Library/Frameworks/Accelerate.framework/Versions/A/Frameworks/vecLib.framework/Versions/A/libLinearAlgebra.dylib
0x00000000080fd000 	/System/Library/Frameworks/ApplicationServices.framework/Versions/A/Frameworks/ATS.framework/Versions/A/Resources/libFontParser.dylib
0x00000000080fd000 	/System/Library/Frameworks/ApplicationServices.framework/Versions/A/Frameworks/ATS.framework/Versions/A/Resources/libFontRegistry.dylib
0x00000000080fd000 	/System/Library/PrivateFrameworks/AppleVPA.framework/Versions/A/AppleVPA
0x00000000080fd000 	/System/Library/PrivateFrameworks/AppleJPEG.framework/Versions/A/AppleJPEG
0x00000000080fd000 	/System/Library/Frameworks/ImageIO.framework/Versions/A/Resources/libJPEG.dylib
0x00000000080fd000 	/System/Library/Frameworks/ImageIO.framework/Versions/A/Resources/libTIFF.dylib
0x00000000080fd000 	/System/Library/Frameworks/ImageIO.framework/Versions/A/Resources/libPng.dylib
0x00000000080fd000 	/System/Library/Frameworks/ImageIO.framework/Versions/A/Resources/libGIF.dylib
0x00000000080fd000 	/System/Library/Frameworks/ImageIO.framework/Versions/A/Resources/libJP2.dylib
0x00000000080fd000 	/System/Library/Frameworks/ImageIO.framework/Versions/A/Resources/libRadiance.dylib
0x00000000080fd000 	/System/Library/Frameworks/CoreVideo.framework/Versions/A/CoreVideo
0x00000000080fd000 	/System/Library/Frameworks/OpenGL.framework/Versions/A/Libraries/libGLU.dylib
0x00000000080fd000 	/System/Library/Frameworks/OpenGL.framework/Versions/A/Libraries/libGFXShared.dylib
0x00000000080fd000 	/System/Library/Frameworks/OpenGL.framework/Versions/A/Libraries/libGL.dylib
0x00000000080fd000 	/System/Library/Frameworks/OpenGL.framework/Versions/A/Libraries/libGLImage.dylib
0x00000000080fd000 	/System/Library/Frameworks/OpenGL.framework/Versions/A/Libraries/libCVMSPluginSupport.dylib
0x00000000080fd000 	/System/Library/Frameworks/OpenGL.framework/Versions/A/Libraries/libCoreVMClient.dylib
0x00000000080fd000 	/usr/lib/libcups.2.dylib
0x00000000080fd000 	/System/Library/Frameworks/Kerberos.framework/Versions/A/Kerberos
0x00000000080fd000 	/System/Library/Frameworks/GSS.framework/Versions/A/GSS
0x00000000080fd000 	/usr/lib/libresolv.9.dylib
0x00000000080fd000 	/usr/lib/libiconv.2.dylib
0x00000000080fd000 	/System/Library/PrivateFrameworks/Heimdal.framework/Versions/A/Heimdal
0x00000000080fd000 	/usr/lib/libheimdal-asn1.dylib
0x00000000080fd000 	/System/Library/Frameworks/OpenDirectory.framework/Versions/A/OpenDirectory
0x00000000080fd000 	/System/Library/PrivateFrameworks/CommonAuth.framework/Versions/A/CommonAuth
0x00000000080fd000 	/System/Library/Frameworks/OpenDirectory.framework/Versions/A/Frameworks/CFOpenDirectory.framework/Versions/A/CFOpenDirectory
0x00000000080fd000 	/System/Library/Frameworks/SecurityFoundation.framework/Versions/A/SecurityFoundation
0x00000000080fd000 	/System/Library/PrivateFrameworks/LanguageModeling.framework/Versions/A/LanguageModeling
0x00000000080fd000 	/usr/lib/libcmph.dylib
0x00000000080fd000 	/System/Library/Frameworks/ServiceManagement.framework/Versions/A/ServiceManagement
0x00000000080fd000 	/usr/lib/libxslt.1.dylib
0x00000000080fd000 	/System/Library/Frameworks/Carbon.framework/Versions/A/Frameworks/Ink.framework/Versions/A/Ink
0x00000000080fd000 	/System/Library/Frameworks/QuartzCore.framework/Versions/A/Frameworks/CoreImage.framework/Versions/A/CoreImage
0x00000000080fd000 	/System/Library/PrivateFrameworks/CrashReporterSupport.framework/Versions/A/CrashReporterSupport
0x00000000080fd000 	/System/Library/Frameworks/OpenCL.framework/Versions/A/OpenCL
0x00000000080fd000 	/System/Library/PrivateFrameworks/FaceCore.framework/Versions/A/FaceCore
0x00000000080fd000 	/System/Library/PrivateFrameworks/Ubiquity.framework/Versions/A/Ubiquity
0x00000000080fd000 	/System/Library/PrivateFrameworks/IconServices.framework/Versions/A/IconServices
0x00000000080fd000 	/System/Library/PrivateFrameworks/ChunkingLibrary.framework/Versions/A/ChunkingLibrary
0x00000000080fd000 	/System/Library/PrivateFrameworks/Apple80211.framework/Versions/A/Apple80211
0x00000000080fd000 	/System/Library/Frameworks/CoreWLAN.framework/Versions/A/CoreWLAN
0x00000000080fd000 	/System/Library/Frameworks/IOBluetooth.framework/Versions/A/IOBluetooth
0x00000000080fd000 	/System/Library/PrivateFrameworks/CoreWiFi.framework/Versions/A/CoreWiFi
0x00000000080fd000 	/System/Library/Frameworks/CoreBluetooth.framework/Versions/A/CoreBluetooth
0x00000000080fd000 	/System/Library/PrivateFrameworks/DebugSymbols.framework/Versions/A/DebugSymbols
0x00000000080fd000 	/System/Library/PrivateFrameworks/CoreSymbolication.framework/Versions/A/CoreSymbolication
0x00000000080fd000 	/System/Library/PrivateFrameworks/Symbolication.framework/Versions/A/Symbolication
0x00000000080fd000 	/System/Library/PrivateFrameworks/SpeechRecognitionCore.framework/Versions/A/SpeechRecognitionCore
0x000000010e000000 	/Library/Java/JavaVirtualMachines/jdk1.8.0_73.jdk/Contents/Home/jre/lib/server/libjvm.dylib
0x00000000080fd000 	/usr/lib/libstdc++.6.dylib
0x000000010d735000 	/Library/Java/JavaVirtualMachines/jdk1.8.0_73.jdk/Contents/Home/jre/lib/libverify.dylib
0x000000010d743000 	/Library/Java/JavaVirtualMachines/jdk1.8.0_73.jdk/Contents/Home/jre/lib/libjava.dylib
0x000000010d782000 	/Library/Java/JavaVirtualMachines/jdk1.8.0_73.jdk/Contents/Home/jre/lib/libzip.dylib
0x000000010d7e8000 	/System/Library/Frameworks/JavaVM.framework/Frameworks/JavaRuntimeSupport.framework/JavaRuntimeSupport
0x0000000122a3f000 	/System/Library/Frameworks/JavaVM.framework/Versions/A/Frameworks/JavaNativeFoundation.framework/Versions/A/JavaNativeFoundation
0x0000000122a54000 	/System/Library/Frameworks/JavaVM.framework/Versions/A/JavaVM
0x00000000080fd000 	/System/Library/Frameworks/Carbon.framework/Versions/A/Carbon
0x0000000122a61000 	/System/Library/PrivateFrameworks/JavaLaunching.framework/Versions/A/JavaLaunching
0x00000000080fd000 	/System/Library/Frameworks/Carbon.framework/Versions/A/Frameworks/CommonPanels.framework/Versions/A/CommonPanels
0x00000000080fd000 	/System/Library/Frameworks/Carbon.framework/Versions/A/Frameworks/Help.framework/Versions/A/Help
0x00000000080fd000 	/System/Library/Frameworks/Carbon.framework/Versions/A/Frameworks/ImageCapture.framework/Versions/A/ImageCapture
0x00000000080fd000 	/System/Library/Frameworks/Carbon.framework/Versions/A/Frameworks/OpenScripting.framework/Versions/A/OpenScripting
0x00000000080fd000 	/System/Library/Frameworks/Carbon.framework/Versions/A/Frameworks/Print.framework/Versions/A/Print
0x00000000080fd000 	/System/Library/Frameworks/Carbon.framework/Versions/A/Frameworks/SecurityHI.framework/Versions/A/SecurityHI
0x0000000124961000 	/Library/Java/JavaVirtualMachines/jdk1.8.0_73.jdk/Contents/Home/jre/lib/libawt.dylib
0x0000000124a09000 	/Library/Java/JavaVirtualMachines/jdk1.8.0_73.jdk/Contents/Home/jre/lib/./libmlib_image.dylib
0x0000000124ad5000 	/Library/Java/JavaVirtualMachines/jdk1.8.0_73.jdk/Contents/Home/jre/lib/libawt_lwawt.dylib
0x0000000124b8a000 	/Library/Java/JavaVirtualMachines/jdk1.8.0_73.jdk/Contents/Home/jre/lib/./libosxapp.dylib
0x00000000080fd000 	/System/Library/Frameworks/ExceptionHandling.framework/Versions/A/ExceptionHandling
0x00000000080fd000 	/System/Library/PrivateFrameworks/CoreServicesInternal.framework/Versions/A/CoreServicesInternal
0x00000000080fd000 	/System/Library/PrivateFrameworks/CloudDocs.framework/Versions/A/CloudDocs
0x00000000080fd000 	/System/Library/PrivateFrameworks/CoreDuet.framework/Versions/A/CoreDuet
0x00000000080fd000 	/System/Library/Frameworks/CloudKit.framework/Versions/A/CloudKit
0x00000000080fd000 	/System/Library/PrivateFrameworks/ProtocolBuffer.framework/Versions/A/ProtocolBuffer
0x00000000080fd000 	/System/Library/PrivateFrameworks/CoreDuetDaemonProtocol.framework/Versions/A/CoreDuetDaemonProtocol
0x00000000080fd000 	/System/Library/PrivateFrameworks/CoreDuetDebugLogging.framework/Versions/A/CoreDuetDebugLogging
0x00000000080fd000 	/System/Library/PrivateFrameworks/MMCS.framework/Versions/A/MMCS
0x00000000080fd000 	/System/Library/Frameworks/CoreLocation.framework/Versions/A/CoreLocation
0x00000000080fd000 	/System/Library/PrivateFrameworks/ProtectedCloudStorage.framework/Versions/A/ProtectedCloudStorage
0x00000000080fd000 	/System/Library/PrivateFrameworks/GeoServices.framework/Versions/A/GeoServices
0x00000000080fd000 	/System/Library/Frameworks/CoreGraphics.framework/Versions/A/Resources/libCGCMS.A.dylib
0x00000000080fd000 	/System/Library/Frameworks/CoreGraphics.framework/Versions/A/Resources/libRIP.A.dylib
0x00000000080fd000 	/System/Library/Frameworks/CoreGraphics.framework/Versions/A/Resources/libCGXType.A.dylib
0x00000000080fd000 	/System/Library/Frameworks/OpenCL.framework/Versions/A/Libraries/libcldcpuengine.dylib
0x00000000080fd000 	/System/Library/PrivateFrameworks/DiskImages.framework/Versions/A/DiskImages
0x00000000080fd000 	/System/Library/Frameworks/DiscRecording.framework/Versions/A/DiscRecording
0x00000000080fd000 	/usr/lib/libcsfde.dylib
0x00000000080fd000 	/usr/lib/libcurl.4.dylib
0x00000000080fd000 	/System/Library/PrivateFrameworks/MediaKit.framework/Versions/A/MediaKit
0x00000000080fd000 	/usr/lib/libCoreStorage.dylib
0x00000000080fd000 	/System/Library/PrivateFrameworks/EFILogin.framework/Versions/A/EFILogin
0x00000000080fd000 	/usr/lib/libutil.dylib
0x00000000080fd000 	/System/Library/PrivateFrameworks/FindMyDevice.framework/Versions/A/FindMyDevice
0x00000000080fd000 	/System/Library/Frameworks/LDAP.framework/Versions/A/LDAP
0x00000000080fd000 	/usr/lib/libsasl2.2.dylib
0x00000000080fd000 	/System/Library/PrivateFrameworks/CoreDaemon.framework/Versions/B/CoreDaemon
0x00000000080fd000 	/usr/lib/libcrypto.0.9.8.dylib
0x00000000080fd000 	/System/Library/PrivateFrameworks/AppleSRP.framework/Versions/A/AppleSRP
0x00000000080fd000 	/System/Library/PrivateFrameworks/TrustEvaluationAgent.framework/Versions/A/TrustEvaluationAgent
0x0000000127f09000 	cl_kernels
0x0000000127f0b000 	/System/Library/Frameworks/OpenCL.framework/Versions/A/Libraries/ImageFormats/unorm8_bgra.dylib
0x0000000127efa000 	cl_kernels
0x00000000080fd000 	/System/Library/PrivateFrameworks/FamilyControls.framework/Versions/A/FamilyControls
0x00000000080fd000 	/System/Library/PrivateFrameworks/CommerceKit.framework/Versions/A/Frameworks/CommerceCore.framework/Versions/A/CommerceCore
0x00000000080fd000 	/System/Library/PrivateFrameworks/SystemAdministration.framework/Versions/A/SystemAdministration
0x00000000080fd000 	/System/Library/PrivateFrameworks/AppContainer.framework/Versions/A/AppContainer
0x00000000080fd000 	/System/Library/PrivateFrameworks/SecCodeWrapper.framework/Versions/A/SecCodeWrapper
0x00000000080fd000 	/System/Library/Frameworks/DirectoryService.framework/Versions/A/DirectoryService
0x00000000080fd000 	/System/Library/PrivateFrameworks/LoginUIKit.framework/Versions/A/Frameworks/LoginUICore.framework/Versions/A/LoginUICore
0x00000000080fd000 	/usr/lib/libodfde.dylib
0x00000000080fd000 	/System/Library/Frameworks/OpenGL.framework/Versions/A/Resources/GLEngine.bundle/GLEngine
0x00000000080fd000 	/System/Library/Frameworks/OpenGL.framework/Versions/A/Libraries/libGLProgrammability.dylib
0x00000001291f4000 	/System/Library/Extensions/AppleIntelHD4000GraphicsGLDriver.bundle/Contents/MacOS/AppleIntelHD4000GraphicsGLDriver
0x00000000080fd000 	/System/Library/PrivateFrameworks/IOAccelerator.framework/Versions/A/IOAccelerator
0x00000000080fd000 	/System/Library/PrivateFrameworks/GPUSupport.framework/Versions/A/Libraries/libGPUSupportMercury.dylib
0x00000000080fd000 	/System/Library/Frameworks/OpenGL.framework/Versions/A/Resources/GLRendererFloat.bundle/GLRendererFloat
0x000000012a1e9000 	/Library/Java/JavaVirtualMachines/jdk1.8.0_73.jdk/Contents/Home/jre/lib/libfontmanager.dylib
0x000000012b46d000 	/Library/Java/JavaVirtualMachines/jdk1.8.0_73.jdk/Contents/Home/jre/lib/libosxui.dylib
0x000000012b4b0000 	/Library/Java/JavaVirtualMachines/jdk1.8.0_73.jdk/Contents/Home/jre/lib/libnet.dylib
0x000000012b4c7000 	/Library/Java/JavaVirtualMachines/jdk1.8.0_73.jdk/Contents/Home/jre/lib/libnio.dylib
0x00000000080fd000 	/System/Library/Frameworks/ApplicationServices.framework/Versions/A/Frameworks/ATS.framework/Versions/A/Resources/libTrueTypeScaler.dylib
0x0000000197a43000 	/private/var/folders/gx/lpn_2smn21b5jx4mf4ptd0z40000gn/T/jogamp_0000/file_cache/jln1830884948070765220/jln8299215680069022454/libgluegen-rt.jnilib
0x0000000197a47000 	/private/var/folders/gx/lpn_2smn21b5jx4mf4ptd0z40000gn/T/jogamp_0000/file_cache/jln1830884948070765220/jln8299215680069022454/libnativewindow_awt.jnilib
0x0000000197a4a000 	/Library/Java/JavaVirtualMachines/jdk1.8.0_73.jdk/Contents/Home/jre/lib/libjawt.dylib
0x0000000197a4d000 	/private/var/folders/gx/lpn_2smn21b5jx4mf4ptd0z40000gn/T/jogamp_0000/file_cache/jln1830884948070765220/jln8299215680069022454/libnativewindow_macosx.jnilib
0x0000000199ad7000 	/private/var/folders/gx/lpn_2smn21b5jx4mf4ptd0z40000gn/T/jogamp_0000/file_cache/jln1830884948070765220/jln8299215680069022454/libjogl_desktop.jnilib
0x000000019f8de000 	/Library/Java/JavaVirtualMachines/jdk1.8.0_73.jdk/Contents/Home/jre/lib/libt2k.dylib
0x00000000080fd000 	/System/Library/Frameworks/Accelerate.framework/Versions/A/Frameworks/vImage.framework/Versions/A/Libraries/libCGInterfaces.dylib

VM Arguments:
jvm_args: -Djava.security.policy=java.policy.applet -Dfile.encoding=UTF-8 
java_command: sun.applet.AppletViewer module6.EarthquakeCityMap1458270349885.html
java_class_path (initial): /Volumes/Other/ComputerScience/Java/Coursera/Java Programming Object-Oriented Design of Data Structures Specialization/UCSDUnfoldingMaps/build:/Volumes/Other/ComputerScience/Java/Coursera/Java Programming Object-Oriented Design of Data Structures Specialization/UCSDUnfoldingMaps/lib/core.jar:/Volumes/Other/ComputerScience/Java/Coursera/Java Programming Object-Oriented Design of Data Structures Specialization/UCSDUnfoldingMaps/lib/gluegen-rt.jar:/Volumes/Other/ComputerScience/Java/Coursera/Java Programming Object-Oriented Design of Data Structures Specialization/UCSDUnfoldingMaps/lib/jogl-all.jar:/Volumes/Other/ComputerScience/Java/Coursera/Java Programming Object-Oriented Design of Data Structures Specialization/UCSDUnfoldingMaps/lib/log4j-1.2.15.jar:/Volumes/Other/ComputerScience/Java/Coursera/Java Programming Object-Oriented Design of Data Structures Specialization/UCSDUnfoldingMaps/lib/sqlite-jdbc-3.7.2.jar:/Volumes/Other/ComputerScience/Java/Coursera/Java Programming Object-Oriented Design of Data Structures Specialization/UCSDUnfoldingMaps/lib/json4processing.jar:/Volumes/Other/ComputerScience/Java/Coursera/Java Programming Object-Oriented Design of Data Structures Specialization/UCSDUnfoldingMaps/lib/libTUIO.jar:/Volumes/Other/ComputerScience/Java/Coursera/Java Programming Object-Oriented Design of Data Structures Specialization/UCSDUnfoldingMaps/lib/unfolding.0.9.7-uscd.jar:/Volumes/Other/ComputerScience/Java/Coursera/Java Programming Object-Oriented Design of Data Structures Specialization/UCSDUnfoldingMaps/lib/controlP5/library/controlP5.jar:/Users/zhihuixie/Downloads/geonames-source-1.1.13.jar:/Users/zhihuixie/Downloads/jdom/build/jdom-1.1.3.jar
Launcher Type: SUN_STANDARD

Environment Variables:
PATH=/usr/bin:/bin:/usr/sbin:/sbin
SHELL=/bin/bash

Signal Handlers:
SIGSEGV: [libjvm.dylib+0x5a71a5], sa_mask[0]=11111111011111110111111111111111, sa_flags=SA_ONSTACK|SA_RESTART|SA_SIGINFO
SIGBUS: [libjvm.dylib+0x5a71a5], sa_mask[0]=11111111011111110111111111111111, sa_flags=SA_RESTART|SA_SIGINFO
SIGFPE: [libjvm.dylib+0x480eb4], sa_mask[0]=11111111011111110111111111111111, sa_flags=SA_RESTART|SA_SIGINFO
SIGPIPE: [libjvm.dylib+0x480eb4], sa_mask[0]=11111111011111110111111111111111, sa_flags=SA_RESTART|SA_SIGINFO
SIGXFSZ: [libjvm.dylib+0x480eb4], sa_mask[0]=11111111011111110111111111111111, sa_flags=SA_RESTART|SA_SIGINFO
SIGILL: [libjvm.dylib+0x480eb4], sa_mask[0]=11111111011111110111111111111111, sa_flags=SA_RESTART|SA_SIGINFO
SIGUSR1: SIG_DFL, sa_mask[0]=00000000000000000000000000000000, sa_flags=none
SIGUSR2: [libjvm.dylib+0x4809d2], sa_mask[0]=00100000000000000000000000000000, sa_flags=SA_RESTART|SA_SIGINFO
SIGHUP: [libjvm.dylib+0x47efa9], sa_mask[0]=11111111011111110111111111111111, sa_flags=SA_RESTART|SA_SIGINFO
SIGINT: [libjvm.dylib+0x47efa9], sa_mask[0]=11111111011111110111111111111111, sa_flags=SA_RESTART|SA_SIGINFO
SIGTERM: [libjvm.dylib+0x47efa9], sa_mask[0]=11111111011111110111111111111111, sa_flags=SA_RESTART|SA_SIGINFO
SIGQUIT: [libjvm.dylib+0x47efa9], sa_mask[0]=11111111011111110111111111111111, sa_flags=SA_RESTART|SA_SIGINFO


---------------  S Y S T E M  ---------------

OS:Bsduname:Darwin 14.5.0 Darwin Kernel Version 14.5.0: Wed Jul 29 02:26:53 PDT 2015; root:xnu-2782.40.9~1/RELEASE_X86_64 x86_64
rlimit: STACK 8192k, CORE 0k, NPROC 709, NOFILE 10240, AS infinity
load average:1.89 1.86 1.58

CPU:total 4 (2 cores per cpu, 2 threads per core) family 6 model 58 stepping 9, cmov, cx8, fxsr, mmx, sse, sse2, sse3, ssse3, sse4.1, sse4.2, popcnt, avx, aes, clmul, erms, ht, tsc, tscinvbit, tscinv

Memory: 4k page, physical 4194304k(205056k free)

/proc/meminfo:


vm_info: Java HotSpot(TM) 64-Bit Server VM (25.73-b02) for bsd-amd64 JRE (1.8.0_73-b02), built on Jan 29 2016 15:02:00 by "java_re" with gcc 4.2.1 (Based on Apple Inc. build 5658) (LLVM build 2336.11.00)

time: Thu Mar 17 20:08:28 2016
elapsed time: 157 seconds (0d 0h 2m 37s)

